Currently Loaded Modulefiles:
  1) modules/3.2.6.7
  2) eswrap/1.1.0-1.020200.1231.0
  3) switch/1.0-1.0502.57058.1.58.ari
  4) craype-network-aries
  5) ncep/1.0
  6) craype/2.3.0
  7) intel/15.0.3.187
  8) cray-libsci/13.0.3
  9) udreg/2.3.2-1.0502.9889.2.20.ari
 10) ugni/6.0-1.0502.10245.9.9.ari
 11) pmi/5.0.6-1.0000.10439.140.2.ari
 12) dmapp/7.0.1-1.0502.10246.8.47.ari
 13) gni-headers/4.0-1.0502.10317.9.2.ari
 14) xpmem/0.1-2.0502.57015.1.15.ari
 15) dvs/2.5_0.9.0-1.0502.1958.2.55.ari
 16) alps/5.2.3-2.0502.9295.14.14.ari
 17) rca/1.0.0-2.0502.57212.2.56.ari
 18) atp/1.8.1
 19) PrgEnv-intel/5.2.56
 20) craype-sandybridge
 21) gfsio-intel/1.1.0
ftn -c -O3 -axCore-AVX2 -traceback -FR -convert big_endian -module /gpfs/hps/nco/ops/nwtest/lib/gfsio/v1.1.0/intel/include gfsio_module.f
gfsio_module.f(599): (col. 14) remark: gfsio_module_mp_gfsio_wcreate_ has been targeted for automatic cpu dispatch
gfsio_module.f(2624): (col. 18) remark: gfsio_module_mp_gfsio_splat8_ has been targeted for automatic cpu dispatch
gfsio_module.f(1123): (col. 14) remark: gfsio_module_mp_gfsio_readrec4_ has been targeted for automatic cpu dispatch
gfsio_module.f(1279): (col. 14) remark: gfsio_module_mp_gfsio_readrecv4_ has been targeted for automatic cpu dispatch
gfsio_module.f(1386): (col. 14) remark: gfsio_module_mp_gfsio_writerecw34_ has been targeted for automatic cpu dispatch
gfsio_module.f(1930): (col. 14) remark: gfsio_module_mp_gfsio_makglgds_ has been targeted for automatic cpu dispatch
gfsio_module.f(1454): (col. 14) remark: gfsio_module_mp_gfsio_writerec4_ has been targeted for automatic cpu dispatch
gfsio_module.f(1589): (col. 14) remark: gfsio_module_mp_gfsio_writerecvw34_ has been targeted for automatic cpu dispatch
gfsio_module.f(1659): (col. 14) remark: gfsio_module_mp_gfsio_writerecv4_ has been targeted for automatic cpu dispatch
gfsio_module.f(2515): (col. 18) remark: gfsio_module_mp_gfsio_splat4_ has been targeted for automatic cpu dispatch
gfsio_module.f(2368): (col. 14) remark: gfsio_module_mp_gfsio_gfinit_ has been targeted for automatic cpu dispatch
ar -rv  /gpfs/hps/nco/ops/nwtest/lib/gfsio/v1.1.0/intel/libgfsio_v1.1.0_4.a gfsio_module.o
ar: creating /gpfs/hps/nco/ops/nwtest/lib/gfsio/v1.1.0/intel/libgfsio_v1.1.0_4.a
a - gfsio_module.o
rm -f gfsio_module.o
