Currently Loaded Modulefiles:
  1) modules/3.2.6.7
  2) eswrap/1.1.0-1.020200.1231.0
  3) switch/1.0-1.0502.57058.1.58.ari
  4) craype-network-aries
  5) ncep/1.0
  6) xt-lsfhpc/9.1.3
  7) craype/2.3.0
  8) intel/15.0.3.187
  9) cray-libsci/13.0.3
 10) udreg/2.3.2-1.0502.9889.2.20.ari
 11) ugni/6.0-1.0502.10245.9.9.ari
 12) pmi/5.0.6-1.0000.10439.140.2.ari
 13) dmapp/7.0.1-1.0502.10246.8.47.ari
 14) gni-headers/4.0-1.0502.10317.9.2.ari
 15) xpmem/0.1-2.0502.57015.1.15.ari
 16) dvs/2.5_0.9.0-1.0502.1958.2.55.ari
 17) alps/5.2.3-2.0502.9295.14.14.ari
 18) rca/1.0.0-2.0502.57212.2.56.ari
 19) atp/1.8.1
 20) PrgEnv-intel/5.2.56
 21) g2tmpl-intel/1.4.0
 22) craype-sandybridge
cc -O3 -c -O3 -axCore-AVX2 -g -DUNDERSCORE process_4dot2.c
ar  -ruv /gpfs/hps/nco/ops/nwtest/lib/g2tmpl/v1.4.0/intel/libg2tmpl_v1.4.0.a process_4dot2.o
ar: creating /gpfs/hps/nco/ops/nwtest/lib/g2tmpl/v1.4.0/intel/libg2tmpl_v1.4.0.a
a - process_4dot2.o
rm -f process_4dot2.o
ftn -c -O3 -axCore-AVX2 -g -free -module /gpfs/hps/nco/ops/nwtest/lib/g2tmpl/v1.4.0/intel/include grib2_all_tables_module.f
ar  -ruv /gpfs/hps/nco/ops/nwtest/lib/g2tmpl/v1.4.0/intel/libg2tmpl_v1.4.0.a grib2_all_tables_module.o 
a - grib2_all_tables_module.o
rm -f grib2_all_tables_module.o
ftn -c -O3 -axCore-AVX2 -g -free -module /gpfs/hps/nco/ops/nwtest/lib/g2tmpl/v1.4.0/intel/include gdtsec3.f
ar  -ruv /gpfs/hps/nco/ops/nwtest/lib/g2tmpl/v1.4.0/intel/libg2tmpl_v1.4.0.a gdtsec3.o 
a - gdtsec3.o
rm -f gdtsec3.o
ftn -c -O3 -axCore-AVX2 -g -free -module /gpfs/hps/nco/ops/nwtest/lib/g2tmpl/v1.4.0/intel/include g2sec4_temp1.f
ar  -ruv /gpfs/hps/nco/ops/nwtest/lib/g2tmpl/v1.4.0/intel/libg2tmpl_v1.4.0.a g2sec4_temp1.o 
a - g2sec4_temp1.o
rm -f g2sec4_temp1.o
ftn -c -O3 -axCore-AVX2 -g -free -module /gpfs/hps/nco/ops/nwtest/lib/g2tmpl/v1.4.0/intel/include g2sec4_temp11.f
ar  -ruv /gpfs/hps/nco/ops/nwtest/lib/g2tmpl/v1.4.0/intel/libg2tmpl_v1.4.0.a g2sec4_temp11.o 
a - g2sec4_temp11.o
rm -f g2sec4_temp11.o
ftn -c -O3 -axCore-AVX2 -g -free -module /gpfs/hps/nco/ops/nwtest/lib/g2tmpl/v1.4.0/intel/include g2sec4_temp12.f
ar  -ruv /gpfs/hps/nco/ops/nwtest/lib/g2tmpl/v1.4.0/intel/libg2tmpl_v1.4.0.a g2sec4_temp12.o 
a - g2sec4_temp12.o
rm -f g2sec4_temp12.o
