	ncepxlf90  -o mdl_granalysis_ak bcd5.o  blend.f  bogus.f  cktdp.f  clip.f  clos.f  clos2.f  clos2g.f corbc5.o  cutit.o  dens.o  denser.o  densrm.o  densrq.o  difwh.o erest.o  eslp5.o  esp5.o  fitwth.o  fltag.o  fltagm.o  fstgs5.o gradck.o  granalysis_ak.o  gthres.o  int155.o  intrpl.o  itrp.o itrpsl.o  itrpsx.o  keylst.o  lapse.o  lapseu.o  list.o  mshxms.o newxy.o  orsmth.o  osmth.o  points.o  post.o  rdnei.o  rdprs.o rdstr1.o  rdstr7.o  rdv155.o  rdvrhl.o  restrw.o  restwh.o  rough.o roughg.o  sample.o  sclq06.o  sclq12.o  sclsky.o  sclsno.o  setpnt.o smoth.o  smothc.o  smothg.o  smothn.o  szgrdm.o  szgrid.o  terdif.o thiner.o  trnsfr.o  trnwnd.o  u155.o  u155ck.o  u405a.o  vari.o varig.o  varil.o  varilg.o  variw.o  variwg.o  wndcor.o  wthol1.o wthol2.o  xycom1.o -L/nwprod/lib -lw3_4 -lmdl_4
blend.f:
"blend.f", line 1.43: 1513-051 (S) The PROGRAM/SUBROUTINE/FUNCTION/BLOCK DATA statement is ignored due to the presence of syntax errors.
"blend.f", line 1.43: 1515-019 (S) Syntax is incorrect.
"blend.f", line 2.30: 1515-019 (S) Syntax is incorrect.
"blend.f", line 3.1: 1515-019 (S) Syntax is incorrect.
"blend.f", line 4.10: 1515-019 (S) Syntax is incorrect.
"blend.f", line 5.10: 1515-019 (S) Syntax is incorrect.
"blend.f", line 6.35: 1515-019 (S) Syntax is incorrect.
"blend.f", line 7.35: 1515-019 (S) Syntax is incorrect.
"blend.f", line 8.10: 1515-019 (S) Syntax is incorrect.
"blend.f", line 9.10: 1515-019 (S) Syntax is incorrect.
"blend.f", line 10.1: 1515-019 (S) Syntax is incorrect.
"blend.f", line 11.10: 1515-019 (S) Syntax is incorrect.
"blend.f", line 12.14: 1515-019 (S) Syntax is incorrect.
"blend.f", line 13.14: 1515-019 (S) Syntax is incorrect.
"blend.f", line 14.14: 1515-019 (S) Syntax is incorrect.
"blend.f", line 15.1: 1515-019 (S) Syntax is incorrect.
"blend.f", line 16.10: 1515-019 (S) Syntax is incorrect.
"blend.f", line 17.14: 1515-019 (S) Syntax is incorrect.
"blend.f", line 18.1: 1515-019 (S) Syntax is incorrect.
"blend.f", line 19.10: 1515-019 (S) Syntax is incorrect.
"blend.f", line 20.16: 1515-019 (S) Syntax is incorrect.
"blend.f", line 21.14: 1515-019 (S) Syntax is incorrect.
"blend.f", line 22.25: 1515-019 (S) Syntax is incorrect.
"blend.f", line 23.38: 1515-019 (S) Syntax is incorrect.
"blend.f", line 24.20: 1515-019 (S) Syntax is incorrect.
"blend.f", line 25.20: 1515-019 (S) Syntax is incorrect.
"blend.f", line 26.18: 1515-019 (S) Syntax is incorrect.
"blend.f", line 27.31: 1515-019 (S) Syntax is incorrect.
"blend.f", line 28.13: 1515-019 (S) Syntax is incorrect.
"blend.f", line 29.25: 1515-019 (S) Syntax is incorrect.
"blend.f", line 30.25: 1515-019 (S) Syntax is incorrect.
"blend.f", line 31.25: 1515-019 (S) Syntax is incorrect.
"blend.f", line 32.31: 1515-019 (S) Syntax is incorrect.
"blend.f", line 33.19: 1515-019 (S) Syntax is incorrect.
"blend.f", line 34.19: 1515-019 (S) Syntax is incorrect.
"blend.f", line 35.17: 1515-019 (S) Syntax is incorrect.
"blend.f", line 36.31: 1515-019 (S) Syntax is incorrect.
"blend.f", line 37.17: 1515-019 (S) Syntax is incorrect.
"blend.f", line 38.25: 1515-019 (S) Syntax is incorrect.
"blend.f", line 39.19: 1515-019 (S) Syntax is incorrect.
"blend.f", line 40.27: 1515-019 (S) Syntax is incorrect.
"blend.f", line 41.25: 1515-019 (S) Syntax is incorrect.
"blend.f", line 42.31: 1515-019 (S) Syntax is incorrect.
"blend.f", line 43.32: 1515-019 (S) Syntax is incorrect.
"blend.f", line 44.10: 1515-019 (S) Syntax is incorrect.
"blend.f", line 45.1: 1515-019 (S) Syntax is incorrect.
"blend.f", line 46.6: 1514-050 (S) Specification statement is out of order.  Statement is ignored.
"blend.f", line 47.6: 1514-050 (S) Specification statement is out of order.  Statement is ignored.
"blend.f", line 48.1: 1515-019 (S) Syntax is incorrect.
"blend.f", line 50.1: 1515-019 (S) Syntax is incorrect.
"blend.f", line 51.10: 1515-019 (S) Syntax is incorrect.
"blend.f", line 52.10: 1515-019 (S) Syntax is incorrect.
"blend.f", line 53.1: 1515-019 (S) Syntax is incorrect.
"blend.f", line 56.1: 1515-019 (S) Syntax is incorrect.
"blend.f", line 58.1: 1515-019 (S) Syntax is incorrect.
"blend.f", line 59.16: 1515-019 (S) Syntax is incorrect.
"blend.f", line 60.1: 1515-019 (S) Syntax is incorrect.
"blend.f", line 62.19: 1515-019 (S) Syntax is incorrect.
"blend.f", line 63.19: 1515-019 (S) Syntax is incorrect.
"blend.f", line 64.16: 1515-025 (S) Only a name of a variable, array element, or character substring is permitted on the left hand side of an assignment statement.
"blend.f", line 66.1: 1515-019 (S) Syntax is incorrect.
"blend.f", line 67.13: 1515-019 (S) Syntax is incorrect.
"blend.f", line 69.1: 1515-019 (S) Syntax is incorrect.
"blend.f", line 72.1: 1515-019 (S) Syntax is incorrect.
"blend.f", line 74.1: 1515-019 (S) Syntax is incorrect.
"blend.f", line 75.2: 1515-019 (S) Syntax is incorrect.
"blend.f", line 76.13: 1515-019 (S) Syntax is incorrect.
"blend.f", line 77.2: 1515-019 (S) Syntax is incorrect.
"blend.f", line 78.1: 1515-019 (S) Syntax is incorrect.
"blend.f", line 81.69: 1512-036 (W) Unexpected end of format specification in component number 0 of FORMAT statement.  Missing right parenthesis is assumed.
"blend.f", line 82.5: 1516-034 (E) Statement label is previously defined in this scope.  Label is ignored.
"blend.f", line 82.18: 1515-019 (S) Syntax is incorrect.
"blend.f", line 83.18: 1515-019 (S) Syntax is incorrect.
"blend.f", line 84.18: 1515-019 (S) Syntax is incorrect.
"blend.f", line 85.18: 1515-019 (S) Syntax is incorrect.
"blend.f", line 86.18: 1515-019 (S) Syntax is incorrect.
"blend.f", line 87.13: 1515-019 (S) Syntax is incorrect.
"blend.f", line 88.13: 1515-019 (S) Syntax is incorrect.
"blend.f", line 88.47: 1515-019 (S) Syntax is incorrect.
"blend.f", line 89.13: 1515-019 (S) Syntax is incorrect.
"blend.f", line 90.1: 1515-019 (S) Syntax is incorrect.
"blend.f", line 93.1: 1515-019 (S) Syntax is incorrect.
"blend.f", line 95.1: 1515-019 (S) Syntax is incorrect.
"blend.f", line 96.16: 1515-019 (S) Syntax is incorrect.
"blend.f", line 97.1: 1515-019 (S) Syntax is incorrect.
"blend.f", line 99.19: 1515-019 (S) Syntax is incorrect.
"blend.f", line 100.19: 1515-019 (S) Syntax is incorrect.
"blend.f", line 101.16: 1515-025 (S) Only a name of a variable, array element, or character substring is permitted on the left hand side of an assignment statement.
"blend.f", line 103.1: 1515-019 (S) Syntax is incorrect.
"blend.f", line 104.13: 1515-019 (S) Syntax is incorrect.
"blend.f", line 106.1: 1515-019 (S) Syntax is incorrect.
"blend.f", line 109.1: 1515-019 (S) Syntax is incorrect.
"blend.f", line 112.69: 1512-036 (W) Unexpected end of format specification in component number 0 of FORMAT statement.  Missing right parenthesis is assumed.
"blend.f", line 113.5: 1516-034 (E) Statement label is previously defined in this scope.  Label is ignored.
"blend.f", line 113.18: 1515-019 (S) Syntax is incorrect.
"blend.f", line 114.5: 1516-034 (E) Statement label is previously defined in this scope.  Label is ignored.
"blend.f", line 114.18: 1515-019 (S) Syntax is incorrect.
"blend.f", line 115.5: 1516-034 (E) Statement label is previously defined in this scope.  Label is ignored.
"blend.f", line 115.18: 1515-019 (S) Syntax is incorrect.
"blend.f", line 116.5: 1516-034 (E) Statement label is previously defined in this scope.  Label is ignored.
"blend.f", line 116.18: 1515-019 (S) Syntax is incorrect.
"blend.f", line 117.5: 1516-034 (E) Statement label is previously defined in this scope.  Label is ignored.
"blend.f", line 117.18: 1515-019 (S) Syntax is incorrect.
"blend.f", line 118.18: 1515-019 (S) Syntax is incorrect.
"blend.f", line 121.1: 1515-019 (S) Syntax is incorrect.
** 1main   === End of Compilation 1 ===
1501-511  Compilation failed for file blend.f.
bogus.f:
"bogus.f", line 1.67: 1513-051 (S) The PROGRAM/SUBROUTINE/FUNCTION/BLOCK DATA statement is ignored due to the presence of syntax errors.
"bogus.f", line 1.67: 1515-019 (S) Syntax is incorrect.
"bogus.f", line 2.29: 1515-019 (S) Syntax is incorrect.
"bogus.f", line 3.25: 1515-019 (S) Syntax is incorrect.
"bogus.f", line 4.29: 1515-019 (S) Syntax is incorrect.
"bogus.f", line 5.1: 1515-019 (S) Syntax is incorrect.
"bogus.f", line 6.10: 1515-019 (S) Syntax is incorrect.
"bogus.f", line 7.35: 1515-019 (S) Syntax is incorrect.
"bogus.f", line 8.10: 1515-019 (S) Syntax is incorrect.
"bogus.f", line 9.10: 1515-019 (S) Syntax is incorrect.
"bogus.f", line 10.35: 1515-019 (S) Syntax is incorrect.
"bogus.f", line 11.10: 1515-019 (S) Syntax is incorrect.
"bogus.f", line 12.35: 1515-019 (S) Syntax is incorrect.
"bogus.f", line 13.1: 1515-019 (S) Syntax is incorrect.
"bogus.f", line 14.10: 1515-019 (S) Syntax is incorrect.
"bogus.f", line 15.14: 1515-019 (S) Syntax is incorrect.
"bogus.f", line 16.14: 1515-019 (S) Syntax is incorrect.
"bogus.f", line 17.14: 1515-019 (S) Syntax is incorrect.
"bogus.f", line 18.14: 1515-019 (S) Syntax is incorrect.
"bogus.f", line 19.14: 1515-019 (S) Syntax is incorrect.
"bogus.f", line 20.14: 1515-019 (S) Syntax is incorrect.
"bogus.f", line 21.14: 1515-019 (S) Syntax is incorrect.
"bogus.f", line 22.1: 1515-019 (S) Syntax is incorrect.
"bogus.f", line 23.14: 1515-019 (S) Syntax is incorrect.
"bogus.f", line 24.14: 1515-019 (S) Syntax is incorrect.
"bogus.f", line 25.16: 1515-019 (S) Syntax is incorrect.
"bogus.f", line 26.25: 1515-019 (S) Syntax is incorrect.
"bogus.f", line 27.16: 1515-019 (S) Syntax is incorrect.
"bogus.f", line 28.25: 1515-019 (S) Syntax is incorrect.
"bogus.f", line 29.16: 1515-019 (S) Syntax is incorrect.
"bogus.f", line 30.25: 1515-019 (S) Syntax is incorrect.
"bogus.f", line 31.16: 1515-019 (S) Syntax is incorrect.
"bogus.f", line 32.25: 1515-019 (S) Syntax is incorrect.
"bogus.f", line 33.25: 1515-019 (S) Syntax is incorrect.
"bogus.f", line 34.1: 1515-019 (S) Syntax is incorrect.
"bogus.f", line 35.14: 1515-019 (S) Syntax is incorrect.
"bogus.f", line 36.14: 1515-019 (S) Syntax is incorrect.
"bogus.f", line 37.14: 1515-019 (S) Syntax is incorrect.
"bogus.f", line 38.14: 1515-019 (S) Syntax is incorrect.
"bogus.f", line 39.14: 1515-019 (S) Syntax is incorrect.
"bogus.f", line 40.1: 1515-019 (S) Syntax is incorrect.
"bogus.f", line 41.14: 1515-019 (S) Syntax is incorrect.
"bogus.f", line 42.17: 1515-019 (S) Syntax is incorrect.
"bogus.f", line 43.19: 1515-019 (S) Syntax is incorrect.
"bogus.f", line 44.23: 1515-019 (S) Syntax is incorrect.
"bogus.f", line 45.17: 1515-019 (S) Syntax is incorrect.
"bogus.f", line 46.23: 1515-019 (S) Syntax is incorrect.
"bogus.f", line 47.1: 1515-019 (S) Syntax is incorrect.
"bogus.f", line 48.10: 1515-019 (S) Syntax is incorrect.
"bogus.f", line 49.14: 1515-019 (S) Syntax is incorrect.
"bogus.f", line 50.14: 1515-019 (S) Syntax is incorrect.
"bogus.f", line 51.14: 1515-019 (S) Syntax is incorrect.
"bogus.f", line 52.32: 1515-019 (S) Syntax is incorrect.
"bogus.f", line 53.14: 1515-019 (S) Syntax is incorrect.
"bogus.f", line 54.25: 1515-019 (S) Syntax is incorrect.
"bogus.f", line 55.1: 1515-019 (S) Syntax is incorrect.
"bogus.f", line 56.10: 1515-019 (S) Syntax is incorrect.
"bogus.f", line 57.16: 1515-019 (S) Syntax is incorrect.
"bogus.f", line 58.18: 1515-019 (S) Syntax is incorrect.
"bogus.f", line 59.18: 1515-019 (S) Syntax is incorrect.
"bogus.f", line 60.31: 1515-019 (S) Syntax is incorrect.
"bogus.f", line 61.16: 1515-019 (S) Syntax is incorrect.
"bogus.f", line 62.25: 1515-019 (S) Syntax is incorrect.
"bogus.f", line 63.16: 1515-019 (S) Syntax is incorrect.
"bogus.f", line 64.47: 1515-019 (S) Syntax is incorrect.
"bogus.f", line 65.17: 1515-019 (S) Syntax is incorrect.
"bogus.f", line 66.35: 1515-019 (S) Syntax is incorrect.
"bogus.f", line 67.13: 1515-019 (S) Syntax is incorrect.
"bogus.f", line 68.0: 1515-010 (S) String is missing a closing delimiter.  Closing delimiter assumed at end of line.
"bogus.f", line 68.25: 1515-019 (S) Syntax is incorrect.
"bogus.f", line 69.33: 1515-019 (S) Syntax is incorrect.
"bogus.f", line 70.25: 1515-019 (S) Syntax is incorrect.
"bogus.f", line 71.25: 1515-019 (S) Syntax is incorrect.
"bogus.f", line 72.31: 1515-019 (S) Syntax is incorrect.
"bogus.f", line 73.0: 1515-010 (S) String is missing a closing delimiter.  Closing delimiter assumed at end of line.
"bogus.f", line 73.17: 1515-019 (S) Syntax is incorrect.
"bogus.f", line 74.34: 1515-019 (S) Syntax is incorrect.
"bogus.f", line 75.25: 1515-019 (S) Syntax is incorrect.
"bogus.f", line 76.25: 1515-019 (S) Syntax is incorrect.
"bogus.f", line 77.25: 1515-019 (S) Syntax is incorrect.
"bogus.f", line 78.15: 1515-019 (S) Syntax is incorrect.
"bogus.f", line 79.31: 1515-019 (S) Syntax is incorrect.
"bogus.f", line 80.17: 1515-019 (S) Syntax is incorrect.
"bogus.f", line 81.25: 1515-019 (S) Syntax is incorrect.
"bogus.f", line 82.25: 1515-019 (S) Syntax is incorrect.
"bogus.f", line 83.17: 1515-019 (S) Syntax is incorrect.
"bogus.f", line 84.25: 1515-019 (S) Syntax is incorrect.
"bogus.f", line 85.25: 1515-019 (S) Syntax is incorrect.
"bogus.f", line 86.13: 1515-019 (S) Syntax is incorrect.
"bogus.f", line 87.34: 1515-019 (S) Syntax is incorrect.
"bogus.f", line 88.25: 1515-019 (S) Syntax is incorrect.
"bogus.f", line 89.29: 1515-019 (S) Syntax is incorrect.
"bogus.f", line 90.25: 1515-019 (S) Syntax is incorrect.
"bogus.f", line 91.29: 1515-019 (S) Syntax is incorrect.
"bogus.f", line 92.25: 1515-019 (S) Syntax is incorrect.
"bogus.f", line 93.29: 1515-019 (S) Syntax is incorrect.
"bogus.f", line 94.25: 1515-019 (S) Syntax is incorrect.
"bogus.f", line 95.31: 1515-019 (S) Syntax is incorrect.
"bogus.f", line 96.14: 1515-019 (S) Syntax is incorrect.
"bogus.f", line 97.18: 1515-019 (S) Syntax is incorrect.
"bogus.f", line 97.60: 1515-019 (S) Syntax is incorrect.
"bogus.f", line 98.25: 1515-019 (S) Syntax is incorrect.
"bogus.f", line 99.16: 1515-019 (S) Syntax is incorrect.
"bogus.f", line 100.31: 1515-019 (S) Syntax is incorrect.
"bogus.f", line 101.20: 1515-019 (S) Syntax is incorrect.
"bogus.f", line 102.20: 1515-019 (S) Syntax is incorrect.
"bogus.f", line 103.18: 1515-019 (S) Syntax is incorrect.
"bogus.f", line 104.25: 1515-019 (S) Syntax is incorrect.
"bogus.f", line 105.25: 1515-019 (S) Syntax is incorrect.
"bogus.f", line 106.25: 1515-019 (S) Syntax is incorrect.
"bogus.f", line 107.13: 1515-019 (S) Syntax is incorrect.
"bogus.f", line 108.25: 1515-019 (S) Syntax is incorrect.
"bogus.f", line 109.25: 1515-019 (S) Syntax is incorrect.
"bogus.f", line 110.25: 1515-019 (S) Syntax is incorrect.
"bogus.f", line 111.31: 1515-019 (S) Syntax is incorrect.
"bogus.f", line 112.19: 1515-019 (S) Syntax is incorrect.
"bogus.f", line 113.31: 1515-019 (S) Syntax is incorrect.
"bogus.f", line 114.19: 1515-019 (S) Syntax is incorrect.
"bogus.f", line 115.31: 1515-019 (S) Syntax is incorrect.
"bogus.f", line 116.17: 1515-019 (S) Syntax is incorrect.
"bogus.f", line 117.25: 1515-019 (S) Syntax is incorrect.
"bogus.f", line 118.19: 1515-019 (S) Syntax is incorrect.
"bogus.f", line 119.27: 1515-019 (S) Syntax is incorrect.
"bogus.f", line 120.27: 1515-019 (S) Syntax is incorrect.
"bogus.f", line 121.0: 1515-010 (S) String is missing a closing delimiter.  Closing delimiter assumed at end of line.
"bogus.f", line 121.27: 1515-019 (S) Syntax is incorrect.
"bogus.f", line 122.27: 1515-019 (S) Syntax is incorrect.
"bogus.f", line 123.25: 1515-019 (S) Syntax is incorrect.
"bogus.f", line 124.27: 1515-019 (S) Syntax is incorrect.
"bogus.f", line 125.27: 1515-019 (S) Syntax is incorrect.
"bogus.f", line 126.25: 1515-019 (S) Syntax is incorrect.
"bogus.f", line 127.25: 1515-019 (S) Syntax is incorrect.
"bogus.f", line 128.31: 1515-019 (S) Syntax is incorrect.
"bogus.f", line 129.14: 1515-019 (S) Syntax is incorrect.
"bogus.f", line 130.35: 1515-019 (S) Syntax is incorrect.
"bogus.f", line 131.25: 1515-019 (S) Syntax is incorrect.
"bogus.f", line 132.35: 1515-019 (S) Syntax is incorrect.
"bogus.f", line 133.35: 1515-019 (S) Syntax is incorrect.
"bogus.f", line 134.25: 1515-019 (S) Syntax is incorrect.
"bogus.f", line 135.35: 1515-019 (S) Syntax is incorrect.
"bogus.f", line 136.38: 1515-019 (S) Syntax is incorrect.
"bogus.f", line 137.19: 1515-019 (S) Syntax is incorrect.
"bogus.f", line 138.27: 1515-019 (S) Syntax is incorrect.
"bogus.f", line 139.25: 1515-019 (S) Syntax is incorrect.
"bogus.f", line 140.25: 1515-019 (S) Syntax is incorrect.
"bogus.f", line 141.31: 1515-019 (S) Syntax is incorrect.
"bogus.f", line 142.26: 1515-019 (S) Syntax is incorrect.
"bogus.f", line 143.26: 1515-019 (S) Syntax is incorrect.
"bogus.f", line 144.33: 1515-019 (S) Syntax is incorrect.
"bogus.f", line 145.16: 1515-019 (S) Syntax is incorrect.
"bogus.f", line 146.34: 1515-019 (S) Syntax is incorrect.
"bogus.f", line 147.15: 1515-019 (S) Syntax is incorrect.
"bogus.f", line 148.25: 1515-019 (S) Syntax is incorrect.
"bogus.f", line 149.25: 1515-019 (S) Syntax is incorrect.
"bogus.f", line 150.34: 1515-019 (S) Syntax is incorrect.
"bogus.f", line 151.17: 1515-019 (S) Syntax is incorrect.
"bogus.f", line 152.25: 1515-019 (S) Syntax is incorrect.
"bogus.f", line 153.25: 1515-019 (S) Syntax is incorrect.
"bogus.f", line 154.10: 1515-019 (S) Syntax is incorrect.
"bogus.f", line 155.1: 1515-019 (S) Syntax is incorrect.
"bogus.f", line 156.6: 1514-050 (S) Specification statement is out of order.  Statement is ignored.
"bogus.f", line 157.6: 1514-050 (S) Specification statement is out of order.  Statement is ignored.
"bogus.f", line 158.6: 1514-050 (S) Specification statement is out of order.  Statement is ignored.
"bogus.f", line 159.1: 1515-019 (S) Syntax is incorrect.
"bogus.f", line 160.6: 1514-050 (S) Specification statement is out of order.  Statement is ignored.
"bogus.f", line 161.6: 1514-050 (S) Specification statement is out of order.  Statement is ignored.
"bogus.f", line 162.6: 1514-050 (S) Specification statement is out of order.  Statement is ignored.
"bogus.f", line 163.6: 1514-050 (S) Specification statement is out of order.  Statement is ignored.
"bogus.f", line 164.1: 1515-019 (S) Syntax is incorrect.
"bogus.f", line 166.7: 1515-019 (S) Syntax is incorrect.
"bogus.f", line 169.1: 1515-019 (S) Syntax is incorrect.
"bogus.f", line 170.7: 1515-019 (S) Syntax is incorrect.
"bogus.f", line 171.7: 1515-019 (S) Syntax is incorrect.
"bogus.f", line 172.6: 1515-019 (S) Syntax is incorrect.
"bogus.f", line 173.1: 1515-019 (S) Syntax is incorrect.
"bogus.f", line 174.10: 1515-019 (S) Syntax is incorrect.
"bogus.f", line 175.1: 1515-019 (S) Syntax is incorrect.
"bogus.f", line 176.13: 1516-044 (S) A conversion from type CHARACTER Literal is not permitted.
"bogus.f", line 177.36: 1515-019 (S) Syntax is incorrect.
"bogus.f", line 178.5: 1516-034 (E) Statement label is previously defined in this scope.  Label is ignored.
"bogus.f", line 178.22: 1515-022 (S) Syntax Error: Extra token " , " was found. The token is ignored.
"bogus.f", line 178.23: 1515-022 (S) Syntax Error: Extra token " err " was found. The token is ignored.
"bogus.f", line 178.26: 1515-022 (S) Syntax Error: Extra token " = " was found. The token is ignored.
"bogus.f", line 178.27: 1515-022 (S) Syntax Error: Extra token " 900 " was found. The token is ignored.
"bogus.f", line 178.30: 1515-022 (S) Syntax Error: Extra token " ) " was found. The token is ignored.
"bogus.f", line 179.11: 1515-019 (S) Syntax is incorrect.
"bogus.f", line 180.10: 1515-019 (S) Syntax is incorrect.
"bogus.f", line 183.11: 1515-019 (S) Syntax is incorrect.
"bogus.f", line 184.6: 1515-019 (S) Syntax is incorrect.
"bogus.f", line 185.1: 1515-019 (S) Syntax is incorrect.
"bogus.f", line 186.10: 1515-019 (S) Syntax is incorrect.
"bogus.f", line 187.10: 1515-019 (S) Syntax is incorrect.
"bogus.f", line 188.1: 1515-019 (S) Syntax is incorrect.
"bogus.f", line 189.13: 1516-044 (S) A conversion from type CHARACTER Literal is not permitted.
"bogus.f", line 191.10: 1515-019 (S) Syntax is incorrect.
"bogus.f", line 192.10: 1515-019 (S) Syntax is incorrect.
"bogus.f", line 194.1: 1515-019 (S) Syntax is incorrect.
"bogus.f", line 195.20: 1511-023 (S) Arithmetic expressions must only be compared with arithmetic expressions.
"bogus.f", line 196.10: 1515-019 (S) Syntax is incorrect.
"bogus.f", line 197.1: 1515-019 (S) Syntax is incorrect.
"bogus.f", line 198.10: 1515-019 (S) Syntax is incorrect.
"bogus.f", line 199.10: 1515-019 (S) Syntax is incorrect.
"bogus.f", line 200.10: 1515-019 (S) Syntax is incorrect.
"bogus.f", line 201.10: 1515-019 (S) Syntax is incorrect.
"bogus.f", line 202.1: 1515-019 (S) Syntax is incorrect.
"bogus.f", line 204.1: 1515-019 (S) Syntax is incorrect.
"bogus.f", line 206.13: 1515-019 (S) Syntax is incorrect.
"bogus.f", line 208.41: 1515-019 (S) Syntax is incorrect.
"bogus.f", line 209.5: 1516-034 (E) Statement label is previously defined in this scope.  Label is ignored.
"bogus.f", line 209.30: 1515-019 (S) Syntax is incorrect.
"bogus.f", line 210.5: 1516-034 (E) Statement label is previously defined in this scope.  Label is ignored.
"bogus.f", line 210.28: 1515-019 (S) Syntax is incorrect.
"bogus.f", line 211.5: 1516-034 (E) Statement label is previously defined in this scope.  Label is ignored.
"bogus.f", line 211.26: 1515-019 (S) Syntax is incorrect.
"bogus.f", line 212.13: 1515-019 (S) Syntax is incorrect.
"bogus.f", line 213.13: 1515-019 (S) Syntax is incorrect.
"bogus.f", line 214.13: 1515-019 (S) Syntax is incorrect.
"bogus.f", line 215.1: 1515-019 (S) Syntax is incorrect.
"bogus.f", line 216.10: 1515-019 (S) Syntax is incorrect.
"bogus.f", line 217.10: 1515-019 (S) Syntax is incorrect.
"bogus.f", line 218.6: 1515-019 (S) Syntax is incorrect.
"bogus.f", line 219.1: 1515-019 (S) Syntax is incorrect.
"bogus.f", line 221.13: 1515-025 (S) Only a name of a variable, array element, or character substring is permitted on the left hand side of an assignment statement.
"bogus.f", line 222.16: 1515-019 (S) Syntax is incorrect.
"bogus.f", line 223.16: 1515-019 (S) Syntax is incorrect.
"bogus.f", line 224.1: 1515-019 (S) Syntax is incorrect.
"bogus.f", line 228.66: 1512-036 (W) Unexpected end of format specification in component number 0 of FORMAT statement.  Missing right parenthesis is assumed.
"bogus.f", line 229.5: 1516-034 (E) Statement label is previously defined in this scope.  Label is ignored.
"bogus.f", line 229.24: 1515-019 (S) Syntax is incorrect.
"bogus.f", line 230.5: 1516-034 (E) Statement label is previously defined in this scope.  Label is ignored.
"bogus.f", line 230.24: 1515-019 (S) Syntax is incorrect.
"bogus.f", line 231.19: 1515-019 (S) Syntax is incorrect.
"bogus.f", line 232.19: 1515-019 (S) Syntax is incorrect.
"bogus.f", line 236.1: 1515-019 (S) Syntax is incorrect.
"bogus.f", line 239.13: 1515-025 (S) Only a name of a variable, array element, or character substring is permitted on the left hand side of an assignment statement.
"bogus.f", line 242.1: 1515-019 (S) Syntax is incorrect.
"bogus.f", line 244.1: 1515-019 (S) Syntax is incorrect.
"bogus.f", line 246.1: 1515-019 (S) Syntax is incorrect.
"bogus.f", line 247.10: 1515-019 (S) Syntax is incorrect.
"bogus.f", line 248.10: 1515-019 (S) Syntax is incorrect.
"bogus.f", line 249.1: 1515-019 (S) Syntax is incorrect.
"bogus.f", line 251.52: 1512-036 (W) Unexpected end of format specification in component number 0 of FORMAT statement.  Missing right parenthesis is assumed.
"bogus.f", line 252.5: 1516-034 (E) Statement label is previously defined in this scope.  Label is ignored.
"bogus.f", line 252.14: 1515-019 (S) Syntax is incorrect.
"bogus.f", line 253.7: 1515-025 (S) Only a name of a variable, array element, or character substring is permitted on the left hand side of an assignment statement.
"bogus.f", line 255.1: 1515-019 (S) Syntax is incorrect.
"bogus.f", line 257.1: 1515-019 (S) Syntax is incorrect.
"bogus.f", line 258.10: 1515-019 (S) Syntax is incorrect.
"bogus.f", line 259.10: 1515-019 (S) Syntax is incorrect.
"bogus.f", line 260.10: 1515-019 (S) Syntax is incorrect.
"bogus.f", line 261.10: 1515-019 (S) Syntax is incorrect.
"bogus.f", line 262.7: 1515-019 (S) Syntax is incorrect.
"bogus.f", line 265.1: 1515-019 (S) Syntax is incorrect.
"bogus.f", line 266.13: 1516-044 (S) A conversion from type CHARACTER Literal is not permitted.
"bogus.f", line 267.50: 1512-020 (S) Expression must not appear as input list item.  Statement is ignored.
"bogus.f", line 268.10: 1515-019 (S) Syntax is incorrect.
"bogus.f", line 269.10: 1515-019 (S) Syntax is incorrect.
"bogus.f", line 270.10: 1515-019 (S) Syntax is incorrect.
"bogus.f", line 272.1: 1515-019 (S) Syntax is incorrect.
"bogus.f", line 273.20: 1511-023 (S) Arithmetic expressions must only be compared with arithmetic expressions.
"bogus.f", line 274.10: 1515-019 (S) Syntax is incorrect.
"bogus.f", line 275.1: 1515-019 (S) Syntax is incorrect.
"bogus.f", line 276.10: 1515-019 (S) Syntax is incorrect.
"bogus.f", line 277.1: 1515-019 (S) Syntax is incorrect.
"bogus.f", line 278.13: 1516-044 (S) A conversion from type CHARACTER Literal is not permitted.
"bogus.f", line 279.43: 1512-020 (S) Expression must not appear as input list item.  Statement is ignored.
"bogus.f", line 280.10: 1515-019 (S) Syntax is incorrect.
"bogus.f", line 281.10: 1515-019 (S) Syntax is incorrect.
"bogus.f", line 283.1: 1515-019 (S) Syntax is incorrect.
"bogus.f", line 285.1: 1515-019 (S) Syntax is incorrect.
"bogus.f", line 286.11: 1515-019 (S) Syntax is incorrect.
"bogus.f", line 287.6: 1515-019 (S) Syntax is incorrect.
"bogus.f", line 288.10: 1515-019 (S) Syntax is incorrect.
"bogus.f", line 289.1: 1515-019 (S) Syntax is incorrect.
"bogus.f", line 290.7: 1515-019 (S) Syntax is incorrect.
"bogus.f", line 291.7: 1515-019 (S) Syntax is incorrect.
"bogus.f", line 292.6: 1515-019 (S) Syntax is incorrect.
"bogus.f", line 293.1: 1515-019 (S) Syntax is incorrect.
"bogus.f", line 295.13: 1515-019 (S) Syntax is incorrect.
"bogus.f", line 296.13: 1515-019 (S) Syntax is incorrect.
"bogus.f", line 297.1: 1515-019 (S) Syntax is incorrect.
"bogus.f", line 298.10: 1515-025 (S) Only a name of a variable, array element, or character substring is permitted on the left hand side of an assignment statement.
"bogus.f", line 300.1: 1515-019 (S) Syntax is incorrect.
"bogus.f", line 303.2: 1515-019 (S) Syntax is incorrect.
"bogus.f", line 305.1: 1515-019 (S) Syntax is incorrect.
"bogus.f", line 306.24: 1511-023 (S) Arithmetic expressions must only be compared with arithmetic expressions.
"bogus.f", line 307.13: 1515-019 (S) Syntax is incorrect.
"bogus.f", line 308.1: 1515-019 (S) Syntax is incorrect.
"bogus.f", line 310.1: 1515-019 (S) Syntax is incorrect.
"bogus.f", line 311.17: 1515-019 (S) Syntax is incorrect.
"bogus.f", line 312.20: 1515-019 (S) Syntax is incorrect.
"bogus.f", line 313.10: 1515-019 (S) Syntax is incorrect.
"bogus.f", line 314.6: 1515-019 (S) Syntax is incorrect.
"bogus.f", line 315.10: 1515-019 (S) Syntax is incorrect.
"bogus.f", line 316.17: 1515-019 (S) Syntax is incorrect.
"bogus.f", line 317.1: 1515-019 (S) Syntax is incorrect.
"bogus.f", line 319.16: 1515-019 (S) Syntax is incorrect.
"bogus.f", line 320.1: 1515-019 (S) Syntax is incorrect.
"bogus.f", line 323.16: 1515-025 (S) Only a name of a variable, array element, or character substring is permitted on the left hand side of an assignment statement.
"bogus.f", line 324.13: 1515-019 (S) Syntax is incorrect.
"bogus.f", line 325.1: 1515-019 (S) Syntax is incorrect.
"bogus.f", line 326.16: 1515-019 (S) Syntax is incorrect.
"bogus.f", line 327.19: 1515-019 (S) Syntax is incorrect.
"bogus.f", line 328.19: 1515-019 (S) Syntax is incorrect.
"bogus.f", line 329.19: 1515-022 (S) Syntax Error: Extra token " iprint " was found. The token is ignored.
"bogus.f", line 330.16: 1515-019 (S) Syntax is incorrect.
"bogus.f", line 331.1: 1515-019 (S) Syntax is incorrect.
"bogus.f", line 332.16: 1515-019 (S) Syntax is incorrect.
"bogus.f", line 333.16: 1515-019 (S) Syntax is incorrect.
"bogus.f", line 334.6: 1515-019 (S) Syntax is incorrect.
"bogus.f", line 336.1: 1515-019 (S) Syntax is incorrect.
"bogus.f", line 338.16: 1515-019 (S) Syntax is incorrect.
"bogus.f", line 341.1: 1515-019 (S) Syntax is incorrect.
"bogus.f", line 343.1: 1515-019 (S) Syntax is incorrect.
"bogus.f", line 345.1: 1515-019 (S) Syntax is incorrect.
"bogus.f", line 346.13: 1515-019 (S) Syntax is incorrect.
"bogus.f", line 347.13: 1515-019 (S) Syntax is incorrect.
"bogus.f", line 348.1: 1515-019 (S) Syntax is incorrect.
"bogus.f", line 355.64: 1512-036 (W) Unexpected end of format specification in component number 0 of FORMAT statement.  Missing right parenthesis is assumed.
"bogus.f", line 356.5: 1516-034 (E) Statement label is previously defined in this scope.  Label is ignored.
"bogus.f", line 356.20: 1515-019 (S) Syntax is incorrect.
"bogus.f", line 357.5: 1516-034 (E) Statement label is previously defined in this scope.  Label is ignored.
"bogus.f", line 357.20: 1515-019 (S) Syntax is incorrect.
"bogus.f", line 358.13: 1515-025 (S) Only a name of a variable, array element, or character substring is permitted on the left hand side of an assignment statement.
"bogus.f", line 361.16: 1515-019 (S) Syntax is incorrect.
"bogus.f", line 362.16: 1515-019 (S) Syntax is incorrect.
"bogus.f", line 364.1: 1515-019 (S) Syntax is incorrect.
"bogus.f", line 366.1: 1515-019 (S) Syntax is incorrect.
"bogus.f", line 367.13: 1515-019 (S) Syntax is incorrect.
"bogus.f", line 368.1: 1515-019 (S) Syntax is incorrect.
"bogus.f", line 370.13: 1515-025 (S) Only a name of a variable, array element, or character substring is permitted on the left hand side of an assignment statement.
"bogus.f", line 371.17: 1515-019 (S) Syntax is incorrect.
"bogus.f", line 372.6: 1515-019 (S) Syntax is incorrect.
"bogus.f", line 375.62: 1512-036 (W) Unexpected end of format specification in component number 0 of FORMAT statement.  Missing right parenthesis is assumed.
"bogus.f", line 376.5: 1516-034 (E) Statement label is previously defined in this scope.  Label is ignored.
"bogus.f", line 376.20: 1515-019 (S) Syntax is incorrect.
"bogus.f", line 377.5: 1516-034 (E) Statement label is previously defined in this scope.  Label is ignored.
"bogus.f", line 377.20: 1515-019 (S) Syntax is incorrect.
"bogus.f", line 378.13: 1515-025 (S) Only a name of a variable, array element, or character substring is permitted on the left hand side of an assignment statement.
"bogus.f", line 379.13: 1515-025 (S) Only a name of a variable, array element, or character substring is permitted on the left hand side of an assignment statement.
"bogus.f", line 382.1: 1515-019 (S) Syntax is incorrect.
"bogus.f", line 384.13: 1515-019 (S) Syntax is incorrect.
"bogus.f", line 387.13: 1515-019 (S) Syntax is incorrect.
"bogus.f", line 388.1: 1515-019 (S) Syntax is incorrect.
"bogus.f", line 390.4: 1515-019 (S) Syntax is incorrect.
"bogus.f", line 392.1: 1515-019 (S) Syntax is incorrect.
"bogus.f", line 393.10: 1515-019 (S) Syntax is incorrect.
"bogus.f", line 394.10: 1515-019 (S) Syntax is incorrect.
"bogus.f", line 395.10: 1515-019 (S) Syntax is incorrect.
"bogus.f", line 396.1: 1515-019 (S) Syntax is incorrect.
"bogus.f", line 404.1: 1515-019 (S) Syntax is incorrect.
"bogus.f", line 406.52: 1512-036 (W) Unexpected end of format specification in component number 0 of FORMAT statement.  Missing right parenthesis is assumed.
"bogus.f", line 407.5: 1516-034 (E) Statement label is previously defined in this scope.  Label is ignored.
"bogus.f", line 407.14: 1515-019 (S) Syntax is incorrect.
"bogus.f", line 408.7: 1515-025 (S) Only a name of a variable, array element, or character substring is permitted on the left hand side of an assignment statement.
"bogus.f", line 411.1: 1515-019 (S) Syntax is incorrect.
"bogus.f", line 413.1: 1515-019 (S) Syntax is incorrect.
"bogus.f", line 414.7: 1515-019 (S) Syntax is incorrect.
"bogus.f", line 415.7: 1515-019 (S) Syntax is incorrect.
"bogus.f", line 416.1: 1515-019 (S) Syntax is incorrect.
"bogus.f", line 418.7: 1515-019 (S) Syntax is incorrect.
"bogus.f", line 420.2: 1515-019 (S) Syntax is incorrect.
"bogus.f", line 421.10: 1515-019 (S) Syntax is incorrect.
"bogus.f", line 423.7: 1515-025 (S) Only a name of a variable, array element, or character substring is permitted on the left hand side of an assignment statement.
** 1main   === End of Compilation 1 ===
1501-511  Compilation failed for file bogus.f.
cktdp.f:
"cktdp.f", line 1.55: 1513-051 (S) The PROGRAM/SUBROUTINE/FUNCTION/BLOCK DATA statement is ignored due to the presence of syntax errors.
"cktdp.f", line 1.55: 1515-019 (S) Syntax is incorrect.
"cktdp.f", line 2.26: 1515-019 (S) Syntax is incorrect.
"cktdp.f", line 3.27: 1515-019 (S) Syntax is incorrect.
"cktdp.f", line 4.29: 1515-019 (S) Syntax is incorrect.
"cktdp.f", line 5.28: 1515-019 (S) Syntax is incorrect.
"cktdp.f", line 6.1: 1515-019 (S) Syntax is incorrect.
"cktdp.f", line 7.10: 1515-019 (S) Syntax is incorrect.
"cktdp.f", line 8.2: 1515-019 (S) Syntax is incorrect.
"cktdp.f", line 9.10: 1515-019 (S) Syntax is incorrect.
"cktdp.f", line 10.14: 1515-019 (S) Syntax is incorrect.
"cktdp.f", line 11.14: 1515-019 (S) Syntax is incorrect.
"cktdp.f", line 12.14: 1515-019 (S) Syntax is incorrect.
"cktdp.f", line 13.14: 1515-019 (S) Syntax is incorrect.
"cktdp.f", line 14.14: 1515-019 (S) Syntax is incorrect.
"cktdp.f", line 15.14: 1515-019 (S) Syntax is incorrect.
"cktdp.f", line 16.14: 1515-019 (S) Syntax is incorrect.
"cktdp.f", line 17.14: 1515-019 (S) Syntax is incorrect.
"cktdp.f", line 18.14: 1515-019 (S) Syntax is incorrect.
"cktdp.f", line 19.1: 1515-019 (S) Syntax is incorrect.
"cktdp.f", line 20.10: 1515-019 (S) Syntax is incorrect.
"cktdp.f", line 21.13: 1515-019 (S) Syntax is incorrect.
"cktdp.f", line 22.13: 1515-019 (S) Syntax is incorrect.
"cktdp.f", line 23.1: 1515-019 (S) Syntax is incorrect.
"cktdp.f", line 24.10: 1515-019 (S) Syntax is incorrect.
"cktdp.f", line 25.16: 1515-019 (S) Syntax is incorrect.
"cktdp.f", line 26.16: 1515-019 (S) Syntax is incorrect.
"cktdp.f", line 27.14: 1515-019 (S) Syntax is incorrect.
"cktdp.f", line 28.37: 1515-019 (S) Syntax is incorrect.
"cktdp.f", line 29.12: 1515-019 (S) Syntax is incorrect.
"cktdp.f", line 30.20: 1515-019 (S) Syntax is incorrect.
"cktdp.f", line 31.20: 1515-019 (S) Syntax is incorrect.
"cktdp.f", line 32.17: 1515-019 (S) Syntax is incorrect.
"cktdp.f", line 33.25: 1515-019 (S) Syntax is incorrect.
"cktdp.f", line 34.17: 1515-019 (S) Syntax is incorrect.
"cktdp.f", line 35.35: 1515-019 (S) Syntax is incorrect.
"cktdp.f", line 36.11: 1515-019 (S) Syntax is incorrect.
"cktdp.f", line 37.25: 1515-019 (S) Syntax is incorrect.
"cktdp.f", line 38.25: 1515-019 (S) Syntax is incorrect.
"cktdp.f", line 39.25: 1515-019 (S) Syntax is incorrect.
"cktdp.f", line 40.0: 1515-010 (S) String is missing a closing delimiter.  Closing delimiter assumed at end of line.
"cktdp.f", line 40.25: 1515-019 (S) Syntax is incorrect.
"cktdp.f", line 41.25: 1515-019 (S) Syntax is incorrect.
"cktdp.f", line 42.32: 1515-019 (S) Syntax is incorrect.
"cktdp.f", line 43.32: 1515-019 (S) Syntax is incorrect.
"cktdp.f", line 44.32: 1515-019 (S) Syntax is incorrect.
"cktdp.f", line 45.32: 1515-019 (S) Syntax is incorrect.
"cktdp.f", line 46.25: 1515-019 (S) Syntax is incorrect.
"cktdp.f", line 47.25: 1515-019 (S) Syntax is incorrect.
"cktdp.f", line 48.25: 1515-019 (S) Syntax is incorrect.
"cktdp.f", line 49.32: 1515-019 (S) Syntax is incorrect.
"cktdp.f", line 50.25: 1515-019 (S) Syntax is incorrect.
"cktdp.f", line 51.32: 1515-019 (S) Syntax is incorrect.
"cktdp.f", line 52.25: 1515-019 (S) Syntax is incorrect.
"cktdp.f", line 53.32: 1515-019 (S) Syntax is incorrect.
"cktdp.f", line 54.32: 1515-019 (S) Syntax is incorrect.
"cktdp.f", line 55.32: 1515-019 (S) Syntax is incorrect.
"cktdp.f", line 56.32: 1515-019 (S) Syntax is incorrect.
"cktdp.f", line 57.32: 1515-019 (S) Syntax is incorrect.
"cktdp.f", line 58.32: 1515-019 (S) Syntax is incorrect.
"cktdp.f", line 59.32: 1515-019 (S) Syntax is incorrect.
"cktdp.f", line 60.25: 1515-019 (S) Syntax is incorrect.
"cktdp.f", line 61.25: 1515-019 (S) Syntax is incorrect.
"cktdp.f", line 62.32: 1515-019 (S) Syntax is incorrect.
"cktdp.f", line 63.32: 1515-019 (S) Syntax is incorrect.
"cktdp.f", line 64.32: 1515-019 (S) Syntax is incorrect.
"cktdp.f", line 65.19: 1515-019 (S) Syntax is incorrect.
"cktdp.f", line 66.16: 1515-019 (S) Syntax is incorrect.
"cktdp.f", line 67.25: 1515-019 (S) Syntax is incorrect.
"cktdp.f", line 68.16: 1515-019 (S) Syntax is incorrect.
"cktdp.f", line 69.34: 1515-019 (S) Syntax is incorrect.
"cktdp.f", line 70.17: 1515-019 (S) Syntax is incorrect.
"cktdp.f", line 71.25: 1515-019 (S) Syntax is incorrect.
"cktdp.f", line 72.31: 1515-019 (S) Syntax is incorrect.
"cktdp.f", line 73.0: 1515-010 (S) String is missing a closing delimiter.  Closing delimiter assumed at end of line.
"cktdp.f", line 73.16: 1515-019 (S) Syntax is incorrect.
"cktdp.f", line 74.34: 1515-019 (S) Syntax is incorrect.
"cktdp.f", line 75.0: 1515-010 (S) String is missing a closing delimiter.  Closing delimiter assumed at end of line.
"cktdp.f", line 75.16: 1515-019 (S) Syntax is incorrect.
"cktdp.f", line 76.34: 1515-019 (S) Syntax is incorrect.
"cktdp.f", line 77.0: 1515-010 (S) String is missing a closing delimiter.  Closing delimiter assumed at end of line.
"cktdp.f", line 77.16: 1515-019 (S) Syntax is incorrect.
"cktdp.f", line 78.34: 1515-019 (S) Syntax is incorrect.
"cktdp.f", line 79.0: 1515-010 (S) String is missing a closing delimiter.  Closing delimiter assumed at end of line.
"cktdp.f", line 79.16: 1515-019 (S) Syntax is incorrect.
"cktdp.f", line 80.34: 1515-019 (S) Syntax is incorrect.
"cktdp.f", line 81.19: 1515-019 (S) Syntax is incorrect.
"cktdp.f", line 82.25: 1515-019 (S) Syntax is incorrect.
"cktdp.f", line 83.14: 1515-019 (S) Syntax is incorrect.
"cktdp.f", line 84.14: 1515-019 (S) Syntax is incorrect.
"cktdp.f", line 85.19: 1515-019 (S) Syntax is incorrect.
"cktdp.f", line 86.15: 1515-019 (S) Syntax is incorrect.
"cktdp.f", line 87.25: 1515-019 (S) Syntax is incorrect.
"cktdp.f", line 88.31: 1515-019 (S) Syntax is incorrect.
"cktdp.f", line 89.18: 1515-019 (S) Syntax is incorrect.
"cktdp.f", line 90.16: 1515-019 (S) Syntax is incorrect.
"cktdp.f", line 91.31: 1515-019 (S) Syntax is incorrect.
"cktdp.f", line 92.16: 1515-019 (S) Syntax is incorrect.
"cktdp.f", line 93.25: 1515-019 (S) Syntax is incorrect.
"cktdp.f", line 94.25: 1515-019 (S) Syntax is incorrect.
"cktdp.f", line 95.16: 1515-019 (S) Syntax is incorrect.
"cktdp.f", line 96.25: 1515-019 (S) Syntax is incorrect.
"cktdp.f", line 97.14: 1515-019 (S) Syntax is incorrect.
"cktdp.f", line 98.35: 1515-019 (S) Syntax is incorrect.
"cktdp.f", line 99.25: 1515-019 (S) Syntax is incorrect.
"cktdp.f", line 100.35: 1515-019 (S) Syntax is incorrect.
"cktdp.f", line 101.25: 1515-019 (S) Syntax is incorrect.
"cktdp.f", line 102.35: 1515-019 (S) Syntax is incorrect.
"cktdp.f", line 103.25: 1515-019 (S) Syntax is incorrect.
"cktdp.f", line 104.35: 1515-019 (S) Syntax is incorrect.
"cktdp.f", line 105.35: 1515-019 (S) Syntax is incorrect.
"cktdp.f", line 106.25: 1515-019 (S) Syntax is incorrect.
"cktdp.f", line 107.35: 1515-019 (S) Syntax is incorrect.
"cktdp.f", line 108.35: 1515-019 (S) Syntax is incorrect.
"cktdp.f", line 109.25: 1515-019 (S) Syntax is incorrect.
"cktdp.f", line 110.35: 1515-019 (S) Syntax is incorrect.
"cktdp.f", line 111.38: 1515-019 (S) Syntax is incorrect.
"cktdp.f", line 112.19: 1515-019 (S) Syntax is incorrect.
"cktdp.f", line 113.26: 1515-019 (S) Syntax is incorrect.
"cktdp.f", line 114.25: 1515-019 (S) Syntax is incorrect.
"cktdp.f", line 115.17: 1515-019 (S) Syntax is incorrect.
"cktdp.f", line 116.34: 1515-019 (S) Syntax is incorrect.
"cktdp.f", line 117.17: 1515-019 (S) Syntax is incorrect.
"cktdp.f", line 118.16: 1515-019 (S) Syntax is incorrect.
"cktdp.f", line 119.16: 1515-019 (S) Syntax is incorrect.
"cktdp.f", line 120.17: 1515-019 (S) Syntax is incorrect.
"cktdp.f", line 121.17: 1515-019 (S) Syntax is incorrect.
"cktdp.f", line 122.10: 1515-019 (S) Syntax is incorrect.
"cktdp.f", line 123.26: 1515-019 (S) Syntax is incorrect.
"cktdp.f", line 124.10: 1515-019 (S) Syntax is incorrect.
"cktdp.f", line 125.13: 1515-019 (S) Syntax is incorrect.
"cktdp.f", line 126.1: 1515-019 (S) Syntax is incorrect.
"cktdp.f", line 127.6: 1514-050 (S) Specification statement is out of order.  Statement is ignored.
"cktdp.f", line 128.6: 1514-050 (S) Specification statement is out of order.  Statement is ignored.
"cktdp.f", line 129.6: 1514-050 (S) Specification statement is out of order.  Statement is ignored.
"cktdp.f", line 130.6: 1514-050 (S) Specification statement is out of order.  Statement is ignored.
"cktdp.f", line 131.6: 1514-050 (S) Specification statement is out of order.  Statement is ignored.
"cktdp.f", line 132.6: 1514-050 (S) Specification statement is out of order.  Statement is ignored.
"cktdp.f", line 133.6: 1514-050 (S) Specification statement is out of order.  Statement is ignored.
"cktdp.f", line 134.1: 1515-019 (S) Syntax is incorrect.
"cktdp.f", line 135.10: 1515-019 (S) Syntax is incorrect.
"cktdp.f", line 136.1: 1515-019 (S) Syntax is incorrect.
"cktdp.f", line 139.1: 1515-019 (S) Syntax is incorrect.
"cktdp.f", line 140.10: 1515-019 (S) Syntax is incorrect.
"cktdp.f", line 141.1: 1515-019 (S) Syntax is incorrect.
"cktdp.f", line 142.7: 1515-025 (S) Only a name of a variable, array element, or character substring is permitted on the left hand side of an assignment statement.
"cktdp.f", line 143.10: 1515-019 (S) Syntax is incorrect.
"cktdp.f", line 144.7: 1515-025 (S) Only a name of a variable, array element, or character substring is permitted on the left hand side of an assignment statement.
"cktdp.f", line 145.7: 1515-025 (S) Only a name of a variable, array element, or character substring is permitted on the left hand side of an assignment statement.
"cktdp.f", line 146.7: 1515-025 (S) Only a name of a variable, array element, or character substring is permitted on the left hand side of an assignment statement.
"cktdp.f", line 148.58: 1515-019 (S) Syntax is incorrect.
"cktdp.f", line 149.5: 1516-034 (E) Statement label is previously defined in this scope.  Label is ignored.
"cktdp.f", line 149.22: 1515-019 (S) Syntax is incorrect.
"cktdp.f", line 150.5: 1516-034 (E) Statement label is previously defined in this scope.  Label is ignored.
"cktdp.f", line 150.25: 1515-019 (S) Syntax is incorrect.
"cktdp.f", line 151.5: 1516-034 (E) Statement label is previously defined in this scope.  Label is ignored.
"cktdp.f", line 151.25: 1515-019 (S) Syntax is incorrect.
"cktdp.f", line 152.5: 1516-034 (E) Statement label is previously defined in this scope.  Label is ignored.
"cktdp.f", line 152.22: 1515-019 (S) Syntax is incorrect.
"cktdp.f", line 153.1: 1515-019 (S) Syntax is incorrect.
"cktdp.f", line 156.69: 1512-036 (W) Unexpected end of format specification in component number 0 of FORMAT statement.  Missing right parenthesis is assumed.
"cktdp.f", line 157.5: 1516-034 (E) Statement label is previously defined in this scope.  Label is ignored.
"cktdp.f", line 157.19: 1515-019 (S) Syntax is incorrect.
"cktdp.f", line 158.5: 1516-034 (E) Statement label is previously defined in this scope.  Label is ignored.
"cktdp.f", line 158.19: 1515-019 (S) Syntax is incorrect.
"cktdp.f", line 159.10: 1515-025 (S) Only a name of a variable, array element, or character substring is permitted on the left hand side of an assignment statement.
"cktdp.f", line 162.1: 1515-019 (S) Syntax is incorrect.
"cktdp.f", line 165.60: 1512-036 (W) Unexpected end of format specification in component number 0 of FORMAT statement.  Missing right parenthesis is assumed.
"cktdp.f", line 166.5: 1516-034 (E) Statement label is previously defined in this scope.  Label is ignored.
"cktdp.f", line 166.19: 1515-019 (S) Syntax is incorrect.
"cktdp.f", line 167.5: 1516-034 (E) Statement label is previously defined in this scope.  Label is ignored.
"cktdp.f", line 167.19: 1515-019 (S) Syntax is incorrect.
"cktdp.f", line 168.10: 1515-025 (S) Only a name of a variable, array element, or character substring is permitted on the left hand side of an assignment statement.
"cktdp.f", line 171.1: 1515-019 (S) Syntax is incorrect.
"cktdp.f", line 172.10: 1515-019 (S) Syntax is incorrect.
"cktdp.f", line 173.10: 1515-019 (S) Syntax is incorrect.
"cktdp.f", line 174.1: 1515-019 (S) Syntax is incorrect.
"cktdp.f", line 177.1: 1515-019 (S) Syntax is incorrect.
"cktdp.f", line 179.13: 1515-019 (S) Syntax is incorrect.
"cktdp.f", line 180.13: 1515-019 (S) Syntax is incorrect.
"cktdp.f", line 181.1: 1515-019 (S) Syntax is incorrect.
"cktdp.f", line 183.13: 1515-025 (S) Only a name of a variable, array element, or character substring is permitted on the left hand side of an assignment statement.
"cktdp.f", line 186.1: 1515-019 (S) Syntax is incorrect.
"cktdp.f", line 188.1: 1515-019 (S) Syntax is incorrect.
"cktdp.f", line 191.1: 1515-019 (S) Syntax is incorrect.
"cktdp.f", line 194.1: 1515-019 (S) Syntax is incorrect.
** 1main   === End of Compilation 1 ===
1501-511  Compilation failed for file cktdp.f.
clip.f:
"clip.f", line 2.1: 1515-019 (S) Syntax is incorrect.
"clip.f", line 3.10: 1515-019 (S) Syntax is incorrect.
"clip.f", line 4.34: 1515-019 (S) Syntax is incorrect.
"clip.f", line 5.10: 1515-019 (S) Syntax is incorrect.
"clip.f", line 6.1: 1515-019 (S) Syntax is incorrect.
"clip.f", line 7.10: 1515-019 (S) Syntax is incorrect.
"clip.f", line 8.13: 1515-019 (S) Syntax is incorrect.
"clip.f", line 9.13: 1515-019 (S) Syntax is incorrect.
"clip.f", line 10.13: 1515-019 (S) Syntax is incorrect.
"clip.f", line 11.13: 1515-019 (S) Syntax is incorrect.
"clip.f", line 12.13: 1515-019 (S) Syntax is incorrect.
"clip.f", line 13.13: 1515-019 (S) Syntax is incorrect.
"clip.f", line 14.13: 1515-019 (S) Syntax is incorrect.
"clip.f", line 15.13: 1515-019 (S) Syntax is incorrect.
"clip.f", line 16.12: 1515-019 (S) Syntax is incorrect.
"clip.f", line 17.10: 1515-019 (S) Syntax is incorrect.
"clip.f", line 18.14: 1515-019 (S) Syntax is incorrect.
"clip.f", line 19.1: 1515-019 (S) Syntax is incorrect.
"clip.f", line 20.10: 1515-019 (S) Syntax is incorrect.
"clip.f", line 21.1: 1515-019 (S) Syntax is incorrect.
"clip.f", line 22.16: 1515-019 (S) Syntax is incorrect.
"clip.f", line 23.14: 1515-019 (S) Syntax is incorrect.
"clip.f", line 24.38: 1515-019 (S) Syntax is incorrect.
"clip.f", line 25.20: 1515-019 (S) Syntax is incorrect.
"clip.f", line 26.31: 1515-019 (S) Syntax is incorrect.
"clip.f", line 27.20: 1515-019 (S) Syntax is incorrect.
"clip.f", line 28.31: 1515-019 (S) Syntax is incorrect.
"clip.f", line 29.18: 1515-019 (S) Syntax is incorrect.
"clip.f", line 30.9: 1515-019 (S) Syntax is incorrect.
"clip.f", line 31.31: 1515-019 (S) Syntax is incorrect.
"clip.f", line 32.19: 1515-019 (S) Syntax is incorrect.
"clip.f", line 33.31: 1515-019 (S) Syntax is incorrect.
"clip.f", line 34.19: 1515-019 (S) Syntax is incorrect.
"clip.f", line 35.31: 1515-019 (S) Syntax is incorrect.
"clip.f", line 36.17: 1515-019 (S) Syntax is incorrect.
"clip.f", line 37.19: 1515-019 (S) Syntax is incorrect.
"clip.f", line 38.27: 1515-019 (S) Syntax is incorrect.
"clip.f", line 39.25: 1515-019 (S) Syntax is incorrect.
"clip.f", line 40.1: 1515-019 (S) Syntax is incorrect.
"clip.f", line 41.10: 1515-019 (S) Syntax is incorrect.
"clip.f", line 42.14: 1515-019 (S) Syntax is incorrect.
"clip.f", line 43.13: 1515-019 (S) Syntax is incorrect.
"clip.f", line 44.6: 1514-050 (S) Specification statement is out of order.  Statement is ignored.
"clip.f", line 45.6: 1514-050 (S) Specification statement is out of order.  Statement is ignored.
"clip.f", line 46.1: 1515-019 (S) Syntax is incorrect.
"clip.f", line 48.7: 1515-019 (S) Syntax is incorrect.
"clip.f", line 49.1: 1515-019 (S) Syntax is incorrect.
"clip.f", line 52.59: 1512-036 (W) Unexpected end of format specification in component number 0 of FORMAT statement.  Missing right parenthesis is assumed.
"clip.f", line 53.18: 1515-019 (S) Syntax is incorrect.
"clip.f", line 54.18: 1515-019 (S) Syntax is incorrect.
"clip.f", line 55.18: 1515-019 (S) Syntax is incorrect.
"clip.f", line 59.1: 1515-019 (S) Syntax is incorrect.
"clip.f", line 61.7: 1515-019 (S) Syntax is incorrect.
"clip.f", line 62.7: 1515-019 (S) Syntax is incorrect.
"clip.f", line 63.1: 1515-019 (S) Syntax is incorrect.
"clip.f", line 64.10: 1515-019 (S) Syntax is incorrect.
"clip.f", line 65.1: 1515-019 (S) Syntax is incorrect.
"clip.f", line 66.27: 1515-019 (S) Syntax is incorrect.
"clip.f", line 67.5: 1516-034 (E) Statement label is previously defined in this scope.  Label is ignored.
"clip.f", line 67.19: 1515-019 (S) Syntax is incorrect.
"clip.f", line 69.63: 1512-036 (W) Unexpected end of format specification in component number 0 of FORMAT statement.  Missing right parenthesis is assumed.
"clip.f", line 70.5: 1516-034 (E) Statement label is previously defined in this scope.  Label is ignored.
"clip.f", line 70.18: 1515-019 (S) Syntax is incorrect.
"clip.f", line 73.6: 1511-017 (S) ENDIF statement appears outside of IF block.
"clip.f", line 74.1: 1515-019 (S) Syntax is incorrect.
"clip.f", line 75.10: 1515-019 (S) Syntax is incorrect.
"clip.f", line 76.1: 1515-019 (S) Syntax is incorrect.
"clip.f", line 79.1: 1515-019 (S) Syntax is incorrect.
"clip.f", line 82.1: 1515-019 (S) Syntax is incorrect.
"clip.f", line 84.10: 1515-025 (S) Only a name of a variable, array element, or character substring is permitted on the left hand side of an assignment statement.
"clip.f", line 86.11: 1515-019 (S) Syntax is incorrect.
"clip.f", line 88.1: 1515-019 (S) Syntax is incorrect.
"clip.f", line 90.1: 1515-019 (S) Syntax is incorrect.
** clip   === End of Compilation 1 ===
1501-511  Compilation failed for file clip.f.
clos.f:
"clos.f", line 2.1: 1515-019 (S) Syntax is incorrect.
"clos.f", line 3.10: 1515-019 (S) Syntax is incorrect.
"clos.f", line 4.1: 1515-019 (S) Syntax is incorrect.
"clos.f", line 5.10: 1515-019 (S) Syntax is incorrect.
"clos.f", line 6.13: 1515-019 (S) Syntax is incorrect.
"clos.f", line 7.14: 1515-019 (S) Syntax is incorrect.
"clos.f", line 8.1: 1515-019 (S) Syntax is incorrect.
"clos.f", line 9.10: 1515-019 (S) Syntax is incorrect.
"clos.f", line 10.13: 1515-019 (S) Syntax is incorrect.
"clos.f", line 11.1: 1515-019 (S) Syntax is incorrect.
"clos.f", line 12.10: 1515-019 (S) Syntax is incorrect.
"clos.f", line 13.12: 1515-019 (S) Syntax is incorrect.
"clos.f", line 14.17: 1515-019 (S) Syntax is incorrect.
"clos.f", line 15.17: 1515-019 (S) Syntax is incorrect.
"clos.f", line 16.0: 1515-010 (S) String is missing a closing delimiter.  Closing delimiter assumed at end of line.
"clos.f", line 16.15: 1515-019 (S) Syntax is incorrect.
"clos.f", line 17.35: 1515-019 (S) Syntax is incorrect.
"clos.f", line 18.18: 1515-019 (S) Syntax is incorrect.
"clos.f", line 19.21: 1515-019 (S) Syntax is incorrect.
"clos.f", line 20.25: 1515-019 (S) Syntax is incorrect.
"clos.f", line 21.1: 1515-019 (S) Syntax is incorrect.
"clos.f", line 22.12: 1515-019 (S) Syntax is incorrect.
"clos.f", line 23.19: 1515-019 (S) Syntax is incorrect.
"clos.f", line 24.19: 1515-019 (S) Syntax is incorrect.
"clos.f", line 25.1: 1515-019 (S) Syntax is incorrect.
"clos.f", line 26.12: 1515-019 (S) Syntax is incorrect.
"clos.f", line 27.18: 1515-019 (S) Syntax is incorrect.
"clos.f", line 28.18: 1515-019 (S) Syntax is incorrect.
"clos.f", line 29.16: 1515-019 (S) Syntax is incorrect.
"clos.f", line 30.25: 1515-019 (S) Syntax is incorrect.
"clos.f", line 31.1: 1515-019 (S) Syntax is incorrect.
"clos.f", line 32.10: 1515-019 (S) Syntax is incorrect.
"clos.f", line 33.14: 1515-019 (S) Syntax is incorrect.
"clos.f", line 34.1: 1515-019 (S) Syntax is incorrect.
"clos.f", line 35.6: 1514-050 (S) Specification statement is out of order.  Statement is ignored.
"clos.f", line 36.1: 1515-019 (S) Syntax is incorrect.
"clos.f", line 39.1: 1515-019 (S) Syntax is incorrect.
"clos.f", line 49.1: 1515-019 (S) Syntax is incorrect.
"clos.f", line 55.1: 1515-019 (S) Syntax is incorrect.
** clos   === End of Compilation 1 ===
1501-511  Compilation failed for file clos.f.
clos2.f:
"clos2.f", line 1.59: 1513-051 (S) The PROGRAM/SUBROUTINE/FUNCTION/BLOCK DATA statement is ignored due to the presence of syntax errors.
"clos2.f", line 1.59: 1515-019 (S) Syntax is incorrect.
"clos2.f", line 2.30: 1515-019 (S) Syntax is incorrect.
"clos2.f", line 3.27: 1515-019 (S) Syntax is incorrect.
"clos2.f", line 4.28: 1515-019 (S) Syntax is incorrect.
"clos2.f", line 5.1: 1515-019 (S) Syntax is incorrect.
"clos2.f", line 6.10: 1515-019 (S) Syntax is incorrect.
"clos2.f", line 7.35: 1515-019 (S) Syntax is incorrect.
"clos2.f", line 8.10: 1515-019 (S) Syntax is incorrect.
"clos2.f", line 9.35: 1515-019 (S) Syntax is incorrect.
"clos2.f", line 10.10: 1515-019 (S) Syntax is incorrect.
"clos2.f", line 10.67: 1515-019 (S) Syntax is incorrect.
"clos2.f", line 11.35: 1515-019 (S) Syntax is incorrect.
"clos2.f", line 12.10: 1515-019 (S) Syntax is incorrect.
"clos2.f", line 13.35: 1515-022 (S) Syntax Error: Extra token " distsq " was found. The token is ignored.
"clos2.f", line 14.10: 1515-019 (S) Syntax is incorrect.
"clos2.f", line 15.35: 1515-019 (S) Syntax is incorrect.
"clos2.f", line 16.10: 1515-019 (S) Syntax is incorrect.
"clos2.f", line 17.10: 1515-019 (S) Syntax is incorrect.
"clos2.f", line 17.68: 1515-019 (S) Syntax is incorrect.
"clos2.f", line 18.35: 1515-019 (S) Syntax is incorrect.
"clos2.f", line 19.10: 1515-019 (S) Syntax is incorrect.
"clos2.f", line 20.10: 1515-019 (S) Syntax is incorrect.
"clos2.f", line 21.1: 1515-019 (S) Syntax is incorrect.
"clos2.f", line 22.10: 1515-019 (S) Syntax is incorrect.
"clos2.f", line 23.14: 1515-019 (S) Syntax is incorrect.
"clos2.f", line 24.14: 1515-019 (S) Syntax is incorrect.
"clos2.f", line 25.14: 1515-019 (S) Syntax is incorrect.
"clos2.f", line 26.14: 1515-019 (S) Syntax is incorrect.
"clos2.f", line 27.30: 1515-022 (S) Syntax Error: Extra token " , " was found. The token is ignored.
"clos2.f", line 27.32: 1515-022 (S) Syntax Error: Extra token " use " was found. The token is ignored.
"clos2.f", line 27.36: 1515-022 (S) Syntax Error: Extra token " station " was found. The token is ignored.
"clos2.f", line 27.44: 1515-022 (S) Syntax Error: Extra token " types " was found. The token is ignored.
"clos2.f", line 27.50: 1515-022 (S) Syntax Error: Extra token " 6 " was found. The token is ignored.
"clos2.f", line 27.52: 1515-022 (S) Syntax Error: Extra token " and " was found. The token is ignored.
"clos2.f", line 27.56: 1515-022 (S) Syntax Error: Extra token " 9. " was found. The token is ignored.
"clos2.f", line 28.14: 1515-019 (S) Syntax is incorrect.
"clos2.f", line 29.1: 1515-019 (S) Syntax is incorrect.
"clos2.f", line 30.10: 1515-019 (S) Syntax is incorrect.
"clos2.f", line 31.14: 1515-019 (S) Syntax is incorrect.
"clos2.f", line 32.1: 1515-019 (S) Syntax is incorrect.
"clos2.f", line 33.10: 1515-019 (S) Syntax is incorrect.
"clos2.f", line 34.12: 1515-019 (S) Syntax is incorrect.
"clos2.f", line 35.16: 1515-019 (S) Syntax is incorrect.
"clos2.f", line 36.14: 1515-019 (S) Syntax is incorrect.
"clos2.f", line 37.46: 1515-019 (S) Syntax is incorrect.
"clos2.f", line 38.17: 1515-019 (S) Syntax is incorrect.
"clos2.f", line 39.17: 1515-019 (S) Syntax is incorrect.
"clos2.f", line 40.0: 1515-010 (S) String is missing a closing delimiter.  Closing delimiter assumed at end of line.
"clos2.f", line 40.15: 1515-019 (S) Syntax is incorrect.
"clos2.f", line 41.35: 1515-019 (S) Syntax is incorrect.
"clos2.f", line 42.15: 1515-019 (S) Syntax is incorrect.
"clos2.f", line 43.13: 1515-019 (S) Syntax is incorrect.
"clos2.f", line 44.25: 1515-019 (S) Syntax is incorrect.
"clos2.f", line 45.13: 1515-019 (S) Syntax is incorrect.
"clos2.f", line 46.34: 1515-019 (S) Syntax is incorrect.
"clos2.f", line 47.25: 1515-019 (S) Syntax is incorrect.
"clos2.f", line 48.29: 1515-019 (S) Syntax is incorrect.
"clos2.f", line 49.25: 1515-019 (S) Syntax is incorrect.
"clos2.f", line 50.29: 1515-019 (S) Syntax is incorrect.
"clos2.f", line 51.25: 1515-019 (S) Syntax is incorrect.
"clos2.f", line 52.29: 1515-019 (S) Syntax is incorrect.
"clos2.f", line 53.25: 1515-019 (S) Syntax is incorrect.
"clos2.f", line 54.31: 1515-019 (S) Syntax is incorrect.
"clos2.f", line 55.14: 1515-019 (S) Syntax is incorrect.
"clos2.f", line 56.34: 1515-019 (S) Syntax is incorrect.
"clos2.f", line 57.18: 1515-019 (S) Syntax is incorrect.
"clos2.f", line 58.21: 1515-019 (S) Syntax is incorrect.
"clos2.f", line 59.25: 1515-019 (S) Syntax is incorrect.
"clos2.f", line 60.21: 1515-019 (S) Syntax is incorrect.
"clos2.f", line 61.19: 1515-019 (S) Syntax is incorrect.
"clos2.f", line 62.25: 1515-019 (S) Syntax is incorrect.
"clos2.f", line 63.1: 1515-019 (S) Syntax is incorrect.
"clos2.f", line 64.12: 1515-019 (S) Syntax is incorrect.
"clos2.f", line 65.19: 1515-019 (S) Syntax is incorrect.
"clos2.f", line 66.19: 1515-019 (S) Syntax is incorrect.
"clos2.f", line 67.17: 1515-019 (S) Syntax is incorrect.
"clos2.f", line 68.17: 1515-019 (S) Syntax is incorrect.
"clos2.f", line 69.19: 1515-019 (S) Syntax is incorrect.
"clos2.f", line 70.25: 1515-019 (S) Syntax is incorrect.
"clos2.f", line 71.18: 1515-019 (S) Syntax is incorrect.
"clos2.f", line 72.25: 1515-019 (S) Syntax is incorrect.
"clos2.f", line 73.25: 1515-019 (S) Syntax is incorrect.
"clos2.f", line 74.16: 1515-019 (S) Syntax is incorrect.
"clos2.f", line 75.25: 1515-019 (S) Syntax is incorrect.
"clos2.f", line 76.19: 1515-019 (S) Syntax is incorrect.
"clos2.f", line 77.27: 1515-019 (S) Syntax is incorrect.
"clos2.f", line 78.0: 1515-010 (S) String is missing a closing delimiter.  Closing delimiter assumed at end of line.
"clos2.f", line 78.25: 1515-019 (S) Syntax is incorrect.
"clos2.f", line 79.31: 1515-019 (S) Syntax is incorrect.
"clos2.f", line 80.1: 1515-019 (S) Syntax is incorrect.
"clos2.f", line 81.12: 1515-019 (S) Syntax is incorrect.
"clos2.f", line 82.18: 1515-019 (S) Syntax is incorrect.
"clos2.f", line 83.18: 1515-019 (S) Syntax is incorrect.
"clos2.f", line 84.16: 1515-019 (S) Syntax is incorrect.
"clos2.f", line 85.25: 1515-019 (S) Syntax is incorrect.
"clos2.f", line 86.10: 1515-019 (S) Syntax is incorrect.
"clos2.f", line 87.1: 1515-019 (S) Syntax is incorrect.
"clos2.f", line 88.10: 1515-019 (S) Syntax is incorrect.
"clos2.f", line 89.14: 1515-019 (S) Syntax is incorrect.
"clos2.f", line 90.1: 1515-019 (S) Syntax is incorrect.
"clos2.f", line 91.6: 1514-050 (S) Specification statement is out of order.  Statement is ignored.
"clos2.f", line 92.1: 1515-019 (S) Syntax is incorrect.
"clos2.f", line 93.70: 1514-050 (S) Specification statement is out of order.  Statement is ignored.
"clos2.f", line 93.70: 1515-019 (S) Syntax is incorrect.
"clos2.f", line 94.5: 1516-034 (E) Statement label is previously defined in this scope.  Label is ignored.
"clos2.f", line 94.27: 1515-019 (S) Syntax is incorrect.
"clos2.f", line 95.1: 1515-019 (S) Syntax is incorrect.
"clos2.f", line 96.7: 1515-019 (S) Syntax is incorrect.
"clos2.f", line 97.1: 1515-019 (S) Syntax is incorrect.
"clos2.f", line 104.10: 1515-019 (S) Syntax is incorrect.
"clos2.f", line 105.10: 1515-019 (S) Syntax is incorrect.
"clos2.f", line 106.1: 1515-019 (S) Syntax is incorrect.
"clos2.f", line 109.10: 1515-019 (S) Syntax is incorrect.
"clos2.f", line 110.1: 1515-019 (S) Syntax is incorrect.
"clos2.f", line 112.10: 1515-019 (S) Syntax is incorrect.
"clos2.f", line 113.1: 1515-019 (S) Syntax is incorrect.
"clos2.f", line 116.10: 1515-019 (S) Syntax is incorrect.
"clos2.f", line 117.10: 1515-019 (S) Syntax is incorrect.
"clos2.f", line 118.10: 1515-019 (S) Syntax is incorrect.
"clos2.f", line 119.10: 1515-019 (S) Syntax is incorrect.
"clos2.f", line 120.1: 1515-019 (S) Syntax is incorrect.
"clos2.f", line 122.1: 1515-019 (S) Syntax is incorrect.
"clos2.f", line 125.10: 1515-019 (S) Syntax is incorrect.
"clos2.f", line 126.10: 1515-019 (S) Syntax is incorrect.
"clos2.f", line 127.10: 1515-019 (S) Syntax is incorrect.
"clos2.f", line 128.10: 1515-019 (S) Syntax is incorrect.
"clos2.f", line 129.1: 1515-019 (S) Syntax is incorrect.
"clos2.f", line 131.1: 1515-019 (S) Syntax is incorrect.
"clos2.f", line 138.1: 1515-019 (S) Syntax is incorrect.
"clos2.f", line 144.1: 1515-019 (S) Syntax is incorrect.
"clos2.f", line 146.1: 1515-019 (S) Syntax is incorrect.
"clos2.f", line 150.66: 1512-036 (W) Unexpected end of format specification in component number 0 of FORMAT statement.  Missing right parenthesis is assumed.
"clos2.f", line 151.5: 1516-034 (E) Statement label is previously defined in this scope.  Label is ignored.
"clos2.f", line 151.19: 1515-019 (S) Syntax is incorrect.
"clos2.f", line 157.1: 1515-019 (S) Syntax is incorrect.
"clos2.f", line 161.10: 1515-019 (S) Syntax is incorrect.
"clos2.f", line 162.10: 1515-019 (S) Syntax is incorrect.
"clos2.f", line 163.10: 1515-019 (S) Syntax is incorrect.
"clos2.f", line 164.10: 1515-019 (S) Syntax is incorrect.
"clos2.f", line 165.10: 1515-019 (S) Syntax is incorrect.
"clos2.f", line 166.10: 1515-019 (S) Syntax is incorrect.
"clos2.f", line 167.1: 1515-019 (S) Syntax is incorrect.
"clos2.f", line 168.7: 1515-019 (S) Syntax is incorrect.
"clos2.f", line 169.7: 1515-019 (S) Syntax is incorrect.
"clos2.f", line 170.6: 1515-019 (S) Syntax is incorrect.
"clos2.f", line 171.7: 1515-019 (S) Syntax is incorrect.
"clos2.f", line 172.6: 1515-019 (S) Syntax is incorrect.
"clos2.f", line 173.7: 1515-019 (S) Syntax is incorrect.
"clos2.f", line 174.6: 1515-019 (S) Syntax is incorrect.
"clos2.f", line 175.1: 1515-019 (S) Syntax is incorrect.
"clos2.f", line 176.7: 1515-019 (S) Syntax is incorrect.
** 1main   === End of Compilation 1 ===
1501-511  Compilation failed for file clos2.f.
clos2g.f:
"clos2g.f", line 1.34: 1513-051 (S) The PROGRAM/SUBROUTINE/FUNCTION/BLOCK DATA statement is ignored due to the presence of syntax errors.
"clos2g.f", line 1.34: 1515-019 (S) Syntax is incorrect.
"clos2g.f", line 2.30: 1515-019 (S) Syntax is incorrect.
"clos2g.f", line 3.26: 1515-019 (S) Syntax is incorrect.
"clos2g.f", line 4.31: 1515-019 (S) Syntax is incorrect.
"clos2g.f", line 5.31: 1515-019 (S) Syntax is incorrect.
"clos2g.f", line 6.31: 1515-019 (S) Syntax is incorrect.
"clos2g.f", line 7.1: 1515-019 (S) Syntax is incorrect.
"clos2g.f", line 8.10: 1515-019 (S) Syntax is incorrect.
"clos2g.f", line 9.10: 1515-019 (S) Syntax is incorrect.
"clos2g.f", line 10.35: 1515-019 (S) Syntax is incorrect.
"clos2g.f", line 10.53: 1515-019 (S) Syntax is incorrect.
"clos2g.f", line 11.10: 1515-019 (S) Syntax is incorrect.
"clos2g.f", line 12.10: 1515-019 (S) Syntax is incorrect.
"clos2g.f", line 12.68: 1515-019 (S) Syntax is incorrect.
"clos2g.f", line 13.35: 1515-022 (S) Syntax Error: Extra token " go " was found. The token is ignored.
"clos2g.f", line 13.38: 1515-022 (S) Syntax Error: Extra token " to " was found. The token is ignored.
"clos2g.f", line 13.41: 1515-022 (S) Syntax Error: Extra token " 500 " was found. The token is ignored.
"clos2g.f", line 13.45: 1515-022 (S) Syntax Error: Extra token " on " was found. The token is ignored.
"clos2g.f", line 13.48: 1515-022 (S) Syntax Error: Extra token " ier " was found. The token is ignored.
"clos2g.f", line 14.10: 1515-019 (S) Syntax is incorrect.
"clos2g.f", line 15.10: 1515-019 (S) Syntax is incorrect.
"clos2g.f", line 15.66: 1515-019 (S) Syntax is incorrect.
"clos2g.f", line 16.35: 1515-019 (S) Syntax is incorrect.
"clos2g.f", line 17.10: 1515-019 (S) Syntax is incorrect.
"clos2g.f", line 17.66: 1515-019 (S) Syntax is incorrect.
"clos2g.f", line 18.35: 1515-019 (S) Syntax is incorrect.
"clos2g.f", line 19.1: 1515-019 (S) Syntax is incorrect.
"clos2g.f", line 20.10: 1515-019 (S) Syntax is incorrect.
"clos2g.f", line 21.14: 1515-019 (S) Syntax is incorrect.
"clos2g.f", line 22.14: 1515-019 (S) Syntax is incorrect.
"clos2g.f", line 23.14: 1515-019 (S) Syntax is incorrect.
"clos2g.f", line 24.14: 1515-019 (S) Syntax is incorrect.
"clos2g.f", line 25.14: 1515-019 (S) Syntax is incorrect.
"clos2g.f", line 26.14: 1515-019 (S) Syntax is incorrect.
"clos2g.f", line 27.14: 1515-019 (S) Syntax is incorrect.
"clos2g.f", line 28.1: 1515-019 (S) Syntax is incorrect.
"clos2g.f", line 29.14: 1515-019 (S) Syntax is incorrect.
"clos2g.f", line 30.14: 1515-019 (S) Syntax is incorrect.
"clos2g.f", line 31.14: 1515-019 (S) Syntax is incorrect.
"clos2g.f", line 32.14: 1515-019 (S) Syntax is incorrect.
"clos2g.f", line 33.14: 1515-019 (S) Syntax is incorrect.
"clos2g.f", line 34.1: 1515-019 (S) Syntax is incorrect.
"clos2g.f", line 35.14: 1515-019 (S) Syntax is incorrect.
"clos2g.f", line 36.14: 1515-019 (S) Syntax is incorrect.
"clos2g.f", line 37.14: 1515-019 (S) Syntax is incorrect.
"clos2g.f", line 38.14: 1515-019 (S) Syntax is incorrect.
"clos2g.f", line 39.16: 1515-019 (S) Syntax is incorrect.
"clos2g.f", line 40.14: 1515-019 (S) Syntax is incorrect.
"clos2g.f", line 41.14: 1515-019 (S) Syntax is incorrect.
"clos2g.f", line 42.1: 1515-019 (S) Syntax is incorrect.
"clos2g.f", line 43.10: 1515-019 (S) Syntax is incorrect.
"clos2g.f", line 44.14: 1515-019 (S) Syntax is incorrect.
"clos2g.f", line 45.1: 1515-019 (S) Syntax is incorrect.
"clos2g.f", line 46.10: 1515-019 (S) Syntax is incorrect.
"clos2g.f", line 47.16: 1515-019 (S) Syntax is incorrect.
"clos2g.f", line 48.0: 1515-010 (S) String is missing a closing delimiter.  Closing delimiter assumed at end of line.
"clos2g.f", line 48.17: 1515-019 (S) Syntax is incorrect.
"clos2g.f", line 49.31: 1515-019 (S) Syntax is incorrect.
"clos2g.f", line 50.14: 1515-019 (S) Syntax is incorrect.
"clos2g.f", line 51.25: 1515-019 (S) Syntax is incorrect.
"clos2g.f", line 52.17: 1515-019 (S) Syntax is incorrect.
"clos2g.f", line 53.31: 1515-019 (S) Syntax is incorrect.
"clos2g.f", line 54.17: 1515-019 (S) Syntax is incorrect.
"clos2g.f", line 55.31: 1515-019 (S) Syntax is incorrect.
"clos2g.f", line 56.0: 1515-010 (S) String is missing a closing delimiter.  Closing delimiter assumed at end of line.
"clos2g.f", line 56.15: 1515-019 (S) Syntax is incorrect.
"clos2g.f", line 57.38: 1515-019 (S) Syntax is incorrect.
"clos2g.f", line 58.13: 1515-019 (S) Syntax is incorrect.
"clos2g.f", line 59.35: 1515-019 (S) Syntax is incorrect.
"clos2g.f", line 60.25: 1515-019 (S) Syntax is incorrect.
"clos2g.f", line 61.29: 1515-019 (S) Syntax is incorrect.
"clos2g.f", line 62.25: 1515-019 (S) Syntax is incorrect.
"clos2g.f", line 63.29: 1515-019 (S) Syntax is incorrect.
"clos2g.f", line 64.25: 1515-019 (S) Syntax is incorrect.
"clos2g.f", line 65.29: 1515-019 (S) Syntax is incorrect.
"clos2g.f", line 66.25: 1515-019 (S) Syntax is incorrect.
"clos2g.f", line 67.31: 1515-019 (S) Syntax is incorrect.
"clos2g.f", line 68.15: 1515-019 (S) Syntax is incorrect.
"clos2g.f", line 69.13: 1515-019 (S) Syntax is incorrect.
"clos2g.f", line 70.25: 1515-019 (S) Syntax is incorrect.
"clos2g.f", line 71.18: 1515-019 (S) Syntax is incorrect.
"clos2g.f", line 72.14: 1515-019 (S) Syntax is incorrect.
"clos2g.f", line 73.9: 1515-019 (S) Syntax is incorrect.
"clos2g.f", line 74.38: 1515-019 (S) Syntax is incorrect.
"clos2g.f", line 75.25: 1515-019 (S) Syntax is incorrect.
"clos2g.f", line 76.9: 1515-019 (S) Syntax is incorrect.
"clos2g.f", line 77.25: 1515-019 (S) Syntax is incorrect.
"clos2g.f", line 78.9: 1515-019 (S) Syntax is incorrect.
"clos2g.f", line 79.38: 1515-019 (S) Syntax is incorrect.
"clos2g.f", line 80.34: 1515-019 (S) Syntax is incorrect.
"clos2g.f", line 81.10: 1515-019 (S) Syntax is incorrect.
"clos2g.f", line 82.38: 1515-019 (S) Syntax is incorrect.
"clos2g.f", line 83.20: 1515-019 (S) Syntax is incorrect.
"clos2g.f", line 84.31: 1515-019 (S) Syntax is incorrect.
"clos2g.f", line 85.20: 1515-019 (S) Syntax is incorrect.
"clos2g.f", line 86.31: 1515-019 (S) Syntax is incorrect.
"clos2g.f", line 87.9: 1515-019 (S) Syntax is incorrect.
"clos2g.f", line 88.25: 1515-019 (S) Syntax is incorrect.
"clos2g.f", line 89.25: 1515-019 (S) Syntax is incorrect.
"clos2g.f", line 90.25: 1515-019 (S) Syntax is incorrect.
"clos2g.f", line 90.48: 1515-019 (S) Syntax is incorrect.
"clos2g.f", line 91.9: 1515-019 (S) Syntax is incorrect.
"clos2g.f", line 92.25: 1515-019 (S) Syntax is incorrect.
"clos2g.f", line 93.25: 1515-022 (S) Syntax Error: Extra token " 9 " was found. The token is ignored.
"clos2g.f", line 93.42: 1515-019 (S) Syntax is incorrect.
"clos2g.f", line 94.10: 1515-019 (S) Syntax is incorrect.
"clos2g.f", line 95.25: 1515-019 (S) Syntax is incorrect.
"clos2g.f", line 96.19: 1515-019 (S) Syntax is incorrect.
"clos2g.f", line 97.25: 1515-019 (S) Syntax is incorrect.
"clos2g.f", line 98.19: 1515-019 (S) Syntax is incorrect.
"clos2g.f", line 99.25: 1515-019 (S) Syntax is incorrect.
"clos2g.f", line 100.9: 1515-019 (S) Syntax is incorrect.
"clos2g.f", line 101.25: 1515-019 (S) Syntax is incorrect.
"clos2g.f", line 102.25: 1515-019 (S) Syntax is incorrect.
"clos2g.f", line 103.25: 1515-019 (S) Syntax is incorrect.
"clos2g.f", line 104.9: 1515-019 (S) Syntax is incorrect.
"clos2g.f", line 105.25: 1515-019 (S) Syntax is incorrect.
"clos2g.f", line 106.25: 1515-019 (S) Syntax is incorrect.
"clos2g.f", line 107.35: 1515-019 (S) Syntax is incorrect.
"clos2g.f", line 108.25: 1515-019 (S) Syntax is incorrect.
"clos2g.f", line 109.18: 1515-019 (S) Syntax is incorrect.
"clos2g.f", line 110.25: 1515-019 (S) Syntax is incorrect.
"clos2g.f", line 111.18: 1515-019 (S) Syntax is incorrect.
"clos2g.f", line 112.31: 1515-019 (S) Syntax is incorrect.
"clos2g.f", line 113.21: 1515-019 (S) Syntax is incorrect.
"clos2g.f", line 114.25: 1515-019 (S) Syntax is incorrect.
"clos2g.f", line 115.17: 1515-019 (S) Syntax is incorrect.
"clos2g.f", line 116.25: 1515-019 (S) Syntax is incorrect.
"clos2g.f", line 117.17: 1515-019 (S) Syntax is incorrect.
"clos2g.f", line 118.25: 1515-019 (S) Syntax is incorrect.
"clos2g.f", line 119.16: 1515-019 (S) Syntax is incorrect.
"clos2g.f", line 120.25: 1515-019 (S) Syntax is incorrect.
"clos2g.f", line 121.16: 1515-019 (S) Syntax is incorrect.
"clos2g.f", line 122.25: 1515-019 (S) Syntax is incorrect.
"clos2g.f", line 123.17: 1515-019 (S) Syntax is incorrect.
"clos2g.f", line 124.38: 1515-019 (S) Syntax is incorrect.
"clos2g.f", line 125.19: 1515-019 (S) Syntax is incorrect.
"clos2g.f", line 126.27: 1515-019 (S) Syntax is incorrect.
"clos2g.f", line 127.0: 1515-010 (S) String is missing a closing delimiter.  Closing delimiter assumed at end of line.
"clos2g.f", line 127.25: 1515-019 (S) Syntax is incorrect.
"clos2g.f", line 128.25: 1515-019 (S) Syntax is incorrect.
"clos2g.f", line 129.32: 1515-019 (S) Syntax is incorrect.
"clos2g.f", line 130.16: 1515-019 (S) Syntax is incorrect.
"clos2g.f", line 131.25: 1515-019 (S) Syntax is incorrect.
"clos2g.f", line 132.21: 1515-019 (S) Syntax is incorrect.
"clos2g.f", line 133.25: 1515-019 (S) Syntax is incorrect.
"clos2g.f", line 134.33: 1515-019 (S) Syntax is incorrect.
"clos2g.f", line 135.19: 1515-019 (S) Syntax is incorrect.
"clos2g.f", line 136.19: 1515-019 (S) Syntax is incorrect.
"clos2g.f", line 137.16: 1515-019 (S) Syntax is incorrect.
"clos2g.f", line 137.46: 1515-018 (S) Incorrect character found in source at line 137 in column 46.  Hexadecimal value of character is 23.
"clos2g.f", line 137.47: 1515-018 (S) Incorrect character found in source at line 137 in column 47.  Hexadecimal value of character is 23.
"clos2g.f", line 137.48: 1515-018 (S) Incorrect character found in source at line 137 in column 48.  Hexadecimal value of character is 23.
"clos2g.f", line 137.49: 1515-018 (S) Incorrect character found in source at line 137 in column 49.  Hexadecimal value of character is 23.
"clos2g.f", line 138.25: 1515-019 (S) Syntax is incorrect.
"clos2g.f", line 139.10: 1515-019 (S) Syntax is incorrect.
"clos2g.f", line 140.1: 1515-019 (S) Syntax is incorrect.
"clos2g.f", line 141.10: 1515-019 (S) Syntax is incorrect.
"clos2g.f", line 142.14: 1515-019 (S) Syntax is incorrect.
"clos2g.f", line 143.1: 1515-019 (S) Syntax is incorrect.
"clos2g.f", line 144.6: 1514-050 (S) Specification statement is out of order.  Statement is ignored.
"clos2g.f", line 145.1: 1515-019 (S) Syntax is incorrect.
"clos2g.f", line 146.6: 1514-050 (S) Specification statement is out of order.  Statement is ignored.
"clos2g.f", line 147.69: 1514-050 (S) Specification statement is out of order.  Statement is ignored.
"clos2g.f", line 147.69: 1515-019 (S) Syntax is incorrect.
"clos2g.f", line 148.5: 1516-034 (E) Statement label is previously defined in this scope.  Label is ignored.
"clos2g.f", line 148.29: 1515-019 (S) Syntax is incorrect.
"clos2g.f", line 149.67: 1514-050 (S) Specification statement is out of order.  Statement is ignored.
"clos2g.f", line 149.67: 1515-019 (S) Syntax is incorrect.
"clos2g.f", line 150.5: 1516-034 (E) Statement label is previously defined in this scope.  Label is ignored.
"clos2g.f", line 150.28: 1515-019 (S) Syntax is incorrect.
"clos2g.f", line 151.6: 1514-050 (S) Specification statement is out of order.  Statement is ignored.
"clos2g.f", line 152.6: 1514-050 (S) Specification statement is out of order.  Statement is ignored.
"clos2g.f", line 153.1: 1515-019 (S) Syntax is incorrect.
"clos2g.f", line 154.7: 1515-019 (S) Syntax is incorrect.
"clos2g.f", line 155.1: 1515-019 (S) Syntax is incorrect.
"clos2g.f", line 158.1: 1515-019 (S) Syntax is incorrect.
"clos2g.f", line 159.10: 1515-019 (S) Syntax is incorrect.
"clos2g.f", line 160.10: 1515-019 (S) Syntax is incorrect.
"clos2g.f", line 161.10: 1515-019 (S) Syntax is incorrect.
"clos2g.f", line 162.1: 1515-019 (S) Syntax is incorrect.
"clos2g.f", line 163.7: 1515-019 (S) Syntax is incorrect.
"clos2g.f", line 164.6: 1515-019 (S) Syntax is incorrect.
"clos2g.f", line 165.7: 1515-019 (S) Syntax is incorrect.
"clos2g.f", line 166.6: 1515-019 (S) Syntax is incorrect.
"clos2g.f", line 167.1: 1515-019 (S) Syntax is incorrect.
"clos2g.f", line 169.10: 1515-019 (S) Syntax is incorrect.
"clos2g.f", line 171.10: 1515-019 (S) Syntax is incorrect.
"clos2g.f", line 172.1: 1515-019 (S) Syntax is incorrect.
"clos2g.f", line 173.38: 1515-019 (S) Syntax is incorrect.
"clos2g.f", line 174.5: 1516-034 (E) Statement label is previously defined in this scope.  Label is ignored.
"clos2g.f", line 174.23: 1515-019 (S) Syntax is incorrect.
"clos2g.f", line 175.5: 1516-034 (E) Statement label is previously defined in this scope.  Label is ignored.
"clos2g.f", line 175.23: 1515-019 (S) Syntax is incorrect.
"clos2g.f", line 176.5: 1516-034 (E) Statement label is previously defined in this scope.  Label is ignored.
"clos2g.f", line 176.23: 1515-019 (S) Syntax is incorrect.
"clos2g.f", line 177.5: 1516-034 (E) Statement label is previously defined in this scope.  Label is ignored.
"clos2g.f", line 177.23: 1515-019 (S) Syntax is incorrect.
"clos2g.f", line 178.10: 1515-019 (S) Syntax is incorrect.
"clos2g.f", line 181.1: 1515-019 (S) Syntax is incorrect.
"clos2g.f", line 182.10: 1515-019 (S) Syntax is incorrect.
"clos2g.f", line 183.10: 1515-019 (S) Syntax is incorrect.
"clos2g.f", line 185.6: 1515-019 (S) Syntax is incorrect.
"clos2g.f", line 186.10: 1515-019 (S) Syntax is incorrect.
"clos2g.f", line 187.10: 1515-019 (S) Syntax is incorrect.
"clos2g.f", line 188.1: 1515-019 (S) Syntax is incorrect.
"clos2g.f", line 189.10: 1515-019 (S) Syntax is incorrect.
"clos2g.f", line 190.1: 1515-019 (S) Syntax is incorrect.
"clos2g.f", line 192.10: 1515-019 (S) Syntax is incorrect.
"clos2g.f", line 194.10: 1515-019 (S) Syntax is incorrect.
"clos2g.f", line 195.10: 1515-019 (S) Syntax is incorrect.
"clos2g.f", line 196.10: 1515-019 (S) Syntax is incorrect.
"clos2g.f", line 198.10: 1515-019 (S) Syntax is incorrect.
"clos2g.f", line 199.1: 1515-019 (S) Syntax is incorrect.
"clos2g.f", line 202.47: 1512-036 (W) Unexpected end of format specification in component number 0 of FORMAT statement.  Missing right parenthesis is assumed.
"clos2g.f", line 203.5: 1516-034 (E) Statement label is previously defined in this scope.  Label is ignored.
"clos2g.f", line 203.18: 1515-019 (S) Syntax is incorrect.
"clos2g.f", line 204.5: 1516-034 (E) Statement label is previously defined in this scope.  Label is ignored.
"clos2g.f", line 204.18: 1515-019 (S) Syntax is incorrect.
"clos2g.f", line 209.1: 1515-019 (S) Syntax is incorrect.
"clos2g.f", line 212.1: 1515-019 (S) Syntax is incorrect.
"clos2g.f", line 214.10: 1515-019 (S) Syntax is incorrect.
"clos2g.f", line 217.1: 1515-019 (S) Syntax is incorrect.
"clos2g.f", line 219.1: 1515-019 (S) Syntax is incorrect.
"clos2g.f", line 220.13: 1515-019 (S) Syntax is incorrect.
"clos2g.f", line 221.1: 1515-019 (S) Syntax is incorrect.
"clos2g.f", line 224.13: 1515-019 (S) Syntax is incorrect.
"clos2g.f", line 225.13: 1515-019 (S) Syntax is incorrect.
"clos2g.f", line 228.13: 1515-019 (S) Syntax is incorrect.
"clos2g.f", line 229.13: 1515-019 (S) Syntax is incorrect.
"clos2g.f", line 230.13: 1515-019 (S) Syntax is incorrect.
"clos2g.f", line 231.13: 1515-019 (S) Syntax is incorrect.
"clos2g.f", line 233.13: 1515-019 (S) Syntax is incorrect.
"clos2g.f", line 234.13: 1515-019 (S) Syntax is incorrect.
"clos2g.f", line 235.13: 1515-019 (S) Syntax is incorrect.
"clos2g.f", line 237.1: 1515-019 (S) Syntax is incorrect.
"clos2g.f", line 244.1: 1515-019 (S) Syntax is incorrect.
"clos2g.f", line 250.1: 1515-019 (S) Syntax is incorrect.
"clos2g.f", line 252.13: 1515-019 (S) Syntax is incorrect.
"clos2g.f", line 253.13: 1515-019 (S) Syntax is incorrect.
"clos2g.f", line 254.1: 1515-019 (S) Syntax is incorrect.
"clos2g.f", line 255.10: 1515-019 (S) Syntax is incorrect.
"clos2g.f", line 256.13: 1515-019 (S) Syntax is incorrect.
"clos2g.f", line 257.6: 1515-019 (S) Syntax is incorrect.
"clos2g.f", line 258.13: 1515-019 (S) Syntax is incorrect.
"clos2g.f", line 259.6: 1515-019 (S) Syntax is incorrect.
"clos2g.f", line 260.10: 1515-019 (S) Syntax is incorrect.
"clos2g.f", line 261.1: 1515-019 (S) Syntax is incorrect.
"clos2g.f", line 263.1: 1515-019 (S) Syntax is incorrect.
"clos2g.f", line 269.16: 1515-019 (S) Syntax is incorrect.
"clos2g.f", line 272.63: 1512-036 (W) Unexpected end of format specification in component number 0 of FORMAT statement.  Missing right parenthesis is assumed.
"clos2g.f", line 273.5: 1516-034 (E) Statement label is previously defined in this scope.  Label is ignored.
"clos2g.f", line 273.22: 1515-019 (S) Syntax is incorrect.
"clos2g.f", line 274.5: 1516-034 (E) Statement label is previously defined in this scope.  Label is ignored.
"clos2g.f", line 274.22: 1515-019 (S) Syntax is incorrect.
"clos2g.f", line 275.5: 1516-034 (E) Statement label is previously defined in this scope.  Label is ignored.
"clos2g.f", line 275.22: 1515-019 (S) Syntax is incorrect.
"clos2g.f", line 276.5: 1516-034 (E) Statement label is previously defined in this scope.  Label is ignored.
"clos2g.f", line 276.22: 1515-019 (S) Syntax is incorrect.
"clos2g.f", line 277.5: 1516-034 (E) Statement label is previously defined in this scope.  Label is ignored.
"clos2g.f", line 277.23: 1515-019 (S) Syntax is incorrect.
"clos2g.f", line 281.1: 1515-019 (S) Syntax is incorrect.
"clos2g.f", line 283.19: 1515-019 (S) Syntax is incorrect.
"clos2g.f", line 285.1: 1515-019 (S) Syntax is incorrect.
"clos2g.f", line 288.70: 1512-036 (W) Unexpected end of format specification in component number 0 of FORMAT statement.  Missing right parenthesis is assumed.
"clos2g.f", line 289.5: 1516-034 (E) Statement label is previously defined in this scope.  Label is ignored.
"clos2g.f", line 289.28: 1515-019 (S) Syntax is incorrect.
"clos2g.f", line 290.5: 1516-034 (E) Statement label is previously defined in this scope.  Label is ignored.
"clos2g.f", line 290.28: 1515-019 (S) Syntax is incorrect.
"clos2g.f", line 291.5: 1516-034 (E) Statement label is previously defined in this scope.  Label is ignored.
"clos2g.f", line 291.28: 1515-019 (S) Syntax is incorrect.
"clos2g.f", line 292.5: 1516-034 (E) Statement label is previously defined in this scope.  Label is ignored.
"clos2g.f", line 292.28: 1515-019 (S) Syntax is incorrect.
"clos2g.f", line 293.5: 1516-034 (E) Statement label is previously defined in this scope.  Label is ignored.
"clos2g.f", line 293.28: 1515-019 (S) Syntax is incorrect.
"clos2g.f", line 295.6: 1515-019 (S) Syntax is incorrect.
"clos2g.f", line 298.69: 1512-036 (W) Unexpected end of format specification in component number 0 of FORMAT statement.  Missing right parenthesis is assumed.
"clos2g.f", line 299.5: 1516-034 (E) Statement label is previously defined in this scope.  Label is ignored.
"clos2g.f", line 299.26: 1515-019 (S) Syntax is incorrect.
"clos2g.f", line 301.16: 1515-019 (S) Syntax is incorrect.
"clos2g.f", line 307.1: 1515-019 (S) Syntax is incorrect.
"clos2g.f", line 309.1: 1515-019 (S) Syntax is incorrect.
"clos2g.f", line 311.1: 1515-019 (S) Syntax is incorrect.
"clos2g.f", line 312.2: 1515-019 (S) Syntax is incorrect.
"clos2g.f", line 313.7: 1515-025 (S) Only a name of a variable, array element, or character substring is permitted on the left hand side of an assignment statement.
"clos2g.f", line 314.7: 1515-025 (S) Only a name of a variable, array element, or character substring is permitted on the left hand side of an assignment statement.
"clos2g.f", line 315.7: 1515-025 (S) Only a name of a variable, array element, or character substring is permitted on the left hand side of an assignment statement.
"clos2g.f", line 317.2: 1515-019 (S) Syntax is incorrect.
"clos2g.f", line 318.1: 1515-019 (S) Syntax is incorrect.
"clos2g.f", line 319.13: 1515-019 (S) Syntax is incorrect.
"clos2g.f", line 320.1: 1515-019 (S) Syntax is incorrect.
"clos2g.f", line 321.13: 1515-019 (S) Syntax is incorrect.
"clos2g.f", line 322.13: 1515-019 (S) Syntax is incorrect.
"clos2g.f", line 323.1: 1515-019 (S) Syntax is incorrect.
"clos2g.f", line 325.16: 1515-019 (S) Syntax is incorrect.
"clos2g.f", line 327.10: 1515-019 (S) Syntax is incorrect.
"clos2g.f", line 328.16: 1515-019 (S) Syntax is incorrect.
"clos2g.f", line 331.1: 1515-019 (S) Syntax is incorrect.
"clos2g.f", line 333.1: 1515-019 (S) Syntax is incorrect.
"clos2g.f", line 336.13: 1515-019 (S) Syntax is incorrect.
"clos2g.f", line 337.13: 1515-019 (S) Syntax is incorrect.
"clos2g.f", line 340.13: 1515-019 (S) Syntax is incorrect.
"clos2g.f", line 341.13: 1515-019 (S) Syntax is incorrect.
"clos2g.f", line 342.13: 1515-019 (S) Syntax is incorrect.
"clos2g.f", line 343.13: 1515-019 (S) Syntax is incorrect.
"clos2g.f", line 346.1: 1515-019 (S) Syntax is incorrect.
"clos2g.f", line 353.1: 1515-019 (S) Syntax is incorrect.
"clos2g.f", line 359.1: 1515-019 (S) Syntax is incorrect.
"clos2g.f", line 361.1: 1515-019 (S) Syntax is incorrect.
"clos2g.f", line 367.16: 1515-019 (S) Syntax is incorrect.
"clos2g.f", line 370.64: 1512-036 (W) Unexpected end of format specification in component number 0 of FORMAT statement.  Missing right parenthesis is assumed.
"clos2g.f", line 371.5: 1516-034 (E) Statement label is previously defined in this scope.  Label is ignored.
"clos2g.f", line 371.22: 1515-019 (S) Syntax is incorrect.
"clos2g.f", line 372.5: 1516-034 (E) Statement label is previously defined in this scope.  Label is ignored.
"clos2g.f", line 372.22: 1515-019 (S) Syntax is incorrect.
"clos2g.f", line 373.5: 1516-034 (E) Statement label is previously defined in this scope.  Label is ignored.
"clos2g.f", line 373.22: 1515-019 (S) Syntax is incorrect.
"clos2g.f", line 374.5: 1516-034 (E) Statement label is previously defined in this scope.  Label is ignored.
"clos2g.f", line 374.22: 1515-019 (S) Syntax is incorrect.
"clos2g.f", line 375.5: 1516-034 (E) Statement label is previously defined in this scope.  Label is ignored.
"clos2g.f", line 375.23: 1515-019 (S) Syntax is incorrect.
"clos2g.f", line 379.1: 1515-019 (S) Syntax is incorrect.
"clos2g.f", line 381.19: 1515-019 (S) Syntax is incorrect.
"clos2g.f", line 384.71: 1512-036 (W) Unexpected end of format specification in component number 0 of FORMAT statement.  Missing right parenthesis is assumed.
"clos2g.f", line 385.5: 1516-034 (E) Statement label is previously defined in this scope.  Label is ignored.
"clos2g.f", line 385.25: 1515-019 (S) Syntax is incorrect.
"clos2g.f", line 386.5: 1516-034 (E) Statement label is previously defined in this scope.  Label is ignored.
"clos2g.f", line 386.25: 1515-019 (S) Syntax is incorrect.
"clos2g.f", line 387.5: 1516-034 (E) Statement label is previously defined in this scope.  Label is ignored.
"clos2g.f", line 387.25: 1515-019 (S) Syntax is incorrect.
"clos2g.f", line 388.5: 1516-034 (E) Statement label is previously defined in this scope.  Label is ignored.
"clos2g.f", line 388.25: 1515-019 (S) Syntax is incorrect.
"clos2g.f", line 389.5: 1516-034 (E) Statement label is previously defined in this scope.  Label is ignored.
"clos2g.f", line 389.25: 1515-019 (S) Syntax is incorrect.
"clos2g.f", line 394.1: 1515-019 (S) Syntax is incorrect.
"clos2g.f", line 396.1: 1515-019 (S) Syntax is incorrect.
"clos2g.f", line 398.1: 1515-019 (S) Syntax is incorrect.
"clos2g.f", line 399.10: 1515-019 (S) Syntax is incorrect.
"clos2g.f", line 400.10: 1515-019 (S) Syntax is incorrect.
"clos2g.f", line 401.10: 1515-019 (S) Syntax is incorrect.
"clos2g.f", line 402.10: 1515-019 (S) Syntax is incorrect.
"clos2g.f", line 403.10: 1515-019 (S) Syntax is incorrect.
"clos2g.f", line 404.10: 1515-019 (S) Syntax is incorrect.
"clos2g.f", line 405.10: 1515-019 (S) Syntax is incorrect.
"clos2g.f", line 406.10: 1515-019 (S) Syntax is incorrect.
"clos2g.f", line 407.10: 1515-019 (S) Syntax is incorrect.
"clos2g.f", line 408.10: 1515-019 (S) Syntax is incorrect.
"clos2g.f", line 409.10: 1515-019 (S) Syntax is incorrect.
"clos2g.f", line 410.1: 1515-019 (S) Syntax is incorrect.
"clos2g.f", line 411.7: 1515-025 (S) Only a name of a variable, array element, or character substring is permitted on the left hand side of an assignment statement.
"clos2g.f", line 412.7: 1515-025 (S) Only a name of a variable, array element, or character substring is permitted on the left hand side of an assignment statement.
"clos2g.f", line 413.7: 1515-025 (S) Only a name of a variable, array element, or character substring is permitted on the left hand side of an assignment statement.
"clos2g.f", line 414.1: 1515-019 (S) Syntax is incorrect.
"clos2g.f", line 417.1: 1515-019 (S) Syntax is incorrect.
"clos2g.f", line 418.10: 1515-019 (S) Syntax is incorrect.
"clos2g.f", line 419.1: 1515-019 (S) Syntax is incorrect.
"clos2g.f", line 421.10: 1515-019 (S) Syntax is incorrect.
"clos2g.f", line 423.10: 1515-019 (S) Syntax is incorrect.
"clos2g.f", line 425.10: 1515-019 (S) Syntax is incorrect.
"clos2g.f", line 426.1: 1515-019 (S) Syntax is incorrect.
"clos2g.f", line 427.10: 1515-019 (S) Syntax is incorrect.
"clos2g.f", line 428.10: 1515-019 (S) Syntax is incorrect.
"clos2g.f", line 429.1: 1515-019 (S) Syntax is incorrect.
"clos2g.f", line 431.13: 1515-019 (S) Syntax is incorrect.
"clos2g.f", line 432.1: 1515-019 (S) Syntax is incorrect.
"clos2g.f", line 438.1: 1515-019 (S) Syntax is incorrect.
"clos2g.f", line 442.13: 1515-019 (S) Syntax is incorrect.
"clos2g.f", line 443.1: 1515-019 (S) Syntax is incorrect.
"clos2g.f", line 444.47: 1515-019 (S) Syntax is incorrect.
"clos2g.f", line 445.5: 1516-034 (E) Statement label is previously defined in this scope.  Label is ignored.
"clos2g.f", line 445.14: 1515-019 (S) Syntax is incorrect.
"clos2g.f", line 446.16: 1515-019 (S) Syntax is incorrect.
"clos2g.f", line 447.16: 1515-019 (S) Syntax is incorrect.
"clos2g.f", line 448.13: 1515-025 (S) Only a name of a variable, array element, or character substring is permitted on the left hand side of an assignment statement.
"clos2g.f", line 449.1: 1515-019 (S) Syntax is incorrect.
"clos2g.f", line 450.13: 1515-019 (S) Syntax is incorrect.
"clos2g.f", line 451.16: 1515-019 (S) Syntax is incorrect.
"clos2g.f", line 452.6: 1515-019 (S) Syntax is incorrect.
"clos2g.f", line 453.16: 1515-019 (S) Syntax is incorrect.
"clos2g.f", line 454.6: 1515-019 (S) Syntax is incorrect.
"clos2g.f", line 455.6: 1515-019 (S) Syntax is incorrect.
"clos2g.f", line 456.13: 1515-019 (S) Syntax is incorrect.
"clos2g.f", line 457.1: 1515-019 (S) Syntax is incorrect.
"clos2g.f", line 458.9: 1511-005 (S) DO or DO WHILE loop nesting incorrect.  All inner DO or DO WHILE loops are assumed to end at this statement.
"clos2g.f", line 458.9: 1511-006 (S) Incorrect nesting of DO-loop within IF.
"clos2g.f", line 459.1: 1515-019 (S) Syntax is incorrect.
"clos2g.f", line 462.2: 1515-019 (S) Syntax is incorrect.
"clos2g.f", line 463.10: 1515-019 (S) Syntax is incorrect.
"clos2g.f", line 464.10: 1515-019 (S) Syntax is incorrect.
"clos2g.f", line 465.6: 1515-019 (S) Syntax is incorrect.
"clos2g.f", line 466.6: 1511-017 (S) ENDIF statement appears outside of IF block.
"clos2g.f", line 467.1: 1515-019 (S) Syntax is incorrect.
"clos2g.f", line 468.10: 1515-019 (S) Syntax is incorrect.
"clos2g.f", line 469.1: 1515-019 (S) Syntax is incorrect.
"clos2g.f", line 471.13: 1515-019 (S) Syntax is incorrect.
"clos2g.f", line 472.1: 1515-019 (S) Syntax is incorrect.
"clos2g.f", line 478.1: 1515-019 (S) Syntax is incorrect.
"clos2g.f", line 482.13: 1515-019 (S) Syntax is incorrect.
"clos2g.f", line 483.1: 1515-019 (S) Syntax is incorrect.
"clos2g.f", line 484.47: 1515-019 (S) Syntax is incorrect.
"clos2g.f", line 485.5: 1516-034 (E) Statement label is previously defined in this scope.  Label is ignored.
"clos2g.f", line 485.14: 1515-019 (S) Syntax is incorrect.
"clos2g.f", line 486.16: 1515-019 (S) Syntax is incorrect.
"clos2g.f", line 487.16: 1515-019 (S) Syntax is incorrect.
"clos2g.f", line 488.13: 1515-025 (S) Only a name of a variable, array element, or character substring is permitted on the left hand side of an assignment statement.
"clos2g.f", line 489.1: 1515-019 (S) Syntax is incorrect.
"clos2g.f", line 490.13: 1515-019 (S) Syntax is incorrect.
"clos2g.f", line 491.16: 1515-019 (S) Syntax is incorrect.
"clos2g.f", line 492.6: 1515-019 (S) Syntax is incorrect.
"clos2g.f", line 493.16: 1515-019 (S) Syntax is incorrect.
"clos2g.f", line 494.6: 1515-019 (S) Syntax is incorrect.
"clos2g.f", line 495.6: 1515-019 (S) Syntax is incorrect.
"clos2g.f", line 496.13: 1515-019 (S) Syntax is incorrect.
"clos2g.f", line 497.1: 1515-019 (S) Syntax is incorrect.
"clos2g.f", line 498.9: 1511-005 (S) DO or DO WHILE loop nesting incorrect.  All inner DO or DO WHILE loops are assumed to end at this statement.
"clos2g.f", line 498.9: 1511-006 (S) Incorrect nesting of DO-loop within IF.
"clos2g.f", line 499.1: 1515-019 (S) Syntax is incorrect.
"clos2g.f", line 502.2: 1515-019 (S) Syntax is incorrect.
"clos2g.f", line 503.10: 1515-019 (S) Syntax is incorrect.
"clos2g.f", line 504.10: 1515-019 (S) Syntax is incorrect.
"clos2g.f", line 505.6: 1515-019 (S) Syntax is incorrect.
"clos2g.f", line 506.2: 1515-019 (S) Syntax is incorrect.
"clos2g.f", line 507.6: 1511-017 (S) ENDIF statement appears outside of IF block.
"clos2g.f", line 508.1: 1515-019 (S) Syntax is incorrect.
"clos2g.f", line 509.10: 1515-019 (S) Syntax is incorrect.
"clos2g.f", line 510.1: 1515-019 (S) Syntax is incorrect.
"clos2g.f", line 512.13: 1515-019 (S) Syntax is incorrect.
"clos2g.f", line 513.13: 1515-019 (S) Syntax is incorrect.
"clos2g.f", line 514.1: 1515-019 (S) Syntax is incorrect.
"clos2g.f", line 520.1: 1515-019 (S) Syntax is incorrect.
"clos2g.f", line 524.13: 1515-019 (S) Syntax is incorrect.
"clos2g.f", line 525.1: 1515-019 (S) Syntax is incorrect.
"clos2g.f", line 526.47: 1515-019 (S) Syntax is incorrect.
"clos2g.f", line 527.5: 1516-034 (E) Statement label is previously defined in this scope.  Label is ignored.
"clos2g.f", line 527.14: 1515-019 (S) Syntax is incorrect.
"clos2g.f", line 528.16: 1515-019 (S) Syntax is incorrect.
"clos2g.f", line 529.16: 1515-019 (S) Syntax is incorrect.
"clos2g.f", line 530.38: 1515-019 (S) Syntax is incorrect.
"clos2g.f", line 531.5: 1516-034 (E) Statement label is previously defined in this scope.  Label is ignored.
"clos2g.f", line 531.55: 1515-019 (S) Syntax is incorrect.
"clos2g.f", line 532.1: 1515-019 (S) Syntax is incorrect.
"clos2g.f", line 533.13: 1515-019 (S) Syntax is incorrect.
"clos2g.f", line 534.16: 1515-019 (S) Syntax is incorrect.
"clos2g.f", line 535.6: 1515-019 (S) Syntax is incorrect.
"clos2g.f", line 536.6: 1515-019 (S) Syntax is incorrect.
"clos2g.f", line 537.16: 1515-019 (S) Syntax is incorrect.
"clos2g.f", line 538.6: 1515-019 (S) Syntax is incorrect.
"clos2g.f", line 539.6: 1515-019 (S) Syntax is incorrect.
"clos2g.f", line 540.13: 1515-019 (S) Syntax is incorrect.
"clos2g.f", line 541.1: 1515-019 (S) Syntax is incorrect.
"clos2g.f", line 542.9: 1511-006 (S) Incorrect nesting of DO-loop within IF.
"clos2g.f", line 542.9: 1511-005 (S) DO or DO WHILE loop nesting incorrect.  All inner DO or DO WHILE loops are assumed to end at this statement.
"clos2g.f", line 543.1: 1515-019 (S) Syntax is incorrect.
"clos2g.f", line 546.2: 1515-019 (S) Syntax is incorrect.
"clos2g.f", line 547.10: 1515-019 (S) Syntax is incorrect.
"clos2g.f", line 548.10: 1515-019 (S) Syntax is incorrect.
"clos2g.f", line 549.6: 1515-019 (S) Syntax is incorrect.
"clos2g.f", line 550.2: 1515-019 (S) Syntax is incorrect.
"clos2g.f", line 551.6: 1511-017 (S) ENDIF statement appears outside of IF block.
"clos2g.f", line 552.1: 1515-019 (S) Syntax is incorrect.
"clos2g.f", line 553.10: 1515-019 (S) Syntax is incorrect.
"clos2g.f", line 554.1: 1515-019 (S) Syntax is incorrect.
"clos2g.f", line 556.13: 1515-019 (S) Syntax is incorrect.
"clos2g.f", line 557.13: 1515-019 (S) Syntax is incorrect.
"clos2g.f", line 558.13: 1515-019 (S) Syntax is incorrect.
"clos2g.f", line 559.1: 1515-019 (S) Syntax is incorrect.
"clos2g.f", line 565.1: 1515-019 (S) Syntax is incorrect.
"clos2g.f", line 569.13: 1515-019 (S) Syntax is incorrect.
"clos2g.f", line 570.1: 1515-019 (S) Syntax is incorrect.
"clos2g.f", line 571.47: 1515-019 (S) Syntax is incorrect.
"clos2g.f", line 572.5: 1516-034 (E) Statement label is previously defined in this scope.  Label is ignored.
"clos2g.f", line 572.14: 1515-019 (S) Syntax is incorrect.
"clos2g.f", line 573.16: 1515-019 (S) Syntax is incorrect.
"clos2g.f", line 574.16: 1515-019 (S) Syntax is incorrect.
"clos2g.f", line 575.52: 1515-019 (S) Syntax is incorrect.
"clos2g.f", line 576.5: 1516-034 (E) Statement label is previously defined in this scope.  Label is ignored.
"clos2g.f", line 576.56: 1515-019 (S) Syntax is incorrect.
"clos2g.f", line 577.1: 1515-019 (S) Syntax is incorrect.
"clos2g.f", line 578.13: 1515-019 (S) Syntax is incorrect.
"clos2g.f", line 579.16: 1515-019 (S) Syntax is incorrect.
"clos2g.f", line 580.6: 1515-019 (S) Syntax is incorrect.
"clos2g.f", line 581.6: 1515-019 (S) Syntax is incorrect.
"clos2g.f", line 582.16: 1515-019 (S) Syntax is incorrect.
"clos2g.f", line 583.6: 1515-019 (S) Syntax is incorrect.
"clos2g.f", line 584.6: 1515-019 (S) Syntax is incorrect.
"clos2g.f", line 585.6: 1515-019 (S) Syntax is incorrect.
"clos2g.f", line 586.13: 1515-019 (S) Syntax is incorrect.
"clos2g.f", line 587.1: 1515-019 (S) Syntax is incorrect.
"clos2g.f", line 588.9: 1511-005 (S) DO or DO WHILE loop nesting incorrect.  All inner DO or DO WHILE loops are assumed to end at this statement.
"clos2g.f", line 588.9: 1511-006 (S) Incorrect nesting of DO-loop within IF.
"clos2g.f", line 589.1: 1515-019 (S) Syntax is incorrect.
"clos2g.f", line 592.2: 1515-019 (S) Syntax is incorrect.
"clos2g.f", line 593.10: 1515-019 (S) Syntax is incorrect.
"clos2g.f", line 594.10: 1515-019 (S) Syntax is incorrect.
"clos2g.f", line 595.6: 1515-019 (S) Syntax is incorrect.
"clos2g.f", line 596.2: 1515-019 (S) Syntax is incorrect.
"clos2g.f", line 597.6: 1511-017 (S) ENDIF statement appears outside of IF block.
"clos2g.f", line 598.1: 1515-019 (S) Syntax is incorrect.
"clos2g.f", line 599.10: 1515-019 (S) Syntax is incorrect.
"clos2g.f", line 600.1: 1515-019 (S) Syntax is incorrect.
"clos2g.f", line 602.13: 1515-019 (S) Syntax is incorrect.
"clos2g.f", line 603.13: 1515-019 (S) Syntax is incorrect.
"clos2g.f", line 604.13: 1515-019 (S) Syntax is incorrect.
"clos2g.f", line 605.1: 1515-019 (S) Syntax is incorrect.
"clos2g.f", line 611.1: 1515-019 (S) Syntax is incorrect.
"clos2g.f", line 615.13: 1515-019 (S) Syntax is incorrect.
"clos2g.f", line 616.1: 1515-019 (S) Syntax is incorrect.
"clos2g.f", line 617.47: 1515-019 (S) Syntax is incorrect.
"clos2g.f", line 618.5: 1516-034 (E) Statement label is previously defined in this scope.  Label is ignored.
"clos2g.f", line 618.14: 1515-019 (S) Syntax is incorrect.
"clos2g.f", line 619.16: 1515-019 (S) Syntax is incorrect.
"clos2g.f", line 620.16: 1515-019 (S) Syntax is incorrect.
"clos2g.f", line 621.51: 1515-019 (S) Syntax is incorrect.
"clos2g.f", line 622.5: 1516-034 (E) Statement label is previously defined in this scope.  Label is ignored.
"clos2g.f", line 622.36: 1515-019 (S) Syntax is incorrect.
"clos2g.f", line 623.13: 1515-025 (S) Only a name of a variable, array element, or character substring is permitted on the left hand side of an assignment statement.
"clos2g.f", line 624.1: 1515-019 (S) Syntax is incorrect.
"clos2g.f", line 625.13: 1515-019 (S) Syntax is incorrect.
"clos2g.f", line 626.16: 1515-019 (S) Syntax is incorrect.
"clos2g.f", line 627.6: 1515-019 (S) Syntax is incorrect.
"clos2g.f", line 628.6: 1515-019 (S) Syntax is incorrect.
"clos2g.f", line 629.6: 1515-019 (S) Syntax is incorrect.
"clos2g.f", line 630.6: 1515-019 (S) Syntax is incorrect.
"clos2g.f", line 631.16: 1515-019 (S) Syntax is incorrect.
"clos2g.f", line 632.6: 1515-019 (S) Syntax is incorrect.
"clos2g.f", line 633.6: 1515-019 (S) Syntax is incorrect.
"clos2g.f", line 634.6: 1515-019 (S) Syntax is incorrect.
"clos2g.f", line 635.6: 1515-019 (S) Syntax is incorrect.
"clos2g.f", line 636.6: 1515-019 (S) Syntax is incorrect.
"clos2g.f", line 637.13: 1515-019 (S) Syntax is incorrect.
"clos2g.f", line 638.1: 1515-019 (S) Syntax is incorrect.
"clos2g.f", line 639.9: 1511-006 (S) Incorrect nesting of DO-loop within IF.
"clos2g.f", line 639.9: 1511-005 (S) DO or DO WHILE loop nesting incorrect.  All inner DO or DO WHILE loops are assumed to end at this statement.
"clos2g.f", line 640.1: 1515-019 (S) Syntax is incorrect.
"clos2g.f", line 643.2: 1515-019 (S) Syntax is incorrect.
"clos2g.f", line 644.10: 1515-019 (S) Syntax is incorrect.
"clos2g.f", line 645.10: 1515-019 (S) Syntax is incorrect.
"clos2g.f", line 646.6: 1515-019 (S) Syntax is incorrect.
"clos2g.f", line 647.2: 1515-019 (S) Syntax is incorrect.
"clos2g.f", line 648.6: 1511-017 (S) ENDIF statement appears outside of IF block.
"clos2g.f", line 649.1: 1515-019 (S) Syntax is incorrect.
"clos2g.f", line 652.1: 1515-019 (S) Syntax is incorrect.
"clos2g.f", line 653.7: 1515-019 (S) Syntax is incorrect.
** 1main   === End of Compilation 1 ===
1501-511  Compilation failed for file clos2g.f.
make: 1254-004 The error code from the last command is 1.


Stop.
