51001   
51002   
51003   
51004   
510305  
510746  
511004  
511125  
511303  
511339  
511492  
511918  
511919  
512558  
512572  
512679  
512751  
512896  
513099  
513117  
513208  
513510  
513734  
513911  
513977  
514400  
514459  
514500  
514561  
515000  
515004  
515102  
515177  
515260  
515286  
515580  
515710  
515758  
515842  
515864  
516128  
516198  
516534  
516588  
517000  
517166  
518165  
518422  
518500  
518549  
518600  
518652  
518838  
519397  
519523  
519603  
519629  
80D001  
80D002  
80D003  
80D004  
80D005  
80D006  
80D007  
80D008  
80D009  
80D010  
80D011  
80D012  
80D013  
80D014  
80D015  
80D016  
80D017  
80D018  
80D019  
80D020  
80D021  
80D022  
80D023  
80D024  
80D025  
80D026  
80D027  
80D028  
80D029  
80D030  
80D031  
80D032  
80D033  
80D034  
80D035  
80D036  
80D037  
80D038  
80D039  
80D040  
80D041  
80D042  
80D043  
80D044  
80D045  
80D046  
80D047  
80D048  
80D049  
80D050  
80D051  
80D052  
80D053  
80D054  
80D055  
80D056  
80D057  
80D058  
80D059  
80D060  
80D061  
80D062  
80D063  
80D064  
80D065  
80D066  
80D067  
80D068  
80D069  
80D070  
80D071  
80D072  
80D073  
80D074  
80D075  
80D076  
80D077  
80D078  
80D079  
80D080  
80D081  
80D082  
80D083  
81D001  
81D002  
81D003  
81D004  
81D005  
81D006  
81D007  
81D008  
81D009  
81D010  
81D011  
81D012  
81D013  
81D014  
81D015  
81D016  
81D017  
81D018  
81D019  
81D020  
81D021  
81D022  
81D023  
81D024  
81D025  
81D026  
81D027  
81D028  
81D029  
81D030  
81D031  
81D032  
81D033  
81D034  
81D035  
81D036  
81D037  
81D038  
81D039  
81D040  
81D041  
81D042  
81D043  
81D044  
81D045  
81D046  
81D047  
81D048  
81D049  
81D050  
81D051  
81D052  
81D053  
81D054  
81D055  
81D056  
81D057  
81D058  
81D059  
81D060  
81D061  
82D001  
82D002  
82D003  
82D004  
82D005  
82D006  
82D007  
82D008  
82D009  
82D010  
82D011  
82D012  
82D013  
82D014  
82D015  
82D016  
82D017  
82D018  
82D019  
82D020  
82D021  
82D022  
82D023  
82D024  
82D025  
82D026  
82D027  
82D028  
82D029  
82D030  
82D031  
82D032  
82D033  
82D034  
83D001  
83D002  
83D003  
83D004  
83D005  
83D006  
83D007  
83D008  
83D009  
83D010  
83D011  
83D012  
83D013  
83D014  
83D015  
83D016  
83D017  
83D018  
83D019  
83D020  
83D021  
83D022  
83D023  
83D024  
83D025  
83D026  
83D027  
83D028  
83D029  
83D030  
83D031  
83D032  
84D001  
84D002  
84D003  
84D004  
84D005  
84D006  
84D007  
84D008  
84D009  
84D010  
84D011  
84D012  
84D013  
85D001  
85D002  
85D003  
85D004  
85D005  
85D006  
85D007  
85D008  
85D009  
85D010  
85D011  
85D012  
85D013  
85D014  
85D015  
PHHI    
PHIK    
PHJH    
PHJR    
PHKO    
PHLI    
PHMK    
PHNG    
PHNL    
PHNY    
PHOG    
PHSF    
PHTO    
99999999
99999999
