46001
46035
46060
46061
46066
46070
46071
46072
46073
46076
46077
46078
46080
46081
46082
46083
46084
46085
60D001
60D002
60D003
60D004
60D005
60D006
60D007
60D008
60D009
60D010
60D011
60D012
60D013
60D014
60D015
60D016
60D017
60D018
60D019
60D020
60D021
60D022
60D024
60D281
60D282
60D283
60D284
60D285
60D286
60D287
60D288
60D289
60D290
60D291
60D292
60D293
60D294
60D295
60D296
60D297
60D298
60D299
60D300
60D301
61D046
61D047
61D048
61D049
61D050
61D051
61D053
61D054
61D055
61D056
61D057
61D058
61D059
61D060
61D061
61D062
61D063
61D064
61D065
61D066
61D067
61D068
61D069
61D070
61D071
61D072
61D073
61D075
69D025
69D026
69D027
69D028
69D029
69D030
69D031
69D032
69D033
69D034
69D035
69D036
69D037
69D038
69D039
69D040
69D041
69D042
69D043
69D044
69D045
69D076
69D077
69D078
69D079
69D080
69D081
69D082
69D083
69D084
69D085
69D086
69D087
69D088
69D089
69D090
69D091
69D092
69D093
69D094
69D095
69D096
69D097
69D098
69D099
69D100
69D101
69D102
69D103
69D104
69D105
69D106
69D107
69D108
69D109
69D110
69D111
69D112
69D113
69D114
69D115
69D116
69D117
69D118
69D119
69D120
69D121
69D122
69D123
69D124
69D125
69D126
69D127
69D128
69D129
69D130
69D131
69D132
69D133
69D134
69D135
69D136
69D137
69D138
69D139
69D140
69D141
69D142
69D143
69D144
69D145
69D146
69D147
69D148
69D149
69D150
69D151
69D152
69D153
69D154
69D155
69D156
69D157
69D158
69D159
69D160
69D161
69D163
69D164
69D165
69D166
69D167
69D168
69D169
69D170
69D171
69D172
69D173
69D174
69D175
69D176
69D177
69D178
69D179
69D180
69D181
69D182
69D183
69D184
69D185
69D186
69D187
69D188
69D189
69D190
69D191
69D192
69D193
69D194
69D195
69D196
69D197
69D198
69D199
69D200
69D201
69D202
69D203
69D204
69D205
69D206
69D207
69D208
69D209
69D210
69D211
69D212
69D213
69D214
69D215
69D216
69D217
69D218
69D219
69D220
69D221
69D222
69D223
69D224
69D225
69D226
69D227
69D228
69D229
69D230
69D231
69D232
69D233
69D234
69D235
69D236
ADKA2
AMAA2
ANTA2
AUGA2
BLIA2
CDEA2
CSPA2
CWAS
CWCL
CWDR
CWEB
CWEK
CWEL
CWEZ
CWGB
CWGT
CWGW
CWHL
CWHT
CWIL
CWJR
CWJU
CWJV
CWKM
CWLC
CWLM
CWLP
CWLY
CWMM
CWNM
CWNP
CWPF
CWPR
CWPZ
CWQC
CWRH
CWSK
CWSL
CWSP
CWSV
CWUP
CWUS
CWVF
CWWA
CWWK
CWYJ
CWYL
CWYY
CWZA
CWZL
CXCK
CYCO
CYDB
CYDL
CYEK
CYEV
CYHE
CYHK
CYKA
CYLW
CYMA
CYPR
CYQH
CYQQ
CYQZ
CYRT
CYRV
CYTE
CYUA
CYUX
CYVR
CYWL
CYXC
CYXP
CYXS
CYXT
CYXX
CYXY
CYYD
CYYF
CYYJ
CYZP
CYZT
CYZY
CZEV
DRFA2
EROA2
FFIA2
FILA2
MRKA2
NKTA2
NMTA2
PAAK
PAAQ
PABA
PABE
PABI
PABL
PABR
PABT
PABV
PACD
PACV
PACZ
PADE
PADK
PADL
PADQ
PADU
PAED
PAEG
PAEH
PAEI
PAEM
PAEN
PAFA
PAFB
PAFE
PAFM
PAFR
PAGA
PAGK
PAGL
PAGM
PAGS
PAGY
PAHL
PAHN
PAHO
PAHP
PAHY
PAII
PAIL
PAIM
PAIN
PAJC
PAJN
PAKK
PAKN
PAKP
PAKT
PAKU
PAKV
PAKW
PALH
PALJ
PALU
PAMC
PAMD
PAMH
PAMM
PAMR
PAMY
PANC
PANI
PANN
PANT
PANV
PAOH
PAOM
PAOR
PAOT
PAPB
PAPG
PAPH
PAPO
PAQT
PARC
PASA
PASC
PASD
PASH
PASI
PASK
PASL
PASM
PASN
PASO
PASV
PASX
PASY
PATA
PATC
PATG
PATK
PATL
PATO
PAUN
PAVD
PAVL
PAWD
PAWG
PAWI
PAWN
PAWS
PAYA
PAZK
PFYU
POTA2
PPIZ
PRDA2
RDDA2
SDIA2
SISA2
99999999
99999999
