41001
41002
41004
41008
41009
41010
41012
41013
41025
41035
41036
42001
42002
42003
42007
42013
42014
42019
42020
42021
42022
42023
42035
42036
42039
42040
42045
42046
44004
44005
44007
44008
44009
44011
44013
44014
44017
44018
44022
44024
44025
44027
44029
44030
44031
44032
44033
44034
44035
44037
44038
44039
44040
44060
45001
45002
45003
45004
45005
45006
45007
45008
45012
46002
46005
46006
46011
46012
46013
46014
46015
46022
46023
46025
46026
46027
46028
46029
46030
46041
46042
46047
46050
46053
46054
46059
46063
46069
46086
46087
46088
46091
46092
46093
AAMC1
ABAN6
ALSN6
ANCF1
ANMF1
ANVC1
APNM4
ARPF1
ASTO3
BGRUT
BHRI3
BIGM4
BISM2
BRND1
BSBM4
BUFN6
BURL1
BUZM3
BYGL1
CAFC
CAMM2
CAPL1
CAPR
CARO3
CBBV2
CDRF1
CERM
CHII2
CHLV2
CHYV2
CLKN7
CMAN4
CMFM
CMTI2
CNDO1
COVM2
CPTR1
CWAJ
CWAS
CWAV
CWBA
CWBE
CWBF1
CWBO
CWBT
CWBY
CWBZ
CWCA
CWCH
CWCJ
CWCL
CWCO
CWCP
CWCT
CWDK
CWDO
CWDQ
CWDR
CWDU
CWDV
CWDZ
CWEA
CWEB
CWEH
CWEK
CWEL
CWEQ
CWEW
CWEZ
CWFF
CWFJ
CWFP
CWFQ
CWFW
CWGB
CWGD
CWGH
CWGL
CWGN
CWGP
CWGR
CWGT
CWGW
CWGY
CWHL
CWHM
CWHQ
CWHT
CWHV
CWHY
CWIK
CWIL
CWIT
CWIW
CWIY
CWIZ
CWJI
CWJO
CWJR
CWJT
CWJU
CWJV
CWJW
CWJX
CWKG
CWKH
CWKM
CWKO
CWLC
CWLM
CWLP
CWLY
CWMJ
CWMM
CWMQ
CWNE
CWNK
CWNM
CWNP
CWNQ
CWOC
CWOE
CWOY
CWPB
CWPE
CWPF
CWPK
CWPO
CWPQ
CWPR
CWPZ
CWQC
CWQH
CWQP
CWQV
CWRC
CWRH
CWRJ
CWRK
CWRT
CWRY
CWRZ
CWSA
CWSG
CWSK
CWSL
CWSP
CWSS
CWST
CWSV
CWTA
CWTG
CWTN
CWTY
CWUP
CWUS
CWUX
CWVF
CWVH
CWVN
CWVP
CWVQ
CWVT
CWVU
CWVV
CWVY
CWWA
CWWB
CWWF
CWWK
CWWZ
CWXA
CWXC
CWYJ
CWYL
CWYY
CWZA
CWZG
CWZL
CWZZ
CXBK
CXBO
CXBR
CXBW
CXCA
CXCK
CXCY
CXDI
CXDW
CXEA
CXET
CXGH
CXHA
CXHM
CXKA
CXKE
CXKT
CXLB
CXMD
CXMW
CXNP
CXPC
CXSH
CXVG
CXVN
CXWN
CXZV
CYAM
CYBC
CYBG
CYBN
CYBR
CYBX
CYCG
CYCO
CYCX
CYDA
CYDB
CYDC
CYDL
CYDN
CYEG
CYEK
CYEN
CYEV
CYFC
CYGE
CYGK
CYGP
CYGQ
CYGV
CYHD
CYHE
CYHK
CYHM
CYHU
CYHZ
CYJT
CYKA
CYKF
CYKY
CYKZ
CYLH
CYLW
CYMA
CYMO
CYMT
CYMX
CYNA
CYOW
CYOY
CYPA
CYPH
CYPQ
CYPR
CYQA
CYQB
CYQD
CYQF
CYQG
CYQH
CYQI
CYQK
CYQL
CYQM
CYQQ
CYQR
CYQT
CYQV
CYQW
CYQZ
CYRJ
CYRT
CYRV
CYSB
CYSC
CYSJ
CYTE
CYTR
CYTS
CYTZ
CYUA
CYUL
CYUX
CYUY
CYVO
CYVR
CYVV
CYWA
CYWG
CYWL
CYXC
CYXE
CYXH
CYXL
CYXP
CYXR
CYXS
CYXT
CYXU
CYXX
CYXY
CYYB
CYYC
CYYD
CYYF
CYYG
CYYJ
CYYN
CYYU
CYYY
CYYZ
CYZE
CYZP
CYZT
CYZV
CYZX
CYZY
CZBF
CZEV
CZMJ
CZPC
CZST
DBLN6
DELD1
DESW1
DISW3
DOMV2
DPIA1
DTLM4
DUCN7
DULM5
FBIS1
FMRF1
FOXR1
FPKG1
FPTM4
FRDF1
FSKM2
FTGM4
FTPC1
FWYF1
GDMM5
GISL1
GPST2
GRMM4
GSLM4
GTLM4
HPLM2
HRBM4
HSSF1
IOSN3
JMPN7
K04V
K11R
K12N
K1A5
K1A6
K1F0
K1H2
K1V4
K20V
K2WX
K3A1
K3A6
K3J7
K3LF
K3T5
K40J
K47A
K48I
K4A9
K4BL
K4BM
K4HV
K6R6
K6V3
K79J
K7BM
K8D3
K9L2
K9V9
KAAA
KAAF
KAAO
KAAT
KABE
KABI
KABQ
KABR
KABY
KACB
KACK
KACP
KACQ
KACT
KACV
KACY
KADC
KADG
KADH
KADM
KADS
KADU
KADW
KAEG
KAEL
KAEX
KAFF
KAFJ
KAFK
KAFN
KAFW
KAGC
KAGS
KAHN
KAIA
KAID
KAIG
KAIO
KAIT
KAIZ
KAJG
KAKH
KAKO
KAKQ
KAKR
KALB
KALI
KALM
KALN
KALO
KALS
KALW
KALX
KAMA
KAMG
KAMN
KAMW
KANB
KAND
KANE
KANJ
KANW
KAOH
KAOO
KAPA
KAPC
KAPF
KAPG
KAPN
KAQO
KAQP
KAQR
KAQV
KAQW
KARA
KARB
KARG
KARR
KART
KARV
KASD
KASE
KASG
KASH
KASJ
KAST
KASW
KASX
KATL
KATS
KATT
KATW
KATY
KAUG
KAUH
KAUM
KAUN
KAUO
KAUS
KAUW
KAVC
KAVK
KAVL
KAVP
KAVX
KAWG
KAWM
KAWO
KAXA
KAXN
KAXS
KAYS
KAZO
KBAB
KBAD
KBAF
KBAX
KBAZ
KBBB
KBBD
KBBW
KBCB
KBCE
KBCT
KBDE
KBDL
KBDR
KBED
KBEH
KBFD
KBFF
KBFI
KBFL
KBFM
KBFW
KBGD
KBGE
KBGM
KBGR
KBHB
KBHK
KBHM
KBID
KBIE
KBIH
KBIJ
KBIL
KBIS
KBIV
KBIX
KBJC
KBJI
KBJJ
KBJN
KBKE
KBKF
KBKL
KBKS
KBKV
KBKW
KBKX
KBLF
KBLH
KBLI
KBLM
KBLU
KBLV
KBMG
KBMI
KBML
KBMQ
KBNA
KBNO
KBNW
KBOI
KBOK
KBOS
KBPG
KBPI
KBPK
KBPT
KBQK
KBRD
KBRL
KBRO
KBTL
KBTM
KBTP
KBTR
KBTV
KBUF
KBUR
KBUU
KBUY
KBVE
KBVI
KBVN
KBVO
KBVS
KBVX
KBVY
KBWD
KBWG
KBWI
KBWP
KBYG
KBYI
KBYY
KBZN
KC09
KC75
KCAD
KCAE
KCAG
KCAK
KCAO
KCAR
KCAV
KCBF
KCBG
KCBM
KCCO
KCCR
KCCU
KCCY
KCDC
KCDD
KCDJ
KCDR
KCDS
KCDW
KCEC
KCEF
KCEU
KCEW
KCEZ
KCFE
KCFS
KCFV
KCGF
KCGI
KCGZ
KCHA
KCHD
KCHK
KCHO
KCHS
KCID
KCIN
KCIR
KCIU
KCJR
KCKB
KCKC
KCKN
KCKV
KCLE
KCLI
KCLK
KCLL
KCLM
KCLT
KCMA
KCMH
KCMI
KCMX
KCMY
KCNC
KCNK
KCNM
KCNO
KCNU
KCNY
KCOD
KCOE
KCOF
KCON
KCOQ
KCOS
KCOT
KCOU
KCPC
KCPK
KCPR
KCPS
KCPT
KCPW
KCQB
KCQC
KCQM
KCQT
KCQX
KCRE
KCRG
KCRP
KCRQ
KCRS
KCRW
KCSG
KCSM
KCSQ
KCSV
KCTB
KCTY
KCTZ
KCUB
KCUH
KCUL
KCUT
KCVG
KCVN
KCVO
KCVS
KCVX
KCWA
KCWF
KCWI
KCXO
KCXY
KCYS
KCZZ
KD07
KDAA
KDAB
KDAG
KDAL
KDAN
KDAW
KDAY
KDBN
KDBQ
KDCA
KDCU
KDDC
KDDH
KDEC
KDEH
KDEN
KDEQ
KDET
KDEW
KDFI
KDFW
KDGW
KDHN
KDHT
KDIK
KDKB
KDKK
KDKR
KDLF
KDLH
KDLL
KDLN
KDLS
KDMA
KDMH
KDMN
KDMO
KDNK
KDNL
KDNN
KDNS
KDNV
KDOV
KDPA
KDPL
KDQH
KDRA
KDRI
KDRO
KDRT
KDSM
KDSV
KDTL
KDTN
KDTO
KDTS
KDTW
KDUA
KDUC
KDUG
KDUH
KDUJ
KDUX
KDVL
KDVN
KDVT
KDWH
KDXR
KDXX
KDYL
KDYR
KDYS
KDYT
KE38
KEAR
KEAT
KEAU
KEBG
KEBS
KECG
KECU
KEDE
KEDW
KEED
KEEN
KEEO
KEET
KEFD
KEFT
KEGE
KEGV
KEHA
KEHO
KEHR
KEKN
KEKO
KELD
KELM
KELN
KELO
KELP
KELY
KELZ
KEMP
KEMV
KEND
KENL
KENV
KENW
KEOK
KEPH
KEQY
KERI
KERV
KERY
KESC
KESF
KEST
KETB
KETH
KEUG
KEUL
KEVM
KEVV
KEVW
KEWB
KEWK
KEWN
KEWR
KEXX
KEYE
KEYF
KEYW
KEZF
KF05
KFAF
KFAM
KFAR
KFAT
KFAY
KFBG
KFBL
KFCM
KFCS
KFDK
KFDR
KFDY
KFEP
KFET
KFFA
KFFC
KFFL
KFFM
KFFO
KFFT
KFGN
KFHR
KFHU
KFIG
KFIT
KFKA
KFKL
KFKN
KFKS
KFLD
KFLG
KFLL
KFLO
KFLP
KFMH
KFMN
KFMY
KFNB
KFNL
KFNT
KFOA
KFOD
KFOE
KFOK
KFOZ
KFPK
KFPR
KFQD
KFRG
KFRM
KFSD
KFSE
KFSI
KFSM
KFST
KFSW
KFTK
KFTW
KFTY
KFUL
KFVE
KFVX
KFWA
KFWC
KFWN
KFWS
KFXE
KFYJ
KFYV
KFZY
KGAD
KGAG
KGBD
KGBG
KGBN
KGCC
KGCK
KGCM
KGCN
KGDB
KGDJ
KGDP
KGDV
KGED
KGEG
KGEU
KGEV
KGEY
KGEZ
KGFK
KGFL
KGGG
KGGW
KGHW
KGIF
KGJT
KGKJ
KGKY
KGLD
KGLE
KGLH
KGLR
KGLS
KGLW
KGMJ
KGMU
KGNA
KGNC
KGNR
KGNT
KGNV
KGOK
KGON
KGOP
KGOV
KGPI
KGPM
KGPT
KGPZ
KGRB
KGRD
KGRF
KGRI
KGRK
KGRR
KGSB
KGSH
KGSO
KGSP
KGTB
KGTF
KGTR
KGTU
KGUC
KGUP
KGUS
KGUY
KGVL
KGVT
KGWO
KGWW
KGXY
KGYB
KGYI
KGYL
KGYR
KGYY
KGZH
KHAO
KHBG
KHBI
KHBR
KHBV
KHCD
KHCO
KHDC
KHDE
KHDN
KHDO
KHEF
KHEI
KHEZ
KHFD
KHFF
KHGR
KHHF
KHHR
KHIB
KHIE
KHIF
KHIO
KHJH
KHJO
KHKA
KHKS
KHKY
KHLC
KHLG
KHLN
KHLR
KHLX
KHMN
KHMS
KHNB
KHND
KHNR
KHNZ
KHOB
KHON
KHOP
KHOT
KHOU
KHPN
KHQM
KHQU
KHQZ
KHRI
KHRJ
KHRL
KHRO
KHRT
KHSB
KHSE
KHSI
KHSP
KHST
KHSV
KHTL
KHTS
KHUA
KHUF
KHUL
KHUM
KHUT
KHVN
KHVR
KHWD
KHWO
KHWV
KHXD
KHYA
KHYI
KHYR
KHYS
KHYX
KHZX
KHZY
KI16
KIAB
KIAD
KIAG
KIAH
KIBM
KICL
KICR
KICT
KIDA
KIDI
KIEN
KIER
KIFP
KIGM
KIGQ
KIGX
KIIB
KIJD
KIJX
KIKK
KIKV
KILE
KILG
KILM
KILN
KIML
KIMT
KIND
KINJ
KINK
KINL
KINS
KINT
KINW
KIOW
KIPJ
KIPL
KIPT
KIRK
KIRS
KISM
KISN
KISO
KISP
KISQ
KISW
KITH
KITR
KIWA
KIWD
KIWI
KIXD
KIZG
KJAC
KJAN
KJAS
KJAX
KJBR
KJCT
KJDD
KJDN
KJEF
KJER
KJFK
KJGG
KJHW
KJKJ
KJKL
KJLN
KJMR
KJMS
KJNX
KJOT
KJQF
KJSO
KJST
KJSV
KJVL
KJWG
KJWY
KJXI
KJXN
KJYG
KJYL
KJYM
KJYO
KJYR
KKLS
KLAA
KLAF
KLAL
KLAN
KLAR
KLAS
KLAW
KLAX
KLBB
KLBE
KLBF
KLBL
KLBR
KLBT
KLBX
KLCG
KLCH
KLCI
KLCK
KLDM
KLEB
KLEE
KLEW
KLEX
KLFI
KLFK
KLFT
KLGA
KLGB
KLGC
KLGD
KLGU
KLHB
KLHQ
KLHW
KLHX
KLHZ
KLIC
KLIT
KLJF
KLKU
KLKV
KLLJ
KLLQ
KLMT
KLNC
KLND
KLNK
KLNL
KLNP
KLNR
KLNS
KLOL
KLOM
KLOT
KLOU
KLOZ
KLPC
KLPR
KLRD
KLRF
KLRJ
KLRU
KLSE
KLSF
KLSV
KLTS
KLUD
KLUF
KLUK
KLUM
KLVJ
KLVK
KLVM
KLVN
KLVS
KLWA
KLWB
KLWC
KLWD
KLWM
KLWS
KLWT
KLWV
KLXL
KLXN
KLXT
KLXV
KLYH
KLYV
KLZU
KM30
KMAE
KMAF
KMAI
KMBG
KMBL
KMBS
KMCB
KMCD
KMCE
KMCF
KMCI
KMCK
KMCN
KMCO
KMCW
KMDD
KMDH
KMDQ
KMDT
KMDW
KMDZ
KMEB
KMEH
KMEI
KMEM
KMEZ
KMFD
KMFE
KMFI
KMFR
KMFV
KMGE
KMGG
KMGJ
KMGM
KMGN
KMGR
KMGW
KMGY
KMHE
KMHK
KMHR
KMHS
KMHT
KMIA
KMIB
KMIC
KMIE
KMIV
KMIW
KMJQ
KMKC
KMKE
KMKG
KMKJ
KMKL
KMKN
KMKO
KMKT
KMLB
KMLC
KMLE
KMLF
KMLI
KMLP
KMLS
KMLT
KMLU
KMMK
KMML
KMMT
KMMU
KMMV
KMNH
KMNM
KMNN
KMOB
KMOD
KMOP
KMOT
KMOX
KMPO
KMPV
KMPZ
KMQB
KMQE
KMQI
KMQY
KMRB
KMRF
KMRH
KMRJ
KMRN
KMRY
KMSL
KMSN
KMSO
KMSP
KMSS
KMSV
KMSY
KMTC
KMTH
KMTJ
KMTN
KMTO
KMTP
KMTV
KMTW
KMUI
KMUO
KMUT
KMVE
KMVL
KMVN
KMVY
KMWA
KMWH
KMWK
KMWL
KMWM
KMWN
KMWT
KMXF
KMXO
KMYF
KMYL
KMYP
KMYR
KMYV
KMZH
KN60
KNAK
KNBC
KNBG
KNCA
KNEW
KNFG
KNFL
KNFW
KNGP
KNGU
KNHK
KNHZ
KNID
KNIP
KNJK
KNKT
KNKX
KNLC
KNMM
KNPA
KNQA
KNQI
KNRB
KNRS
KNSE
KNSW3
KNTD
KNTU
KNUQ
KNUW
KNXP
KNXX
KNYC
KNYG
KNYL
KNZY
KOAJ
KOAK
KOCF
KOCH
KOCW
KODO
KODX
KOEB
KOEO
KOFF
KOFK
KOFP
KOGA
KOGB
KOGD
KOJC
KOKB
KOKC
KOKK
KOKM
KOKV
KOLF
KOLM
KOLS
KOLU
KOLV
KOLY
KOLZ
KOMA
KOMH
KOMK
KONA
KONL
KONO
KONP
KONT
KONX
KONZ
KOPF
KOPN
KOQT
KOQU
KORB
KORC
KORD
KORE
KORF
KORG
KORH
KORL
KORS
KOSA
KOSC
KOSH
KOSU
KOTG
KOTH
KOTM
KOUN
KOVE
KOVL
KOVS
KOWA
KOWB
KOWD
KOXB
KOXC
KOXR
KOXV
KOZR
KOZW
KP28
KP53
KP58
KP59
KP60
KP68
KP69
KP92
KPAE
KPAH
KPAM
KPAO
KPBF
KPBH
KPBI
KPCZ
KPDC
KPDK
KPDT
KPDX
KPEA
KPEO
KPEQ
KPFN
KPGA
KPGD
KPGV
KPHD
KPHF
KPHL
KPHN
KPHP
KPHX
KPIA
KPIB
KPIE
KPIH
KPIL
KPIR
KPIT
KPKB
KPKD
KPKV
KPLN
KPMD
KPMP
KPNA
KPNC
KPNE
KPNM
KPNS
KPNT
KPOB
KPOE
KPOF
KPOU
KPPA
KPPF
KPPQ
KPQI
KPQL
KPQN
KPRB
KPRC
KPRG
KPRX
KPSC
KPSF
KPSK
KPSM
KPSN
KPSP
KPSX
KPTB
KPTK
KPTN
KPTN6
KPTT
KPTV
KPTW
KPUB
KPUC
KPUW
KPVC
KPVD
KPVJ
KPVU
KPVW
KPWA
KPWC
KPWG
KPWK
KPWM
KPWT
KPYM
KPYX
KPZQ
KRAC
KRAL
KRAP
KRAS
KRBD
KRBG
KRBL
KRBO
KRCA
KRCX
KRDD
KRDG
KRDK
KRDM
KRDR
KRDU
KREO
KRFD
KRGK
KRHI
KRHP
KRHV
KRIC
KRIL
KRIV
KRIW
KRKD
KRKP
KRKR
KRKS
KRMG
KRMN
KRMY
KRND
KRNH
KRNM
KRNO
KRNP
KRNT
KROA
KROC
KROG
KROS
KROW
KROX
KRPD
KRPH
KRPJ
KRQB
KRQE
KRQO
KRRL
KRRT
KRSL
KRST
KRSV
KRSW
KRTN
KRUE
KRUQ
KRUT
KRVS
KRWF
KRWI
KRWL
KRWV
KRXE
KRYV
KRYY
KRZN
KRZZ
KSAC
KSAD
KSAF
KSAN
KSAR
KSAT
KSAV
KSAW
KSAZ
KSBA
KSBM
KSBN
KSBP
KSBY
KSCH
KSCK
KSDA
KSDB
KSDF
KSDL
KSDM
KSDY
KSEA
KSEG
KSEP
KSET
KSFB
KSFF
KSFM
KSFO
KSFQ
KSFY
KSFZ
KSGF
KSGJ
KSGR
KSGS
KSGT
KSGU
KSHD
KSHL
KSHN
KSHR
KSHV
KSIY
KSJC
KSJN
KSJT
KSJX
KSKA
KSKF
KSKX
KSLB
KSLC
KSLE
KSLG
KSLH
KSLK
KSLN
KSLO
KSLR
KSME
KSMF
KSMN
KSMO
KSMP
KSMQ
KSMX
KSNA
KSNK
KSNL
KSNS
KSNT
KSNY
KSOA
KSOP
KSOW
KSPB
KSPD
KSPG
KSPI
KSPS
KSPW
KSQI
KSQL
KSRC
KSRQ
KSRR
KSSC
KSSF
KSSI
KSTC
KSTE
KSTJ
KSTL
KSTP
KSTS
KSUA
KSUE
KSUN
KSUS
KSUT
KSUU
KSUW
KSUX
KSVC
KSVH
KSVN
KSWF
KSWO
KSWW
KSXT
KSYN
KSYR
KSZL
KSZT
KT65
KT82
KTAD
KTAN
KTAZ
KTBN
KTBR
KTCC
KTCL
KTCM
KTCS
KTDF
KTDO
KTDZ
KTEB
KTEW
KTEX
KTHV
KTIF
KTIK
KTIP
KTIW
KTKC
KTKI
KTKV
KTLH
KTMB
KTNB
KTNF1
KTNU
KTOA
KTOB
KTOI
KTOL
KTOP
KTOR
KTPA
KTPH
KTPL
KTQE
KTQH
KTRI
KTRK
KTRL
KTRM
KTTA
KTTD
KTTF
KTTN
KTTS
KTUL
KTUP
KTUS
KTVC
KTVF
KTVL
KTVR
KTWF
KTWM
KTXK
KTYR
KTYS
KTZR
KUAO
KUDG
KUES
KUGN
KUIL
KUIN
KUKF
KUKI
KUKT
KULM
KUNO
KUNU
KUNV
KUTA
KUTS
KUUU
KUVA
KUZA
KVAD
KVAY
KVBG
KVBT
KVCB
KVCT
KVCV
KVDF
KVDI
KVEL
KVGT
KVIH
KVIS
KVJI
KVLD
KVLL
KVNY
KVOK
KVPC
KVPS
KVPZ
KVQQ
KVRB
KVSF
KVTA
KVTI
KVTN
KVTP
KVUJ
KVUO
KVVG
KVVV
KVWU
KVYS
KW22
KW99
KWAL
KWDG
KWDR
KWJF
KWLD
KWMC
KWNW3
KWRB
KWRI
KWRL
KWST
KWVI
KWVL
KWWD
KWWR
KXBP
KXNA
KXVG
KYIP
KYKM
KYKN
KYNG
KYWF1
KZZV
LABL1
LAPW1
LDLC3
LDTM4
LKPL1
LKWF1
LONF1
LOPW1
LSCM4
LUML1
LWSD1
LWTV2
MBLA1
MCGM4
MCYI3
MDRM1
MGPT2
MHPA1
MISM1
MKGM4
MLRF1
MLWW3
MNMM4
MNPV2
MQTT2
MRHO1
MROS1
NABM4
NBLP1
NPSF1
NWHC3
NWPO3
NWPR1
OCPN7
OLCN6
OSGN6
OTNM4
PCBF1
PCLM4
PCOC1
PHBP1
PILM4
PLSF1
PNGW3
PORO3
PSBM1
PSTL1
PTAC1
PTAT2
PTCR1
PTGC1
PTIM4
PTIT2
PTRF1
PWAW3
QPTR1
RCMC1
ROAM4
ROBN4
RTYC1
SANF1
SAPF1
SAUF1
SBEO3
SBIO1
SBPT2
SGNW3
SGOF1
SISW1
SKMG1
SLIM2
SLVM5
SMKF1
SPAG1
SPGF1
SRST2
STDM4
SUPN6
SVNM4
SWPM4
SXHW3
TAML1
TCBM2
THLO1
TKPK
TLBO3
TNCM
TOKW1
TPLM2
TRDF1
TTIW1
VAKF1
VCAF1
VENF1
WELM1
WHRI2
WPOW1
YKRV2
YKTV2
99999999
99999999
