660040
660053
660061
660105
660152
660158
660301
660410
660426
660668
660736
660900
660948
660974
660984
660988
661142
661309
661345
661536
661590
661901
662316
662330
662336
662634
662679
662723
662801
662934
663023
663113
663409
663431
663480
663532
663657
663762
663904
663948
664115
664126
664193
664272
664276
664330
664340
664613
664702
664730
664740
664867
664910
665020
665064
665097
665120
665123
665175
665258
665693
665807
665908
665911
666050
666073
666083
666250
666258
666270
666361
666390
666440
666514
666805
666900
666942
666983
666992
667167
667175
667183
667292
667295
667492
667843
668126
668144
668306
668412
668536
668684
668812
668814
668815
668816
668881
668940
668955
669116
669415
669421
669432
669521
669608
669766
669774
669829
669860
670198
670240
670480
671316
671348
671740
671790
671810
671980
672440
672551
672560
672823
672870
673150
673677
673880
674820
674900
677600
678360
678905
679450
CHAV3
CHSV3
JOXP4
LPRP4
LTBV3
MGIP4
SJNP4
SRBV3
TIST
TISX
TJBQ
TJMZ
TJNR
TJPS
TJSJ
99999999
99999999
