Currently Loaded Modulefiles:
  1) modules/3.2.6.7
  2) eswrap/1.1.0-1.020200.1231.0
  3) switch/1.0-1.0502.57058.1.58.ari
  4) craype-network-aries
  5) ncep/1.0
  6) xt-lsfhpc/9.1.3
  7) craype/2.3.0
  8) g2tmpl-cray-haswell/1.3.0
  9) craype-haswell
 10) cce/8.3.10
 11) cray-libsci/13.0.3
 12) udreg/2.3.2-1.0502.9889.2.20.ari
 13) ugni/6.0-1.0502.10245.9.9.ari
 14) pmi/5.0.6-1.0000.10439.140.2.ari
 15) dmapp/7.0.1-1.0502.10246.8.47.ari
 16) gni-headers/4.0-1.0502.10317.9.2.ari
 17) xpmem/0.1-2.0502.57015.1.15.ari
 18) dvs/2.5_0.9.0-1.0502.1958.2.55.ari
 19) alps/5.2.3-2.0502.9295.14.14.ari
 20) rca/1.0.0-2.0502.57212.2.56.ari
 21) atp/1.8.1
 22) PrgEnv-cray/5.2.56
cc -O3 -c -O2 -g -DUNDERSCORE process_4dot2.c
ar  -ruv /gpfs/hps/nco/ops/nwtest/lib/g2tmpl/v1.3.0/cray/libg2tmpl_v1.3.0.a process_4dot2.o
ar: creating /gpfs/hps/nco/ops/nwtest/lib/g2tmpl/v1.3.0/cray/libg2tmpl_v1.3.0.a
a - process_4dot2.o
rm -f process_4dot2.o
ftn -c -O2 -G2 -f free -J /gpfs/hps/nco/ops/nwtest/lib/g2tmpl/v1.3.0/cray/include grib2_all_tables_module.f
ar  -ruv /gpfs/hps/nco/ops/nwtest/lib/g2tmpl/v1.3.0/cray/libg2tmpl_v1.3.0.a grib2_all_tables_module.o 
a - grib2_all_tables_module.o
rm -f grib2_all_tables_module.o
ftn -c -O2 -G2 -f free -J /gpfs/hps/nco/ops/nwtest/lib/g2tmpl/v1.3.0/cray/include gdtsec3.f

                ideflist(1:ixlen)=igdtmpl(igdtlen+2:igdtlen+2+ixlen)
ftn-7220 crayftn: WARNING READGRIDS, File = gdtsec3.f, Line = 163 
  The array syntax statement may not be conformable.

             gtemp%grid_num=ient
ftn-7207 crayftn: WARNING READGRIDS, File = gdtsec3.f, Line = 175 
  Fortran pointer variable "gtemp" is being used before being pointer assigned or allocated.

Cray Fortran : Version 8.3.10 (u83060f83215i83183p83328a83009e83011z83328)
Cray Fortran :                (x8320r83015w83011t8311b83039)
Cray Fortran : Fri Jan 08, 2016  17:45:52
Cray Fortran : Compile time:  0.1960 seconds
Cray Fortran : 308 source lines
Cray Fortran : 0 errors, 2 warnings, 0 other messages, 0 ansi
Cray Fortran : "explain ftn-message number" gives more information about each message.
ar  -ruv /gpfs/hps/nco/ops/nwtest/lib/g2tmpl/v1.3.0/cray/libg2tmpl_v1.3.0.a gdtsec3.o 
a - gdtsec3.o
rm -f gdtsec3.o
ftn -c -O2 -G2 -f free -J /gpfs/hps/nco/ops/nwtest/lib/g2tmpl/v1.3.0/cray/include g2sec4_temp1.f
ar  -ruv /gpfs/hps/nco/ops/nwtest/lib/g2tmpl/v1.3.0/cray/libg2tmpl_v1.3.0.a g2sec4_temp1.o 
a - g2sec4_temp1.o
rm -f g2sec4_temp1.o
ftn -c -O2 -G2 -f free -J /gpfs/hps/nco/ops/nwtest/lib/g2tmpl/v1.3.0/cray/include g2sec4_temp11.f
ar  -ruv /gpfs/hps/nco/ops/nwtest/lib/g2tmpl/v1.3.0/cray/libg2tmpl_v1.3.0.a g2sec4_temp11.o 
a - g2sec4_temp11.o
rm -f g2sec4_temp11.o
ftn -c -O2 -G2 -f free -J /gpfs/hps/nco/ops/nwtest/lib/g2tmpl/v1.3.0/cray/include g2sec4_temp12.f
ar  -ruv /gpfs/hps/nco/ops/nwtest/lib/g2tmpl/v1.3.0/cray/libg2tmpl_v1.3.0.a g2sec4_temp12.o 
a - g2sec4_temp12.o
rm -f g2sec4_temp12.o
