Currently Loaded Modulefiles:
  1) modules/3.2.6.7
  2) eswrap/1.1.0-1.020200.1231.0
  3) switch/1.0-1.0502.57058.1.58.ari
  4) craype-network-aries
  5) ncep/1.0
  6) xt-lsfhpc/9.1.3
  7) craype/2.3.0
  8) intel/15.0.3.187
  9) cray-libsci/13.0.3
 10) udreg/2.3.2-1.0502.9889.2.20.ari
 11) ugni/6.0-1.0502.10245.9.9.ari
 12) pmi/5.0.6-1.0000.10439.140.2.ari
 13) dmapp/7.0.1-1.0502.10246.8.47.ari
 14) gni-headers/4.0-1.0502.10317.9.2.ari
 15) xpmem/0.1-2.0502.57015.1.15.ari
 16) dvs/2.5_0.9.0-1.0502.1958.2.55.ari
 17) alps/5.2.3-2.0502.9295.14.14.ari
 18) rca/1.0.0-2.0502.57212.2.56.ari
 19) atp/1.8.1
 20) PrgEnv-intel/5.2.56
 21) craype-sandybridge
 22) bacio-intel/2.0.1
cc -c  -O3 -axCore-AVX2 -DUNDERSCORE -DLINUX bacio.c
ar -rv   /gpfs/hps/nco/ops/nwtest/lib/bacio/v2.0.1/intel/libbacio_v2.0.1_4.a bacio.o
ar: creating /gpfs/hps/nco/ops/nwtest/lib/bacio/v2.0.1/intel/libbacio_v2.0.1_4.a
a - bacio.o
ftn -c  -O3 -axCore-AVX2 baciof.f
ar -rv   /gpfs/hps/nco/ops/nwtest/lib/bacio/v2.0.1/intel/libbacio_v2.0.1_4.a baciof.o 
a - baciof.o
ftn -c  -O3 -axCore-AVX2 bafrio.f
ar -rv   /gpfs/hps/nco/ops/nwtest/lib/bacio/v2.0.1/intel/libbacio_v2.0.1_4.a bafrio.o 
a - bafrio.o
cc -c  -O3 -axCore-AVX2 -DUNDERSCORE -DLINUX byteswap.c
ar -rv   /gpfs/hps/nco/ops/nwtest/lib/bacio/v2.0.1/intel/libbacio_v2.0.1_4.a byteswap.o
a - byteswap.o
ftn -c  -O3 -axCore-AVX2 chk_endianc.f
ar -rv   /gpfs/hps/nco/ops/nwtest/lib/bacio/v2.0.1/intel/libbacio_v2.0.1_4.a chk_endianc.o
a - chk_endianc.o
rm -f baciof.o bafrio.o bacio.o *.mod byteswap.o chk_endianc.o
cc -c  -O3 -axCore-AVX2 -DUNDERSCORE -DLINUX bacio.c
ar -rv   /gpfs/hps/nco/ops/nwtest/lib/bacio/v2.0.1/intel/libbacio_v2.0.1_8.a bacio.o
ar: creating /gpfs/hps/nco/ops/nwtest/lib/bacio/v2.0.1/intel/libbacio_v2.0.1_8.a
a - bacio.o
ftn -c  -O3 -axCore-AVX2 -i8 -r8 baciof.f
ar -rv   /gpfs/hps/nco/ops/nwtest/lib/bacio/v2.0.1/intel/libbacio_v2.0.1_8.a baciof.o 
a - baciof.o
ftn -c  -O3 -axCore-AVX2 -i8 -r8 bafrio.f
ar -rv   /gpfs/hps/nco/ops/nwtest/lib/bacio/v2.0.1/intel/libbacio_v2.0.1_8.a bafrio.o 
a - bafrio.o
cc -c  -O3 -axCore-AVX2 -DUNDERSCORE -DLINUX byteswap.c
ar -rv   /gpfs/hps/nco/ops/nwtest/lib/bacio/v2.0.1/intel/libbacio_v2.0.1_8.a byteswap.o
a - byteswap.o
ftn -c  -O3 -axCore-AVX2 -i8 -r8 chk_endianc.f
ar -rv   /gpfs/hps/nco/ops/nwtest/lib/bacio/v2.0.1/intel/libbacio_v2.0.1_8.a chk_endianc.o
a - chk_endianc.o
rm -f baciof.o bafrio.o bacio.o *.mod byteswap.o chk_endianc.o
