Currently Loaded Modulefiles:
  1) modules/3.2.6.7
  2) eswrap/1.1.0-1.020200.1231.0
  3) switch/1.0-1.0502.57058.1.58.ari
  4) craype-network-aries
  5) ncep/1.0
  6) xt-lsfhpc/9.1.3
  7) craype/2.3.0
  8) ip-cray-haswell/2.0.0
  9) craype-haswell
 10) cce/8.3.10
 11) cray-libsci/13.0.3
 12) udreg/2.3.2-1.0502.9889.2.20.ari
 13) ugni/6.0-1.0502.10245.9.9.ari
 14) pmi/5.0.6-1.0000.10439.140.2.ari
 15) dmapp/7.0.1-1.0502.10246.8.47.ari
 16) gni-headers/4.0-1.0502.10317.9.2.ari
 17) xpmem/0.1-2.0502.57015.1.15.ari
 18) dvs/2.5_0.9.0-1.0502.1958.2.55.ari
 19) alps/5.2.3-2.0502.9295.14.14.ari
 20) rca/1.0.0-2.0502.57212.2.56.ari
 21) atp/1.8.1
 22) PrgEnv-cray/5.2.56
ftn -c -O2 -O nopattern -s real32 -s integer32 gausslat.f
ar -ruv   /gpfs/hps/nco/ops/nwtest/lib/ip/v2.0.0/cray/libip_v2.0.0_4.a gausslat.o
ar: creating /gpfs/hps/nco/ops/nwtest/lib/ip/v2.0.0/cray/libip_v2.0.0_4.a
a - gausslat.o
rm -f gausslat.o
ftn -c -O2 -O nopattern -s real32 -s integer32 gcdist.f
ar -ruv   /gpfs/hps/nco/ops/nwtest/lib/ip/v2.0.0/cray/libip_v2.0.0_4.a gcdist.o
a - gcdist.o
rm -f gcdist.o
ftn -c -O2 -O nopattern -s real32 -s integer32 gdsawt.f
ar -ruv   /gpfs/hps/nco/ops/nwtest/lib/ip/v2.0.0/cray/libip_v2.0.0_4.a gdsawt.o
a - gdsawt.o
rm -f gdsawt.o
ftn -c -O2 -O nopattern -s real32 -s integer32 gdswiz.f
ar -ruv   /gpfs/hps/nco/ops/nwtest/lib/ip/v2.0.0/cray/libip_v2.0.0_4.a gdswiz.o
a - gdswiz.o
rm -f gdswiz.o
ftn -c -O2 -O nopattern -s real32 -s integer32 gdswiz00.f
ar -ruv   /gpfs/hps/nco/ops/nwtest/lib/ip/v2.0.0/cray/libip_v2.0.0_4.a gdswiz00.o
a - gdswiz00.o
rm -f gdswiz00.o
ftn -c -O2 -O nopattern -s real32 -s integer32 gdswiz01.f
ar -ruv   /gpfs/hps/nco/ops/nwtest/lib/ip/v2.0.0/cray/libip_v2.0.0_4.a gdswiz01.o
a - gdswiz01.o
rm -f gdswiz01.o
ftn -c -O2 -O nopattern -s real32 -s integer32 gdswiz03.f
ar -ruv   /gpfs/hps/nco/ops/nwtest/lib/ip/v2.0.0/cray/libip_v2.0.0_4.a gdswiz03.o
a - gdswiz03.o
rm -f gdswiz03.o
ftn -c -O2 -O nopattern -s real32 -s integer32 gdswiz04.f
ar -ruv   /gpfs/hps/nco/ops/nwtest/lib/ip/v2.0.0/cray/libip_v2.0.0_4.a gdswiz04.o
a - gdswiz04.o
rm -f gdswiz04.o
ftn -c -O2 -O nopattern -s real32 -s integer32 gdswiz05.f
ar -ruv   /gpfs/hps/nco/ops/nwtest/lib/ip/v2.0.0/cray/libip_v2.0.0_4.a gdswiz05.o
a - gdswiz05.o
rm -f gdswiz05.o
ftn -c -O2 -O nopattern -s real32 -s integer32 gdswizc9.f
ar -ruv   /gpfs/hps/nco/ops/nwtest/lib/ip/v2.0.0/cray/libip_v2.0.0_4.a gdswizc9.o
a - gdswizc9.o
rm -f gdswizc9.o
ftn -c -O2 -O nopattern -s real32 -s integer32 gdswizca.f
ar -ruv   /gpfs/hps/nco/ops/nwtest/lib/ip/v2.0.0/cray/libip_v2.0.0_4.a gdswizca.o
a - gdswizca.o
rm -f gdswizca.o
ftn -c -O2 -O nopattern -s real32 -s integer32 gdswizcb.f
ar -ruv   /gpfs/hps/nco/ops/nwtest/lib/ip/v2.0.0/cray/libip_v2.0.0_4.a gdswizcb.o
a - gdswizcb.o
rm -f gdswizcb.o
ftn -c -O2 -O nopattern -s real32 -s integer32 gdswizcd.f
ar -ruv   /gpfs/hps/nco/ops/nwtest/lib/ip/v2.0.0/cray/libip_v2.0.0_4.a gdswizcd.o
a - gdswizcd.o
rm -f gdswizcd.o
ftn -c -O2 -O nopattern -s real32 -s integer32 gdswzd.f
ar -ruv   /gpfs/hps/nco/ops/nwtest/lib/ip/v2.0.0/cray/libip_v2.0.0_4.a gdswzd.o
a - gdswzd.o
rm -f gdswzd.o
ftn -c -O2 -O nopattern -s real32 -s integer32 gdswzd00.f
ar -ruv   /gpfs/hps/nco/ops/nwtest/lib/ip/v2.0.0/cray/libip_v2.0.0_4.a gdswzd00.o
a - gdswzd00.o
rm -f gdswzd00.o
ftn -c -O2 -O nopattern -s real32 -s integer32 gdswzd01.f
ar -ruv   /gpfs/hps/nco/ops/nwtest/lib/ip/v2.0.0/cray/libip_v2.0.0_4.a gdswzd01.o
a - gdswzd01.o
rm -f gdswzd01.o
ftn -c -O2 -O nopattern -s real32 -s integer32 gdswzd03.f
ar -ruv   /gpfs/hps/nco/ops/nwtest/lib/ip/v2.0.0/cray/libip_v2.0.0_4.a gdswzd03.o
a - gdswzd03.o
rm -f gdswzd03.o
ftn -c -O2 -O nopattern -s real32 -s integer32 gdswzd04.f
ar -ruv   /gpfs/hps/nco/ops/nwtest/lib/ip/v2.0.0/cray/libip_v2.0.0_4.a gdswzd04.o
a - gdswzd04.o
rm -f gdswzd04.o
ftn -c -O2 -O nopattern -s real32 -s integer32 gdswzd05.f
ar -ruv   /gpfs/hps/nco/ops/nwtest/lib/ip/v2.0.0/cray/libip_v2.0.0_4.a gdswzd05.o
a - gdswzd05.o
rm -f gdswzd05.o
ftn -c -O2 -O nopattern -s real32 -s integer32 gdswzdc9.f
ar -ruv   /gpfs/hps/nco/ops/nwtest/lib/ip/v2.0.0/cray/libip_v2.0.0_4.a gdswzdc9.o
a - gdswzdc9.o
rm -f gdswzdc9.o
ftn -c -O2 -O nopattern -s real32 -s integer32 gdswzdca.f
ar -ruv   /gpfs/hps/nco/ops/nwtest/lib/ip/v2.0.0/cray/libip_v2.0.0_4.a gdswzdca.o
a - gdswzdca.o
rm -f gdswzdca.o
ftn -c -O2 -O nopattern -s real32 -s integer32 gdswzdcb.f
ar -ruv   /gpfs/hps/nco/ops/nwtest/lib/ip/v2.0.0/cray/libip_v2.0.0_4.a gdswzdcb.o
a - gdswzdcb.o
rm -f gdswzdcb.o
ftn -c -O2 -O nopattern -s real32 -s integer32 gdswzdcd.f
ar -ruv   /gpfs/hps/nco/ops/nwtest/lib/ip/v2.0.0/cray/libip_v2.0.0_4.a gdswzdcd.o
a - gdswzdcd.o
rm -f gdswzdcd.o
ftn -c -O2 -O nopattern -s real32 -s integer32 ijkgds.f
ar -ruv   /gpfs/hps/nco/ops/nwtest/lib/ip/v2.0.0/cray/libip_v2.0.0_4.a ijkgds.o
a - ijkgds.o
rm -f ijkgds.o
ftn -c -O2 -O nopattern -s real32 -s integer32 ijkgds0.f
ar -ruv   /gpfs/hps/nco/ops/nwtest/lib/ip/v2.0.0/cray/libip_v2.0.0_4.a ijkgds0.o
a - ijkgds0.o
rm -f ijkgds0.o
ftn -c -O2 -O nopattern -s real32 -s integer32 ijkgds1.f
ar -ruv   /gpfs/hps/nco/ops/nwtest/lib/ip/v2.0.0/cray/libip_v2.0.0_4.a ijkgds1.o
a - ijkgds1.o
rm -f ijkgds1.o
ftn -c -O2 -O nopattern -s real32 -s integer32 ipmerge2.f
ar -ruv   /gpfs/hps/nco/ops/nwtest/lib/ip/v2.0.0/cray/libip_v2.0.0_4.a ipmerge2.o
a - ipmerge2.o
rm -f ipmerge2.o
ftn -c -O2 -O nopattern -s real32 -s integer32 ipolates.f

CMIC$ DO ALL AUTOSCOPE
      ^                
ftn-801 crayftn: WARNING IPOLATES, File = ipolates.f, Line = 194, Column = 7 
  Unsupported compiler directive.

Cray Fortran : Version 8.3.10 (u83060f83215i83183p83328a83009e83011z83328)
Cray Fortran :                (x8320r83015w83011t8311b83039)
Cray Fortran : Fri Jan 08, 2016  17:53:43
Cray Fortran : Compile time:  0.0640 seconds
Cray Fortran : 205 source lines
Cray Fortran : 0 errors, 1 warnings, 0 other messages, 0 ansi
Cray Fortran : "explain ftn-message number" gives more information about each message.
ar -ruv   /gpfs/hps/nco/ops/nwtest/lib/ip/v2.0.0/cray/libip_v2.0.0_4.a ipolates.o
a - ipolates.o
rm -f ipolates.o
ftn -c -O2 -O nopattern -s real32 -s integer32 ipolatev.f

CMIC$ DO ALL AUTOSCOPE
      ^                
ftn-801 crayftn: WARNING IPOLATEV, File = ipolatev.f, Line = 220, Column = 7 
  Unsupported compiler directive.

Cray Fortran : Version 8.3.10 (u83060f83215i83183p83328a83009e83011z83328)
Cray Fortran :                (x8320r83015w83011t8311b83039)
Cray Fortran : Fri Jan 08, 2016  17:53:43
Cray Fortran : Compile time:  0.0720 seconds
Cray Fortran : 238 source lines
Cray Fortran : 0 errors, 1 warnings, 0 other messages, 0 ansi
Cray Fortran : "explain ftn-message number" gives more information about each message.
ar -ruv   /gpfs/hps/nco/ops/nwtest/lib/ip/v2.0.0/cray/libip_v2.0.0_4.a ipolatev.o
a - ipolatev.o
rm -f ipolatev.o
ftn -c -O2 -O nopattern -s real32 -s integer32 ipsector.f
ar -ruv   /gpfs/hps/nco/ops/nwtest/lib/ip/v2.0.0/cray/libip_v2.0.0_4.a ipsector.o
a - ipsector.o
rm -f ipsector.o
ftn -c -O2 -O nopattern -s real32 -s integer32 ipspaste.f
ar -ruv   /gpfs/hps/nco/ops/nwtest/lib/ip/v2.0.0/cray/libip_v2.0.0_4.a ipspaste.o
a - ipspaste.o
rm -f ipspaste.o
ftn -c -O2 -O nopattern -s real32 -s integer32 ipxetas.f
ar -ruv   /gpfs/hps/nco/ops/nwtest/lib/ip/v2.0.0/cray/libip_v2.0.0_4.a ipxetas.o
a - ipxetas.o
rm -f ipxetas.o
ftn -c -O2 -O nopattern -s real32 -s integer32 ipxwafs.f
ar -ruv   /gpfs/hps/nco/ops/nwtest/lib/ip/v2.0.0/cray/libip_v2.0.0_4.a ipxwafs.o
a - ipxwafs.o
rm -f ipxwafs.o
ftn -c -O2 -O nopattern -s real32 -s integer32 ipxwafs2.f
ar -ruv   /gpfs/hps/nco/ops/nwtest/lib/ip/v2.0.0/cray/libip_v2.0.0_4.a ipxwafs2.o
a - ipxwafs2.o
rm -f ipxwafs2.o
ftn -c -O2 -O nopattern -s real32 -s integer32 ipxwafs3.f
ar -ruv   /gpfs/hps/nco/ops/nwtest/lib/ip/v2.0.0/cray/libip_v2.0.0_4.a ipxwafs3.o
a - ipxwafs3.o
rm -f ipxwafs3.o
ftn -c -O2 -O nopattern -s real32 -s integer32 makgds.f
ar -ruv   /gpfs/hps/nco/ops/nwtest/lib/ip/v2.0.0/cray/libip_v2.0.0_4.a makgds.o
a - makgds.o
rm -f makgds.o
ftn -c -O2 -O nopattern -s real32 -s integer32 movect.f
ar -ruv   /gpfs/hps/nco/ops/nwtest/lib/ip/v2.0.0/cray/libip_v2.0.0_4.a movect.o
a - movect.o
rm -f movect.o
ftn -c -O2 -O nopattern -s real32 -s integer32 polateg0.f

CMIC$ DO ALL AUTOSCOPE
      ^                
ftn-801 crayftn: WARNING POLATEG0, File = polateg0.f, Line = 186, Column = 7 
  Unsupported compiler directive.

Cray Fortran : Version 8.3.10 (u83060f83215i83183p83328a83009e83011z83328)
Cray Fortran :                (x8320r83015w83011t8311b83039)
Cray Fortran : Fri Jan 08, 2016  17:53:44
Cray Fortran : Compile time:  0.1800 seconds
Cray Fortran : 211 source lines
Cray Fortran : 0 errors, 1 warnings, 0 other messages, 0 ansi
Cray Fortran : "explain ftn-message number" gives more information about each message.
ar -ruv   /gpfs/hps/nco/ops/nwtest/lib/ip/v2.0.0/cray/libip_v2.0.0_4.a polateg0.o
a - polateg0.o
rm -f polateg0.o
ftn -c -O2 -O nopattern -s real32 -s integer32 polateg1.f

CMIC$ DO ALL AUTOSCOPE
      ^                
ftn-801 crayftn: WARNING POLATEG1, File = polateg1.f, Line = 143, Column = 7 
  Unsupported compiler directive.

CMIC$ DO ALL AUTOSCOPE
      ^                
ftn-801 crayftn: WARNING POLATEG1, File = polateg1.f, Line = 209, Column = 7 
  Unsupported compiler directive.

CMIC$ DO ALL AUTOSCOPE
      ^                
ftn-801 crayftn: WARNING POLATEG1, File = polateg1.f, Line = 281, Column = 7 
  Unsupported compiler directive.

CMIC$ DO ALL AUTOSCOPE
      ^                
ftn-801 crayftn: WARNING POLATEG1, File = polateg1.f, Line = 353, Column = 7 
  Unsupported compiler directive.

CMIC$ DO ALL AUTOSCOPE
      ^                
ftn-801 crayftn: WARNING POLATEG1, File = polateg1.f, Line = 425, Column = 7 
  Unsupported compiler directive.

                XO(N,K)=WX11L(N)*G11+WX21L(N)*G21
ftn-7212 crayftn: WARNING POLATEG1, File = polateg1.f, Line = 442 
  Variable "wx22l()" is used before it is defined.
ftn-7212 crayftn: WARNING POLATEG1, File = polateg1.f, Line = 442 
  Variable "wx11l()" is used before it is defined.
ftn-7212 crayftn: WARNING POLATEG1, File = polateg1.f, Line = 442 
  Variable "wx21l()" is used before it is defined.

                YO(N,K)=WY11L(N)*G11+WY21L(N)*G21
ftn-7212 crayftn: WARNING POLATEG1, File = polateg1.f, Line = 444 
  Variable "wy22l()" is used before it is defined.
ftn-7212 crayftn: WARNING POLATEG1, File = polateg1.f, Line = 444 
  Variable "wy11l()" is used before it is defined.
ftn-7212 crayftn: WARNING POLATEG1, File = polateg1.f, Line = 444 
  Variable "wy21l()" is used before it is defined.

Cray Fortran : Version 8.3.10 (u83060f83215i83183p83328a83009e83011z83328)
Cray Fortran :                (x8320r83015w83011t8311b83039)
Cray Fortran : Fri Jan 08, 2016  17:53:45
Cray Fortran : Compile time:  0.3240 seconds
Cray Fortran : 462 source lines
Cray Fortran : 0 errors, 11 warnings, 0 other messages, 0 ansi
Cray Fortran : "explain ftn-message number" gives more information about each message.
ar -ruv   /gpfs/hps/nco/ops/nwtest/lib/ip/v2.0.0/cray/libip_v2.0.0_4.a polateg1.o
a - polateg1.o
rm -f polateg1.o
ftn -c -O2 -O nopattern -s real32 -s integer32 polateg4.f

CMIC$ DO ALL AUTOSCOPE
      ^                
ftn-801 crayftn: WARNING POLATEG4, File = polateg4.f, Line = 226, Column = 7 
  Unsupported compiler directive.

Cray Fortran : Version 8.3.10 (u83060f83215i83183p83328a83009e83011z83328)
Cray Fortran :                (x8320r83015w83011t8311b83039)
Cray Fortran : Fri Jan 08, 2016  17:53:45
Cray Fortran : Compile time:  0.1520 seconds
Cray Fortran : 237 source lines
Cray Fortran : 0 errors, 1 warnings, 0 other messages, 0 ansi
Cray Fortran : "explain ftn-message number" gives more information about each message.
ar -ruv   /gpfs/hps/nco/ops/nwtest/lib/ip/v2.0.0/cray/libip_v2.0.0_4.a polateg4.o
a - polateg4.o
rm -f polateg4.o
ftn -c -O2 -O nopattern -s real32 -s integer32 polates0.f
ar -ruv   /gpfs/hps/nco/ops/nwtest/lib/ip/v2.0.0/cray/libip_v2.0.0_4.a polates0.o
a - polates0.o
rm -f polates0.o
ftn -c -O2 -O nopattern -s real32 -s integer32 polates1.f
ar -ruv   /gpfs/hps/nco/ops/nwtest/lib/ip/v2.0.0/cray/libip_v2.0.0_4.a polates1.o
a - polates1.o
rm -f polates1.o
ftn -c -O2 -O nopattern -s real32 -s integer32 polates2.f
ar -ruv   /gpfs/hps/nco/ops/nwtest/lib/ip/v2.0.0/cray/libip_v2.0.0_4.a polates2.o
a - polates2.o
rm -f polates2.o
ftn -c -O2 -O nopattern -s real32 -s integer32 polates3.f

CMIC$ DO ALL AUTOSCOPE
      ^                
ftn-801 crayftn: WARNING POLATES3, File = polates3.f, Line = 194, Column = 7 
  Unsupported compiler directive.

CMIC$ DO ALL AUTOSCOPE
      ^                
ftn-801 crayftn: WARNING POLATES3, File = polates3.f, Line = 262, Column = 7 
  Unsupported compiler directive.

CMIC$ DO ALL AUTOSCOPE
      ^                
ftn-801 crayftn: WARNING POLATES3, File = polates3.f, Line = 296, Column = 7 
  Unsupported compiler directive.

Cray Fortran : Version 8.3.10 (u83060f83215i83183p83328a83009e83011z83328)
Cray Fortran :                (x8320r83015w83011t8311b83039)
Cray Fortran : Fri Jan 08, 2016  17:53:46
Cray Fortran : Compile time:  0.3520 seconds
Cray Fortran : 358 source lines
Cray Fortran : 0 errors, 3 warnings, 0 other messages, 0 ansi
Cray Fortran : "explain ftn-message number" gives more information about each message.
ar -ruv   /gpfs/hps/nco/ops/nwtest/lib/ip/v2.0.0/cray/libip_v2.0.0_4.a polates3.o
a - polates3.o
rm -f polates3.o
ftn -c -O2 -O nopattern -s real32 -s integer32 polates4.f

CMIC$ DO ALL AUTOSCOPE
      ^                
ftn-801 crayftn: WARNING POLATES4, File = polates4.f, Line = 261, Column = 7 
  Unsupported compiler directive.

CMIC$ DO ALL AUTOSCOPE
      ^                
ftn-801 crayftn: WARNING POLATES4, File = polates4.f, Line = 269, Column = 7 
  Unsupported compiler directive.

Cray Fortran : Version 8.3.10 (u83060f83215i83183p83328a83009e83011z83328)
Cray Fortran :                (x8320r83015w83011t8311b83039)
Cray Fortran : Fri Jan 08, 2016  17:53:47
Cray Fortran : Compile time:  0.1800 seconds
Cray Fortran : 279 source lines
Cray Fortran : 0 errors, 2 warnings, 0 other messages, 0 ansi
Cray Fortran : "explain ftn-message number" gives more information about each message.
ar -ruv   /gpfs/hps/nco/ops/nwtest/lib/ip/v2.0.0/cray/libip_v2.0.0_4.a polates4.o
a - polates4.o
rm -f polates4.o
ftn -c -O2 -O nopattern -s real32 -s integer32 polates6.f

CMIC$ DO ALL AUTOSCOPE
      ^                
ftn-801 crayftn: WARNING POLATES6, File = polates6.f, Line = 159, Column = 7 
  Unsupported compiler directive.

CMIC$ DO ALL AUTOSCOPE
      ^                
ftn-801 crayftn: WARNING POLATES6, File = polates6.f, Line = 202, Column = 7 
  Unsupported compiler directive.

CMIC$ DO ALL AUTOSCOPE
      ^                
ftn-801 crayftn: WARNING POLATES6, File = polates6.f, Line = 217, Column = 7 
  Unsupported compiler directive.

Cray Fortran : Version 8.3.10 (u83060f83215i83183p83328a83009e83011z83328)
Cray Fortran :                (x8320r83015w83011t8311b83039)
Cray Fortran : Fri Jan 08, 2016  17:53:47
Cray Fortran : Compile time:  0.2160 seconds
Cray Fortran : 232 source lines
Cray Fortran : 0 errors, 3 warnings, 0 other messages, 0 ansi
Cray Fortran : "explain ftn-message number" gives more information about each message.
ar -ruv   /gpfs/hps/nco/ops/nwtest/lib/ip/v2.0.0/cray/libip_v2.0.0_4.a polates6.o
a - polates6.o
rm -f polates6.o
ftn -c -O2 -O nopattern -s real32 -s integer32 polatev0.f
ar -ruv   /gpfs/hps/nco/ops/nwtest/lib/ip/v2.0.0/cray/libip_v2.0.0_4.a polatev0.o
a - polatev0.o
rm -f polatev0.o
ftn -c -O2 -O nopattern -s real32 -s integer32 polatev1.f
ar -ruv   /gpfs/hps/nco/ops/nwtest/lib/ip/v2.0.0/cray/libip_v2.0.0_4.a polatev1.o
a - polatev1.o
rm -f polatev1.o
ftn -c -O2 -O nopattern -s real32 -s integer32 polatev2.f
ar -ruv   /gpfs/hps/nco/ops/nwtest/lib/ip/v2.0.0/cray/libip_v2.0.0_4.a polatev2.o
a - polatev2.o
rm -f polatev2.o
ftn -c -O2 -O nopattern -s real32 -s integer32 polatev3.f

CMIC$ DO ALL AUTOSCOPE
      ^                
ftn-801 crayftn: WARNING POLATEV3, File = polatev3.f, Line = 189, Column = 7 
  Unsupported compiler directive.

CMIC$ DO ALL AUTOSCOPE
      ^                
ftn-801 crayftn: WARNING POLATEV3, File = polatev3.f, Line = 276, Column = 7 
  Unsupported compiler directive.

CMIC$ DO ALL AUTOSCOPE
      ^                
ftn-801 crayftn: WARNING POLATEV3, File = polatev3.f, Line = 331, Column = 7 
  Unsupported compiler directive.

Cray Fortran : Version 8.3.10 (u83060f83215i83183p83328a83009e83011z83328)
Cray Fortran :                (x8320r83015w83011t8311b83039)
Cray Fortran : Fri Jan 08, 2016  17:53:49
Cray Fortran : Compile time:  0.3600 seconds
Cray Fortran : 352 source lines
Cray Fortran : 0 errors, 3 warnings, 0 other messages, 0 ansi
Cray Fortran : "explain ftn-message number" gives more information about each message.
ar -ruv   /gpfs/hps/nco/ops/nwtest/lib/ip/v2.0.0/cray/libip_v2.0.0_4.a polatev3.o
a - polatev3.o
rm -f polatev3.o
ftn -c -O2 -O nopattern -s real32 -s integer32 polatev4.f

CMIC$ DO ALL AUTOSCOPE
      ^                
ftn-801 crayftn: WARNING POLATEV4, File = polatev4.f, Line = 286, Column = 7 
  Unsupported compiler directive.

CMIC$ DO ALL AUTOSCOPE
      ^                
ftn-801 crayftn: WARNING POLATEV4, File = polatev4.f, Line = 299, Column = 7 
  Unsupported compiler directive.

Cray Fortran : Version 8.3.10 (u83060f83215i83183p83328a83009e83011z83328)
Cray Fortran :                (x8320r83015w83011t8311b83039)
Cray Fortran : Fri Jan 08, 2016  17:53:49
Cray Fortran : Compile time:  0.2240 seconds
Cray Fortran : 310 source lines
Cray Fortran : 0 errors, 2 warnings, 0 other messages, 0 ansi
Cray Fortran : "explain ftn-message number" gives more information about each message.
ar -ruv   /gpfs/hps/nco/ops/nwtest/lib/ip/v2.0.0/cray/libip_v2.0.0_4.a polatev4.o
a - polatev4.o
rm -f polatev4.o
ftn -c -O2 -O nopattern -s real32 -s integer32 polatev6.f

CMIC$ DO ALL AUTOSCOPE
      ^                
ftn-801 crayftn: WARNING POLATEV6, File = polatev6.f, Line = 173, Column = 7 
  Unsupported compiler directive.

CMIC$ DO ALL AUTOSCOPE
      ^                
ftn-801 crayftn: WARNING POLATEV6, File = polatev6.f, Line = 223, Column = 7 
  Unsupported compiler directive.

CMIC$ DO ALL AUTOSCOPE
      ^                
ftn-801 crayftn: WARNING POLATEV6, File = polatev6.f, Line = 241, Column = 7 
  Unsupported compiler directive.

Cray Fortran : Version 8.3.10 (u83060f83215i83183p83328a83009e83011z83328)
Cray Fortran :                (x8320r83015w83011t8311b83039)
Cray Fortran : Fri Jan 08, 2016  17:53:49
Cray Fortran : Compile time:  0.2600 seconds
Cray Fortran : 262 source lines
Cray Fortran : 0 errors, 3 warnings, 0 other messages, 0 ansi
Cray Fortran : "explain ftn-message number" gives more information about each message.
ar -ruv   /gpfs/hps/nco/ops/nwtest/lib/ip/v2.0.0/cray/libip_v2.0.0_4.a polatev6.o
a - polatev6.o
rm -f polatev6.o
ftn -c -O2 -O nopattern -s real32 -s integer32 polfixs.f

CMIC$ DO ALL AUTOSCOPE
      ^                
ftn-801 crayftn: WARNING POLFIXS, File = polfixs.f, Line = 51, Column = 7 
  Unsupported compiler directive.

Cray Fortran : Version 8.3.10 (u83060f83215i83183p83328a83009e83011z83328)
Cray Fortran :                (x8320r83015w83011t8311b83039)
Cray Fortran : Fri Jan 08, 2016  17:53:49
Cray Fortran : Compile time:  0.0880 seconds
Cray Fortran : 104 source lines
Cray Fortran : 0 errors, 1 warnings, 0 other messages, 0 ansi
Cray Fortran : "explain ftn-message number" gives more information about each message.
ar -ruv   /gpfs/hps/nco/ops/nwtest/lib/ip/v2.0.0/cray/libip_v2.0.0_4.a polfixs.o
a - polfixs.o
rm -f polfixs.o
ftn -c -O2 -O nopattern -s real32 -s integer32 polfixv.f

CMIC$ DO ALL AUTOSCOPE
      ^                
ftn-801 crayftn: WARNING POLFIXV, File = polfixv.f, Line = 62, Column = 7 
  Unsupported compiler directive.

Cray Fortran : Version 8.3.10 (u83060f83215i83183p83328a83009e83011z83328)
Cray Fortran :                (x8320r83015w83011t8311b83039)
Cray Fortran : Fri Jan 08, 2016  17:53:50
Cray Fortran : Compile time:  0.1160 seconds
Cray Fortran : 125 source lines
Cray Fortran : 0 errors, 1 warnings, 0 other messages, 0 ansi
Cray Fortran : "explain ftn-message number" gives more information about each message.
ar -ruv   /gpfs/hps/nco/ops/nwtest/lib/ip/v2.0.0/cray/libip_v2.0.0_4.a polfixv.o
a - polfixv.o
rm -f polfixv.o
ftn -c -O2 -O nopattern -s real64 -s integer64 gausslat.f
ar -ruv   /gpfs/hps/nco/ops/nwtest/lib/ip/v2.0.0/cray/libip_v2.0.0_8.a gausslat.o
ar: creating /gpfs/hps/nco/ops/nwtest/lib/ip/v2.0.0/cray/libip_v2.0.0_8.a
a - gausslat.o
rm -f gausslat.o
ftn -c -O2 -O nopattern -s real64 -s integer64 gcdist.f
ar -ruv   /gpfs/hps/nco/ops/nwtest/lib/ip/v2.0.0/cray/libip_v2.0.0_8.a gcdist.o
a - gcdist.o
rm -f gcdist.o
ftn -c -O2 -O nopattern -s real64 -s integer64 gdsawt.f
ar -ruv   /gpfs/hps/nco/ops/nwtest/lib/ip/v2.0.0/cray/libip_v2.0.0_8.a gdsawt.o
a - gdsawt.o
rm -f gdsawt.o
ftn -c -O2 -O nopattern -s real64 -s integer64 gdswiz.f
ar -ruv   /gpfs/hps/nco/ops/nwtest/lib/ip/v2.0.0/cray/libip_v2.0.0_8.a gdswiz.o
a - gdswiz.o
rm -f gdswiz.o
ftn -c -O2 -O nopattern -s real64 -s integer64 gdswiz00.f
ar -ruv   /gpfs/hps/nco/ops/nwtest/lib/ip/v2.0.0/cray/libip_v2.0.0_8.a gdswiz00.o
a - gdswiz00.o
rm -f gdswiz00.o
ftn -c -O2 -O nopattern -s real64 -s integer64 gdswiz01.f
ar -ruv   /gpfs/hps/nco/ops/nwtest/lib/ip/v2.0.0/cray/libip_v2.0.0_8.a gdswiz01.o
a - gdswiz01.o
rm -f gdswiz01.o
ftn -c -O2 -O nopattern -s real64 -s integer64 gdswiz03.f
ar -ruv   /gpfs/hps/nco/ops/nwtest/lib/ip/v2.0.0/cray/libip_v2.0.0_8.a gdswiz03.o
a - gdswiz03.o
rm -f gdswiz03.o
ftn -c -O2 -O nopattern -s real64 -s integer64 gdswiz04.f
ar -ruv   /gpfs/hps/nco/ops/nwtest/lib/ip/v2.0.0/cray/libip_v2.0.0_8.a gdswiz04.o
a - gdswiz04.o
rm -f gdswiz04.o
ftn -c -O2 -O nopattern -s real64 -s integer64 gdswiz05.f
ar -ruv   /gpfs/hps/nco/ops/nwtest/lib/ip/v2.0.0/cray/libip_v2.0.0_8.a gdswiz05.o
a - gdswiz05.o
rm -f gdswiz05.o
ftn -c -O2 -O nopattern -s real64 -s integer64 gdswizc9.f
ar -ruv   /gpfs/hps/nco/ops/nwtest/lib/ip/v2.0.0/cray/libip_v2.0.0_8.a gdswizc9.o
a - gdswizc9.o
rm -f gdswizc9.o
ftn -c -O2 -O nopattern -s real64 -s integer64 gdswizca.f
ar -ruv   /gpfs/hps/nco/ops/nwtest/lib/ip/v2.0.0/cray/libip_v2.0.0_8.a gdswizca.o
a - gdswizca.o
rm -f gdswizca.o
ftn -c -O2 -O nopattern -s real64 -s integer64 gdswizcb.f
ar -ruv   /gpfs/hps/nco/ops/nwtest/lib/ip/v2.0.0/cray/libip_v2.0.0_8.a gdswizcb.o
a - gdswizcb.o
rm -f gdswizcb.o
ftn -c -O2 -O nopattern -s real64 -s integer64 gdswizcd.f
ar -ruv   /gpfs/hps/nco/ops/nwtest/lib/ip/v2.0.0/cray/libip_v2.0.0_8.a gdswizcd.o
a - gdswizcd.o
rm -f gdswizcd.o
ftn -c -O2 -O nopattern -s real64 -s integer64 gdswzd.f
ar -ruv   /gpfs/hps/nco/ops/nwtest/lib/ip/v2.0.0/cray/libip_v2.0.0_8.a gdswzd.o
a - gdswzd.o
rm -f gdswzd.o
ftn -c -O2 -O nopattern -s real64 -s integer64 gdswzd00.f
ar -ruv   /gpfs/hps/nco/ops/nwtest/lib/ip/v2.0.0/cray/libip_v2.0.0_8.a gdswzd00.o
a - gdswzd00.o
rm -f gdswzd00.o
ftn -c -O2 -O nopattern -s real64 -s integer64 gdswzd01.f
ar -ruv   /gpfs/hps/nco/ops/nwtest/lib/ip/v2.0.0/cray/libip_v2.0.0_8.a gdswzd01.o
a - gdswzd01.o
rm -f gdswzd01.o
ftn -c -O2 -O nopattern -s real64 -s integer64 gdswzd03.f
ar -ruv   /gpfs/hps/nco/ops/nwtest/lib/ip/v2.0.0/cray/libip_v2.0.0_8.a gdswzd03.o
a - gdswzd03.o
rm -f gdswzd03.o
ftn -c -O2 -O nopattern -s real64 -s integer64 gdswzd04.f
ar -ruv   /gpfs/hps/nco/ops/nwtest/lib/ip/v2.0.0/cray/libip_v2.0.0_8.a gdswzd04.o
a - gdswzd04.o
rm -f gdswzd04.o
ftn -c -O2 -O nopattern -s real64 -s integer64 gdswzd05.f
ar -ruv   /gpfs/hps/nco/ops/nwtest/lib/ip/v2.0.0/cray/libip_v2.0.0_8.a gdswzd05.o
a - gdswzd05.o
rm -f gdswzd05.o
ftn -c -O2 -O nopattern -s real64 -s integer64 gdswzdc9.f
ar -ruv   /gpfs/hps/nco/ops/nwtest/lib/ip/v2.0.0/cray/libip_v2.0.0_8.a gdswzdc9.o
a - gdswzdc9.o
rm -f gdswzdc9.o
ftn -c -O2 -O nopattern -s real64 -s integer64 gdswzdca.f
ar -ruv   /gpfs/hps/nco/ops/nwtest/lib/ip/v2.0.0/cray/libip_v2.0.0_8.a gdswzdca.o
a - gdswzdca.o
rm -f gdswzdca.o
ftn -c -O2 -O nopattern -s real64 -s integer64 gdswzdcb.f
ar -ruv   /gpfs/hps/nco/ops/nwtest/lib/ip/v2.0.0/cray/libip_v2.0.0_8.a gdswzdcb.o
a - gdswzdcb.o
rm -f gdswzdcb.o
ftn -c -O2 -O nopattern -s real64 -s integer64 gdswzdcd.f
ar -ruv   /gpfs/hps/nco/ops/nwtest/lib/ip/v2.0.0/cray/libip_v2.0.0_8.a gdswzdcd.o
a - gdswzdcd.o
rm -f gdswzdcd.o
ftn -c -O2 -O nopattern -s real64 -s integer64 ijkgds.f
ar -ruv   /gpfs/hps/nco/ops/nwtest/lib/ip/v2.0.0/cray/libip_v2.0.0_8.a ijkgds.o
a - ijkgds.o
rm -f ijkgds.o
ftn -c -O2 -O nopattern -s real64 -s integer64 ijkgds0.f
ar -ruv   /gpfs/hps/nco/ops/nwtest/lib/ip/v2.0.0/cray/libip_v2.0.0_8.a ijkgds0.o
a - ijkgds0.o
rm -f ijkgds0.o
ftn -c -O2 -O nopattern -s real64 -s integer64 ijkgds1.f
ar -ruv   /gpfs/hps/nco/ops/nwtest/lib/ip/v2.0.0/cray/libip_v2.0.0_8.a ijkgds1.o
a - ijkgds1.o
rm -f ijkgds1.o
ftn -c -O2 -O nopattern -s real64 -s integer64 ipmerge2.f
ar -ruv   /gpfs/hps/nco/ops/nwtest/lib/ip/v2.0.0/cray/libip_v2.0.0_8.a ipmerge2.o
a - ipmerge2.o
rm -f ipmerge2.o
ftn -c -O2 -O nopattern -s real64 -s integer64 ipolates.f

CMIC$ DO ALL AUTOSCOPE
      ^                
ftn-801 crayftn: WARNING IPOLATES, File = ipolates.f, Line = 194, Column = 7 
  Unsupported compiler directive.

Cray Fortran : Version 8.3.10 (u83060f83215i83183p83328a83009e83011z83328)
Cray Fortran :                (x8320r83015w83011t8311b83039)
Cray Fortran : Fri Jan 08, 2016  17:53:54
Cray Fortran : Compile time:  0.0560 seconds
Cray Fortran : 205 source lines
Cray Fortran : 0 errors, 1 warnings, 0 other messages, 0 ansi
Cray Fortran : "explain ftn-message number" gives more information about each message.
ar -ruv   /gpfs/hps/nco/ops/nwtest/lib/ip/v2.0.0/cray/libip_v2.0.0_8.a ipolates.o
a - ipolates.o
rm -f ipolates.o
ftn -c -O2 -O nopattern -s real64 -s integer64 ipolatev.f

CMIC$ DO ALL AUTOSCOPE
      ^                
ftn-801 crayftn: WARNING IPOLATEV, File = ipolatev.f, Line = 220, Column = 7 
  Unsupported compiler directive.

Cray Fortran : Version 8.3.10 (u83060f83215i83183p83328a83009e83011z83328)
Cray Fortran :                (x8320r83015w83011t8311b83039)
Cray Fortran : Fri Jan 08, 2016  17:53:54
Cray Fortran : Compile time:  0.0640 seconds
Cray Fortran : 238 source lines
Cray Fortran : 0 errors, 1 warnings, 0 other messages, 0 ansi
Cray Fortran : "explain ftn-message number" gives more information about each message.
ar -ruv   /gpfs/hps/nco/ops/nwtest/lib/ip/v2.0.0/cray/libip_v2.0.0_8.a ipolatev.o
a - ipolatev.o
rm -f ipolatev.o
ftn -c -O2 -O nopattern -s real64 -s integer64 ipsector.f
ar -ruv   /gpfs/hps/nco/ops/nwtest/lib/ip/v2.0.0/cray/libip_v2.0.0_8.a ipsector.o
a - ipsector.o
rm -f ipsector.o
ftn -c -O2 -O nopattern -s real64 -s integer64 ipspaste.f
ar -ruv   /gpfs/hps/nco/ops/nwtest/lib/ip/v2.0.0/cray/libip_v2.0.0_8.a ipspaste.o
a - ipspaste.o
rm -f ipspaste.o
ftn -c -O2 -O nopattern -s real64 -s integer64 ipxetas.f
ar -ruv   /gpfs/hps/nco/ops/nwtest/lib/ip/v2.0.0/cray/libip_v2.0.0_8.a ipxetas.o
a - ipxetas.o
rm -f ipxetas.o
ftn -c -O2 -O nopattern -s real64 -s integer64 ipxwafs.f
ar -ruv   /gpfs/hps/nco/ops/nwtest/lib/ip/v2.0.0/cray/libip_v2.0.0_8.a ipxwafs.o
a - ipxwafs.o
rm -f ipxwafs.o
ftn -c -O2 -O nopattern -s real64 -s integer64 ipxwafs2.f
ar -ruv   /gpfs/hps/nco/ops/nwtest/lib/ip/v2.0.0/cray/libip_v2.0.0_8.a ipxwafs2.o
a - ipxwafs2.o
rm -f ipxwafs2.o
ftn -c -O2 -O nopattern -s real64 -s integer64 ipxwafs3.f
ar -ruv   /gpfs/hps/nco/ops/nwtest/lib/ip/v2.0.0/cray/libip_v2.0.0_8.a ipxwafs3.o
a - ipxwafs3.o
rm -f ipxwafs3.o
ftn -c -O2 -O nopattern -s real64 -s integer64 makgds.f
ar -ruv   /gpfs/hps/nco/ops/nwtest/lib/ip/v2.0.0/cray/libip_v2.0.0_8.a makgds.o
a - makgds.o
rm -f makgds.o
ftn -c -O2 -O nopattern -s real64 -s integer64 movect.f
ar -ruv   /gpfs/hps/nco/ops/nwtest/lib/ip/v2.0.0/cray/libip_v2.0.0_8.a movect.o
a - movect.o
rm -f movect.o
ftn -c -O2 -O nopattern -s real64 -s integer64 polateg0.f

CMIC$ DO ALL AUTOSCOPE
      ^                
ftn-801 crayftn: WARNING POLATEG0, File = polateg0.f, Line = 186, Column = 7 
  Unsupported compiler directive.

Cray Fortran : Version 8.3.10 (u83060f83215i83183p83328a83009e83011z83328)
Cray Fortran :                (x8320r83015w83011t8311b83039)
Cray Fortran : Fri Jan 08, 2016  17:53:55
Cray Fortran : Compile time:  0.1840 seconds
Cray Fortran : 211 source lines
Cray Fortran : 0 errors, 1 warnings, 0 other messages, 0 ansi
Cray Fortran : "explain ftn-message number" gives more information about each message.
ar -ruv   /gpfs/hps/nco/ops/nwtest/lib/ip/v2.0.0/cray/libip_v2.0.0_8.a polateg0.o
a - polateg0.o
rm -f polateg0.o
ftn -c -O2 -O nopattern -s real64 -s integer64 polateg1.f

CMIC$ DO ALL AUTOSCOPE
      ^                
ftn-801 crayftn: WARNING POLATEG1, File = polateg1.f, Line = 143, Column = 7 
  Unsupported compiler directive.

CMIC$ DO ALL AUTOSCOPE
      ^                
ftn-801 crayftn: WARNING POLATEG1, File = polateg1.f, Line = 209, Column = 7 
  Unsupported compiler directive.

CMIC$ DO ALL AUTOSCOPE
      ^                
ftn-801 crayftn: WARNING POLATEG1, File = polateg1.f, Line = 281, Column = 7 
  Unsupported compiler directive.

CMIC$ DO ALL AUTOSCOPE
      ^                
ftn-801 crayftn: WARNING POLATEG1, File = polateg1.f, Line = 353, Column = 7 
  Unsupported compiler directive.

CMIC$ DO ALL AUTOSCOPE
      ^                
ftn-801 crayftn: WARNING POLATEG1, File = polateg1.f, Line = 425, Column = 7 
  Unsupported compiler directive.

                XO(N,K)=WX11L(N)*G11+WX21L(N)*G21
ftn-7212 crayftn: WARNING POLATEG1, File = polateg1.f, Line = 442 
  Variable "wx22l()" is used before it is defined.
ftn-7212 crayftn: WARNING POLATEG1, File = polateg1.f, Line = 442 
  Variable "wx11l()" is used before it is defined.
ftn-7212 crayftn: WARNING POLATEG1, File = polateg1.f, Line = 442 
  Variable "wx21l()" is used before it is defined.

                YO(N,K)=WY11L(N)*G11+WY21L(N)*G21
ftn-7212 crayftn: WARNING POLATEG1, File = polateg1.f, Line = 444 
  Variable "wy22l()" is used before it is defined.
ftn-7212 crayftn: WARNING POLATEG1, File = polateg1.f, Line = 444 
  Variable "wy11l()" is used before it is defined.
ftn-7212 crayftn: WARNING POLATEG1, File = polateg1.f, Line = 444 
  Variable "wy21l()" is used before it is defined.

Cray Fortran : Version 8.3.10 (u83060f83215i83183p83328a83009e83011z83328)
Cray Fortran :                (x8320r83015w83011t8311b83039)
Cray Fortran : Fri Jan 08, 2016  17:53:55
Cray Fortran : Compile time:  0.3400 seconds
Cray Fortran : 462 source lines
Cray Fortran : 0 errors, 11 warnings, 0 other messages, 0 ansi
Cray Fortran : "explain ftn-message number" gives more information about each message.
ar -ruv   /gpfs/hps/nco/ops/nwtest/lib/ip/v2.0.0/cray/libip_v2.0.0_8.a polateg1.o
a - polateg1.o
rm -f polateg1.o
ftn -c -O2 -O nopattern -s real64 -s integer64 polateg4.f

CMIC$ DO ALL AUTOSCOPE
      ^                
ftn-801 crayftn: WARNING POLATEG4, File = polateg4.f, Line = 226, Column = 7 
  Unsupported compiler directive.

Cray Fortran : Version 8.3.10 (u83060f83215i83183p83328a83009e83011z83328)
Cray Fortran :                (x8320r83015w83011t8311b83039)
Cray Fortran : Fri Jan 08, 2016  17:53:56
Cray Fortran : Compile time:  0.1440 seconds
Cray Fortran : 237 source lines
Cray Fortran : 0 errors, 1 warnings, 0 other messages, 0 ansi
Cray Fortran : "explain ftn-message number" gives more information about each message.
ar -ruv   /gpfs/hps/nco/ops/nwtest/lib/ip/v2.0.0/cray/libip_v2.0.0_8.a polateg4.o
a - polateg4.o
rm -f polateg4.o
ftn -c -O2 -O nopattern -s real64 -s integer64 polates0.f
ar -ruv   /gpfs/hps/nco/ops/nwtest/lib/ip/v2.0.0/cray/libip_v2.0.0_8.a polates0.o
a - polates0.o
rm -f polates0.o
ftn -c -O2 -O nopattern -s real64 -s integer64 polates1.f
ar -ruv   /gpfs/hps/nco/ops/nwtest/lib/ip/v2.0.0/cray/libip_v2.0.0_8.a polates1.o
a - polates1.o
rm -f polates1.o
ftn -c -O2 -O nopattern -s real64 -s integer64 polates2.f
ar -ruv   /gpfs/hps/nco/ops/nwtest/lib/ip/v2.0.0/cray/libip_v2.0.0_8.a polates2.o
a - polates2.o
rm -f polates2.o
ftn -c -O2 -O nopattern -s real64 -s integer64 polates3.f

CMIC$ DO ALL AUTOSCOPE
      ^                
ftn-801 crayftn: WARNING POLATES3, File = polates3.f, Line = 194, Column = 7 
  Unsupported compiler directive.

CMIC$ DO ALL AUTOSCOPE
      ^                
ftn-801 crayftn: WARNING POLATES3, File = polates3.f, Line = 262, Column = 7 
  Unsupported compiler directive.

CMIC$ DO ALL AUTOSCOPE
      ^                
ftn-801 crayftn: WARNING POLATES3, File = polates3.f, Line = 296, Column = 7 
  Unsupported compiler directive.

Cray Fortran : Version 8.3.10 (u83060f83215i83183p83328a83009e83011z83328)
Cray Fortran :                (x8320r83015w83011t8311b83039)
Cray Fortran : Fri Jan 08, 2016  17:53:57
Cray Fortran : Compile time:  0.3280 seconds
Cray Fortran : 358 source lines
Cray Fortran : 0 errors, 3 warnings, 0 other messages, 0 ansi
Cray Fortran : "explain ftn-message number" gives more information about each message.
ar -ruv   /gpfs/hps/nco/ops/nwtest/lib/ip/v2.0.0/cray/libip_v2.0.0_8.a polates3.o
a - polates3.o
rm -f polates3.o
ftn -c -O2 -O nopattern -s real64 -s integer64 polates4.f

CMIC$ DO ALL AUTOSCOPE
      ^                
ftn-801 crayftn: WARNING POLATES4, File = polates4.f, Line = 261, Column = 7 
  Unsupported compiler directive.

CMIC$ DO ALL AUTOSCOPE
      ^                
ftn-801 crayftn: WARNING POLATES4, File = polates4.f, Line = 269, Column = 7 
  Unsupported compiler directive.

Cray Fortran : Version 8.3.10 (u83060f83215i83183p83328a83009e83011z83328)
Cray Fortran :                (x8320r83015w83011t8311b83039)
Cray Fortran : Fri Jan 08, 2016  17:53:58
Cray Fortran : Compile time:  0.1720 seconds
Cray Fortran : 279 source lines
Cray Fortran : 0 errors, 2 warnings, 0 other messages, 0 ansi
Cray Fortran : "explain ftn-message number" gives more information about each message.
ar -ruv   /gpfs/hps/nco/ops/nwtest/lib/ip/v2.0.0/cray/libip_v2.0.0_8.a polates4.o
a - polates4.o
rm -f polates4.o
ftn -c -O2 -O nopattern -s real64 -s integer64 polates6.f

CMIC$ DO ALL AUTOSCOPE
      ^                
ftn-801 crayftn: WARNING POLATES6, File = polates6.f, Line = 159, Column = 7 
  Unsupported compiler directive.

CMIC$ DO ALL AUTOSCOPE
      ^                
ftn-801 crayftn: WARNING POLATES6, File = polates6.f, Line = 202, Column = 7 
  Unsupported compiler directive.

CMIC$ DO ALL AUTOSCOPE
      ^                
ftn-801 crayftn: WARNING POLATES6, File = polates6.f, Line = 217, Column = 7 
  Unsupported compiler directive.

Cray Fortran : Version 8.3.10 (u83060f83215i83183p83328a83009e83011z83328)
Cray Fortran :                (x8320r83015w83011t8311b83039)
Cray Fortran : Fri Jan 08, 2016  17:53:58
Cray Fortran : Compile time:  0.2040 seconds
Cray Fortran : 232 source lines
Cray Fortran : 0 errors, 3 warnings, 0 other messages, 0 ansi
Cray Fortran : "explain ftn-message number" gives more information about each message.
ar -ruv   /gpfs/hps/nco/ops/nwtest/lib/ip/v2.0.0/cray/libip_v2.0.0_8.a polates6.o
a - polates6.o
rm -f polates6.o
ftn -c -O2 -O nopattern -s real64 -s integer64 polatev0.f
ar -ruv   /gpfs/hps/nco/ops/nwtest/lib/ip/v2.0.0/cray/libip_v2.0.0_8.a polatev0.o
a - polatev0.o
rm -f polatev0.o
ftn -c -O2 -O nopattern -s real64 -s integer64 polatev1.f
ar -ruv   /gpfs/hps/nco/ops/nwtest/lib/ip/v2.0.0/cray/libip_v2.0.0_8.a polatev1.o
a - polatev1.o
rm -f polatev1.o
ftn -c -O2 -O nopattern -s real64 -s integer64 polatev2.f
ar -ruv   /gpfs/hps/nco/ops/nwtest/lib/ip/v2.0.0/cray/libip_v2.0.0_8.a polatev2.o
a - polatev2.o
rm -f polatev2.o
ftn -c -O2 -O nopattern -s real64 -s integer64 polatev3.f

CMIC$ DO ALL AUTOSCOPE
      ^                
ftn-801 crayftn: WARNING POLATEV3, File = polatev3.f, Line = 189, Column = 7 
  Unsupported compiler directive.

CMIC$ DO ALL AUTOSCOPE
      ^                
ftn-801 crayftn: WARNING POLATEV3, File = polatev3.f, Line = 276, Column = 7 
  Unsupported compiler directive.

CMIC$ DO ALL AUTOSCOPE
      ^                
ftn-801 crayftn: WARNING POLATEV3, File = polatev3.f, Line = 331, Column = 7 
  Unsupported compiler directive.

Cray Fortran : Version 8.3.10 (u83060f83215i83183p83328a83009e83011z83328)
Cray Fortran :                (x8320r83015w83011t8311b83039)
Cray Fortran : Fri Jan 08, 2016  17:53:59
Cray Fortran : Compile time:  0.3640 seconds
Cray Fortran : 352 source lines
Cray Fortran : 0 errors, 3 warnings, 0 other messages, 0 ansi
Cray Fortran : "explain ftn-message number" gives more information about each message.
ar -ruv   /gpfs/hps/nco/ops/nwtest/lib/ip/v2.0.0/cray/libip_v2.0.0_8.a polatev3.o
a - polatev3.o
rm -f polatev3.o
ftn -c -O2 -O nopattern -s real64 -s integer64 polatev4.f

CMIC$ DO ALL AUTOSCOPE
      ^                
ftn-801 crayftn: WARNING POLATEV4, File = polatev4.f, Line = 286, Column = 7 
  Unsupported compiler directive.

CMIC$ DO ALL AUTOSCOPE
      ^                
ftn-801 crayftn: WARNING POLATEV4, File = polatev4.f, Line = 299, Column = 7 
  Unsupported compiler directive.

Cray Fortran : Version 8.3.10 (u83060f83215i83183p83328a83009e83011z83328)
Cray Fortran :                (x8320r83015w83011t8311b83039)
Cray Fortran : Fri Jan 08, 2016  17:54:00
Cray Fortran : Compile time:  0.2040 seconds
Cray Fortran : 310 source lines
Cray Fortran : 0 errors, 2 warnings, 0 other messages, 0 ansi
Cray Fortran : "explain ftn-message number" gives more information about each message.
ar -ruv   /gpfs/hps/nco/ops/nwtest/lib/ip/v2.0.0/cray/libip_v2.0.0_8.a polatev4.o
a - polatev4.o
rm -f polatev4.o
ftn -c -O2 -O nopattern -s real64 -s integer64 polatev6.f

CMIC$ DO ALL AUTOSCOPE
      ^                
ftn-801 crayftn: WARNING POLATEV6, File = polatev6.f, Line = 173, Column = 7 
  Unsupported compiler directive.

CMIC$ DO ALL AUTOSCOPE
      ^                
ftn-801 crayftn: WARNING POLATEV6, File = polatev6.f, Line = 223, Column = 7 
  Unsupported compiler directive.

CMIC$ DO ALL AUTOSCOPE
      ^                
ftn-801 crayftn: WARNING POLATEV6, File = polatev6.f, Line = 241, Column = 7 
  Unsupported compiler directive.

Cray Fortran : Version 8.3.10 (u83060f83215i83183p83328a83009e83011z83328)
Cray Fortran :                (x8320r83015w83011t8311b83039)
Cray Fortran : Fri Jan 08, 2016  17:54:00
Cray Fortran : Compile time:  0.2480 seconds
Cray Fortran : 262 source lines
Cray Fortran : 0 errors, 3 warnings, 0 other messages, 0 ansi
Cray Fortran : "explain ftn-message number" gives more information about each message.
ar -ruv   /gpfs/hps/nco/ops/nwtest/lib/ip/v2.0.0/cray/libip_v2.0.0_8.a polatev6.o
a - polatev6.o
rm -f polatev6.o
ftn -c -O2 -O nopattern -s real64 -s integer64 polfixs.f

CMIC$ DO ALL AUTOSCOPE
      ^                
ftn-801 crayftn: WARNING POLFIXS, File = polfixs.f, Line = 51, Column = 7 
  Unsupported compiler directive.

Cray Fortran : Version 8.3.10 (u83060f83215i83183p83328a83009e83011z83328)
Cray Fortran :                (x8320r83015w83011t8311b83039)
Cray Fortran : Fri Jan 08, 2016  17:54:00
Cray Fortran : Compile time:  0.0880 seconds
Cray Fortran : 104 source lines
Cray Fortran : 0 errors, 1 warnings, 0 other messages, 0 ansi
Cray Fortran : "explain ftn-message number" gives more information about each message.
ar -ruv   /gpfs/hps/nco/ops/nwtest/lib/ip/v2.0.0/cray/libip_v2.0.0_8.a polfixs.o
a - polfixs.o
rm -f polfixs.o
ftn -c -O2 -O nopattern -s real64 -s integer64 polfixv.f

CMIC$ DO ALL AUTOSCOPE
      ^                
ftn-801 crayftn: WARNING POLFIXV, File = polfixv.f, Line = 62, Column = 7 
  Unsupported compiler directive.

Cray Fortran : Version 8.3.10 (u83060f83215i83183p83328a83009e83011z83328)
Cray Fortran :                (x8320r83015w83011t8311b83039)
Cray Fortran : Fri Jan 08, 2016  17:54:00
Cray Fortran : Compile time:  0.1120 seconds
Cray Fortran : 125 source lines
Cray Fortran : 0 errors, 1 warnings, 0 other messages, 0 ansi
Cray Fortran : "explain ftn-message number" gives more information about each message.
ar -ruv   /gpfs/hps/nco/ops/nwtest/lib/ip/v2.0.0/cray/libip_v2.0.0_8.a polfixv.o
a - polfixv.o
rm -f polfixv.o
ftn -c -O2 -O nopattern -s real64 -s integer32 gausslat.f
ar -ruv   /gpfs/hps/nco/ops/nwtest/lib/ip/v2.0.0/cray/libip_v2.0.0_d.a gausslat.o
ar: creating /gpfs/hps/nco/ops/nwtest/lib/ip/v2.0.0/cray/libip_v2.0.0_d.a
a - gausslat.o
rm -f gausslat.o
ftn -c -O2 -O nopattern -s real64 -s integer32 gcdist.f
ar -ruv   /gpfs/hps/nco/ops/nwtest/lib/ip/v2.0.0/cray/libip_v2.0.0_d.a gcdist.o
a - gcdist.o
rm -f gcdist.o
ftn -c -O2 -O nopattern -s real64 -s integer32 gdsawt.f
ar -ruv   /gpfs/hps/nco/ops/nwtest/lib/ip/v2.0.0/cray/libip_v2.0.0_d.a gdsawt.o
a - gdsawt.o
rm -f gdsawt.o
ftn -c -O2 -O nopattern -s real64 -s integer32 gdswiz.f
ar -ruv   /gpfs/hps/nco/ops/nwtest/lib/ip/v2.0.0/cray/libip_v2.0.0_d.a gdswiz.o
a - gdswiz.o
rm -f gdswiz.o
ftn -c -O2 -O nopattern -s real64 -s integer32 gdswiz00.f
ar -ruv   /gpfs/hps/nco/ops/nwtest/lib/ip/v2.0.0/cray/libip_v2.0.0_d.a gdswiz00.o
a - gdswiz00.o
rm -f gdswiz00.o
ftn -c -O2 -O nopattern -s real64 -s integer32 gdswiz01.f
ar -ruv   /gpfs/hps/nco/ops/nwtest/lib/ip/v2.0.0/cray/libip_v2.0.0_d.a gdswiz01.o
a - gdswiz01.o
rm -f gdswiz01.o
ftn -c -O2 -O nopattern -s real64 -s integer32 gdswiz03.f
ar -ruv   /gpfs/hps/nco/ops/nwtest/lib/ip/v2.0.0/cray/libip_v2.0.0_d.a gdswiz03.o
a - gdswiz03.o
rm -f gdswiz03.o
ftn -c -O2 -O nopattern -s real64 -s integer32 gdswiz04.f
ar -ruv   /gpfs/hps/nco/ops/nwtest/lib/ip/v2.0.0/cray/libip_v2.0.0_d.a gdswiz04.o
a - gdswiz04.o
rm -f gdswiz04.o
ftn -c -O2 -O nopattern -s real64 -s integer32 gdswiz05.f
ar -ruv   /gpfs/hps/nco/ops/nwtest/lib/ip/v2.0.0/cray/libip_v2.0.0_d.a gdswiz05.o
a - gdswiz05.o
rm -f gdswiz05.o
ftn -c -O2 -O nopattern -s real64 -s integer32 gdswizc9.f
ar -ruv   /gpfs/hps/nco/ops/nwtest/lib/ip/v2.0.0/cray/libip_v2.0.0_d.a gdswizc9.o
a - gdswizc9.o
rm -f gdswizc9.o
ftn -c -O2 -O nopattern -s real64 -s integer32 gdswizca.f
ar -ruv   /gpfs/hps/nco/ops/nwtest/lib/ip/v2.0.0/cray/libip_v2.0.0_d.a gdswizca.o
a - gdswizca.o
rm -f gdswizca.o
ftn -c -O2 -O nopattern -s real64 -s integer32 gdswizcb.f
ar -ruv   /gpfs/hps/nco/ops/nwtest/lib/ip/v2.0.0/cray/libip_v2.0.0_d.a gdswizcb.o
a - gdswizcb.o
rm -f gdswizcb.o
ftn -c -O2 -O nopattern -s real64 -s integer32 gdswizcd.f
ar -ruv   /gpfs/hps/nco/ops/nwtest/lib/ip/v2.0.0/cray/libip_v2.0.0_d.a gdswizcd.o
a - gdswizcd.o
rm -f gdswizcd.o
ftn -c -O2 -O nopattern -s real64 -s integer32 gdswzd.f
ar -ruv   /gpfs/hps/nco/ops/nwtest/lib/ip/v2.0.0/cray/libip_v2.0.0_d.a gdswzd.o
a - gdswzd.o
rm -f gdswzd.o
ftn -c -O2 -O nopattern -s real64 -s integer32 gdswzd00.f
ar -ruv   /gpfs/hps/nco/ops/nwtest/lib/ip/v2.0.0/cray/libip_v2.0.0_d.a gdswzd00.o
a - gdswzd00.o
rm -f gdswzd00.o
ftn -c -O2 -O nopattern -s real64 -s integer32 gdswzd01.f
ar -ruv   /gpfs/hps/nco/ops/nwtest/lib/ip/v2.0.0/cray/libip_v2.0.0_d.a gdswzd01.o
a - gdswzd01.o
rm -f gdswzd01.o
ftn -c -O2 -O nopattern -s real64 -s integer32 gdswzd03.f
ar -ruv   /gpfs/hps/nco/ops/nwtest/lib/ip/v2.0.0/cray/libip_v2.0.0_d.a gdswzd03.o
a - gdswzd03.o
rm -f gdswzd03.o
ftn -c -O2 -O nopattern -s real64 -s integer32 gdswzd04.f
ar -ruv   /gpfs/hps/nco/ops/nwtest/lib/ip/v2.0.0/cray/libip_v2.0.0_d.a gdswzd04.o
a - gdswzd04.o
rm -f gdswzd04.o
ftn -c -O2 -O nopattern -s real64 -s integer32 gdswzd05.f
ar -ruv   /gpfs/hps/nco/ops/nwtest/lib/ip/v2.0.0/cray/libip_v2.0.0_d.a gdswzd05.o
a - gdswzd05.o
rm -f gdswzd05.o
ftn -c -O2 -O nopattern -s real64 -s integer32 gdswzdc9.f
ar -ruv   /gpfs/hps/nco/ops/nwtest/lib/ip/v2.0.0/cray/libip_v2.0.0_d.a gdswzdc9.o
a - gdswzdc9.o
rm -f gdswzdc9.o
ftn -c -O2 -O nopattern -s real64 -s integer32 gdswzdca.f
ar -ruv   /gpfs/hps/nco/ops/nwtest/lib/ip/v2.0.0/cray/libip_v2.0.0_d.a gdswzdca.o
a - gdswzdca.o
rm -f gdswzdca.o
ftn -c -O2 -O nopattern -s real64 -s integer32 gdswzdcb.f
ar -ruv   /gpfs/hps/nco/ops/nwtest/lib/ip/v2.0.0/cray/libip_v2.0.0_d.a gdswzdcb.o
a - gdswzdcb.o
rm -f gdswzdcb.o
ftn -c -O2 -O nopattern -s real64 -s integer32 gdswzdcd.f
ar -ruv   /gpfs/hps/nco/ops/nwtest/lib/ip/v2.0.0/cray/libip_v2.0.0_d.a gdswzdcd.o
a - gdswzdcd.o
rm -f gdswzdcd.o
ftn -c -O2 -O nopattern -s real64 -s integer32 ijkgds.f
ar -ruv   /gpfs/hps/nco/ops/nwtest/lib/ip/v2.0.0/cray/libip_v2.0.0_d.a ijkgds.o
a - ijkgds.o
rm -f ijkgds.o
ftn -c -O2 -O nopattern -s real64 -s integer32 ijkgds0.f
ar -ruv   /gpfs/hps/nco/ops/nwtest/lib/ip/v2.0.0/cray/libip_v2.0.0_d.a ijkgds0.o
a - ijkgds0.o
rm -f ijkgds0.o
ftn -c -O2 -O nopattern -s real64 -s integer32 ijkgds1.f
ar -ruv   /gpfs/hps/nco/ops/nwtest/lib/ip/v2.0.0/cray/libip_v2.0.0_d.a ijkgds1.o
a - ijkgds1.o
rm -f ijkgds1.o
ftn -c -O2 -O nopattern -s real64 -s integer32 ipmerge2.f
ar -ruv   /gpfs/hps/nco/ops/nwtest/lib/ip/v2.0.0/cray/libip_v2.0.0_d.a ipmerge2.o
a - ipmerge2.o
rm -f ipmerge2.o
ftn -c -O2 -O nopattern -s real64 -s integer32 ipolates.f

CMIC$ DO ALL AUTOSCOPE
      ^                
ftn-801 crayftn: WARNING IPOLATES, File = ipolates.f, Line = 194, Column = 7 
  Unsupported compiler directive.

Cray Fortran : Version 8.3.10 (u83060f83215i83183p83328a83009e83011z83328)
Cray Fortran :                (x8320r83015w83011t8311b83039)
Cray Fortran : Fri Jan 08, 2016  17:54:05
Cray Fortran : Compile time:  0.0600 seconds
Cray Fortran : 205 source lines
Cray Fortran : 0 errors, 1 warnings, 0 other messages, 0 ansi
Cray Fortran : "explain ftn-message number" gives more information about each message.
ar -ruv   /gpfs/hps/nco/ops/nwtest/lib/ip/v2.0.0/cray/libip_v2.0.0_d.a ipolates.o
a - ipolates.o
rm -f ipolates.o
ftn -c -O2 -O nopattern -s real64 -s integer32 ipolatev.f

CMIC$ DO ALL AUTOSCOPE
      ^                
ftn-801 crayftn: WARNING IPOLATEV, File = ipolatev.f, Line = 220, Column = 7 
  Unsupported compiler directive.

Cray Fortran : Version 8.3.10 (u83060f83215i83183p83328a83009e83011z83328)
Cray Fortran :                (x8320r83015w83011t8311b83039)
Cray Fortran : Fri Jan 08, 2016  17:54:05
Cray Fortran : Compile time:  0.0680 seconds
Cray Fortran : 238 source lines
Cray Fortran : 0 errors, 1 warnings, 0 other messages, 0 ansi
Cray Fortran : "explain ftn-message number" gives more information about each message.
ar -ruv   /gpfs/hps/nco/ops/nwtest/lib/ip/v2.0.0/cray/libip_v2.0.0_d.a ipolatev.o
a - ipolatev.o
rm -f ipolatev.o
ftn -c -O2 -O nopattern -s real64 -s integer32 ipsector.f
ar -ruv   /gpfs/hps/nco/ops/nwtest/lib/ip/v2.0.0/cray/libip_v2.0.0_d.a ipsector.o
a - ipsector.o
rm -f ipsector.o
ftn -c -O2 -O nopattern -s real64 -s integer32 ipspaste.f
ar -ruv   /gpfs/hps/nco/ops/nwtest/lib/ip/v2.0.0/cray/libip_v2.0.0_d.a ipspaste.o
a - ipspaste.o
rm -f ipspaste.o
ftn -c -O2 -O nopattern -s real64 -s integer32 ipxetas.f
ar -ruv   /gpfs/hps/nco/ops/nwtest/lib/ip/v2.0.0/cray/libip_v2.0.0_d.a ipxetas.o
a - ipxetas.o
rm -f ipxetas.o
ftn -c -O2 -O nopattern -s real64 -s integer32 ipxwafs.f
ar -ruv   /gpfs/hps/nco/ops/nwtest/lib/ip/v2.0.0/cray/libip_v2.0.0_d.a ipxwafs.o
a - ipxwafs.o
rm -f ipxwafs.o
ftn -c -O2 -O nopattern -s real64 -s integer32 ipxwafs2.f
ar -ruv   /gpfs/hps/nco/ops/nwtest/lib/ip/v2.0.0/cray/libip_v2.0.0_d.a ipxwafs2.o
a - ipxwafs2.o
rm -f ipxwafs2.o
ftn -c -O2 -O nopattern -s real64 -s integer32 ipxwafs3.f
ar -ruv   /gpfs/hps/nco/ops/nwtest/lib/ip/v2.0.0/cray/libip_v2.0.0_d.a ipxwafs3.o
a - ipxwafs3.o
rm -f ipxwafs3.o
ftn -c -O2 -O nopattern -s real64 -s integer32 makgds.f
ar -ruv   /gpfs/hps/nco/ops/nwtest/lib/ip/v2.0.0/cray/libip_v2.0.0_d.a makgds.o
a - makgds.o
rm -f makgds.o
ftn -c -O2 -O nopattern -s real64 -s integer32 movect.f
ar -ruv   /gpfs/hps/nco/ops/nwtest/lib/ip/v2.0.0/cray/libip_v2.0.0_d.a movect.o
a - movect.o
rm -f movect.o
ftn -c -O2 -O nopattern -s real64 -s integer32 polateg0.f

CMIC$ DO ALL AUTOSCOPE
      ^                
ftn-801 crayftn: WARNING POLATEG0, File = polateg0.f, Line = 186, Column = 7 
  Unsupported compiler directive.

Cray Fortran : Version 8.3.10 (u83060f83215i83183p83328a83009e83011z83328)
Cray Fortran :                (x8320r83015w83011t8311b83039)
Cray Fortran : Fri Jan 08, 2016  17:54:06
Cray Fortran : Compile time:  0.1880 seconds
Cray Fortran : 211 source lines
Cray Fortran : 0 errors, 1 warnings, 0 other messages, 0 ansi
Cray Fortran : "explain ftn-message number" gives more information about each message.
ar -ruv   /gpfs/hps/nco/ops/nwtest/lib/ip/v2.0.0/cray/libip_v2.0.0_d.a polateg0.o
a - polateg0.o
rm -f polateg0.o
ftn -c -O2 -O nopattern -s real64 -s integer32 polateg1.f

CMIC$ DO ALL AUTOSCOPE
      ^                
ftn-801 crayftn: WARNING POLATEG1, File = polateg1.f, Line = 143, Column = 7 
  Unsupported compiler directive.

CMIC$ DO ALL AUTOSCOPE
      ^                
ftn-801 crayftn: WARNING POLATEG1, File = polateg1.f, Line = 209, Column = 7 
  Unsupported compiler directive.

CMIC$ DO ALL AUTOSCOPE
      ^                
ftn-801 crayftn: WARNING POLATEG1, File = polateg1.f, Line = 281, Column = 7 
  Unsupported compiler directive.

CMIC$ DO ALL AUTOSCOPE
      ^                
ftn-801 crayftn: WARNING POLATEG1, File = polateg1.f, Line = 353, Column = 7 
  Unsupported compiler directive.

CMIC$ DO ALL AUTOSCOPE
      ^                
ftn-801 crayftn: WARNING POLATEG1, File = polateg1.f, Line = 425, Column = 7 
  Unsupported compiler directive.

                XO(N,K)=WX11L(N)*G11+WX21L(N)*G21
ftn-7212 crayftn: WARNING POLATEG1, File = polateg1.f, Line = 442 
  Variable "wx22l()" is used before it is defined.
ftn-7212 crayftn: WARNING POLATEG1, File = polateg1.f, Line = 442 
  Variable "wx11l()" is used before it is defined.
ftn-7212 crayftn: WARNING POLATEG1, File = polateg1.f, Line = 442 
  Variable "wx21l()" is used before it is defined.

                YO(N,K)=WY11L(N)*G11+WY21L(N)*G21
ftn-7212 crayftn: WARNING POLATEG1, File = polateg1.f, Line = 444 
  Variable "wy22l()" is used before it is defined.
ftn-7212 crayftn: WARNING POLATEG1, File = polateg1.f, Line = 444 
  Variable "wy11l()" is used before it is defined.
ftn-7212 crayftn: WARNING POLATEG1, File = polateg1.f, Line = 444 
  Variable "wy21l()" is used before it is defined.

Cray Fortran : Version 8.3.10 (u83060f83215i83183p83328a83009e83011z83328)
Cray Fortran :                (x8320r83015w83011t8311b83039)
Cray Fortran : Fri Jan 08, 2016  17:54:06
Cray Fortran : Compile time:  0.3480 seconds
Cray Fortran : 462 source lines
Cray Fortran : 0 errors, 11 warnings, 0 other messages, 0 ansi
Cray Fortran : "explain ftn-message number" gives more information about each message.
ar -ruv   /gpfs/hps/nco/ops/nwtest/lib/ip/v2.0.0/cray/libip_v2.0.0_d.a polateg1.o
a - polateg1.o
rm -f polateg1.o
ftn -c -O2 -O nopattern -s real64 -s integer32 polateg4.f

CMIC$ DO ALL AUTOSCOPE
      ^                
ftn-801 crayftn: WARNING POLATEG4, File = polateg4.f, Line = 226, Column = 7 
  Unsupported compiler directive.

Cray Fortran : Version 8.3.10 (u83060f83215i83183p83328a83009e83011z83328)
Cray Fortran :                (x8320r83015w83011t8311b83039)
Cray Fortran : Fri Jan 08, 2016  17:54:07
Cray Fortran : Compile time:  0.1520 seconds
Cray Fortran : 237 source lines
Cray Fortran : 0 errors, 1 warnings, 0 other messages, 0 ansi
Cray Fortran : "explain ftn-message number" gives more information about each message.
ar -ruv   /gpfs/hps/nco/ops/nwtest/lib/ip/v2.0.0/cray/libip_v2.0.0_d.a polateg4.o
a - polateg4.o
rm -f polateg4.o
ftn -c -O2 -O nopattern -s real64 -s integer32 polates0.f
ar -ruv   /gpfs/hps/nco/ops/nwtest/lib/ip/v2.0.0/cray/libip_v2.0.0_d.a polates0.o
a - polates0.o
rm -f polates0.o
ftn -c -O2 -O nopattern -s real64 -s integer32 polates1.f
ar -ruv   /gpfs/hps/nco/ops/nwtest/lib/ip/v2.0.0/cray/libip_v2.0.0_d.a polates1.o
a - polates1.o
rm -f polates1.o
ftn -c -O2 -O nopattern -s real64 -s integer32 polates2.f
ar -ruv   /gpfs/hps/nco/ops/nwtest/lib/ip/v2.0.0/cray/libip_v2.0.0_d.a polates2.o
a - polates2.o
rm -f polates2.o
ftn -c -O2 -O nopattern -s real64 -s integer32 polates3.f

CMIC$ DO ALL AUTOSCOPE
      ^                
ftn-801 crayftn: WARNING POLATES3, File = polates3.f, Line = 194, Column = 7 
  Unsupported compiler directive.

CMIC$ DO ALL AUTOSCOPE
      ^                
ftn-801 crayftn: WARNING POLATES3, File = polates3.f, Line = 262, Column = 7 
  Unsupported compiler directive.

CMIC$ DO ALL AUTOSCOPE
      ^                
ftn-801 crayftn: WARNING POLATES3, File = polates3.f, Line = 296, Column = 7 
  Unsupported compiler directive.

Cray Fortran : Version 8.3.10 (u83060f83215i83183p83328a83009e83011z83328)
Cray Fortran :                (x8320r83015w83011t8311b83039)
Cray Fortran : Fri Jan 08, 2016  17:54:08
Cray Fortran : Compile time:  0.3480 seconds
Cray Fortran : 358 source lines
Cray Fortran : 0 errors, 3 warnings, 0 other messages, 0 ansi
Cray Fortran : "explain ftn-message number" gives more information about each message.
ar -ruv   /gpfs/hps/nco/ops/nwtest/lib/ip/v2.0.0/cray/libip_v2.0.0_d.a polates3.o
a - polates3.o
rm -f polates3.o
ftn -c -O2 -O nopattern -s real64 -s integer32 polates4.f

CMIC$ DO ALL AUTOSCOPE
      ^                
ftn-801 crayftn: WARNING POLATES4, File = polates4.f, Line = 261, Column = 7 
  Unsupported compiler directive.

CMIC$ DO ALL AUTOSCOPE
      ^                
ftn-801 crayftn: WARNING POLATES4, File = polates4.f, Line = 269, Column = 7 
  Unsupported compiler directive.

Cray Fortran : Version 8.3.10 (u83060f83215i83183p83328a83009e83011z83328)
Cray Fortran :                (x8320r83015w83011t8311b83039)
Cray Fortran : Fri Jan 08, 2016  17:54:09
Cray Fortran : Compile time:  0.1800 seconds
Cray Fortran : 279 source lines
Cray Fortran : 0 errors, 2 warnings, 0 other messages, 0 ansi
Cray Fortran : "explain ftn-message number" gives more information about each message.
ar -ruv   /gpfs/hps/nco/ops/nwtest/lib/ip/v2.0.0/cray/libip_v2.0.0_d.a polates4.o
a - polates4.o
rm -f polates4.o
ftn -c -O2 -O nopattern -s real64 -s integer32 polates6.f

CMIC$ DO ALL AUTOSCOPE
      ^                
ftn-801 crayftn: WARNING POLATES6, File = polates6.f, Line = 159, Column = 7 
  Unsupported compiler directive.

CMIC$ DO ALL AUTOSCOPE
      ^                
ftn-801 crayftn: WARNING POLATES6, File = polates6.f, Line = 202, Column = 7 
  Unsupported compiler directive.

CMIC$ DO ALL AUTOSCOPE
      ^                
ftn-801 crayftn: WARNING POLATES6, File = polates6.f, Line = 217, Column = 7 
  Unsupported compiler directive.

Cray Fortran : Version 8.3.10 (u83060f83215i83183p83328a83009e83011z83328)
Cray Fortran :                (x8320r83015w83011t8311b83039)
Cray Fortran : Fri Jan 08, 2016  17:54:09
Cray Fortran : Compile time:  0.2200 seconds
Cray Fortran : 232 source lines
Cray Fortran : 0 errors, 3 warnings, 0 other messages, 0 ansi
Cray Fortran : "explain ftn-message number" gives more information about each message.
ar -ruv   /gpfs/hps/nco/ops/nwtest/lib/ip/v2.0.0/cray/libip_v2.0.0_d.a polates6.o
a - polates6.o
rm -f polates6.o
ftn -c -O2 -O nopattern -s real64 -s integer32 polatev0.f
ar -ruv   /gpfs/hps/nco/ops/nwtest/lib/ip/v2.0.0/cray/libip_v2.0.0_d.a polatev0.o
a - polatev0.o
rm -f polatev0.o
ftn -c -O2 -O nopattern -s real64 -s integer32 polatev1.f
ar -ruv   /gpfs/hps/nco/ops/nwtest/lib/ip/v2.0.0/cray/libip_v2.0.0_d.a polatev1.o
a - polatev1.o
rm -f polatev1.o
ftn -c -O2 -O nopattern -s real64 -s integer32 polatev2.f
ar -ruv   /gpfs/hps/nco/ops/nwtest/lib/ip/v2.0.0/cray/libip_v2.0.0_d.a polatev2.o
a - polatev2.o
rm -f polatev2.o
ftn -c -O2 -O nopattern -s real64 -s integer32 polatev3.f

CMIC$ DO ALL AUTOSCOPE
      ^                
ftn-801 crayftn: WARNING POLATEV3, File = polatev3.f, Line = 189, Column = 7 
  Unsupported compiler directive.

CMIC$ DO ALL AUTOSCOPE
      ^                
ftn-801 crayftn: WARNING POLATEV3, File = polatev3.f, Line = 276, Column = 7 
  Unsupported compiler directive.

CMIC$ DO ALL AUTOSCOPE
      ^                
ftn-801 crayftn: WARNING POLATEV3, File = polatev3.f, Line = 331, Column = 7 
  Unsupported compiler directive.

Cray Fortran : Version 8.3.10 (u83060f83215i83183p83328a83009e83011z83328)
Cray Fortran :                (x8320r83015w83011t8311b83039)
Cray Fortran : Fri Jan 08, 2016  17:54:10
Cray Fortran : Compile time:  0.3680 seconds
Cray Fortran : 352 source lines
Cray Fortran : 0 errors, 3 warnings, 0 other messages, 0 ansi
Cray Fortran : "explain ftn-message number" gives more information about each message.
ar -ruv   /gpfs/hps/nco/ops/nwtest/lib/ip/v2.0.0/cray/libip_v2.0.0_d.a polatev3.o
a - polatev3.o
rm -f polatev3.o
ftn -c -O2 -O nopattern -s real64 -s integer32 polatev4.f

CMIC$ DO ALL AUTOSCOPE
      ^                
ftn-801 crayftn: WARNING POLATEV4, File = polatev4.f, Line = 286, Column = 7 
  Unsupported compiler directive.

CMIC$ DO ALL AUTOSCOPE
      ^                
ftn-801 crayftn: WARNING POLATEV4, File = polatev4.f, Line = 299, Column = 7 
  Unsupported compiler directive.

Cray Fortran : Version 8.3.10 (u83060f83215i83183p83328a83009e83011z83328)
Cray Fortran :                (x8320r83015w83011t8311b83039)
Cray Fortran : Fri Jan 08, 2016  17:54:11
Cray Fortran : Compile time:  0.2200 seconds
Cray Fortran : 310 source lines
Cray Fortran : 0 errors, 2 warnings, 0 other messages, 0 ansi
Cray Fortran : "explain ftn-message number" gives more information about each message.
ar -ruv   /gpfs/hps/nco/ops/nwtest/lib/ip/v2.0.0/cray/libip_v2.0.0_d.a polatev4.o
a - polatev4.o
rm -f polatev4.o
ftn -c -O2 -O nopattern -s real64 -s integer32 polatev6.f

CMIC$ DO ALL AUTOSCOPE
      ^                
ftn-801 crayftn: WARNING POLATEV6, File = polatev6.f, Line = 173, Column = 7 
  Unsupported compiler directive.

CMIC$ DO ALL AUTOSCOPE
      ^                
ftn-801 crayftn: WARNING POLATEV6, File = polatev6.f, Line = 223, Column = 7 
  Unsupported compiler directive.

CMIC$ DO ALL AUTOSCOPE
      ^                
ftn-801 crayftn: WARNING POLATEV6, File = polatev6.f, Line = 241, Column = 7 
  Unsupported compiler directive.

Cray Fortran : Version 8.3.10 (u83060f83215i83183p83328a83009e83011z83328)
Cray Fortran :                (x8320r83015w83011t8311b83039)
Cray Fortran : Fri Jan 08, 2016  17:54:11
Cray Fortran : Compile time:  0.2600 seconds
Cray Fortran : 262 source lines
Cray Fortran : 0 errors, 3 warnings, 0 other messages, 0 ansi
Cray Fortran : "explain ftn-message number" gives more information about each message.
ar -ruv   /gpfs/hps/nco/ops/nwtest/lib/ip/v2.0.0/cray/libip_v2.0.0_d.a polatev6.o
a - polatev6.o
rm -f polatev6.o
ftn -c -O2 -O nopattern -s real64 -s integer32 polfixs.f

CMIC$ DO ALL AUTOSCOPE
      ^                
ftn-801 crayftn: WARNING POLFIXS, File = polfixs.f, Line = 51, Column = 7 
  Unsupported compiler directive.

Cray Fortran : Version 8.3.10 (u83060f83215i83183p83328a83009e83011z83328)
Cray Fortran :                (x8320r83015w83011t8311b83039)
Cray Fortran : Fri Jan 08, 2016  17:54:11
Cray Fortran : Compile time:  0.0880 seconds
Cray Fortran : 104 source lines
Cray Fortran : 0 errors, 1 warnings, 0 other messages, 0 ansi
Cray Fortran : "explain ftn-message number" gives more information about each message.
ar -ruv   /gpfs/hps/nco/ops/nwtest/lib/ip/v2.0.0/cray/libip_v2.0.0_d.a polfixs.o
a - polfixs.o
rm -f polfixs.o
ftn -c -O2 -O nopattern -s real64 -s integer32 polfixv.f

CMIC$ DO ALL AUTOSCOPE
      ^                
ftn-801 crayftn: WARNING POLFIXV, File = polfixv.f, Line = 62, Column = 7 
  Unsupported compiler directive.

Cray Fortran : Version 8.3.10 (u83060f83215i83183p83328a83009e83011z83328)
Cray Fortran :                (x8320r83015w83011t8311b83039)
Cray Fortran : Fri Jan 08, 2016  17:54:11
Cray Fortran : Compile time:  0.1160 seconds
Cray Fortran : 125 source lines
Cray Fortran : 0 errors, 1 warnings, 0 other messages, 0 ansi
Cray Fortran : "explain ftn-message number" gives more information about each message.
ar -ruv   /gpfs/hps/nco/ops/nwtest/lib/ip/v2.0.0/cray/libip_v2.0.0_d.a polfixv.o
a - polfixv.o
rm -f polfixv.o
