Currently Loaded Modulefiles:
  1) modules/3.2.6.7
  2) eswrap/1.1.0-1.020200.1231.0
  3) switch/1.0-1.0502.57058.1.58.ari
  4) craype-network-aries
  5) ncep/1.0
  6) xt-lsfhpc/9.1.3
  7) craype/2.3.0
  8) intel/15.0.3.187
  9) cray-libsci/13.0.3
 10) udreg/2.3.2-1.0502.9889.2.20.ari
 11) ugni/6.0-1.0502.10245.9.9.ari
 12) pmi/5.0.6-1.0000.10439.140.2.ari
 13) dmapp/7.0.1-1.0502.10246.8.47.ari
 14) gni-headers/4.0-1.0502.10317.9.2.ari
 15) xpmem/0.1-2.0502.57015.1.15.ari
 16) dvs/2.5_0.9.0-1.0502.1958.2.55.ari
 17) alps/5.2.3-2.0502.9295.14.14.ari
 18) rca/1.0.0-2.0502.57212.2.56.ari
 19) atp/1.8.1
 20) PrgEnv-intel/5.2.56
 21) sigio-intel/2.0.1
 22) w3emc-intel/2.2.0
 23) craype-sandybridge


===============================================================
Checking for required environment variables
===============================================================

  Checking SIGIO_INC4...defined as /gpfs/hps/nco/ops/nwtest/lib/sigio/v2.0.1/intel/include/sigio_v2.0.1_4
  Checking SIGIO_LIB4...defined as /gpfs/hps/nco/ops/nwtest/lib/sigio/v2.0.1/intel/libsigio_v2.0.1_4.a




===============================================================
===============================================================
Configuring for precision 4 build
===============================================================
===============================================================

./configure --prefix=/gpfs/hps/nco/ops/nwtest/lib/w3emc/v2.2.0/src --enable-promote=4
configure: nceplibs w3emc v2.2.0
checking for Fortran compiler default output file name... a.out
checking whether the Fortran compiler works... yes
checking whether we are cross compiling... no
checking for suffix of executables... 
checking for suffix of object files... o
checking whether we are using the GNU Fortran compiler... no
checking whether ftn accepts -g... yes
checking for a BSD-compatible install... /usr/bin/install -c
checking for ranlib... ranlib
checking for ar... ar
checking for Fortran flag to compile .f files... none
configure: Building precision 4 version.
configure: Using SIGIO_INC4 value: "/gpfs/hps/nco/ops/nwtest/lib/sigio/v2.0.1/intel/include/sigio_v2.0.1_4"
configure: Using SIGIO_LIB4 value: "/gpfs/hps/nco/ops/nwtest/lib/sigio/v2.0.1/intel/libsigio_v2.0.1_4.a"
checking for library containing sigio_head definition... yes
configure: creating ./config.status
config.status: creating Makefile
config.status: creating libsrc/Makefile


===============================================================
Starting precision 4 build
===============================================================

cd libsrc && make clean
make[1]: Entering directory `/gpfs/hps/nco/ops/nwtest/lib/w3emc/v2.2.0/src/libsrc'
rm *.o *.mod *.a >/dev/null 2>&1
make[1]: [clean] Error 1 (ignored)
make[1]: Leaving directory `/gpfs/hps/nco/ops/nwtest/lib/w3emc/v2.2.0/src/libsrc'
cd libsrc && make all
make[1]: Entering directory `/gpfs/hps/nco/ops/nwtest/lib/w3emc/v2.2.0/src/libsrc'
ftn  -O3 -axCore-AVX2 -g -traceback -fixed -I/gpfs/hps/nco/ops/nwtest/lib/sigio/v2.0.1/intel/include/sigio_v2.0.1_4 -c args_mod.f
ftn  -O3 -axCore-AVX2 -g -traceback -fixed -I/gpfs/hps/nco/ops/nwtest/lib/sigio/v2.0.1/intel/include/sigio_v2.0.1_4 -c gblevents.f
gblevents.f(498): (col. 18) remark: gblevents_ has been targeted for automatic cpu dispatch
gblevents.f(1754): (col. 18) remark: gblevn04_ has been targeted for automatic cpu dispatch
gblevents.f(2125): (col. 18) remark: gblevn08_ has been targeted for automatic cpu dispatch
gblevents.f(1578): (col. 18) remark: gblevn03_ has been targeted for automatic cpu dispatch
gblevents.f(2368): (col. 18) remark: gblevn10_ has been targeted for automatic cpu dispatch
gblevents.f(1977): (col. 16) remark: oefg01_ has been targeted for automatic cpu dispatch
gblevents.f(1807): (col. 18) remark: gblevn06_ has been targeted for automatic cpu dispatch
ftn  -O3 -axCore-AVX2 -g -traceback -fixed -I/gpfs/hps/nco/ops/nwtest/lib/sigio/v2.0.1/intel/include/sigio_v2.0.1_4 -c getgbens.f
ftn  -O3 -axCore-AVX2 -g -traceback -fixed -I/gpfs/hps/nco/ops/nwtest/lib/sigio/v2.0.1/intel/include/sigio_v2.0.1_4 -c isrchne.f
ftn  -O3 -axCore-AVX2 -g -traceback -fixed -I/gpfs/hps/nco/ops/nwtest/lib/sigio/v2.0.1/intel/include/sigio_v2.0.1_4 -c iw3mat.f
ftn  -O3 -axCore-AVX2 -g -traceback -fixed -I/gpfs/hps/nco/ops/nwtest/lib/sigio/v2.0.1/intel/include/sigio_v2.0.1_4 -c mersenne_twister.f
mersenne_twister.f(217): (col. 20) remark: mersenne_twister_mp_random_seed_ has been targeted for automatic cpu dispatch
mersenne_twister.f(299): (col. 18) remark: mersenne_twister_mp_random_number_f_ has been targeted for automatic cpu dispatch
mersenne_twister.f(309): (col. 20) remark: mersenne_twister_mp_random_number_i_ has been targeted for automatic cpu dispatch
mersenne_twister.f(319): (col. 20) remark: mersenne_twister_mp_random_number_s_ has been targeted for automatic cpu dispatch
mersenne_twister.f(327): (col. 20) remark: mersenne_twister_mp_random_number_t_ has been targeted for automatic cpu dispatch
mersenne_twister.f(397): (col. 20) remark: mersenne_twister_mp_random_gauss_t_ has been targeted for automatic cpu dispatch
mersenne_twister.f(452): (col. 18) remark: mersenne_twister_mp_random_index_f_ has been targeted for automatic cpu dispatch
mersenne_twister.f(463): (col. 20) remark: mersenne_twister_mp_random_index_i_ has been targeted for automatic cpu dispatch
mersenne_twister.f(474): (col. 20) remark: mersenne_twister_mp_random_index_s_ has been targeted for automatic cpu dispatch
mersenne_twister.f(483): (col. 20) remark: mersenne_twister_mp_random_index_t_ has been targeted for automatic cpu dispatch
ftn  -O3 -axCore-AVX2 -g -traceback -fixed -I/gpfs/hps/nco/ops/nwtest/lib/sigio/v2.0.1/intel/include/sigio_v2.0.1_4 -c mova2i.f
ftn  -O3 -axCore-AVX2 -g -traceback -fixed -I/gpfs/hps/nco/ops/nwtest/lib/sigio/v2.0.1/intel/include/sigio_v2.0.1_4 -c orders.f
orders.f(99): (col. 18) remark: orders_ has been targeted for automatic cpu dispatch
orders.f(289): (col. 18) remark: ordec8_ has been targeted for automatic cpu dispatch
orders.f(202): (col. 18) remark: order4_ has been targeted for automatic cpu dispatch
orders.f(345): (col. 18) remark: ordec4_ has been targeted for automatic cpu dispatch
ftn  -O3 -axCore-AVX2 -g -traceback -fixed -I/gpfs/hps/nco/ops/nwtest/lib/sigio/v2.0.1/intel/include/sigio_v2.0.1_4 -c putgbens.f
ftn  -O3 -axCore-AVX2 -g -traceback -fixed -I/gpfs/hps/nco/ops/nwtest/lib/sigio/v2.0.1/intel/include/sigio_v2.0.1_4 -c summary.f
ftn  -O3 -axCore-AVX2 -g -traceback -fixed -I/gpfs/hps/nco/ops/nwtest/lib/sigio/v2.0.1/intel/include/sigio_v2.0.1_4 -c w3ai40.f
ftn  -O3 -axCore-AVX2 -g -traceback -fixed -I/gpfs/hps/nco/ops/nwtest/lib/sigio/v2.0.1/intel/include/sigio_v2.0.1_4 -c w3ai41.f
ftn  -O3 -axCore-AVX2 -g -traceback -fixed -I/gpfs/hps/nco/ops/nwtest/lib/sigio/v2.0.1/intel/include/sigio_v2.0.1_4 -c w3ctzdat.f
ftn  -O3 -axCore-AVX2 -g -traceback -fixed -I/gpfs/hps/nco/ops/nwtest/lib/sigio/v2.0.1/intel/include/sigio_v2.0.1_4 -c w3fa01.f
w3fa01.f(1): (col. 19) remark: w3fa01_ has been targeted for automatic cpu dispatch
ftn  -O3 -axCore-AVX2 -g -traceback -fixed -I/gpfs/hps/nco/ops/nwtest/lib/sigio/v2.0.1/intel/include/sigio_v2.0.1_4 -c w3fa03.f
w3fa03.f(1): (col. 18) remark: w3fa03_ has been targeted for automatic cpu dispatch
ftn  -O3 -axCore-AVX2 -g -traceback -fixed -I/gpfs/hps/nco/ops/nwtest/lib/sigio/v2.0.1/intel/include/sigio_v2.0.1_4 -c w3fa03v.f
w3fa03v.f(1): (col. 18) remark: w3fa03v_ has been targeted for automatic cpu dispatch
ftn  -O3 -axCore-AVX2 -g -traceback -fixed -I/gpfs/hps/nco/ops/nwtest/lib/sigio/v2.0.1/intel/include/sigio_v2.0.1_4 -c w3fa04.f
w3fa04.f(1): (col. 19) remark: w3fa04_ has been targeted for automatic cpu dispatch
ftn  -O3 -axCore-AVX2 -g -traceback -fixed -I/gpfs/hps/nco/ops/nwtest/lib/sigio/v2.0.1/intel/include/sigio_v2.0.1_4 -c w3fa06.f
w3fa06.f(1): (col. 19) remark: w3fa06_ has been targeted for automatic cpu dispatch
ftn  -O3 -axCore-AVX2 -g -traceback -fixed -I/gpfs/hps/nco/ops/nwtest/lib/sigio/v2.0.1/intel/include/sigio_v2.0.1_4 -c w3fa09.f
w3fa09.f(1): (col. 21) remark: w3fa09_ has been targeted for automatic cpu dispatch
ftn  -O3 -axCore-AVX2 -g -traceback -fixed -I/gpfs/hps/nco/ops/nwtest/lib/sigio/v2.0.1/intel/include/sigio_v2.0.1_4 -c w3fa11.f
w3fa11.f(1): (col. 19) remark: w3fa11_ has been targeted for automatic cpu dispatch
ftn  -O3 -axCore-AVX2 -g -traceback -fixed -I/gpfs/hps/nco/ops/nwtest/lib/sigio/v2.0.1/intel/include/sigio_v2.0.1_4 -c w3fa12.f
w3fa12.f(1): (col. 19) remark: w3fa12_ has been targeted for automatic cpu dispatch
ftn  -O3 -axCore-AVX2 -g -traceback -fixed -I/gpfs/hps/nco/ops/nwtest/lib/sigio/v2.0.1/intel/include/sigio_v2.0.1_4 -c w3fa13.f
w3fa13.f(1): (col. 19) remark: w3fa13_ has been targeted for automatic cpu dispatch
ftn  -O3 -axCore-AVX2 -g -traceback -fixed -I/gpfs/hps/nco/ops/nwtest/lib/sigio/v2.0.1/intel/include/sigio_v2.0.1_4 -c w3fb00.f
ftn  -O3 -axCore-AVX2 -g -traceback -fixed -I/gpfs/hps/nco/ops/nwtest/lib/sigio/v2.0.1/intel/include/sigio_v2.0.1_4 -c w3fb01.f
w3fb01.f(1): (col. 19) remark: w3fb01_ has been targeted for automatic cpu dispatch
ftn  -O3 -axCore-AVX2 -g -traceback -fixed -I/gpfs/hps/nco/ops/nwtest/lib/sigio/v2.0.1/intel/include/sigio_v2.0.1_4 -c w3fb02.f
ftn  -O3 -axCore-AVX2 -g -traceback -fixed -I/gpfs/hps/nco/ops/nwtest/lib/sigio/v2.0.1/intel/include/sigio_v2.0.1_4 -c w3fb03.f
w3fb03.f(1): (col. 19) remark: w3fb03_ has been targeted for automatic cpu dispatch
ftn  -O3 -axCore-AVX2 -g -traceback -fixed -I/gpfs/hps/nco/ops/nwtest/lib/sigio/v2.0.1/intel/include/sigio_v2.0.1_4 -c w3fb04.f
ftn  -O3 -axCore-AVX2 -g -traceback -fixed -I/gpfs/hps/nco/ops/nwtest/lib/sigio/v2.0.1/intel/include/sigio_v2.0.1_4 -c w3fb05.f
w3fb05.f(1): (col. 19) remark: w3fb05_ has been targeted for automatic cpu dispatch
ftn  -O3 -axCore-AVX2 -g -traceback -fixed -I/gpfs/hps/nco/ops/nwtest/lib/sigio/v2.0.1/intel/include/sigio_v2.0.1_4 -c w3fb06.f
w3fb06.f(1): (col. 19) remark: w3fb06_ has been targeted for automatic cpu dispatch
ftn  -O3 -axCore-AVX2 -g -traceback -fixed -I/gpfs/hps/nco/ops/nwtest/lib/sigio/v2.0.1/intel/include/sigio_v2.0.1_4 -c w3fb07.f
w3fb07.f(1): (col. 19) remark: w3fb07_ has been targeted for automatic cpu dispatch
ftn  -O3 -axCore-AVX2 -g -traceback -fixed -I/gpfs/hps/nco/ops/nwtest/lib/sigio/v2.0.1/intel/include/sigio_v2.0.1_4 -c w3fb08.f
ftn  -O3 -axCore-AVX2 -g -traceback -fixed -I/gpfs/hps/nco/ops/nwtest/lib/sigio/v2.0.1/intel/include/sigio_v2.0.1_4 -c w3fb09.f
w3fb09.f(1): (col. 19) remark: w3fb09_ has been targeted for automatic cpu dispatch
ftn  -O3 -axCore-AVX2 -g -traceback -fixed -I/gpfs/hps/nco/ops/nwtest/lib/sigio/v2.0.1/intel/include/sigio_v2.0.1_4 -c w3fb10.f
w3fb10.f(1): (col. 18) remark: w3fb10_ has been targeted for automatic cpu dispatch
ftn  -O3 -axCore-AVX2 -g -traceback -fixed -I/gpfs/hps/nco/ops/nwtest/lib/sigio/v2.0.1/intel/include/sigio_v2.0.1_4 -c w3fb11.f
w3fb11.f(1): (col. 19) remark: w3fb11_ has been targeted for automatic cpu dispatch
ftn  -O3 -axCore-AVX2 -g -traceback -fixed -I/gpfs/hps/nco/ops/nwtest/lib/sigio/v2.0.1/intel/include/sigio_v2.0.1_4 -c w3fb12.f
w3fb12.f(1): (col. 19) remark: w3fb12_ has been targeted for automatic cpu dispatch
ftn  -O3 -axCore-AVX2 -g -traceback -fixed -I/gpfs/hps/nco/ops/nwtest/lib/sigio/v2.0.1/intel/include/sigio_v2.0.1_4 -c w3fc02.f
w3fc02.f(1): (col. 19) remark: w3fc02_ has been targeted for automatic cpu dispatch
ftn  -O3 -axCore-AVX2 -g -traceback -fixed -I/gpfs/hps/nco/ops/nwtest/lib/sigio/v2.0.1/intel/include/sigio_v2.0.1_4 -c w3fc05.f
w3fc05.f(1): (col. 18) remark: w3fc05_ has been targeted for automatic cpu dispatch
ftn  -O3 -axCore-AVX2 -g -traceback -fixed -I/gpfs/hps/nco/ops/nwtest/lib/sigio/v2.0.1/intel/include/sigio_v2.0.1_4 -c w3fc06.f
ftn  -O3 -axCore-AVX2 -g -traceback -fixed -I/gpfs/hps/nco/ops/nwtest/lib/sigio/v2.0.1/intel/include/sigio_v2.0.1_4 -c w3fc07.f
w3fc07.f(1): (col. 18) remark: w3fc07_ has been targeted for automatic cpu dispatch
ftn  -O3 -axCore-AVX2 -g -traceback -fixed -I/gpfs/hps/nco/ops/nwtest/lib/sigio/v2.0.1/intel/include/sigio_v2.0.1_4 -c w3fc08.f
w3fc08.f(1): (col. 18) remark: w3fc08_ has been targeted for automatic cpu dispatch
ftn  -O3 -axCore-AVX2 -g -traceback -fixed -I/gpfs/hps/nco/ops/nwtest/lib/sigio/v2.0.1/intel/include/sigio_v2.0.1_4 -c w3fi02.f
w3fi02.f(1): (col. 18) remark: w3fi02_ has been targeted for automatic cpu dispatch
ftn  -O3 -axCore-AVX2 -g -traceback -fixed -I/gpfs/hps/nco/ops/nwtest/lib/sigio/v2.0.1/intel/include/sigio_v2.0.1_4 -c w3fi03.f
w3fi03.f(1): (col. 18) remark: w3fi03_ has been targeted for automatic cpu dispatch
ftn  -O3 -axCore-AVX2 -g -traceback -fixed -I/gpfs/hps/nco/ops/nwtest/lib/sigio/v2.0.1/intel/include/sigio_v2.0.1_4 -c w3fi18.f
ftn  -O3 -axCore-AVX2 -g -traceback -fixed -I/gpfs/hps/nco/ops/nwtest/lib/sigio/v2.0.1/intel/include/sigio_v2.0.1_4 -c w3fi19.f
ftn  -O3 -axCore-AVX2 -g -traceback -fixed -I/gpfs/hps/nco/ops/nwtest/lib/sigio/v2.0.1/intel/include/sigio_v2.0.1_4 -c w3fi20.f
ftn  -O3 -axCore-AVX2 -g -traceback -fixed -I/gpfs/hps/nco/ops/nwtest/lib/sigio/v2.0.1/intel/include/sigio_v2.0.1_4 -c w3fi32.f
ftn  -O3 -axCore-AVX2 -g -traceback -fixed -I/gpfs/hps/nco/ops/nwtest/lib/sigio/v2.0.1/intel/include/sigio_v2.0.1_4 -c w3fi47.f
ftn  -O3 -axCore-AVX2 -g -traceback -fixed -I/gpfs/hps/nco/ops/nwtest/lib/sigio/v2.0.1/intel/include/sigio_v2.0.1_4 -c w3fi48.f
ftn  -O3 -axCore-AVX2 -g -traceback -fixed -I/gpfs/hps/nco/ops/nwtest/lib/sigio/v2.0.1/intel/include/sigio_v2.0.1_4 -c w3fi52.f
ftn  -O3 -axCore-AVX2 -g -traceback -fixed -I/gpfs/hps/nco/ops/nwtest/lib/sigio/v2.0.1/intel/include/sigio_v2.0.1_4 -c w3fi61.f
ftn  -O3 -axCore-AVX2 -g -traceback -fixed -I/gpfs/hps/nco/ops/nwtest/lib/sigio/v2.0.1/intel/include/sigio_v2.0.1_4 -c w3fi65.f
ftn  -O3 -axCore-AVX2 -g -traceback -fixed -I/gpfs/hps/nco/ops/nwtest/lib/sigio/v2.0.1/intel/include/sigio_v2.0.1_4 -c w3fi66.f
ftn  -O3 -axCore-AVX2 -g -traceback -fixed -I/gpfs/hps/nco/ops/nwtest/lib/sigio/v2.0.1/intel/include/sigio_v2.0.1_4 -c w3fi67.f
w3fi67.f(1121): (col. 18) remark: fi6703_ has been targeted for automatic cpu dispatch
ftn  -O3 -axCore-AVX2 -g -traceback -fixed -I/gpfs/hps/nco/ops/nwtest/lib/sigio/v2.0.1/intel/include/sigio_v2.0.1_4 -c w3fi70.f
ftn  -O3 -axCore-AVX2 -g -traceback -fixed -I/gpfs/hps/nco/ops/nwtest/lib/sigio/v2.0.1/intel/include/sigio_v2.0.1_4 -c w3fi78.f
w3fi78.f(1199): (col. 18) remark: fi7803_ has been targeted for automatic cpu dispatch
ftn  -O3 -axCore-AVX2 -g -traceback -fixed -I/gpfs/hps/nco/ops/nwtest/lib/sigio/v2.0.1/intel/include/sigio_v2.0.1_4 -c w3fi85.f
w3fi85.f(1): (col. 18) remark: w3fi85_ has been targeted for automatic cpu dispatch
w3fi85.f(2611): (col. 18) remark: fi8513_ has been targeted for automatic cpu dispatch
w3fi85.f(1380): (col. 18) remark: fi8503_ has been targeted for automatic cpu dispatch
w3fi85.f(1537): (col. 18) remark: fi8506_ has been targeted for automatic cpu dispatch
w3fi85.f(2428): (col. 18) remark: fi8512_ has been targeted for automatic cpu dispatch
w3fi85.f(2090): (col. 18) remark: fi8509_ has been targeted for automatic cpu dispatch
w3fi85.f(1848): (col. 18) remark: fi8508_ has been targeted for automatic cpu dispatch
ftn  -O3 -axCore-AVX2 -g -traceback -fixed -I/gpfs/hps/nco/ops/nwtest/lib/sigio/v2.0.1/intel/include/sigio_v2.0.1_4 -c w3fm07.f
w3fm07.f(1): (col. 18) remark: w3fm07_ has been targeted for automatic cpu dispatch
ftn  -O3 -axCore-AVX2 -g -traceback -fixed -I/gpfs/hps/nco/ops/nwtest/lib/sigio/v2.0.1/intel/include/sigio_v2.0.1_4 -c w3fm08.f
w3fm08.f(1): (col. 18) remark: w3fm08_ has been targeted for automatic cpu dispatch
ftn  -O3 -axCore-AVX2 -g -traceback -fixed -I/gpfs/hps/nco/ops/nwtest/lib/sigio/v2.0.1/intel/include/sigio_v2.0.1_4 -c w3fp04.f
w3fp04.f(1): (col. 19) remark: w3fp04_ has been targeted for automatic cpu dispatch
ftn  -O3 -axCore-AVX2 -g -traceback -fixed -I/gpfs/hps/nco/ops/nwtest/lib/sigio/v2.0.1/intel/include/sigio_v2.0.1_4 -c w3fp05.f
w3fp05.f(105): remark #7960: The floating overflow condition was detected while evaluating this operation; the result is an Infinity.   [10.E70]
       DATA  CRMX  /10.E70/
--------------------^
w3fp05.f(1): (col. 18) remark: w3fp05_ has been targeted for automatic cpu dispatch
ftn  -O3 -axCore-AVX2 -g -traceback -fixed -I/gpfs/hps/nco/ops/nwtest/lib/sigio/v2.0.1/intel/include/sigio_v2.0.1_4 -c w3fp06.f
w3fp06.f(1): (col. 19) remark: w3fp06_ has been targeted for automatic cpu dispatch
w3fp06.f(80): (col. 19) remark: line01_ has been targeted for automatic cpu dispatch
w3fp06.f(858): (col. 19) remark: line02_ has been targeted for automatic cpu dispatch
w3fp06.f(1025): (col. 19) remark: climo_ has been targeted for automatic cpu dispatch
ftn  -O3 -axCore-AVX2 -g -traceback -fixed -I/gpfs/hps/nco/ops/nwtest/lib/sigio/v2.0.1/intel/include/sigio_v2.0.1_4 -c w3fp10.f
w3fp10.f(118): remark #7960: The floating overflow condition was detected while evaluating this operation; the result is an Infinity.   [10.E70]
       DATA  CRMX  /10.E70/
--------------------^
w3fp10.f(1): (col. 18) remark: w3fp10_ has been targeted for automatic cpu dispatch
ftn  -O3 -axCore-AVX2 -g -traceback -fixed -I/gpfs/hps/nco/ops/nwtest/lib/sigio/v2.0.1/intel/include/sigio_v2.0.1_4 -c w3fq07.f
ftn  -O3 -axCore-AVX2 -g -traceback -fixed -I/gpfs/hps/nco/ops/nwtest/lib/sigio/v2.0.1/intel/include/sigio_v2.0.1_4 -c w3ft00.f
w3ft00.f(1): (col. 19) remark: w3ft00_ has been targeted for automatic cpu dispatch
ftn  -O3 -axCore-AVX2 -g -traceback -fixed -I/gpfs/hps/nco/ops/nwtest/lib/sigio/v2.0.1/intel/include/sigio_v2.0.1_4 -c w3ft01.f
w3ft01.f(1): (col. 19) remark: w3ft01_ has been targeted for automatic cpu dispatch
ftn  -O3 -axCore-AVX2 -g -traceback -fixed -I/gpfs/hps/nco/ops/nwtest/lib/sigio/v2.0.1/intel/include/sigio_v2.0.1_4 -c w3ft02.f
w3ft02.f(1): (col. 19) remark: w3ft02_ has been targeted for automatic cpu dispatch
ftn  -O3 -axCore-AVX2 -g -traceback -fixed -I/gpfs/hps/nco/ops/nwtest/lib/sigio/v2.0.1/intel/include/sigio_v2.0.1_4 -c w3ft03.f
w3ft03.f(1): (col. 19) remark: w3ft03_ has been targeted for automatic cpu dispatch
ftn  -O3 -axCore-AVX2 -g -traceback -fixed -I/gpfs/hps/nco/ops/nwtest/lib/sigio/v2.0.1/intel/include/sigio_v2.0.1_4 -c w3ft05.f
w3ft05.f(1): (col. 19) remark: w3ft05_ has been targeted for automatic cpu dispatch
ftn  -O3 -axCore-AVX2 -g -traceback -fixed -I/gpfs/hps/nco/ops/nwtest/lib/sigio/v2.0.1/intel/include/sigio_v2.0.1_4 -c w3ft05v.f
w3ft05v.f(1): (col. 18) remark: w3ft05v_ has been targeted for automatic cpu dispatch
ftn  -O3 -axCore-AVX2 -g -traceback -fixed -I/gpfs/hps/nco/ops/nwtest/lib/sigio/v2.0.1/intel/include/sigio_v2.0.1_4 -c w3ft06.f
w3ft06.f(1): (col. 19) remark: w3ft06_ has been targeted for automatic cpu dispatch
ftn  -O3 -axCore-AVX2 -g -traceback -fixed -I/gpfs/hps/nco/ops/nwtest/lib/sigio/v2.0.1/intel/include/sigio_v2.0.1_4 -c w3ft06v.f
w3ft06v.f(1): (col. 18) remark: w3ft06v_ has been targeted for automatic cpu dispatch
ftn  -O3 -axCore-AVX2 -g -traceback -fixed -I/gpfs/hps/nco/ops/nwtest/lib/sigio/v2.0.1/intel/include/sigio_v2.0.1_4 -c w3ft07.f
w3ft07.f(1): (col. 19) remark: w3ft07_ has been targeted for automatic cpu dispatch
ftn  -O3 -axCore-AVX2 -g -traceback -fixed -I/gpfs/hps/nco/ops/nwtest/lib/sigio/v2.0.1/intel/include/sigio_v2.0.1_4 -c w3ft08.f
w3ft08.f(1): (col. 19) remark: w3ft08_ has been targeted for automatic cpu dispatch
ftn  -O3 -axCore-AVX2 -g -traceback -fixed -I/gpfs/hps/nco/ops/nwtest/lib/sigio/v2.0.1/intel/include/sigio_v2.0.1_4 -c w3ft09.f
w3ft09.f(1): (col. 19) remark: w3ft09_ has been targeted for automatic cpu dispatch
ftn  -O3 -axCore-AVX2 -g -traceback -fixed -I/gpfs/hps/nco/ops/nwtest/lib/sigio/v2.0.1/intel/include/sigio_v2.0.1_4 -c w3ft10.f
w3ft10.f(1): (col. 19) remark: w3ft10_ has been targeted for automatic cpu dispatch
ftn  -O3 -axCore-AVX2 -g -traceback -fixed -I/gpfs/hps/nco/ops/nwtest/lib/sigio/v2.0.1/intel/include/sigio_v2.0.1_4 -c w3ft11.f
w3ft11.f(1): (col. 19) remark: w3ft11_ has been targeted for automatic cpu dispatch
ftn  -O3 -axCore-AVX2 -g -traceback -fixed -I/gpfs/hps/nco/ops/nwtest/lib/sigio/v2.0.1/intel/include/sigio_v2.0.1_4 -c w3ft12.f
w3ft12.f(1): (col. 19) remark: w3ft12_ has been targeted for automatic cpu dispatch
ftn  -O3 -axCore-AVX2 -g -traceback -fixed -I/gpfs/hps/nco/ops/nwtest/lib/sigio/v2.0.1/intel/include/sigio_v2.0.1_4 -c w3ft16.f
w3ft16.f(1): (col. 18) remark: w3ft16_ has been targeted for automatic cpu dispatch
ftn  -O3 -axCore-AVX2 -g -traceback -fixed -I/gpfs/hps/nco/ops/nwtest/lib/sigio/v2.0.1/intel/include/sigio_v2.0.1_4 -c w3ft17.f
w3ft17.f(1): (col. 18) remark: w3ft17_ has been targeted for automatic cpu dispatch
ftn  -O3 -axCore-AVX2 -g -traceback -fixed -I/gpfs/hps/nco/ops/nwtest/lib/sigio/v2.0.1/intel/include/sigio_v2.0.1_4 -c w3ft201.f
w3ft201.f(1): (col. 18) remark: w3ft201_ has been targeted for automatic cpu dispatch
ftn  -O3 -axCore-AVX2 -g -traceback -fixed -I/gpfs/hps/nco/ops/nwtest/lib/sigio/v2.0.1/intel/include/sigio_v2.0.1_4 -c w3ft202.f
w3ft202.f(1): (col. 18) remark: w3ft202_ has been targeted for automatic cpu dispatch
ftn  -O3 -axCore-AVX2 -g -traceback -fixed -I/gpfs/hps/nco/ops/nwtest/lib/sigio/v2.0.1/intel/include/sigio_v2.0.1_4 -c w3ft203.f
w3ft203.f(1): (col. 18) remark: w3ft203_ has been targeted for automatic cpu dispatch
ftn  -O3 -axCore-AVX2 -g -traceback -fixed -I/gpfs/hps/nco/ops/nwtest/lib/sigio/v2.0.1/intel/include/sigio_v2.0.1_4 -c w3ft204.f
w3ft204.f(1): (col. 18) remark: w3ft204_ has been targeted for automatic cpu dispatch
ftn  -O3 -axCore-AVX2 -g -traceback -fixed -I/gpfs/hps/nco/ops/nwtest/lib/sigio/v2.0.1/intel/include/sigio_v2.0.1_4 -c w3ft205.f
w3ft205.f(1): (col. 18) remark: w3ft205_ has been targeted for automatic cpu dispatch
ftn  -O3 -axCore-AVX2 -g -traceback -fixed -I/gpfs/hps/nco/ops/nwtest/lib/sigio/v2.0.1/intel/include/sigio_v2.0.1_4 -c w3ft206.f
w3ft206.f(1): (col. 18) remark: w3ft206_ has been targeted for automatic cpu dispatch
ftn  -O3 -axCore-AVX2 -g -traceback -fixed -I/gpfs/hps/nco/ops/nwtest/lib/sigio/v2.0.1/intel/include/sigio_v2.0.1_4 -c w3ft207.f
w3ft207.f(1): (col. 18) remark: w3ft207_ has been targeted for automatic cpu dispatch
ftn  -O3 -axCore-AVX2 -g -traceback -fixed -I/gpfs/hps/nco/ops/nwtest/lib/sigio/v2.0.1/intel/include/sigio_v2.0.1_4 -c w3ft208.f
w3ft208.f(1): (col. 18) remark: w3ft208_ has been targeted for automatic cpu dispatch
ftn  -O3 -axCore-AVX2 -g -traceback -fixed -I/gpfs/hps/nco/ops/nwtest/lib/sigio/v2.0.1/intel/include/sigio_v2.0.1_4 -c w3ft209.f
w3ft209.f(1): (col. 18) remark: w3ft209_ has been targeted for automatic cpu dispatch
ftn  -O3 -axCore-AVX2 -g -traceback -fixed -I/gpfs/hps/nco/ops/nwtest/lib/sigio/v2.0.1/intel/include/sigio_v2.0.1_4 -c w3ft210.f
w3ft210.f(1): (col. 18) remark: w3ft210_ has been targeted for automatic cpu dispatch
ftn  -O3 -axCore-AVX2 -g -traceback -fixed -I/gpfs/hps/nco/ops/nwtest/lib/sigio/v2.0.1/intel/include/sigio_v2.0.1_4 -c w3ft211.f
w3ft211.f(1): (col. 18) remark: w3ft211_ has been targeted for automatic cpu dispatch
ftn  -O3 -axCore-AVX2 -g -traceback -fixed -I/gpfs/hps/nco/ops/nwtest/lib/sigio/v2.0.1/intel/include/sigio_v2.0.1_4 -c w3ft212.f
w3ft212.f(1): (col. 18) remark: w3ft212_ has been targeted for automatic cpu dispatch
ftn  -O3 -axCore-AVX2 -g -traceback -fixed -I/gpfs/hps/nco/ops/nwtest/lib/sigio/v2.0.1/intel/include/sigio_v2.0.1_4 -c w3ft213.f
w3ft213.f(1): (col. 18) remark: w3ft213_ has been targeted for automatic cpu dispatch
ftn  -O3 -axCore-AVX2 -g -traceback -fixed -I/gpfs/hps/nco/ops/nwtest/lib/sigio/v2.0.1/intel/include/sigio_v2.0.1_4 -c w3ft214.f
w3ft214.f(1): (col. 18) remark: w3ft214_ has been targeted for automatic cpu dispatch
ftn  -O3 -axCore-AVX2 -g -traceback -fixed -I/gpfs/hps/nco/ops/nwtest/lib/sigio/v2.0.1/intel/include/sigio_v2.0.1_4 -c w3ft21.f
w3ft21.f(1): (col. 19) remark: w3ft21_ has been targeted for automatic cpu dispatch
ftn  -O3 -axCore-AVX2 -g -traceback -fixed -I/gpfs/hps/nco/ops/nwtest/lib/sigio/v2.0.1/intel/include/sigio_v2.0.1_4 -c w3ft26.f
ftn  -O3 -axCore-AVX2 -g -traceback -fixed -I/gpfs/hps/nco/ops/nwtest/lib/sigio/v2.0.1/intel/include/sigio_v2.0.1_4 -c w3ft33.f
w3ft33.f(1): (col. 18) remark: w3ft33_ has been targeted for automatic cpu dispatch
ftn  -O3 -axCore-AVX2 -g -traceback -fixed -I/gpfs/hps/nco/ops/nwtest/lib/sigio/v2.0.1/intel/include/sigio_v2.0.1_4 -c w3ft38.f
w3ft38.f(1): (col. 19) remark: w3ft38_ has been targeted for automatic cpu dispatch
ftn  -O3 -axCore-AVX2 -g -traceback -fixed -I/gpfs/hps/nco/ops/nwtest/lib/sigio/v2.0.1/intel/include/sigio_v2.0.1_4 -c w3ft39.f
w3ft39.f(1): (col. 19) remark: w3ft39_ has been targeted for automatic cpu dispatch
ftn  -O3 -axCore-AVX2 -g -traceback -fixed -I/gpfs/hps/nco/ops/nwtest/lib/sigio/v2.0.1/intel/include/sigio_v2.0.1_4 -c w3ft40.f
w3ft40.f(1): (col. 19) remark: w3ft40_ has been targeted for automatic cpu dispatch
ftn  -O3 -axCore-AVX2 -g -traceback -fixed -I/gpfs/hps/nco/ops/nwtest/lib/sigio/v2.0.1/intel/include/sigio_v2.0.1_4 -c w3ft41.f
w3ft41.f(1): (col. 19) remark: w3ft41_ has been targeted for automatic cpu dispatch
ftn  -O3 -axCore-AVX2 -g -traceback -fixed -I/gpfs/hps/nco/ops/nwtest/lib/sigio/v2.0.1/intel/include/sigio_v2.0.1_4 -c w3ft43v.f
w3ft43v.f(1): (col. 18) remark: w3ft43v_ has been targeted for automatic cpu dispatch
ftn  -O3 -axCore-AVX2 -g -traceback -fixed -I/gpfs/hps/nco/ops/nwtest/lib/sigio/v2.0.1/intel/include/sigio_v2.0.1_4 -c w3log.f
ftn  -O3 -axCore-AVX2 -g -traceback -fixed -I/gpfs/hps/nco/ops/nwtest/lib/sigio/v2.0.1/intel/include/sigio_v2.0.1_4 -c w3miscan.f
w3miscan.f(303): (col. 18) remark: w3miscan_ has been targeted for automatic cpu dispatch
w3miscan.f(1131): (col. 18) remark: misc01_ has been targeted for automatic cpu dispatch
w3miscan.f(1277): (col. 16) remark: risc02_ has been targeted for automatic cpu dispatch
w3miscan.f(1620): (col. 18) remark: misc04_ has been targeted for automatic cpu dispatch
w3miscan.f(1575): (col. 16) remark: risc03_ has been targeted for automatic cpu dispatch
w3miscan.f(1384): (col. 18) remark: misc10_ has been targeted for automatic cpu dispatch
w3miscan.f(1506): (col. 16) remark: risc02xx_ has been targeted for automatic cpu dispatch
ftn  -O3 -axCore-AVX2 -g -traceback -fixed -I/gpfs/hps/nco/ops/nwtest/lib/sigio/v2.0.1/intel/include/sigio_v2.0.1_4 -c xdopen.f
ftn  -O3 -axCore-AVX2 -g -traceback -fixed -I/gpfs/hps/nco/ops/nwtest/lib/sigio/v2.0.1/intel/include/sigio_v2.0.1_4 -c  start.F
ar crvs libw3emc_v2.2.0_4.a args_mod.o gblevents.o getgbens.o isrchne.o iw3mat.o mersenne_twister.o mova2i.o orders.o putgbens.o summary.o w3ai40.o w3ai41.o w3ctzdat.o w3fa01.o w3fa03.o w3fa03v.o w3fa04.o w3fa06.o w3fa09.o w3fa11.o w3fa12.o w3fa13.o w3fb00.o w3fb01.o w3fb02.o w3fb03.o w3fb04.o w3fb05.o w3fb06.o w3fb07.o w3fb08.o w3fb09.o w3fb10.o w3fb11.o w3fb12.o w3fc02.o w3fc05.o w3fc06.o w3fc07.o w3fc08.o w3fi02.o w3fi03.o w3fi18.o w3fi19.o w3fi20.o w3fi32.o w3fi47.o w3fi48.o w3fi52.o w3fi61.o w3fi65.o w3fi66.o w3fi67.o w3fi70.o w3fi78.o w3fi85.o w3fm07.o w3fm08.o w3fp04.o w3fp05.o w3fp06.o w3fp10.o w3fq07.o w3ft00.o w3ft01.o w3ft02.o w3ft03.o w3ft05.o w3ft05v.o w3ft06.o w3ft06v.o w3ft07.o w3ft08.o w3ft09.o w3ft10.o w3ft11.o w3ft12.o w3ft16.o w3ft17.o w3ft201.o w3ft202.o w3ft203.o w3ft204.o w3ft205.o w3ft206.o w3ft207.o w3ft208.o w3ft209.o w3ft210.o w3ft211.o w3ft212.o w3ft213.o w3ft214.o w3ft21.o w3ft26.o w3ft33.o w3ft38.o w3ft39.o w3ft40.o w3ft41.o w3ft43v.o w3log.o w3miscan.o xdopen.o start.o
a - args_mod.o
a - gblevents.o
a - getgbens.o
a - isrchne.o
a - iw3mat.o
a - mersenne_twister.o
a - mova2i.o
a - orders.o
a - putgbens.o
a - summary.o
a - w3ai40.o
a - w3ai41.o
a - w3ctzdat.o
a - w3fa01.o
a - w3fa03.o
a - w3fa03v.o
a - w3fa04.o
a - w3fa06.o
a - w3fa09.o
a - w3fa11.o
a - w3fa12.o
a - w3fa13.o
a - w3fb00.o
a - w3fb01.o
a - w3fb02.o
a - w3fb03.o
a - w3fb04.o
a - w3fb05.o
a - w3fb06.o
a - w3fb07.o
a - w3fb08.o
a - w3fb09.o
a - w3fb10.o
a - w3fb11.o
a - w3fb12.o
a - w3fc02.o
a - w3fc05.o
a - w3fc06.o
a - w3fc07.o
a - w3fc08.o
a - w3fi02.o
a - w3fi03.o
a - w3fi18.o
a - w3fi19.o
a - w3fi20.o
a - w3fi32.o
a - w3fi47.o
a - w3fi48.o
a - w3fi52.o
a - w3fi61.o
a - w3fi65.o
a - w3fi66.o
a - w3fi67.o
a - w3fi70.o
a - w3fi78.o
a - w3fi85.o
a - w3fm07.o
a - w3fm08.o
a - w3fp04.o
a - w3fp05.o
a - w3fp06.o
a - w3fp10.o
a - w3fq07.o
a - w3ft00.o
a - w3ft01.o
a - w3ft02.o
a - w3ft03.o
a - w3ft05.o
a - w3ft05v.o
a - w3ft06.o
a - w3ft06v.o
a - w3ft07.o
a - w3ft08.o
a - w3ft09.o
a - w3ft10.o
a - w3ft11.o
a - w3ft12.o
a - w3ft16.o
a - w3ft17.o
a - w3ft201.o
a - w3ft202.o
a - w3ft203.o
a - w3ft204.o
a - w3ft205.o
a - w3ft206.o
a - w3ft207.o
a - w3ft208.o
a - w3ft209.o
a - w3ft210.o
a - w3ft211.o
a - w3ft212.o
a - w3ft213.o
a - w3ft214.o
a - w3ft21.o
a - w3ft26.o
a - w3ft33.o
a - w3ft38.o
a - w3ft39.o
a - w3ft40.o
a - w3ft41.o
a - w3ft43v.o
a - w3log.o
a - w3miscan.o
a - xdopen.o
a - start.o
ranlib libw3emc_v2.2.0_4.a
make[1]: Leaving directory `/gpfs/hps/nco/ops/nwtest/lib/w3emc/v2.2.0/src/libsrc'


===============================================================
Performing NCO-type install of precision 4 build
===============================================================

cd libsrc && make nco_install
make[1]: Entering directory `/gpfs/hps/nco/ops/nwtest/lib/w3emc/v2.2.0/src/libsrc'
/usr/bin/install -c -d /gpfs/hps/nco/ops/nwtest/lib/w3emc/v2.2.0/intel/w3emc_v2.2.0_4
/usr/bin/install -c -m 644 *.mod /gpfs/hps/nco/ops/nwtest/lib/w3emc/v2.2.0/intel/w3emc_v2.2.0_4
/usr/bin/install -c -m 644 libw3emc_v2.2.0_4.a /gpfs/hps/nco/ops/nwtest/lib/w3emc/v2.2.0/intel/libw3emc_v2.2.0_4.a
/usr/bin/install -c -m 644 ../config.log /gpfs/hps/nco/ops/nwtest/lib/w3emc/v2.2.0/src/config.log.w3emc_v2.2.0_4
make[1]: Leaving directory `/gpfs/hps/nco/ops/nwtest/lib/w3emc/v2.2.0/src/libsrc'
cd libsrc && make clean
make[1]: Entering directory `/gpfs/hps/nco/ops/nwtest/lib/w3emc/v2.2.0/src/libsrc'
rm *.o *.mod *.a >/dev/null 2>&1
make[1]: Leaving directory `/gpfs/hps/nco/ops/nwtest/lib/w3emc/v2.2.0/src/libsrc'
cd libsrc && make distclean
make[1]: Entering directory `/gpfs/hps/nco/ops/nwtest/lib/w3emc/v2.2.0/src/libsrc'
rm Makefile >/dev/null 2>&1
make[1]: Leaving directory `/gpfs/hps/nco/ops/nwtest/lib/w3emc/v2.2.0/src/libsrc'
rm Makefile config.log* config.status




===============================================================
===============================================================
Configuring for precision 8 build
===============================================================
===============================================================

./configure --prefix=/gpfs/hps/nco/ops/nwtest/lib/w3emc/v2.2.0/src --enable-promote=8
configure: nceplibs w3emc v2.2.0
checking for Fortran compiler default output file name... a.out
checking whether the Fortran compiler works... yes
checking whether we are cross compiling... no
checking for suffix of executables... 
checking for suffix of object files... o
checking whether we are using the GNU Fortran compiler... no
checking whether ftn accepts -g... yes
checking for a BSD-compatible install... /usr/bin/install -c
checking for ranlib... ranlib
checking for ar... ar
checking for Fortran flag to compile .f files... none
configure: Building precision 8 version.
configure: Using SIGIO_INC4 value: "/gpfs/hps/nco/ops/nwtest/lib/sigio/v2.0.1/intel/include/sigio_v2.0.1_4"
configure: Using SIGIO_LIB4 value: "/gpfs/hps/nco/ops/nwtest/lib/sigio/v2.0.1/intel/libsigio_v2.0.1_4.a"
checking for library containing sigio_head definition... yes
configure: creating ./config.status
config.status: creating Makefile
config.status: creating libsrc/Makefile


===============================================================
Starting precision 8 build
===============================================================

cd libsrc && make clean
make[1]: Entering directory `/gpfs/hps/nco/ops/nwtest/lib/w3emc/v2.2.0/src/libsrc'
rm *.o *.mod *.a >/dev/null 2>&1
make[1]: [clean] Error 1 (ignored)
make[1]: Leaving directory `/gpfs/hps/nco/ops/nwtest/lib/w3emc/v2.2.0/src/libsrc'
cd libsrc && make all
make[1]: Entering directory `/gpfs/hps/nco/ops/nwtest/lib/w3emc/v2.2.0/src/libsrc'
ftn  -r8 -i8 -O3 -axCore-AVX2 -g -traceback -fixed -I/gpfs/hps/nco/ops/nwtest/lib/sigio/v2.0.1/intel/include/sigio_v2.0.1_4 -c args_mod.f
ftn  -r8 -i8 -O3 -axCore-AVX2 -g -traceback -fixed -I/gpfs/hps/nco/ops/nwtest/lib/sigio/v2.0.1/intel/include/sigio_v2.0.1_4 -c gblevents.f
gblevents.f(498): (col. 18) remark: gblevents_ has been targeted for automatic cpu dispatch
gblevents.f(1754): (col. 18) remark: gblevn04_ has been targeted for automatic cpu dispatch
gblevents.f(2125): (col. 18) remark: gblevn08_ has been targeted for automatic cpu dispatch
gblevents.f(1578): (col. 18) remark: gblevn03_ has been targeted for automatic cpu dispatch
gblevents.f(2368): (col. 18) remark: gblevn10_ has been targeted for automatic cpu dispatch
gblevents.f(1977): (col. 16) remark: oefg01_ has been targeted for automatic cpu dispatch
gblevents.f(1807): (col. 18) remark: gblevn06_ has been targeted for automatic cpu dispatch
ftn  -r8 -i8 -O3 -axCore-AVX2 -g -traceback -fixed -I/gpfs/hps/nco/ops/nwtest/lib/sigio/v2.0.1/intel/include/sigio_v2.0.1_4 -c getgbens.f
ftn  -r8 -i8 -O3 -axCore-AVX2 -g -traceback -fixed -I/gpfs/hps/nco/ops/nwtest/lib/sigio/v2.0.1/intel/include/sigio_v2.0.1_4 -c isrchne.f
ftn  -r8 -i8 -O3 -axCore-AVX2 -g -traceback -fixed -I/gpfs/hps/nco/ops/nwtest/lib/sigio/v2.0.1/intel/include/sigio_v2.0.1_4 -c iw3mat.f
ftn  -r8 -i8 -O3 -axCore-AVX2 -g -traceback -fixed -I/gpfs/hps/nco/ops/nwtest/lib/sigio/v2.0.1/intel/include/sigio_v2.0.1_4 -c mersenne_twister.f
mersenne_twister.f(217): (col. 20) remark: mersenne_twister_mp_random_seed_ has been targeted for automatic cpu dispatch
mersenne_twister.f(299): (col. 18) remark: mersenne_twister_mp_random_number_f_ has been targeted for automatic cpu dispatch
mersenne_twister.f(309): (col. 20) remark: mersenne_twister_mp_random_number_i_ has been targeted for automatic cpu dispatch
mersenne_twister.f(319): (col. 20) remark: mersenne_twister_mp_random_number_s_ has been targeted for automatic cpu dispatch
mersenne_twister.f(327): (col. 20) remark: mersenne_twister_mp_random_number_t_ has been targeted for automatic cpu dispatch
mersenne_twister.f(397): (col. 20) remark: mersenne_twister_mp_random_gauss_t_ has been targeted for automatic cpu dispatch
mersenne_twister.f(452): (col. 18) remark: mersenne_twister_mp_random_index_f_ has been targeted for automatic cpu dispatch
mersenne_twister.f(463): (col. 20) remark: mersenne_twister_mp_random_index_i_ has been targeted for automatic cpu dispatch
mersenne_twister.f(474): (col. 20) remark: mersenne_twister_mp_random_index_s_ has been targeted for automatic cpu dispatch
mersenne_twister.f(483): (col. 20) remark: mersenne_twister_mp_random_index_t_ has been targeted for automatic cpu dispatch
ftn  -r8 -i8 -O3 -axCore-AVX2 -g -traceback -fixed -I/gpfs/hps/nco/ops/nwtest/lib/sigio/v2.0.1/intel/include/sigio_v2.0.1_4 -c mova2i.f
ftn  -r8 -i8 -O3 -axCore-AVX2 -g -traceback -fixed -I/gpfs/hps/nco/ops/nwtest/lib/sigio/v2.0.1/intel/include/sigio_v2.0.1_4 -c orders.f
orders.f(99): (col. 18) remark: orders_ has been targeted for automatic cpu dispatch
orders.f(289): (col. 18) remark: ordec8_ has been targeted for automatic cpu dispatch
orders.f(202): (col. 18) remark: order4_ has been targeted for automatic cpu dispatch
orders.f(345): (col. 18) remark: ordec4_ has been targeted for automatic cpu dispatch
ftn  -r8 -i8 -O3 -axCore-AVX2 -g -traceback -fixed -I/gpfs/hps/nco/ops/nwtest/lib/sigio/v2.0.1/intel/include/sigio_v2.0.1_4 -c putgbens.f
ftn  -r8 -i8 -O3 -axCore-AVX2 -g -traceback -fixed -I/gpfs/hps/nco/ops/nwtest/lib/sigio/v2.0.1/intel/include/sigio_v2.0.1_4 -c summary.f
ftn  -r8 -i8 -O3 -axCore-AVX2 -g -traceback -fixed -I/gpfs/hps/nco/ops/nwtest/lib/sigio/v2.0.1/intel/include/sigio_v2.0.1_4 -c w3ai40.f
ftn  -r8 -i8 -O3 -axCore-AVX2 -g -traceback -fixed -I/gpfs/hps/nco/ops/nwtest/lib/sigio/v2.0.1/intel/include/sigio_v2.0.1_4 -c w3ai41.f
ftn  -r8 -i8 -O3 -axCore-AVX2 -g -traceback -fixed -I/gpfs/hps/nco/ops/nwtest/lib/sigio/v2.0.1/intel/include/sigio_v2.0.1_4 -c w3ctzdat.f
w3ctzdat.f(2): (col. 18) remark: w3ctzdat_ has been targeted for automatic cpu dispatch
ftn  -r8 -i8 -O3 -axCore-AVX2 -g -traceback -fixed -I/gpfs/hps/nco/ops/nwtest/lib/sigio/v2.0.1/intel/include/sigio_v2.0.1_4 -c w3fa01.f
w3fa01.f(1): (col. 19) remark: w3fa01_ has been targeted for automatic cpu dispatch
ftn  -r8 -i8 -O3 -axCore-AVX2 -g -traceback -fixed -I/gpfs/hps/nco/ops/nwtest/lib/sigio/v2.0.1/intel/include/sigio_v2.0.1_4 -c w3fa03.f
w3fa03.f(1): (col. 18) remark: w3fa03_ has been targeted for automatic cpu dispatch
ftn  -r8 -i8 -O3 -axCore-AVX2 -g -traceback -fixed -I/gpfs/hps/nco/ops/nwtest/lib/sigio/v2.0.1/intel/include/sigio_v2.0.1_4 -c w3fa03v.f
w3fa03v.f(1): (col. 18) remark: w3fa03v_ has been targeted for automatic cpu dispatch
ftn  -r8 -i8 -O3 -axCore-AVX2 -g -traceback -fixed -I/gpfs/hps/nco/ops/nwtest/lib/sigio/v2.0.1/intel/include/sigio_v2.0.1_4 -c w3fa04.f
w3fa04.f(1): (col. 19) remark: w3fa04_ has been targeted for automatic cpu dispatch
ftn  -r8 -i8 -O3 -axCore-AVX2 -g -traceback -fixed -I/gpfs/hps/nco/ops/nwtest/lib/sigio/v2.0.1/intel/include/sigio_v2.0.1_4 -c w3fa06.f
w3fa06.f(1): (col. 19) remark: w3fa06_ has been targeted for automatic cpu dispatch
ftn  -r8 -i8 -O3 -axCore-AVX2 -g -traceback -fixed -I/gpfs/hps/nco/ops/nwtest/lib/sigio/v2.0.1/intel/include/sigio_v2.0.1_4 -c w3fa09.f
w3fa09.f(1): (col. 21) remark: w3fa09_ has been targeted for automatic cpu dispatch
ftn  -r8 -i8 -O3 -axCore-AVX2 -g -traceback -fixed -I/gpfs/hps/nco/ops/nwtest/lib/sigio/v2.0.1/intel/include/sigio_v2.0.1_4 -c w3fa11.f
w3fa11.f(1): (col. 19) remark: w3fa11_ has been targeted for automatic cpu dispatch
ftn  -r8 -i8 -O3 -axCore-AVX2 -g -traceback -fixed -I/gpfs/hps/nco/ops/nwtest/lib/sigio/v2.0.1/intel/include/sigio_v2.0.1_4 -c w3fa12.f
w3fa12.f(1): (col. 19) remark: w3fa12_ has been targeted for automatic cpu dispatch
ftn  -r8 -i8 -O3 -axCore-AVX2 -g -traceback -fixed -I/gpfs/hps/nco/ops/nwtest/lib/sigio/v2.0.1/intel/include/sigio_v2.0.1_4 -c w3fa13.f
w3fa13.f(1): (col. 19) remark: w3fa13_ has been targeted for automatic cpu dispatch
ftn  -r8 -i8 -O3 -axCore-AVX2 -g -traceback -fixed -I/gpfs/hps/nco/ops/nwtest/lib/sigio/v2.0.1/intel/include/sigio_v2.0.1_4 -c w3fb00.f
ftn  -r8 -i8 -O3 -axCore-AVX2 -g -traceback -fixed -I/gpfs/hps/nco/ops/nwtest/lib/sigio/v2.0.1/intel/include/sigio_v2.0.1_4 -c w3fb01.f
w3fb01.f(1): (col. 19) remark: w3fb01_ has been targeted for automatic cpu dispatch
ftn  -r8 -i8 -O3 -axCore-AVX2 -g -traceback -fixed -I/gpfs/hps/nco/ops/nwtest/lib/sigio/v2.0.1/intel/include/sigio_v2.0.1_4 -c w3fb02.f
ftn  -r8 -i8 -O3 -axCore-AVX2 -g -traceback -fixed -I/gpfs/hps/nco/ops/nwtest/lib/sigio/v2.0.1/intel/include/sigio_v2.0.1_4 -c w3fb03.f
w3fb03.f(1): (col. 19) remark: w3fb03_ has been targeted for automatic cpu dispatch
ftn  -r8 -i8 -O3 -axCore-AVX2 -g -traceback -fixed -I/gpfs/hps/nco/ops/nwtest/lib/sigio/v2.0.1/intel/include/sigio_v2.0.1_4 -c w3fb04.f
ftn  -r8 -i8 -O3 -axCore-AVX2 -g -traceback -fixed -I/gpfs/hps/nco/ops/nwtest/lib/sigio/v2.0.1/intel/include/sigio_v2.0.1_4 -c w3fb05.f
w3fb05.f(1): (col. 19) remark: w3fb05_ has been targeted for automatic cpu dispatch
ftn  -r8 -i8 -O3 -axCore-AVX2 -g -traceback -fixed -I/gpfs/hps/nco/ops/nwtest/lib/sigio/v2.0.1/intel/include/sigio_v2.0.1_4 -c w3fb06.f
w3fb06.f(1): (col. 19) remark: w3fb06_ has been targeted for automatic cpu dispatch
ftn  -r8 -i8 -O3 -axCore-AVX2 -g -traceback -fixed -I/gpfs/hps/nco/ops/nwtest/lib/sigio/v2.0.1/intel/include/sigio_v2.0.1_4 -c w3fb07.f
w3fb07.f(1): (col. 19) remark: w3fb07_ has been targeted for automatic cpu dispatch
ftn  -r8 -i8 -O3 -axCore-AVX2 -g -traceback -fixed -I/gpfs/hps/nco/ops/nwtest/lib/sigio/v2.0.1/intel/include/sigio_v2.0.1_4 -c w3fb08.f
ftn  -r8 -i8 -O3 -axCore-AVX2 -g -traceback -fixed -I/gpfs/hps/nco/ops/nwtest/lib/sigio/v2.0.1/intel/include/sigio_v2.0.1_4 -c w3fb09.f
w3fb09.f(1): (col. 19) remark: w3fb09_ has been targeted for automatic cpu dispatch
ftn  -r8 -i8 -O3 -axCore-AVX2 -g -traceback -fixed -I/gpfs/hps/nco/ops/nwtest/lib/sigio/v2.0.1/intel/include/sigio_v2.0.1_4 -c w3fb10.f
w3fb10.f(1): (col. 18) remark: w3fb10_ has been targeted for automatic cpu dispatch
ftn  -r8 -i8 -O3 -axCore-AVX2 -g -traceback -fixed -I/gpfs/hps/nco/ops/nwtest/lib/sigio/v2.0.1/intel/include/sigio_v2.0.1_4 -c w3fb11.f
w3fb11.f(1): (col. 19) remark: w3fb11_ has been targeted for automatic cpu dispatch
ftn  -r8 -i8 -O3 -axCore-AVX2 -g -traceback -fixed -I/gpfs/hps/nco/ops/nwtest/lib/sigio/v2.0.1/intel/include/sigio_v2.0.1_4 -c w3fb12.f
w3fb12.f(1): (col. 19) remark: w3fb12_ has been targeted for automatic cpu dispatch
ftn  -r8 -i8 -O3 -axCore-AVX2 -g -traceback -fixed -I/gpfs/hps/nco/ops/nwtest/lib/sigio/v2.0.1/intel/include/sigio_v2.0.1_4 -c w3fc02.f
w3fc02.f(1): (col. 19) remark: w3fc02_ has been targeted for automatic cpu dispatch
ftn  -r8 -i8 -O3 -axCore-AVX2 -g -traceback -fixed -I/gpfs/hps/nco/ops/nwtest/lib/sigio/v2.0.1/intel/include/sigio_v2.0.1_4 -c w3fc05.f
w3fc05.f(1): (col. 18) remark: w3fc05_ has been targeted for automatic cpu dispatch
ftn  -r8 -i8 -O3 -axCore-AVX2 -g -traceback -fixed -I/gpfs/hps/nco/ops/nwtest/lib/sigio/v2.0.1/intel/include/sigio_v2.0.1_4 -c w3fc06.f
ftn  -r8 -i8 -O3 -axCore-AVX2 -g -traceback -fixed -I/gpfs/hps/nco/ops/nwtest/lib/sigio/v2.0.1/intel/include/sigio_v2.0.1_4 -c w3fc07.f
w3fc07.f(1): (col. 18) remark: w3fc07_ has been targeted for automatic cpu dispatch
ftn  -r8 -i8 -O3 -axCore-AVX2 -g -traceback -fixed -I/gpfs/hps/nco/ops/nwtest/lib/sigio/v2.0.1/intel/include/sigio_v2.0.1_4 -c w3fc08.f
w3fc08.f(1): (col. 18) remark: w3fc08_ has been targeted for automatic cpu dispatch
ftn  -r8 -i8 -O3 -axCore-AVX2 -g -traceback -fixed -I/gpfs/hps/nco/ops/nwtest/lib/sigio/v2.0.1/intel/include/sigio_v2.0.1_4 -c w3fi02.f
w3fi02.f(1): (col. 18) remark: w3fi02_ has been targeted for automatic cpu dispatch
ftn  -r8 -i8 -O3 -axCore-AVX2 -g -traceback -fixed -I/gpfs/hps/nco/ops/nwtest/lib/sigio/v2.0.1/intel/include/sigio_v2.0.1_4 -c w3fi03.f
w3fi03.f(1): (col. 18) remark: w3fi03_ has been targeted for automatic cpu dispatch
ftn  -r8 -i8 -O3 -axCore-AVX2 -g -traceback -fixed -I/gpfs/hps/nco/ops/nwtest/lib/sigio/v2.0.1/intel/include/sigio_v2.0.1_4 -c w3fi18.f
ftn  -r8 -i8 -O3 -axCore-AVX2 -g -traceback -fixed -I/gpfs/hps/nco/ops/nwtest/lib/sigio/v2.0.1/intel/include/sigio_v2.0.1_4 -c w3fi19.f
ftn  -r8 -i8 -O3 -axCore-AVX2 -g -traceback -fixed -I/gpfs/hps/nco/ops/nwtest/lib/sigio/v2.0.1/intel/include/sigio_v2.0.1_4 -c w3fi20.f
ftn  -r8 -i8 -O3 -axCore-AVX2 -g -traceback -fixed -I/gpfs/hps/nco/ops/nwtest/lib/sigio/v2.0.1/intel/include/sigio_v2.0.1_4 -c w3fi32.f
ftn  -r8 -i8 -O3 -axCore-AVX2 -g -traceback -fixed -I/gpfs/hps/nco/ops/nwtest/lib/sigio/v2.0.1/intel/include/sigio_v2.0.1_4 -c w3fi47.f
ftn  -r8 -i8 -O3 -axCore-AVX2 -g -traceback -fixed -I/gpfs/hps/nco/ops/nwtest/lib/sigio/v2.0.1/intel/include/sigio_v2.0.1_4 -c w3fi48.f
ftn  -r8 -i8 -O3 -axCore-AVX2 -g -traceback -fixed -I/gpfs/hps/nco/ops/nwtest/lib/sigio/v2.0.1/intel/include/sigio_v2.0.1_4 -c w3fi52.f
ftn  -r8 -i8 -O3 -axCore-AVX2 -g -traceback -fixed -I/gpfs/hps/nco/ops/nwtest/lib/sigio/v2.0.1/intel/include/sigio_v2.0.1_4 -c w3fi61.f
ftn  -r8 -i8 -O3 -axCore-AVX2 -g -traceback -fixed -I/gpfs/hps/nco/ops/nwtest/lib/sigio/v2.0.1/intel/include/sigio_v2.0.1_4 -c w3fi65.f
ftn  -r8 -i8 -O3 -axCore-AVX2 -g -traceback -fixed -I/gpfs/hps/nco/ops/nwtest/lib/sigio/v2.0.1/intel/include/sigio_v2.0.1_4 -c w3fi66.f
ftn  -r8 -i8 -O3 -axCore-AVX2 -g -traceback -fixed -I/gpfs/hps/nco/ops/nwtest/lib/sigio/v2.0.1/intel/include/sigio_v2.0.1_4 -c w3fi67.f
w3fi67.f(1121): (col. 18) remark: fi6703_ has been targeted for automatic cpu dispatch
ftn  -r8 -i8 -O3 -axCore-AVX2 -g -traceback -fixed -I/gpfs/hps/nco/ops/nwtest/lib/sigio/v2.0.1/intel/include/sigio_v2.0.1_4 -c w3fi70.f
ftn  -r8 -i8 -O3 -axCore-AVX2 -g -traceback -fixed -I/gpfs/hps/nco/ops/nwtest/lib/sigio/v2.0.1/intel/include/sigio_v2.0.1_4 -c w3fi78.f
w3fi78.f(1199): (col. 18) remark: fi7803_ has been targeted for automatic cpu dispatch
ftn  -r8 -i8 -O3 -axCore-AVX2 -g -traceback -fixed -I/gpfs/hps/nco/ops/nwtest/lib/sigio/v2.0.1/intel/include/sigio_v2.0.1_4 -c w3fi85.f
w3fi85.f(1): (col. 18) remark: w3fi85_ has been targeted for automatic cpu dispatch
w3fi85.f(2611): (col. 18) remark: fi8513_ has been targeted for automatic cpu dispatch
w3fi85.f(1380): (col. 18) remark: fi8503_ has been targeted for automatic cpu dispatch
w3fi85.f(1537): (col. 18) remark: fi8506_ has been targeted for automatic cpu dispatch
w3fi85.f(2428): (col. 18) remark: fi8512_ has been targeted for automatic cpu dispatch
w3fi85.f(2090): (col. 18) remark: fi8509_ has been targeted for automatic cpu dispatch
w3fi85.f(1848): (col. 18) remark: fi8508_ has been targeted for automatic cpu dispatch
ftn  -r8 -i8 -O3 -axCore-AVX2 -g -traceback -fixed -I/gpfs/hps/nco/ops/nwtest/lib/sigio/v2.0.1/intel/include/sigio_v2.0.1_4 -c w3fm07.f
w3fm07.f(1): (col. 18) remark: w3fm07_ has been targeted for automatic cpu dispatch
ftn  -r8 -i8 -O3 -axCore-AVX2 -g -traceback -fixed -I/gpfs/hps/nco/ops/nwtest/lib/sigio/v2.0.1/intel/include/sigio_v2.0.1_4 -c w3fm08.f
w3fm08.f(1): (col. 18) remark: w3fm08_ has been targeted for automatic cpu dispatch
ftn  -r8 -i8 -O3 -axCore-AVX2 -g -traceback -fixed -I/gpfs/hps/nco/ops/nwtest/lib/sigio/v2.0.1/intel/include/sigio_v2.0.1_4 -c w3fp04.f
w3fp04.f(1): (col. 19) remark: w3fp04_ has been targeted for automatic cpu dispatch
ftn  -r8 -i8 -O3 -axCore-AVX2 -g -traceback -fixed -I/gpfs/hps/nco/ops/nwtest/lib/sigio/v2.0.1/intel/include/sigio_v2.0.1_4 -c w3fp05.f
w3fp05.f(1): (col. 18) remark: w3fp05_ has been targeted for automatic cpu dispatch
ftn  -r8 -i8 -O3 -axCore-AVX2 -g -traceback -fixed -I/gpfs/hps/nco/ops/nwtest/lib/sigio/v2.0.1/intel/include/sigio_v2.0.1_4 -c w3fp06.f
w3fp06.f(80): (col. 19) remark: line01_ has been targeted for automatic cpu dispatch
w3fp06.f(1025): (col. 19) remark: climo_ has been targeted for automatic cpu dispatch
ftn  -r8 -i8 -O3 -axCore-AVX2 -g -traceback -fixed -I/gpfs/hps/nco/ops/nwtest/lib/sigio/v2.0.1/intel/include/sigio_v2.0.1_4 -c w3fp10.f
w3fp10.f(1): (col. 18) remark: w3fp10_ has been targeted for automatic cpu dispatch
ftn  -r8 -i8 -O3 -axCore-AVX2 -g -traceback -fixed -I/gpfs/hps/nco/ops/nwtest/lib/sigio/v2.0.1/intel/include/sigio_v2.0.1_4 -c w3fq07.f
ftn  -r8 -i8 -O3 -axCore-AVX2 -g -traceback -fixed -I/gpfs/hps/nco/ops/nwtest/lib/sigio/v2.0.1/intel/include/sigio_v2.0.1_4 -c w3ft00.f
w3ft00.f(1): (col. 19) remark: w3ft00_ has been targeted for automatic cpu dispatch
ftn  -r8 -i8 -O3 -axCore-AVX2 -g -traceback -fixed -I/gpfs/hps/nco/ops/nwtest/lib/sigio/v2.0.1/intel/include/sigio_v2.0.1_4 -c w3ft01.f
w3ft01.f(1): (col. 19) remark: w3ft01_ has been targeted for automatic cpu dispatch
ftn  -r8 -i8 -O3 -axCore-AVX2 -g -traceback -fixed -I/gpfs/hps/nco/ops/nwtest/lib/sigio/v2.0.1/intel/include/sigio_v2.0.1_4 -c w3ft02.f
w3ft02.f(1): (col. 19) remark: w3ft02_ has been targeted for automatic cpu dispatch
ftn  -r8 -i8 -O3 -axCore-AVX2 -g -traceback -fixed -I/gpfs/hps/nco/ops/nwtest/lib/sigio/v2.0.1/intel/include/sigio_v2.0.1_4 -c w3ft03.f
w3ft03.f(1): (col. 19) remark: w3ft03_ has been targeted for automatic cpu dispatch
ftn  -r8 -i8 -O3 -axCore-AVX2 -g -traceback -fixed -I/gpfs/hps/nco/ops/nwtest/lib/sigio/v2.0.1/intel/include/sigio_v2.0.1_4 -c w3ft05.f
w3ft05.f(1): (col. 19) remark: w3ft05_ has been targeted for automatic cpu dispatch
ftn  -r8 -i8 -O3 -axCore-AVX2 -g -traceback -fixed -I/gpfs/hps/nco/ops/nwtest/lib/sigio/v2.0.1/intel/include/sigio_v2.0.1_4 -c w3ft05v.f
w3ft05v.f(1): (col. 18) remark: w3ft05v_ has been targeted for automatic cpu dispatch
ftn  -r8 -i8 -O3 -axCore-AVX2 -g -traceback -fixed -I/gpfs/hps/nco/ops/nwtest/lib/sigio/v2.0.1/intel/include/sigio_v2.0.1_4 -c w3ft06.f
w3ft06.f(1): (col. 19) remark: w3ft06_ has been targeted for automatic cpu dispatch
ftn  -r8 -i8 -O3 -axCore-AVX2 -g -traceback -fixed -I/gpfs/hps/nco/ops/nwtest/lib/sigio/v2.0.1/intel/include/sigio_v2.0.1_4 -c w3ft06v.f
w3ft06v.f(1): (col. 18) remark: w3ft06v_ has been targeted for automatic cpu dispatch
ftn  -r8 -i8 -O3 -axCore-AVX2 -g -traceback -fixed -I/gpfs/hps/nco/ops/nwtest/lib/sigio/v2.0.1/intel/include/sigio_v2.0.1_4 -c w3ft07.f
w3ft07.f(1): (col. 19) remark: w3ft07_ has been targeted for automatic cpu dispatch
ftn  -r8 -i8 -O3 -axCore-AVX2 -g -traceback -fixed -I/gpfs/hps/nco/ops/nwtest/lib/sigio/v2.0.1/intel/include/sigio_v2.0.1_4 -c w3ft08.f
w3ft08.f(1): (col. 19) remark: w3ft08_ has been targeted for automatic cpu dispatch
ftn  -r8 -i8 -O3 -axCore-AVX2 -g -traceback -fixed -I/gpfs/hps/nco/ops/nwtest/lib/sigio/v2.0.1/intel/include/sigio_v2.0.1_4 -c w3ft09.f
w3ft09.f(1): (col. 19) remark: w3ft09_ has been targeted for automatic cpu dispatch
ftn  -r8 -i8 -O3 -axCore-AVX2 -g -traceback -fixed -I/gpfs/hps/nco/ops/nwtest/lib/sigio/v2.0.1/intel/include/sigio_v2.0.1_4 -c w3ft10.f
ftn  -r8 -i8 -O3 -axCore-AVX2 -g -traceback -fixed -I/gpfs/hps/nco/ops/nwtest/lib/sigio/v2.0.1/intel/include/sigio_v2.0.1_4 -c w3ft11.f
w3ft11.f(1): (col. 19) remark: w3ft11_ has been targeted for automatic cpu dispatch
ftn  -r8 -i8 -O3 -axCore-AVX2 -g -traceback -fixed -I/gpfs/hps/nco/ops/nwtest/lib/sigio/v2.0.1/intel/include/sigio_v2.0.1_4 -c w3ft12.f
w3ft12.f(1): (col. 19) remark: w3ft12_ has been targeted for automatic cpu dispatch
ftn  -r8 -i8 -O3 -axCore-AVX2 -g -traceback -fixed -I/gpfs/hps/nco/ops/nwtest/lib/sigio/v2.0.1/intel/include/sigio_v2.0.1_4 -c w3ft16.f
w3ft16.f(1): (col. 18) remark: w3ft16_ has been targeted for automatic cpu dispatch
ftn  -r8 -i8 -O3 -axCore-AVX2 -g -traceback -fixed -I/gpfs/hps/nco/ops/nwtest/lib/sigio/v2.0.1/intel/include/sigio_v2.0.1_4 -c w3ft17.f
w3ft17.f(1): (col. 18) remark: w3ft17_ has been targeted for automatic cpu dispatch
ftn  -r8 -i8 -O3 -axCore-AVX2 -g -traceback -fixed -I/gpfs/hps/nco/ops/nwtest/lib/sigio/v2.0.1/intel/include/sigio_v2.0.1_4 -c w3ft201.f
w3ft201.f(1): (col. 18) remark: w3ft201_ has been targeted for automatic cpu dispatch
ftn  -r8 -i8 -O3 -axCore-AVX2 -g -traceback -fixed -I/gpfs/hps/nco/ops/nwtest/lib/sigio/v2.0.1/intel/include/sigio_v2.0.1_4 -c w3ft202.f
w3ft202.f(1): (col. 18) remark: w3ft202_ has been targeted for automatic cpu dispatch
ftn  -r8 -i8 -O3 -axCore-AVX2 -g -traceback -fixed -I/gpfs/hps/nco/ops/nwtest/lib/sigio/v2.0.1/intel/include/sigio_v2.0.1_4 -c w3ft203.f
w3ft203.f(1): (col. 18) remark: w3ft203_ has been targeted for automatic cpu dispatch
ftn  -r8 -i8 -O3 -axCore-AVX2 -g -traceback -fixed -I/gpfs/hps/nco/ops/nwtest/lib/sigio/v2.0.1/intel/include/sigio_v2.0.1_4 -c w3ft204.f
w3ft204.f(1): (col. 18) remark: w3ft204_ has been targeted for automatic cpu dispatch
ftn  -r8 -i8 -O3 -axCore-AVX2 -g -traceback -fixed -I/gpfs/hps/nco/ops/nwtest/lib/sigio/v2.0.1/intel/include/sigio_v2.0.1_4 -c w3ft205.f
w3ft205.f(1): (col. 18) remark: w3ft205_ has been targeted for automatic cpu dispatch
ftn  -r8 -i8 -O3 -axCore-AVX2 -g -traceback -fixed -I/gpfs/hps/nco/ops/nwtest/lib/sigio/v2.0.1/intel/include/sigio_v2.0.1_4 -c w3ft206.f
w3ft206.f(1): (col. 18) remark: w3ft206_ has been targeted for automatic cpu dispatch
ftn  -r8 -i8 -O3 -axCore-AVX2 -g -traceback -fixed -I/gpfs/hps/nco/ops/nwtest/lib/sigio/v2.0.1/intel/include/sigio_v2.0.1_4 -c w3ft207.f
w3ft207.f(1): (col. 18) remark: w3ft207_ has been targeted for automatic cpu dispatch
ftn  -r8 -i8 -O3 -axCore-AVX2 -g -traceback -fixed -I/gpfs/hps/nco/ops/nwtest/lib/sigio/v2.0.1/intel/include/sigio_v2.0.1_4 -c w3ft208.f
w3ft208.f(1): (col. 18) remark: w3ft208_ has been targeted for automatic cpu dispatch
ftn  -r8 -i8 -O3 -axCore-AVX2 -g -traceback -fixed -I/gpfs/hps/nco/ops/nwtest/lib/sigio/v2.0.1/intel/include/sigio_v2.0.1_4 -c w3ft209.f
w3ft209.f(1): (col. 18) remark: w3ft209_ has been targeted for automatic cpu dispatch
ftn  -r8 -i8 -O3 -axCore-AVX2 -g -traceback -fixed -I/gpfs/hps/nco/ops/nwtest/lib/sigio/v2.0.1/intel/include/sigio_v2.0.1_4 -c w3ft210.f
w3ft210.f(1): (col. 18) remark: w3ft210_ has been targeted for automatic cpu dispatch
ftn  -r8 -i8 -O3 -axCore-AVX2 -g -traceback -fixed -I/gpfs/hps/nco/ops/nwtest/lib/sigio/v2.0.1/intel/include/sigio_v2.0.1_4 -c w3ft211.f
w3ft211.f(1): (col. 18) remark: w3ft211_ has been targeted for automatic cpu dispatch
ftn  -r8 -i8 -O3 -axCore-AVX2 -g -traceback -fixed -I/gpfs/hps/nco/ops/nwtest/lib/sigio/v2.0.1/intel/include/sigio_v2.0.1_4 -c w3ft212.f
w3ft212.f(1): (col. 18) remark: w3ft212_ has been targeted for automatic cpu dispatch
ftn  -r8 -i8 -O3 -axCore-AVX2 -g -traceback -fixed -I/gpfs/hps/nco/ops/nwtest/lib/sigio/v2.0.1/intel/include/sigio_v2.0.1_4 -c w3ft213.f
w3ft213.f(1): (col. 18) remark: w3ft213_ has been targeted for automatic cpu dispatch
ftn  -r8 -i8 -O3 -axCore-AVX2 -g -traceback -fixed -I/gpfs/hps/nco/ops/nwtest/lib/sigio/v2.0.1/intel/include/sigio_v2.0.1_4 -c w3ft214.f
w3ft214.f(1): (col. 18) remark: w3ft214_ has been targeted for automatic cpu dispatch
ftn  -r8 -i8 -O3 -axCore-AVX2 -g -traceback -fixed -I/gpfs/hps/nco/ops/nwtest/lib/sigio/v2.0.1/intel/include/sigio_v2.0.1_4 -c w3ft21.f
w3ft21.f(1): (col. 19) remark: w3ft21_ has been targeted for automatic cpu dispatch
ftn  -r8 -i8 -O3 -axCore-AVX2 -g -traceback -fixed -I/gpfs/hps/nco/ops/nwtest/lib/sigio/v2.0.1/intel/include/sigio_v2.0.1_4 -c w3ft26.f
ftn  -r8 -i8 -O3 -axCore-AVX2 -g -traceback -fixed -I/gpfs/hps/nco/ops/nwtest/lib/sigio/v2.0.1/intel/include/sigio_v2.0.1_4 -c w3ft33.f
w3ft33.f(1): (col. 18) remark: w3ft33_ has been targeted for automatic cpu dispatch
ftn  -r8 -i8 -O3 -axCore-AVX2 -g -traceback -fixed -I/gpfs/hps/nco/ops/nwtest/lib/sigio/v2.0.1/intel/include/sigio_v2.0.1_4 -c w3ft38.f
w3ft38.f(1): (col. 19) remark: w3ft38_ has been targeted for automatic cpu dispatch
ftn  -r8 -i8 -O3 -axCore-AVX2 -g -traceback -fixed -I/gpfs/hps/nco/ops/nwtest/lib/sigio/v2.0.1/intel/include/sigio_v2.0.1_4 -c w3ft39.f
w3ft39.f(1): (col. 19) remark: w3ft39_ has been targeted for automatic cpu dispatch
ftn  -r8 -i8 -O3 -axCore-AVX2 -g -traceback -fixed -I/gpfs/hps/nco/ops/nwtest/lib/sigio/v2.0.1/intel/include/sigio_v2.0.1_4 -c w3ft40.f
ftn  -r8 -i8 -O3 -axCore-AVX2 -g -traceback -fixed -I/gpfs/hps/nco/ops/nwtest/lib/sigio/v2.0.1/intel/include/sigio_v2.0.1_4 -c w3ft41.f
w3ft41.f(1): (col. 19) remark: w3ft41_ has been targeted for automatic cpu dispatch
ftn  -r8 -i8 -O3 -axCore-AVX2 -g -traceback -fixed -I/gpfs/hps/nco/ops/nwtest/lib/sigio/v2.0.1/intel/include/sigio_v2.0.1_4 -c w3ft43v.f
w3ft43v.f(1): (col. 18) remark: w3ft43v_ has been targeted for automatic cpu dispatch
ftn  -r8 -i8 -O3 -axCore-AVX2 -g -traceback -fixed -I/gpfs/hps/nco/ops/nwtest/lib/sigio/v2.0.1/intel/include/sigio_v2.0.1_4 -c w3log.f
ftn  -r8 -i8 -O3 -axCore-AVX2 -g -traceback -fixed -I/gpfs/hps/nco/ops/nwtest/lib/sigio/v2.0.1/intel/include/sigio_v2.0.1_4 -c w3miscan.f
w3miscan.f(303): (col. 18) remark: w3miscan_ has been targeted for automatic cpu dispatch
w3miscan.f(1131): (col. 18) remark: misc01_ has been targeted for automatic cpu dispatch
w3miscan.f(1277): (col. 16) remark: risc02_ has been targeted for automatic cpu dispatch
w3miscan.f(1620): (col. 18) remark: misc04_ has been targeted for automatic cpu dispatch
w3miscan.f(1575): (col. 16) remark: risc03_ has been targeted for automatic cpu dispatch
w3miscan.f(1384): (col. 18) remark: misc10_ has been targeted for automatic cpu dispatch
w3miscan.f(1506): (col. 16) remark: risc02xx_ has been targeted for automatic cpu dispatch
ftn  -r8 -i8 -O3 -axCore-AVX2 -g -traceback -fixed -I/gpfs/hps/nco/ops/nwtest/lib/sigio/v2.0.1/intel/include/sigio_v2.0.1_4 -c xdopen.f
ftn  -r8 -i8 -O3 -axCore-AVX2 -g -traceback -fixed -I/gpfs/hps/nco/ops/nwtest/lib/sigio/v2.0.1/intel/include/sigio_v2.0.1_4 -c  start.F
ar crvs libw3emc_v2.2.0_8.a args_mod.o gblevents.o getgbens.o isrchne.o iw3mat.o mersenne_twister.o mova2i.o orders.o putgbens.o summary.o w3ai40.o w3ai41.o w3ctzdat.o w3fa01.o w3fa03.o w3fa03v.o w3fa04.o w3fa06.o w3fa09.o w3fa11.o w3fa12.o w3fa13.o w3fb00.o w3fb01.o w3fb02.o w3fb03.o w3fb04.o w3fb05.o w3fb06.o w3fb07.o w3fb08.o w3fb09.o w3fb10.o w3fb11.o w3fb12.o w3fc02.o w3fc05.o w3fc06.o w3fc07.o w3fc08.o w3fi02.o w3fi03.o w3fi18.o w3fi19.o w3fi20.o w3fi32.o w3fi47.o w3fi48.o w3fi52.o w3fi61.o w3fi65.o w3fi66.o w3fi67.o w3fi70.o w3fi78.o w3fi85.o w3fm07.o w3fm08.o w3fp04.o w3fp05.o w3fp06.o w3fp10.o w3fq07.o w3ft00.o w3ft01.o w3ft02.o w3ft03.o w3ft05.o w3ft05v.o w3ft06.o w3ft06v.o w3ft07.o w3ft08.o w3ft09.o w3ft10.o w3ft11.o w3ft12.o w3ft16.o w3ft17.o w3ft201.o w3ft202.o w3ft203.o w3ft204.o w3ft205.o w3ft206.o w3ft207.o w3ft208.o w3ft209.o w3ft210.o w3ft211.o w3ft212.o w3ft213.o w3ft214.o w3ft21.o w3ft26.o w3ft33.o w3ft38.o w3ft39.o w3ft40.o w3ft41.o w3ft43v.o w3log.o w3miscan.o xdopen.o start.o
a - args_mod.o
a - gblevents.o
a - getgbens.o
a - isrchne.o
a - iw3mat.o
a - mersenne_twister.o
a - mova2i.o
a - orders.o
a - putgbens.o
a - summary.o
a - w3ai40.o
a - w3ai41.o
a - w3ctzdat.o
a - w3fa01.o
a - w3fa03.o
a - w3fa03v.o
a - w3fa04.o
a - w3fa06.o
a - w3fa09.o
a - w3fa11.o
a - w3fa12.o
a - w3fa13.o
a - w3fb00.o
a - w3fb01.o
a - w3fb02.o
a - w3fb03.o
a - w3fb04.o
a - w3fb05.o
a - w3fb06.o
a - w3fb07.o
a - w3fb08.o
a - w3fb09.o
a - w3fb10.o
a - w3fb11.o
a - w3fb12.o
a - w3fc02.o
a - w3fc05.o
a - w3fc06.o
a - w3fc07.o
a - w3fc08.o
a - w3fi02.o
a - w3fi03.o
a - w3fi18.o
a - w3fi19.o
a - w3fi20.o
a - w3fi32.o
a - w3fi47.o
a - w3fi48.o
a - w3fi52.o
a - w3fi61.o
a - w3fi65.o
a - w3fi66.o
a - w3fi67.o
a - w3fi70.o
a - w3fi78.o
a - w3fi85.o
a - w3fm07.o
a - w3fm08.o
a - w3fp04.o
a - w3fp05.o
a - w3fp06.o
a - w3fp10.o
a - w3fq07.o
a - w3ft00.o
a - w3ft01.o
a - w3ft02.o
a - w3ft03.o
a - w3ft05.o
a - w3ft05v.o
a - w3ft06.o
a - w3ft06v.o
a - w3ft07.o
a - w3ft08.o
a - w3ft09.o
a - w3ft10.o
a - w3ft11.o
a - w3ft12.o
a - w3ft16.o
a - w3ft17.o
a - w3ft201.o
a - w3ft202.o
a - w3ft203.o
a - w3ft204.o
a - w3ft205.o
a - w3ft206.o
a - w3ft207.o
a - w3ft208.o
a - w3ft209.o
a - w3ft210.o
a - w3ft211.o
a - w3ft212.o
a - w3ft213.o
a - w3ft214.o
a - w3ft21.o
a - w3ft26.o
a - w3ft33.o
a - w3ft38.o
a - w3ft39.o
a - w3ft40.o
a - w3ft41.o
a - w3ft43v.o
a - w3log.o
a - w3miscan.o
a - xdopen.o
a - start.o
ranlib libw3emc_v2.2.0_8.a
make[1]: Leaving directory `/gpfs/hps/nco/ops/nwtest/lib/w3emc/v2.2.0/src/libsrc'


===============================================================
Performing NCO-type install of precision 8 build
===============================================================

cd libsrc && make nco_install
make[1]: Entering directory `/gpfs/hps/nco/ops/nwtest/lib/w3emc/v2.2.0/src/libsrc'
/usr/bin/install -c -d /gpfs/hps/nco/ops/nwtest/lib/w3emc/v2.2.0/intel/w3emc_v2.2.0_8
/usr/bin/install -c -m 644 *.mod /gpfs/hps/nco/ops/nwtest/lib/w3emc/v2.2.0/intel/w3emc_v2.2.0_8
/usr/bin/install -c -m 644 libw3emc_v2.2.0_8.a /gpfs/hps/nco/ops/nwtest/lib/w3emc/v2.2.0/intel/libw3emc_v2.2.0_8.a
/usr/bin/install -c -m 644 ../config.log /gpfs/hps/nco/ops/nwtest/lib/w3emc/v2.2.0/src/config.log.w3emc_v2.2.0_8
make[1]: Leaving directory `/gpfs/hps/nco/ops/nwtest/lib/w3emc/v2.2.0/src/libsrc'
cd libsrc && make clean
make[1]: Entering directory `/gpfs/hps/nco/ops/nwtest/lib/w3emc/v2.2.0/src/libsrc'
rm *.o *.mod *.a >/dev/null 2>&1
make[1]: Leaving directory `/gpfs/hps/nco/ops/nwtest/lib/w3emc/v2.2.0/src/libsrc'
cd libsrc && make distclean
make[1]: Entering directory `/gpfs/hps/nco/ops/nwtest/lib/w3emc/v2.2.0/src/libsrc'
rm Makefile >/dev/null 2>&1
make[1]: Leaving directory `/gpfs/hps/nco/ops/nwtest/lib/w3emc/v2.2.0/src/libsrc'
rm Makefile config.log* config.status




===============================================================
===============================================================
Configuring for precision d build
===============================================================
===============================================================

./configure --prefix=/gpfs/hps/nco/ops/nwtest/lib/w3emc/v2.2.0/src --enable-promote=d
configure: nceplibs w3emc v2.2.0
checking for Fortran compiler default output file name... a.out
checking whether the Fortran compiler works... yes
checking whether we are cross compiling... no
checking for suffix of executables... 
checking for suffix of object files... o
checking whether we are using the GNU Fortran compiler... no
checking whether ftn accepts -g... yes
checking for a BSD-compatible install... /usr/bin/install -c
checking for ranlib... ranlib
checking for ar... ar
checking for Fortran flag to compile .f files... none
configure: Building precision d version.
configure: Using SIGIO_INC4 value: "/gpfs/hps/nco/ops/nwtest/lib/sigio/v2.0.1/intel/include/sigio_v2.0.1_4"
configure: Using SIGIO_LIB4 value: "/gpfs/hps/nco/ops/nwtest/lib/sigio/v2.0.1/intel/libsigio_v2.0.1_4.a"
checking for library containing sigio_head definition... yes
configure: creating ./config.status
config.status: creating Makefile
config.status: creating libsrc/Makefile


===============================================================
Starting precision d build
===============================================================

cd libsrc && make clean
make[1]: Entering directory `/gpfs/hps/nco/ops/nwtest/lib/w3emc/v2.2.0/src/libsrc'
rm *.o *.mod *.a >/dev/null 2>&1
make[1]: [clean] Error 1 (ignored)
make[1]: Leaving directory `/gpfs/hps/nco/ops/nwtest/lib/w3emc/v2.2.0/src/libsrc'
cd libsrc && make all
make[1]: Entering directory `/gpfs/hps/nco/ops/nwtest/lib/w3emc/v2.2.0/src/libsrc'
ftn  -r8 -O3 -axCore-AVX2 -g -traceback -fixed -I/gpfs/hps/nco/ops/nwtest/lib/sigio/v2.0.1/intel/include/sigio_v2.0.1_4 -c args_mod.f
ftn  -r8 -O3 -axCore-AVX2 -g -traceback -fixed -I/gpfs/hps/nco/ops/nwtest/lib/sigio/v2.0.1/intel/include/sigio_v2.0.1_4 -c gblevents.f
gblevents.f(498): (col. 18) remark: gblevents_ has been targeted for automatic cpu dispatch
gblevents.f(1754): (col. 18) remark: gblevn04_ has been targeted for automatic cpu dispatch
gblevents.f(2125): (col. 18) remark: gblevn08_ has been targeted for automatic cpu dispatch
gblevents.f(1578): (col. 18) remark: gblevn03_ has been targeted for automatic cpu dispatch
gblevents.f(2368): (col. 18) remark: gblevn10_ has been targeted for automatic cpu dispatch
gblevents.f(1977): (col. 16) remark: oefg01_ has been targeted for automatic cpu dispatch
gblevents.f(1807): (col. 18) remark: gblevn06_ has been targeted for automatic cpu dispatch
ftn  -r8 -O3 -axCore-AVX2 -g -traceback -fixed -I/gpfs/hps/nco/ops/nwtest/lib/sigio/v2.0.1/intel/include/sigio_v2.0.1_4 -c getgbens.f
ftn  -r8 -O3 -axCore-AVX2 -g -traceback -fixed -I/gpfs/hps/nco/ops/nwtest/lib/sigio/v2.0.1/intel/include/sigio_v2.0.1_4 -c isrchne.f
ftn  -r8 -O3 -axCore-AVX2 -g -traceback -fixed -I/gpfs/hps/nco/ops/nwtest/lib/sigio/v2.0.1/intel/include/sigio_v2.0.1_4 -c iw3mat.f
ftn  -r8 -O3 -axCore-AVX2 -g -traceback -fixed -I/gpfs/hps/nco/ops/nwtest/lib/sigio/v2.0.1/intel/include/sigio_v2.0.1_4 -c mersenne_twister.f
mersenne_twister.f(217): (col. 20) remark: mersenne_twister_mp_random_seed_ has been targeted for automatic cpu dispatch
mersenne_twister.f(299): (col. 18) remark: mersenne_twister_mp_random_number_f_ has been targeted for automatic cpu dispatch
mersenne_twister.f(309): (col. 20) remark: mersenne_twister_mp_random_number_i_ has been targeted for automatic cpu dispatch
mersenne_twister.f(319): (col. 20) remark: mersenne_twister_mp_random_number_s_ has been targeted for automatic cpu dispatch
mersenne_twister.f(327): (col. 20) remark: mersenne_twister_mp_random_number_t_ has been targeted for automatic cpu dispatch
mersenne_twister.f(397): (col. 20) remark: mersenne_twister_mp_random_gauss_t_ has been targeted for automatic cpu dispatch
mersenne_twister.f(452): (col. 18) remark: mersenne_twister_mp_random_index_f_ has been targeted for automatic cpu dispatch
mersenne_twister.f(463): (col. 20) remark: mersenne_twister_mp_random_index_i_ has been targeted for automatic cpu dispatch
mersenne_twister.f(474): (col. 20) remark: mersenne_twister_mp_random_index_s_ has been targeted for automatic cpu dispatch
mersenne_twister.f(483): (col. 20) remark: mersenne_twister_mp_random_index_t_ has been targeted for automatic cpu dispatch
ftn  -r8 -O3 -axCore-AVX2 -g -traceback -fixed -I/gpfs/hps/nco/ops/nwtest/lib/sigio/v2.0.1/intel/include/sigio_v2.0.1_4 -c mova2i.f
ftn  -r8 -O3 -axCore-AVX2 -g -traceback -fixed -I/gpfs/hps/nco/ops/nwtest/lib/sigio/v2.0.1/intel/include/sigio_v2.0.1_4 -c orders.f
orders.f(99): (col. 18) remark: orders_ has been targeted for automatic cpu dispatch
orders.f(289): (col. 18) remark: ordec8_ has been targeted for automatic cpu dispatch
orders.f(202): (col. 18) remark: order4_ has been targeted for automatic cpu dispatch
orders.f(345): (col. 18) remark: ordec4_ has been targeted for automatic cpu dispatch
ftn  -r8 -O3 -axCore-AVX2 -g -traceback -fixed -I/gpfs/hps/nco/ops/nwtest/lib/sigio/v2.0.1/intel/include/sigio_v2.0.1_4 -c putgbens.f
ftn  -r8 -O3 -axCore-AVX2 -g -traceback -fixed -I/gpfs/hps/nco/ops/nwtest/lib/sigio/v2.0.1/intel/include/sigio_v2.0.1_4 -c summary.f
ftn  -r8 -O3 -axCore-AVX2 -g -traceback -fixed -I/gpfs/hps/nco/ops/nwtest/lib/sigio/v2.0.1/intel/include/sigio_v2.0.1_4 -c w3ai40.f
ftn  -r8 -O3 -axCore-AVX2 -g -traceback -fixed -I/gpfs/hps/nco/ops/nwtest/lib/sigio/v2.0.1/intel/include/sigio_v2.0.1_4 -c w3ai41.f
ftn  -r8 -O3 -axCore-AVX2 -g -traceback -fixed -I/gpfs/hps/nco/ops/nwtest/lib/sigio/v2.0.1/intel/include/sigio_v2.0.1_4 -c w3ctzdat.f
w3ctzdat.f(2): (col. 18) remark: w3ctzdat_ has been targeted for automatic cpu dispatch
ftn  -r8 -O3 -axCore-AVX2 -g -traceback -fixed -I/gpfs/hps/nco/ops/nwtest/lib/sigio/v2.0.1/intel/include/sigio_v2.0.1_4 -c w3fa01.f
w3fa01.f(1): (col. 19) remark: w3fa01_ has been targeted for automatic cpu dispatch
ftn  -r8 -O3 -axCore-AVX2 -g -traceback -fixed -I/gpfs/hps/nco/ops/nwtest/lib/sigio/v2.0.1/intel/include/sigio_v2.0.1_4 -c w3fa03.f
w3fa03.f(1): (col. 18) remark: w3fa03_ has been targeted for automatic cpu dispatch
ftn  -r8 -O3 -axCore-AVX2 -g -traceback -fixed -I/gpfs/hps/nco/ops/nwtest/lib/sigio/v2.0.1/intel/include/sigio_v2.0.1_4 -c w3fa03v.f
w3fa03v.f(1): (col. 18) remark: w3fa03v_ has been targeted for automatic cpu dispatch
ftn  -r8 -O3 -axCore-AVX2 -g -traceback -fixed -I/gpfs/hps/nco/ops/nwtest/lib/sigio/v2.0.1/intel/include/sigio_v2.0.1_4 -c w3fa04.f
w3fa04.f(1): (col. 19) remark: w3fa04_ has been targeted for automatic cpu dispatch
ftn  -r8 -O3 -axCore-AVX2 -g -traceback -fixed -I/gpfs/hps/nco/ops/nwtest/lib/sigio/v2.0.1/intel/include/sigio_v2.0.1_4 -c w3fa06.f
w3fa06.f(1): (col. 19) remark: w3fa06_ has been targeted for automatic cpu dispatch
ftn  -r8 -O3 -axCore-AVX2 -g -traceback -fixed -I/gpfs/hps/nco/ops/nwtest/lib/sigio/v2.0.1/intel/include/sigio_v2.0.1_4 -c w3fa09.f
w3fa09.f(1): (col. 21) remark: w3fa09_ has been targeted for automatic cpu dispatch
ftn  -r8 -O3 -axCore-AVX2 -g -traceback -fixed -I/gpfs/hps/nco/ops/nwtest/lib/sigio/v2.0.1/intel/include/sigio_v2.0.1_4 -c w3fa11.f
w3fa11.f(1): (col. 19) remark: w3fa11_ has been targeted for automatic cpu dispatch
ftn  -r8 -O3 -axCore-AVX2 -g -traceback -fixed -I/gpfs/hps/nco/ops/nwtest/lib/sigio/v2.0.1/intel/include/sigio_v2.0.1_4 -c w3fa12.f
w3fa12.f(1): (col. 19) remark: w3fa12_ has been targeted for automatic cpu dispatch
ftn  -r8 -O3 -axCore-AVX2 -g -traceback -fixed -I/gpfs/hps/nco/ops/nwtest/lib/sigio/v2.0.1/intel/include/sigio_v2.0.1_4 -c w3fa13.f
w3fa13.f(1): (col. 19) remark: w3fa13_ has been targeted for automatic cpu dispatch
ftn  -r8 -O3 -axCore-AVX2 -g -traceback -fixed -I/gpfs/hps/nco/ops/nwtest/lib/sigio/v2.0.1/intel/include/sigio_v2.0.1_4 -c w3fb00.f
ftn  -r8 -O3 -axCore-AVX2 -g -traceback -fixed -I/gpfs/hps/nco/ops/nwtest/lib/sigio/v2.0.1/intel/include/sigio_v2.0.1_4 -c w3fb01.f
w3fb01.f(1): (col. 19) remark: w3fb01_ has been targeted for automatic cpu dispatch
ftn  -r8 -O3 -axCore-AVX2 -g -traceback -fixed -I/gpfs/hps/nco/ops/nwtest/lib/sigio/v2.0.1/intel/include/sigio_v2.0.1_4 -c w3fb02.f
ftn  -r8 -O3 -axCore-AVX2 -g -traceback -fixed -I/gpfs/hps/nco/ops/nwtest/lib/sigio/v2.0.1/intel/include/sigio_v2.0.1_4 -c w3fb03.f
w3fb03.f(1): (col. 19) remark: w3fb03_ has been targeted for automatic cpu dispatch
ftn  -r8 -O3 -axCore-AVX2 -g -traceback -fixed -I/gpfs/hps/nco/ops/nwtest/lib/sigio/v2.0.1/intel/include/sigio_v2.0.1_4 -c w3fb04.f
ftn  -r8 -O3 -axCore-AVX2 -g -traceback -fixed -I/gpfs/hps/nco/ops/nwtest/lib/sigio/v2.0.1/intel/include/sigio_v2.0.1_4 -c w3fb05.f
w3fb05.f(1): (col. 19) remark: w3fb05_ has been targeted for automatic cpu dispatch
ftn  -r8 -O3 -axCore-AVX2 -g -traceback -fixed -I/gpfs/hps/nco/ops/nwtest/lib/sigio/v2.0.1/intel/include/sigio_v2.0.1_4 -c w3fb06.f
w3fb06.f(1): (col. 19) remark: w3fb06_ has been targeted for automatic cpu dispatch
ftn  -r8 -O3 -axCore-AVX2 -g -traceback -fixed -I/gpfs/hps/nco/ops/nwtest/lib/sigio/v2.0.1/intel/include/sigio_v2.0.1_4 -c w3fb07.f
w3fb07.f(1): (col. 19) remark: w3fb07_ has been targeted for automatic cpu dispatch
ftn  -r8 -O3 -axCore-AVX2 -g -traceback -fixed -I/gpfs/hps/nco/ops/nwtest/lib/sigio/v2.0.1/intel/include/sigio_v2.0.1_4 -c w3fb08.f
ftn  -r8 -O3 -axCore-AVX2 -g -traceback -fixed -I/gpfs/hps/nco/ops/nwtest/lib/sigio/v2.0.1/intel/include/sigio_v2.0.1_4 -c w3fb09.f
w3fb09.f(1): (col. 19) remark: w3fb09_ has been targeted for automatic cpu dispatch
ftn  -r8 -O3 -axCore-AVX2 -g -traceback -fixed -I/gpfs/hps/nco/ops/nwtest/lib/sigio/v2.0.1/intel/include/sigio_v2.0.1_4 -c w3fb10.f
w3fb10.f(1): (col. 18) remark: w3fb10_ has been targeted for automatic cpu dispatch
ftn  -r8 -O3 -axCore-AVX2 -g -traceback -fixed -I/gpfs/hps/nco/ops/nwtest/lib/sigio/v2.0.1/intel/include/sigio_v2.0.1_4 -c w3fb11.f
w3fb11.f(1): (col. 19) remark: w3fb11_ has been targeted for automatic cpu dispatch
ftn  -r8 -O3 -axCore-AVX2 -g -traceback -fixed -I/gpfs/hps/nco/ops/nwtest/lib/sigio/v2.0.1/intel/include/sigio_v2.0.1_4 -c w3fb12.f
w3fb12.f(1): (col. 19) remark: w3fb12_ has been targeted for automatic cpu dispatch
ftn  -r8 -O3 -axCore-AVX2 -g -traceback -fixed -I/gpfs/hps/nco/ops/nwtest/lib/sigio/v2.0.1/intel/include/sigio_v2.0.1_4 -c w3fc02.f
w3fc02.f(1): (col. 19) remark: w3fc02_ has been targeted for automatic cpu dispatch
ftn  -r8 -O3 -axCore-AVX2 -g -traceback -fixed -I/gpfs/hps/nco/ops/nwtest/lib/sigio/v2.0.1/intel/include/sigio_v2.0.1_4 -c w3fc05.f
w3fc05.f(1): (col. 18) remark: w3fc05_ has been targeted for automatic cpu dispatch
ftn  -r8 -O3 -axCore-AVX2 -g -traceback -fixed -I/gpfs/hps/nco/ops/nwtest/lib/sigio/v2.0.1/intel/include/sigio_v2.0.1_4 -c w3fc06.f
ftn  -r8 -O3 -axCore-AVX2 -g -traceback -fixed -I/gpfs/hps/nco/ops/nwtest/lib/sigio/v2.0.1/intel/include/sigio_v2.0.1_4 -c w3fc07.f
w3fc07.f(1): (col. 18) remark: w3fc07_ has been targeted for automatic cpu dispatch
ftn  -r8 -O3 -axCore-AVX2 -g -traceback -fixed -I/gpfs/hps/nco/ops/nwtest/lib/sigio/v2.0.1/intel/include/sigio_v2.0.1_4 -c w3fc08.f
w3fc08.f(1): (col. 18) remark: w3fc08_ has been targeted for automatic cpu dispatch
ftn  -r8 -O3 -axCore-AVX2 -g -traceback -fixed -I/gpfs/hps/nco/ops/nwtest/lib/sigio/v2.0.1/intel/include/sigio_v2.0.1_4 -c w3fi02.f
w3fi02.f(1): (col. 18) remark: w3fi02_ has been targeted for automatic cpu dispatch
ftn  -r8 -O3 -axCore-AVX2 -g -traceback -fixed -I/gpfs/hps/nco/ops/nwtest/lib/sigio/v2.0.1/intel/include/sigio_v2.0.1_4 -c w3fi03.f
w3fi03.f(1): (col. 18) remark: w3fi03_ has been targeted for automatic cpu dispatch
ftn  -r8 -O3 -axCore-AVX2 -g -traceback -fixed -I/gpfs/hps/nco/ops/nwtest/lib/sigio/v2.0.1/intel/include/sigio_v2.0.1_4 -c w3fi18.f
ftn  -r8 -O3 -axCore-AVX2 -g -traceback -fixed -I/gpfs/hps/nco/ops/nwtest/lib/sigio/v2.0.1/intel/include/sigio_v2.0.1_4 -c w3fi19.f
ftn  -r8 -O3 -axCore-AVX2 -g -traceback -fixed -I/gpfs/hps/nco/ops/nwtest/lib/sigio/v2.0.1/intel/include/sigio_v2.0.1_4 -c w3fi20.f
ftn  -r8 -O3 -axCore-AVX2 -g -traceback -fixed -I/gpfs/hps/nco/ops/nwtest/lib/sigio/v2.0.1/intel/include/sigio_v2.0.1_4 -c w3fi32.f
ftn  -r8 -O3 -axCore-AVX2 -g -traceback -fixed -I/gpfs/hps/nco/ops/nwtest/lib/sigio/v2.0.1/intel/include/sigio_v2.0.1_4 -c w3fi47.f
ftn  -r8 -O3 -axCore-AVX2 -g -traceback -fixed -I/gpfs/hps/nco/ops/nwtest/lib/sigio/v2.0.1/intel/include/sigio_v2.0.1_4 -c w3fi48.f
ftn  -r8 -O3 -axCore-AVX2 -g -traceback -fixed -I/gpfs/hps/nco/ops/nwtest/lib/sigio/v2.0.1/intel/include/sigio_v2.0.1_4 -c w3fi52.f
ftn  -r8 -O3 -axCore-AVX2 -g -traceback -fixed -I/gpfs/hps/nco/ops/nwtest/lib/sigio/v2.0.1/intel/include/sigio_v2.0.1_4 -c w3fi61.f
ftn  -r8 -O3 -axCore-AVX2 -g -traceback -fixed -I/gpfs/hps/nco/ops/nwtest/lib/sigio/v2.0.1/intel/include/sigio_v2.0.1_4 -c w3fi65.f
ftn  -r8 -O3 -axCore-AVX2 -g -traceback -fixed -I/gpfs/hps/nco/ops/nwtest/lib/sigio/v2.0.1/intel/include/sigio_v2.0.1_4 -c w3fi66.f
ftn  -r8 -O3 -axCore-AVX2 -g -traceback -fixed -I/gpfs/hps/nco/ops/nwtest/lib/sigio/v2.0.1/intel/include/sigio_v2.0.1_4 -c w3fi67.f
w3fi67.f(1121): (col. 18) remark: fi6703_ has been targeted for automatic cpu dispatch
ftn  -r8 -O3 -axCore-AVX2 -g -traceback -fixed -I/gpfs/hps/nco/ops/nwtest/lib/sigio/v2.0.1/intel/include/sigio_v2.0.1_4 -c w3fi70.f
ftn  -r8 -O3 -axCore-AVX2 -g -traceback -fixed -I/gpfs/hps/nco/ops/nwtest/lib/sigio/v2.0.1/intel/include/sigio_v2.0.1_4 -c w3fi78.f
w3fi78.f(1199): (col. 18) remark: fi7803_ has been targeted for automatic cpu dispatch
ftn  -r8 -O3 -axCore-AVX2 -g -traceback -fixed -I/gpfs/hps/nco/ops/nwtest/lib/sigio/v2.0.1/intel/include/sigio_v2.0.1_4 -c w3fi85.f
w3fi85.f(1): (col. 18) remark: w3fi85_ has been targeted for automatic cpu dispatch
w3fi85.f(2611): (col. 18) remark: fi8513_ has been targeted for automatic cpu dispatch
w3fi85.f(1380): (col. 18) remark: fi8503_ has been targeted for automatic cpu dispatch
w3fi85.f(1537): (col. 18) remark: fi8506_ has been targeted for automatic cpu dispatch
w3fi85.f(2428): (col. 18) remark: fi8512_ has been targeted for automatic cpu dispatch
w3fi85.f(2090): (col. 18) remark: fi8509_ has been targeted for automatic cpu dispatch
w3fi85.f(1848): (col. 18) remark: fi8508_ has been targeted for automatic cpu dispatch
ftn  -r8 -O3 -axCore-AVX2 -g -traceback -fixed -I/gpfs/hps/nco/ops/nwtest/lib/sigio/v2.0.1/intel/include/sigio_v2.0.1_4 -c w3fm07.f
w3fm07.f(1): (col. 18) remark: w3fm07_ has been targeted for automatic cpu dispatch
ftn  -r8 -O3 -axCore-AVX2 -g -traceback -fixed -I/gpfs/hps/nco/ops/nwtest/lib/sigio/v2.0.1/intel/include/sigio_v2.0.1_4 -c w3fm08.f
w3fm08.f(1): (col. 18) remark: w3fm08_ has been targeted for automatic cpu dispatch
ftn  -r8 -O3 -axCore-AVX2 -g -traceback -fixed -I/gpfs/hps/nco/ops/nwtest/lib/sigio/v2.0.1/intel/include/sigio_v2.0.1_4 -c w3fp04.f
w3fp04.f(1): (col. 19) remark: w3fp04_ has been targeted for automatic cpu dispatch
ftn  -r8 -O3 -axCore-AVX2 -g -traceback -fixed -I/gpfs/hps/nco/ops/nwtest/lib/sigio/v2.0.1/intel/include/sigio_v2.0.1_4 -c w3fp05.f
w3fp05.f(1): (col. 18) remark: w3fp05_ has been targeted for automatic cpu dispatch
ftn  -r8 -O3 -axCore-AVX2 -g -traceback -fixed -I/gpfs/hps/nco/ops/nwtest/lib/sigio/v2.0.1/intel/include/sigio_v2.0.1_4 -c w3fp06.f
w3fp06.f(1): (col. 19) remark: w3fp06_ has been targeted for automatic cpu dispatch
w3fp06.f(80): (col. 19) remark: line01_ has been targeted for automatic cpu dispatch
w3fp06.f(858): (col. 19) remark: line02_ has been targeted for automatic cpu dispatch
w3fp06.f(1025): (col. 19) remark: climo_ has been targeted for automatic cpu dispatch
ftn  -r8 -O3 -axCore-AVX2 -g -traceback -fixed -I/gpfs/hps/nco/ops/nwtest/lib/sigio/v2.0.1/intel/include/sigio_v2.0.1_4 -c w3fp10.f
w3fp10.f(1): (col. 18) remark: w3fp10_ has been targeted for automatic cpu dispatch
ftn  -r8 -O3 -axCore-AVX2 -g -traceback -fixed -I/gpfs/hps/nco/ops/nwtest/lib/sigio/v2.0.1/intel/include/sigio_v2.0.1_4 -c w3fq07.f
ftn  -r8 -O3 -axCore-AVX2 -g -traceback -fixed -I/gpfs/hps/nco/ops/nwtest/lib/sigio/v2.0.1/intel/include/sigio_v2.0.1_4 -c w3ft00.f
w3ft00.f(1): (col. 19) remark: w3ft00_ has been targeted for automatic cpu dispatch
ftn  -r8 -O3 -axCore-AVX2 -g -traceback -fixed -I/gpfs/hps/nco/ops/nwtest/lib/sigio/v2.0.1/intel/include/sigio_v2.0.1_4 -c w3ft01.f
w3ft01.f(1): (col. 19) remark: w3ft01_ has been targeted for automatic cpu dispatch
ftn  -r8 -O3 -axCore-AVX2 -g -traceback -fixed -I/gpfs/hps/nco/ops/nwtest/lib/sigio/v2.0.1/intel/include/sigio_v2.0.1_4 -c w3ft02.f
w3ft02.f(1): (col. 19) remark: w3ft02_ has been targeted for automatic cpu dispatch
ftn  -r8 -O3 -axCore-AVX2 -g -traceback -fixed -I/gpfs/hps/nco/ops/nwtest/lib/sigio/v2.0.1/intel/include/sigio_v2.0.1_4 -c w3ft03.f
w3ft03.f(1): (col. 19) remark: w3ft03_ has been targeted for automatic cpu dispatch
ftn  -r8 -O3 -axCore-AVX2 -g -traceback -fixed -I/gpfs/hps/nco/ops/nwtest/lib/sigio/v2.0.1/intel/include/sigio_v2.0.1_4 -c w3ft05.f
w3ft05.f(1): (col. 19) remark: w3ft05_ has been targeted for automatic cpu dispatch
ftn  -r8 -O3 -axCore-AVX2 -g -traceback -fixed -I/gpfs/hps/nco/ops/nwtest/lib/sigio/v2.0.1/intel/include/sigio_v2.0.1_4 -c w3ft05v.f
w3ft05v.f(1): (col. 18) remark: w3ft05v_ has been targeted for automatic cpu dispatch
ftn  -r8 -O3 -axCore-AVX2 -g -traceback -fixed -I/gpfs/hps/nco/ops/nwtest/lib/sigio/v2.0.1/intel/include/sigio_v2.0.1_4 -c w3ft06.f
w3ft06.f(1): (col. 19) remark: w3ft06_ has been targeted for automatic cpu dispatch
ftn  -r8 -O3 -axCore-AVX2 -g -traceback -fixed -I/gpfs/hps/nco/ops/nwtest/lib/sigio/v2.0.1/intel/include/sigio_v2.0.1_4 -c w3ft06v.f
w3ft06v.f(1): (col. 18) remark: w3ft06v_ has been targeted for automatic cpu dispatch
ftn  -r8 -O3 -axCore-AVX2 -g -traceback -fixed -I/gpfs/hps/nco/ops/nwtest/lib/sigio/v2.0.1/intel/include/sigio_v2.0.1_4 -c w3ft07.f
w3ft07.f(1): (col. 19) remark: w3ft07_ has been targeted for automatic cpu dispatch
ftn  -r8 -O3 -axCore-AVX2 -g -traceback -fixed -I/gpfs/hps/nco/ops/nwtest/lib/sigio/v2.0.1/intel/include/sigio_v2.0.1_4 -c w3ft08.f
w3ft08.f(1): (col. 19) remark: w3ft08_ has been targeted for automatic cpu dispatch
ftn  -r8 -O3 -axCore-AVX2 -g -traceback -fixed -I/gpfs/hps/nco/ops/nwtest/lib/sigio/v2.0.1/intel/include/sigio_v2.0.1_4 -c w3ft09.f
w3ft09.f(1): (col. 19) remark: w3ft09_ has been targeted for automatic cpu dispatch
ftn  -r8 -O3 -axCore-AVX2 -g -traceback -fixed -I/gpfs/hps/nco/ops/nwtest/lib/sigio/v2.0.1/intel/include/sigio_v2.0.1_4 -c w3ft10.f
ftn  -r8 -O3 -axCore-AVX2 -g -traceback -fixed -I/gpfs/hps/nco/ops/nwtest/lib/sigio/v2.0.1/intel/include/sigio_v2.0.1_4 -c w3ft11.f
w3ft11.f(1): (col. 19) remark: w3ft11_ has been targeted for automatic cpu dispatch
ftn  -r8 -O3 -axCore-AVX2 -g -traceback -fixed -I/gpfs/hps/nco/ops/nwtest/lib/sigio/v2.0.1/intel/include/sigio_v2.0.1_4 -c w3ft12.f
w3ft12.f(1): (col. 19) remark: w3ft12_ has been targeted for automatic cpu dispatch
ftn  -r8 -O3 -axCore-AVX2 -g -traceback -fixed -I/gpfs/hps/nco/ops/nwtest/lib/sigio/v2.0.1/intel/include/sigio_v2.0.1_4 -c w3ft16.f
w3ft16.f(1): (col. 18) remark: w3ft16_ has been targeted for automatic cpu dispatch
ftn  -r8 -O3 -axCore-AVX2 -g -traceback -fixed -I/gpfs/hps/nco/ops/nwtest/lib/sigio/v2.0.1/intel/include/sigio_v2.0.1_4 -c w3ft17.f
w3ft17.f(1): (col. 18) remark: w3ft17_ has been targeted for automatic cpu dispatch
ftn  -r8 -O3 -axCore-AVX2 -g -traceback -fixed -I/gpfs/hps/nco/ops/nwtest/lib/sigio/v2.0.1/intel/include/sigio_v2.0.1_4 -c w3ft201.f
w3ft201.f(1): (col. 18) remark: w3ft201_ has been targeted for automatic cpu dispatch
ftn  -r8 -O3 -axCore-AVX2 -g -traceback -fixed -I/gpfs/hps/nco/ops/nwtest/lib/sigio/v2.0.1/intel/include/sigio_v2.0.1_4 -c w3ft202.f
w3ft202.f(1): (col. 18) remark: w3ft202_ has been targeted for automatic cpu dispatch
ftn  -r8 -O3 -axCore-AVX2 -g -traceback -fixed -I/gpfs/hps/nco/ops/nwtest/lib/sigio/v2.0.1/intel/include/sigio_v2.0.1_4 -c w3ft203.f
w3ft203.f(1): (col. 18) remark: w3ft203_ has been targeted for automatic cpu dispatch
ftn  -r8 -O3 -axCore-AVX2 -g -traceback -fixed -I/gpfs/hps/nco/ops/nwtest/lib/sigio/v2.0.1/intel/include/sigio_v2.0.1_4 -c w3ft204.f
w3ft204.f(1): (col. 18) remark: w3ft204_ has been targeted for automatic cpu dispatch
ftn  -r8 -O3 -axCore-AVX2 -g -traceback -fixed -I/gpfs/hps/nco/ops/nwtest/lib/sigio/v2.0.1/intel/include/sigio_v2.0.1_4 -c w3ft205.f
w3ft205.f(1): (col. 18) remark: w3ft205_ has been targeted for automatic cpu dispatch
ftn  -r8 -O3 -axCore-AVX2 -g -traceback -fixed -I/gpfs/hps/nco/ops/nwtest/lib/sigio/v2.0.1/intel/include/sigio_v2.0.1_4 -c w3ft206.f
w3ft206.f(1): (col. 18) remark: w3ft206_ has been targeted for automatic cpu dispatch
ftn  -r8 -O3 -axCore-AVX2 -g -traceback -fixed -I/gpfs/hps/nco/ops/nwtest/lib/sigio/v2.0.1/intel/include/sigio_v2.0.1_4 -c w3ft207.f
w3ft207.f(1): (col. 18) remark: w3ft207_ has been targeted for automatic cpu dispatch
ftn  -r8 -O3 -axCore-AVX2 -g -traceback -fixed -I/gpfs/hps/nco/ops/nwtest/lib/sigio/v2.0.1/intel/include/sigio_v2.0.1_4 -c w3ft208.f
w3ft208.f(1): (col. 18) remark: w3ft208_ has been targeted for automatic cpu dispatch
ftn  -r8 -O3 -axCore-AVX2 -g -traceback -fixed -I/gpfs/hps/nco/ops/nwtest/lib/sigio/v2.0.1/intel/include/sigio_v2.0.1_4 -c w3ft209.f
w3ft209.f(1): (col. 18) remark: w3ft209_ has been targeted for automatic cpu dispatch
ftn  -r8 -O3 -axCore-AVX2 -g -traceback -fixed -I/gpfs/hps/nco/ops/nwtest/lib/sigio/v2.0.1/intel/include/sigio_v2.0.1_4 -c w3ft210.f
w3ft210.f(1): (col. 18) remark: w3ft210_ has been targeted for automatic cpu dispatch
ftn  -r8 -O3 -axCore-AVX2 -g -traceback -fixed -I/gpfs/hps/nco/ops/nwtest/lib/sigio/v2.0.1/intel/include/sigio_v2.0.1_4 -c w3ft211.f
w3ft211.f(1): (col. 18) remark: w3ft211_ has been targeted for automatic cpu dispatch
ftn  -r8 -O3 -axCore-AVX2 -g -traceback -fixed -I/gpfs/hps/nco/ops/nwtest/lib/sigio/v2.0.1/intel/include/sigio_v2.0.1_4 -c w3ft212.f
w3ft212.f(1): (col. 18) remark: w3ft212_ has been targeted for automatic cpu dispatch
ftn  -r8 -O3 -axCore-AVX2 -g -traceback -fixed -I/gpfs/hps/nco/ops/nwtest/lib/sigio/v2.0.1/intel/include/sigio_v2.0.1_4 -c w3ft213.f
w3ft213.f(1): (col. 18) remark: w3ft213_ has been targeted for automatic cpu dispatch
ftn  -r8 -O3 -axCore-AVX2 -g -traceback -fixed -I/gpfs/hps/nco/ops/nwtest/lib/sigio/v2.0.1/intel/include/sigio_v2.0.1_4 -c w3ft214.f
w3ft214.f(1): (col. 18) remark: w3ft214_ has been targeted for automatic cpu dispatch
ftn  -r8 -O3 -axCore-AVX2 -g -traceback -fixed -I/gpfs/hps/nco/ops/nwtest/lib/sigio/v2.0.1/intel/include/sigio_v2.0.1_4 -c w3ft21.f
w3ft21.f(1): (col. 19) remark: w3ft21_ has been targeted for automatic cpu dispatch
ftn  -r8 -O3 -axCore-AVX2 -g -traceback -fixed -I/gpfs/hps/nco/ops/nwtest/lib/sigio/v2.0.1/intel/include/sigio_v2.0.1_4 -c w3ft26.f
ftn  -r8 -O3 -axCore-AVX2 -g -traceback -fixed -I/gpfs/hps/nco/ops/nwtest/lib/sigio/v2.0.1/intel/include/sigio_v2.0.1_4 -c w3ft33.f
w3ft33.f(1): (col. 18) remark: w3ft33_ has been targeted for automatic cpu dispatch
ftn  -r8 -O3 -axCore-AVX2 -g -traceback -fixed -I/gpfs/hps/nco/ops/nwtest/lib/sigio/v2.0.1/intel/include/sigio_v2.0.1_4 -c w3ft38.f
w3ft38.f(1): (col. 19) remark: w3ft38_ has been targeted for automatic cpu dispatch
ftn  -r8 -O3 -axCore-AVX2 -g -traceback -fixed -I/gpfs/hps/nco/ops/nwtest/lib/sigio/v2.0.1/intel/include/sigio_v2.0.1_4 -c w3ft39.f
w3ft39.f(1): (col. 19) remark: w3ft39_ has been targeted for automatic cpu dispatch
ftn  -r8 -O3 -axCore-AVX2 -g -traceback -fixed -I/gpfs/hps/nco/ops/nwtest/lib/sigio/v2.0.1/intel/include/sigio_v2.0.1_4 -c w3ft40.f
ftn  -r8 -O3 -axCore-AVX2 -g -traceback -fixed -I/gpfs/hps/nco/ops/nwtest/lib/sigio/v2.0.1/intel/include/sigio_v2.0.1_4 -c w3ft41.f
w3ft41.f(1): (col. 19) remark: w3ft41_ has been targeted for automatic cpu dispatch
ftn  -r8 -O3 -axCore-AVX2 -g -traceback -fixed -I/gpfs/hps/nco/ops/nwtest/lib/sigio/v2.0.1/intel/include/sigio_v2.0.1_4 -c w3ft43v.f
w3ft43v.f(1): (col. 18) remark: w3ft43v_ has been targeted for automatic cpu dispatch
ftn  -r8 -O3 -axCore-AVX2 -g -traceback -fixed -I/gpfs/hps/nco/ops/nwtest/lib/sigio/v2.0.1/intel/include/sigio_v2.0.1_4 -c w3log.f
ftn  -r8 -O3 -axCore-AVX2 -g -traceback -fixed -I/gpfs/hps/nco/ops/nwtest/lib/sigio/v2.0.1/intel/include/sigio_v2.0.1_4 -c w3miscan.f
w3miscan.f(303): (col. 18) remark: w3miscan_ has been targeted for automatic cpu dispatch
w3miscan.f(1131): (col. 18) remark: misc01_ has been targeted for automatic cpu dispatch
w3miscan.f(1277): (col. 16) remark: risc02_ has been targeted for automatic cpu dispatch
w3miscan.f(1620): (col. 18) remark: misc04_ has been targeted for automatic cpu dispatch
w3miscan.f(1575): (col. 16) remark: risc03_ has been targeted for automatic cpu dispatch
w3miscan.f(1384): (col. 18) remark: misc10_ has been targeted for automatic cpu dispatch
w3miscan.f(1506): (col. 16) remark: risc02xx_ has been targeted for automatic cpu dispatch
ftn  -r8 -O3 -axCore-AVX2 -g -traceback -fixed -I/gpfs/hps/nco/ops/nwtest/lib/sigio/v2.0.1/intel/include/sigio_v2.0.1_4 -c xdopen.f
ftn  -r8 -O3 -axCore-AVX2 -g -traceback -fixed -I/gpfs/hps/nco/ops/nwtest/lib/sigio/v2.0.1/intel/include/sigio_v2.0.1_4 -c  start.F
ar crvs libw3emc_v2.2.0_d.a args_mod.o gblevents.o getgbens.o isrchne.o iw3mat.o mersenne_twister.o mova2i.o orders.o putgbens.o summary.o w3ai40.o w3ai41.o w3ctzdat.o w3fa01.o w3fa03.o w3fa03v.o w3fa04.o w3fa06.o w3fa09.o w3fa11.o w3fa12.o w3fa13.o w3fb00.o w3fb01.o w3fb02.o w3fb03.o w3fb04.o w3fb05.o w3fb06.o w3fb07.o w3fb08.o w3fb09.o w3fb10.o w3fb11.o w3fb12.o w3fc02.o w3fc05.o w3fc06.o w3fc07.o w3fc08.o w3fi02.o w3fi03.o w3fi18.o w3fi19.o w3fi20.o w3fi32.o w3fi47.o w3fi48.o w3fi52.o w3fi61.o w3fi65.o w3fi66.o w3fi67.o w3fi70.o w3fi78.o w3fi85.o w3fm07.o w3fm08.o w3fp04.o w3fp05.o w3fp06.o w3fp10.o w3fq07.o w3ft00.o w3ft01.o w3ft02.o w3ft03.o w3ft05.o w3ft05v.o w3ft06.o w3ft06v.o w3ft07.o w3ft08.o w3ft09.o w3ft10.o w3ft11.o w3ft12.o w3ft16.o w3ft17.o w3ft201.o w3ft202.o w3ft203.o w3ft204.o w3ft205.o w3ft206.o w3ft207.o w3ft208.o w3ft209.o w3ft210.o w3ft211.o w3ft212.o w3ft213.o w3ft214.o w3ft21.o w3ft26.o w3ft33.o w3ft38.o w3ft39.o w3ft40.o w3ft41.o w3ft43v.o w3log.o w3miscan.o xdopen.o start.o
a - args_mod.o
a - gblevents.o
a - getgbens.o
a - isrchne.o
a - iw3mat.o
a - mersenne_twister.o
a - mova2i.o
a - orders.o
a - putgbens.o
a - summary.o
a - w3ai40.o
a - w3ai41.o
a - w3ctzdat.o
a - w3fa01.o
a - w3fa03.o
a - w3fa03v.o
a - w3fa04.o
a - w3fa06.o
a - w3fa09.o
a - w3fa11.o
a - w3fa12.o
a - w3fa13.o
a - w3fb00.o
a - w3fb01.o
a - w3fb02.o
a - w3fb03.o
a - w3fb04.o
a - w3fb05.o
a - w3fb06.o
a - w3fb07.o
a - w3fb08.o
a - w3fb09.o
a - w3fb10.o
a - w3fb11.o
a - w3fb12.o
a - w3fc02.o
a - w3fc05.o
a - w3fc06.o
a - w3fc07.o
a - w3fc08.o
a - w3fi02.o
a - w3fi03.o
a - w3fi18.o
a - w3fi19.o
a - w3fi20.o
a - w3fi32.o
a - w3fi47.o
a - w3fi48.o
a - w3fi52.o
a - w3fi61.o
a - w3fi65.o
a - w3fi66.o
a - w3fi67.o
a - w3fi70.o
a - w3fi78.o
a - w3fi85.o
a - w3fm07.o
a - w3fm08.o
a - w3fp04.o
a - w3fp05.o
a - w3fp06.o
a - w3fp10.o
a - w3fq07.o
a - w3ft00.o
a - w3ft01.o
a - w3ft02.o
a - w3ft03.o
a - w3ft05.o
a - w3ft05v.o
a - w3ft06.o
a - w3ft06v.o
a - w3ft07.o
a - w3ft08.o
a - w3ft09.o
a - w3ft10.o
a - w3ft11.o
a - w3ft12.o
a - w3ft16.o
a - w3ft17.o
a - w3ft201.o
a - w3ft202.o
a - w3ft203.o
a - w3ft204.o
a - w3ft205.o
a - w3ft206.o
a - w3ft207.o
a - w3ft208.o
a - w3ft209.o
a - w3ft210.o
a - w3ft211.o
a - w3ft212.o
a - w3ft213.o
a - w3ft214.o
a - w3ft21.o
a - w3ft26.o
a - w3ft33.o
a - w3ft38.o
a - w3ft39.o
a - w3ft40.o
a - w3ft41.o
a - w3ft43v.o
a - w3log.o
a - w3miscan.o
a - xdopen.o
a - start.o
ranlib libw3emc_v2.2.0_d.a
make[1]: Leaving directory `/gpfs/hps/nco/ops/nwtest/lib/w3emc/v2.2.0/src/libsrc'


===============================================================
Performing NCO-type install of precision d build
===============================================================

cd libsrc && make nco_install
make[1]: Entering directory `/gpfs/hps/nco/ops/nwtest/lib/w3emc/v2.2.0/src/libsrc'
/usr/bin/install -c -d /gpfs/hps/nco/ops/nwtest/lib/w3emc/v2.2.0/intel/w3emc_v2.2.0_d
/usr/bin/install -c -m 644 *.mod /gpfs/hps/nco/ops/nwtest/lib/w3emc/v2.2.0/intel/w3emc_v2.2.0_d
/usr/bin/install -c -m 644 libw3emc_v2.2.0_d.a /gpfs/hps/nco/ops/nwtest/lib/w3emc/v2.2.0/intel/libw3emc_v2.2.0_d.a
/usr/bin/install -c -m 644 ../config.log /gpfs/hps/nco/ops/nwtest/lib/w3emc/v2.2.0/src/config.log.w3emc_v2.2.0_d
make[1]: Leaving directory `/gpfs/hps/nco/ops/nwtest/lib/w3emc/v2.2.0/src/libsrc'
cd libsrc && make clean
make[1]: Entering directory `/gpfs/hps/nco/ops/nwtest/lib/w3emc/v2.2.0/src/libsrc'
rm *.o *.mod *.a >/dev/null 2>&1
make[1]: Leaving directory `/gpfs/hps/nco/ops/nwtest/lib/w3emc/v2.2.0/src/libsrc'
cd libsrc && make distclean
make[1]: Entering directory `/gpfs/hps/nco/ops/nwtest/lib/w3emc/v2.2.0/src/libsrc'
rm Makefile >/dev/null 2>&1
make[1]: Leaving directory `/gpfs/hps/nco/ops/nwtest/lib/w3emc/v2.2.0/src/libsrc'
rm Makefile config.log* config.status
