Currently Loaded Modulefiles:
  1) modules/3.2.6.7
  2) eswrap/1.1.0-1.020200.1231.0
  3) switch/1.0-1.0502.57058.1.58.ari
  4) craype-network-aries
  5) ncep/1.0
  6) xt-lsfhpc/9.1.3
  7) craype/2.3.0
  8) intel/15.0.3.187
  9) cray-libsci/13.0.3
 10) udreg/2.3.2-1.0502.9889.2.20.ari
 11) ugni/6.0-1.0502.10245.9.9.ari
 12) pmi/5.0.6-1.0000.10439.140.2.ari
 13) dmapp/7.0.1-1.0502.10246.8.47.ari
 14) gni-headers/4.0-1.0502.10317.9.2.ari
 15) xpmem/0.1-2.0502.57015.1.15.ari
 16) dvs/2.5_0.9.0-1.0502.1958.2.55.ari
 17) alps/5.2.3-2.0502.9295.14.14.ari
 18) rca/1.0.0-2.0502.57212.2.56.ari
 19) atp/1.8.1
 20) PrgEnv-intel/5.2.56
 21) sigio-intel/2.0.1
 22) craype-sandybridge
ftn  -O3 -traceback -axCore-AVX2 -free -convert big_endian -assume byterecl -c sigio_module.f
sigio_module.f(521): (col. 14) remark: sigio_module_mp_sigio_srhead_ has been targeted for automatic cpu dispatch
sigio_module.f(822): (col. 14) remark: sigio_module_mp_sigio_srdata_ has been targeted for automatic cpu dispatch
sigio_module.f(637): (col. 14) remark: sigio_module_mp_sigio_swhead_ has been targeted for automatic cpu dispatch
sigio_module.f(919): (col. 14) remark: sigio_module_mp_sigio_swdata_ has been targeted for automatic cpu dispatch
sigio_module.f(1102): (col. 14) remark: sigio_module_mp_sigio_srdbta_ has been targeted for automatic cpu dispatch
sigio_module.f(1199): (col. 14) remark: sigio_module_mp_sigio_swdbta_ has been targeted for automatic cpu dispatch
sigio_module.f(1343): (col. 14) remark: sigio_module_mp_sigio_modpr_ has been targeted for automatic cpu dispatch
sigio_module.f(1461): (col. 14) remark: sigio_module_mp_sigio_modprd_ has been targeted for automatic cpu dispatch
sigio_module.f(1692): (col. 14) remark: sigio_module_mp_sigio_cnvpsv_ has been targeted for automatic cpu dispatch
sigio_module.f(1719): (col. 14) remark: sigio_module_mp_sigio_cnvtdv_ has been targeted for automatic cpu dispatch
sigio_module.f(1755): (col. 14) remark: sigio_module_mp_sigio_cnvpsvd_ has been targeted for automatic cpu dispatch
sigio_module.f(1782): (col. 14) remark: sigio_module_mp_sigio_cnvtdvd_ has been targeted for automatic cpu dispatch
ftn  -O3 -traceback -axCore-AVX2 -free -convert big_endian -assume byterecl -c sigio_r_module.f
sigio_r_module.f(896): (col. 14) remark: sigio_r_module_mp_sigio_rrdata_ has been targeted for automatic cpu dispatch
sigio_r_module.f(617): (col. 14) remark: sigio_r_module_mp_sigio_rwhead_ has been targeted for automatic cpu dispatch
sigio_r_module.f(1034): (col. 14) remark: sigio_r_module_mp_sigio_rwdata_ has been targeted for automatic cpu dispatch
sigio_r_module.f(1578): (col. 14) remark: sigio_r_module_mp_sigio_rrdati_ has been targeted for automatic cpu dispatch
sigio_r_module.f(2453): (col. 14) remark: sigio_r_module_mp_sigio_rrdbti_ has been targeted for automatic cpu dispatch
sigio_r_module.f(1626): (col. 14) remark: sigio_r_module_mp_sigio_rwdati_ has been targeted for automatic cpu dispatch
sigio_r_module.f(2501): (col. 14) remark: sigio_r_module_mp_sigio_rwdbti_ has been targeted for automatic cpu dispatch
sigio_r_module.f(1771): (col. 14) remark: sigio_r_module_mp_sigio_rrdbta_ has been targeted for automatic cpu dispatch
sigio_r_module.f(1909): (col. 14) remark: sigio_r_module_mp_sigio_rwdbta_ has been targeted for automatic cpu dispatch
sigio_r_module.f(2121): (col. 14) remark: sigio_r_module_mp_sigio_rrdbts_ has been targeted for automatic cpu dispatch
sigio_r_module.f(1246): (col. 14) remark: sigio_r_module_mp_sigio_rrdats_ has been targeted for automatic cpu dispatch
sigio_r_module.f(2171): (col. 14) remark: sigio_r_module_mp_sigio_rwdbts_ has been targeted for automatic cpu dispatch
sigio_r_module.f(1296): (col. 14) remark: sigio_r_module_mp_sigio_rwdats_ has been targeted for automatic cpu dispatch
sigio_r_module.f(2227): (col. 14) remark: sigio_r_module_mp_sigio_rrdbtm_ has been targeted for automatic cpu dispatch
sigio_r_module.f(1352): (col. 14) remark: sigio_r_module_mp_sigio_rrdatm_ has been targeted for automatic cpu dispatch
sigio_r_module.f(2334): (col. 14) remark: sigio_r_module_mp_sigio_rwdbtm_ has been targeted for automatic cpu dispatch
sigio_r_module.f(1459): (col. 14) remark: sigio_r_module_mp_sigio_rwdatm_ has been targeted for automatic cpu dispatch
ar crvs libsigio_v2.0.1_4.a sigio_module.o sigio_r_module.o 
a - sigio_module.o
a - sigio_r_module.o
ranlib libsigio_v2.0.1_4.a
