Currently Loaded Modulefiles:
  1) modules/3.2.6.7
  2) eswrap/1.1.0-1.020200.1231.0
  3) switch/1.0-1.0502.57058.1.58.ari
  4) craype-network-aries
  5) ncep/1.0
  6) xt-lsfhpc/9.1.3
  7) craype/2.3.0
  8) sigio-cray-haswell/2.0.1
  9) craype-haswell
 10) cce/8.3.10
 11) cray-libsci/13.0.3
 12) udreg/2.3.2-1.0502.9889.2.20.ari
 13) ugni/6.0-1.0502.10245.9.9.ari
 14) pmi/5.0.6-1.0000.10439.140.2.ari
 15) dmapp/7.0.1-1.0502.10246.8.47.ari
 16) gni-headers/4.0-1.0502.10317.9.2.ari
 17) xpmem/0.1-2.0502.57015.1.15.ari
 18) dvs/2.5_0.9.0-1.0502.1958.2.55.ari
 19) alps/5.2.3-2.0502.9295.14.14.ari
 20) rca/1.0.0-2.0502.57212.2.56.ari
 21) atp/1.8.1
 22) PrgEnv-cray/5.2.56
ftn  -O2 -G2 -ffree -hbyteswapio -c sigio_module.f
ftn  -O2 -G2 -ffree -hbyteswapio -c sigio_r_module.f
ar crvs libsigio_v2.0.1_4.a sigio_module.o sigio_r_module.o 
a - sigio_module.o
a - sigio_r_module.o
ranlib libsigio_v2.0.1_4.a
