00700010
00490011
00500011
00510011
00690011
00700011
00710011
00720011
00470012
00480012
00490012
00500012
00510012
00520012
00690012
00700012
00710012
00720012
00470013
00480013
00490013
00500013
00510013
00520013
00680013
00690013
00700013
00710013
00720013
00730013
00460014
00470014
00480014
00490014
00500014
00510014
00670014
00680014
00690014
00700014
00710014
00720014
00730014
00450015
00460015
00470015
00480015
00490015
00500015
00510015
00520015
00530015
00600015
00670015
00680015
00690015
00700015
00710015
00720015
00730015
00420016
00430016
00440016
00450016
00460016
00470016
00480016
00490016
00500016
00510016
00520016
00530016
00540016
00550016
00560016
00570016
00580016
00590016
00600016
00610016
00660016
00670016
00680016
00690016
00700016
00710016
00720016
00410017
00420017
00430017
00440017
00450017
00460017
00470017
00480017
00490017
00500017
00510017
00520017
00530017
00540017
00550017
00560017
00570017
00580017
00590017
00600017
00610017
00620017
00630017
00640017
00650017
00660017
00670017
00680017
00690017
00700017
00710017
00720017
00400018
00410018
00420018
00430018
00440018
00450018
00460018
00470018
00480018
00490018
00500018
00510018
00520018
00530018
00540018
00550018
00560018
00570018
00580018
00590018
00600018
00610018
00620018
00630018
00640018
00650018
00660018
00670018
00680018
00690018
00700018
00710018
00360019
00370019
00380019
00390019
00400019
00410019
00420019
00430019
00440019
00450019
00460019
00470019
00480019
00490019
00500019
00510019
00520019
00530019
00540019
00550019
00560019
00570019
00580019
00590019
00600019
00610019
00620019
00630019
00640019
00650019
00660019
00670019
00680019
00690019
00700019
00710019
00330020
00340020
00350020
00360020
00370020
00380020
00390020
00400020
00410020
00420020
00430020
00440020
00450020
00460020
00470020
00480020
00490020
00500020
00510020
00520020
00530020
00540020
00550020
00560020
00570020
00580020
00590020
00600020
00610020
00620020
00630020
00640020
00650020
00660020
00670020
00680020
00690020
00700020
00310021
00320021
00330021
00340021
00350021
00360021
00370021
00380021
00390021
00400021
00410021
00420021
00430021
00440021
00450021
00460021
00470021
00480021
00490021
00500021
00510021
00520021
00530021
00540021
00550021
00560021
00570021
00580021
00590021
00600021
00610021
00620021
00630021
00640021
00650021
00660021
00670021
00680021
00690021
00700021
00710021
00270022
00280022
00290022
00300022
00310022
00320022
00330022
00340022
00350022
00360022
00370022
00380022
00390022
00400022
00410022
00420022
00430022
00440022
00450022
00460022
00470022
00480022
00490022
00500022
00510022
00520022
00530022
00540022
00550022
00560022
00570022
00580022
00590022
00600022
00610022
00620022
00630022
00640022
00650022
00660022
00670022
00680022
00690022
00700022
00710022
00720022
00250023
00260023
00270023
00280023
00290023
00300023
00310023
00320023
00330023
00340023
00350023
00360023
00370023
00380023
00390023
00400023
00410023
00420023
00430023
00440023
00450023
00460023
00470023
00480023
00490023
00500023
00510023
00520023
00530023
00540023
00550023
00560023
00570023
00580023
00590023
00600023
00610023
00620023
00630023
00640023
00650023
00660023
00670023
00680023
00690023
00700023
00710023
00720023
00730023
00250024
00260024
00270024
00280024
00290024
00300024
00310024
00320024
00330024
00340024
00350024
00360024
00370024
00380024
00390024
00400024
00410024
00420024
00430024
00440024
00450024
00460024
00470024
00480024
00490024
00500024
00510024
00520024
00530024
00540024
00550024
00560024
00570024
00580024
00590024
00600024
00610024
00620024
00630024
00640024
00650024
00660024
00670024
00680024
00690024
00700024
00710024
00720024
00730024
00740024
00230025
00240025
00250025
00260025
00270025
00280025
00290025
00300025
00310025
00320025
00330025
00340025
00350025
00360025
00370025
00380025
00390025
00400025
00410025
00420025
00430025
00440025
00450025
00460025
00470025
00480025
00490025
00500025
00510025
00520025
00530025
00540025
00550025
00560025
00570025
00580025
00590025
00600025
00610025
00620025
00630025
00640025
00650025
00660025
00670025
00680025
00690025
00700025
00710025
00720025
00730025
00740025
00750025
00230026
00240026
00250026
00260026
00270026
00280026
00290026
00300026
00310026
00320026
00330026
00340026
00350026
00360026
00370026
00380026
00390026
00400026
00410026
00420026
00430026
00440026
00450026
00460026
00470026
00480026
00490026
00500026
00510026
00520026
00530026
00540026
00550026
00560026
00570026
00580026
00590026
00600026
00610026
00620026
00630026
00640026
00650026
00660026
00670026
00680026
00690026
00700026
00710026
00720026
00730026
00740026
00750026
00760026
00230027
00240027
00250027
00260027
00270027
00280027
00290027
00300027
00310027
00320027
00330027
00340027
00350027
00360027
00370027
00380027
00390027
00400027
00410027
00420027
00430027
00440027
00450027
00460027
00470027
00480027
00490027
00500027
00510027
00520027
00530027
00540027
00550027
00560027
00570027
00580027
00590027
00600027
00610027
00620027
00630027
00640027
00650027
00660027
00670027
00680027
00690027
00700027
00710027
00720027
00730027
00740027
00750027
00760027
00220028
00230028
00240028
00250028
00260028
00270028
00280028
00290028
00300028
00310028
00320028
00330028
00340028
00350028
00360028
00370028
00380028
00390028
00400028
00410028
00420028
00430028
00440028
00450028
00460028
00470028
00480028
00490028
00500028
00510028
00520028
00530028
00540028
00550028
00560028
00570028
00580028
00590028
00600028
00610028
00620028
00630028
00640028
00650028
00660028
00670028
00680028
00690028
00700028
00710028
00720028
00730028
00740028
00750028
00760028
00220029
00230029
00240029
00250029
00260029
00270029
00280029
00290029
00300029
00310029
00320029
00330029
00340029
00350029
00360029
00370029
00380029
00390029
00400029
00410029
00420029
00430029
00440029
00450029
00460029
00470029
00480029
00490029
00500029
00510029
00520029
00530029
00540029
00550029
00560029
00570029
00580029
00590029
00600029
00610029
00620029
00630029
00640029
00650029
00660029
00670029
00680029
00690029
00700029
00710029
00720029
00730029
00740029
00750029
00760029
00220030
00230030
00240030
00250030
00260030
00270030
00280030
00290030
00300030
00310030
00320030
00330030
00340030
00350030
00360030
00370030
00380030
00390030
00400030
00410030
00420030
00430030
00440030
00450030
00460030
00470030
00480030
00490030
00500030
00510030
00520030
00530030
00540030
00550030
00560030
00570030
00580030
00590030
00600030
00610030
00620030
00630030
00640030
00650030
00660030
00670030
00680030
00690030
00700030
00710030
00720030
00730030
00740030
00750030
00760030
00210031
00220031
00230031
00240031
00250031
00260031
00270031
00280031
00290031
00300031
00310031
00320031
00330031
00340031
00350031
00360031
00370031
00380031
00390031
00400031
00410031
00420031
00430031
00440031
00450031
00460031
00470031
00480031
00490031
00500031
00510031
00520031
00530031
00540031
00550031
00560031
00570031
00580031
00590031
00600031
00610031
00620031
00630031
00640031
00650031
00660031
00670031
00680031
00690031
00700031
00710031
00720031
00730031
00740031
00750031
00760031
00210032
00220032
00230032
00240032
00250032
00260032
00270032
00280032
00290032
00300032
00310032
00320032
00330032
00340032
00350032
00360032
00370032
00380032
00390032
00400032
00410032
00420032
00430032
00440032
00450032
00460032
00470032
00480032
00490032
00500032
00510032
00520032
00530032
00540032
00550032
00560032
00570032
00580032
00590032
00600032
00610032
00620032
00630032
00640032
00650032
00660032
00670032
00680032
00690032
00700032
00710032
00720032
00730032
00740032
00750032
00760032
00770032
00210033
00220033
00230033
00240033
00250033
00260033
00270033
00280033
00290033
00300033
00310033
00320033
00330033
00340033
00350033
00360033
00370033
00380033
00390033
00400033
00410033
00420033
00430033
00440033
00450033
00460033
00470033
00480033
00490033
00500033
00510033
00520033
00530033
00540033
00550033
00560033
00570033
00580033
00590033
00600033
00610033
00620033
00630033
00640033
00650033
00660033
00670033
00680033
00690033
00700033
00710033
00720033
00730033
00740033
00750033
00760033
00770033
00200034
00210034
00220034
00230034
00240034
00250034
00260034
00270034
00280034
00290034
00300034
00310034
00320034
00330034
00340034
00350034
00360034
00370034
00380034
00390034
00400034
00410034
00420034
00430034
00440034
00450034
00460034
00470034
00480034
00490034
00500034
00510034
00520034
00530034
00540034
00550034
00560034
00570034
00580034
00590034
00600034
00610034
00620034
00630034
00640034
00650034
00660034
00670034
00680034
00690034
00700034
00710034
00720034
00730034
00740034
00750034
00760034
00770034
00780034
00200035
00210035
00220035
00230035
00240035
00250035
00260035
00270035
00280035
00290035
00300035
00310035
00320035
00330035
00340035
00350035
00360035
00370035
00380035
00390035
00400035
00410035
00420035
00430035
00440035
00450035
00460035
00470035
00480035
00490035
00500035
00510035
00520035
00530035
00540035
00550035
00560035
00570035
00580035
00590035
00600035
00610035
00620035
00630035
00640035
00650035
00660035
00670035
00680035
00690035
00700035
00710035
00720035
00730035
00740035
00750035
00760035
00770035
00780035
00790035
00800035
00810035
00200036
00210036
00220036
00230036
00240036
00250036
00260036
00270036
00280036
00290036
00300036
00310036
00320036
00330036
00340036
00350036
00360036
00370036
00380036
00390036
00400036
00410036
00420036
00430036
00440036
00450036
00460036
00470036
00480036
00490036
00500036
00510036
00520036
00530036
00540036
00550036
00560036
00570036
00580036
00590036
00600036
00610036
00620036
00630036
00640036
00650036
00660036
00670036
00680036
00690036
00700036
00710036
00720036
00730036
00740036
00750036
00760036
00770036
00780036
00790036
00800036
00810036
00200037
00210037
00220037
00230037
00240037
00250037
00260037
00270037
00280037
00290037
00300037
00310037
00320037
00330037
00340037
00350037
00360037
00370037
00380037
00390037
00400037
00410037
00420037
00430037
00440037
00450037
00460037
00470037
00480037
00490037
00500037
00510037
00520037
00530037
00540037
00550037
00560037
00570037
00580037
00590037
00600037
00610037
00620037
00630037
00640037
00650037
00660037
00670037
00680037
00690037
00700037
00710037
00720037
00730037
00740037
00750037
00760037
00770037
00780037
00790037
00800037
00810037
00210038
00220038
00230038
00240038
00250038
00260038
00270038
00280038
00290038
00300038
00310038
00320038
00330038
00340038
00350038
00360038
00370038
00380038
00390038
00400038
00410038
00420038
00430038
00440038
00450038
00460038
00470038
00480038
00490038
00500038
00510038
00520038
00530038
00540038
00550038
00560038
00570038
00580038
00590038
00600038
00610038
00620038
00630038
00640038
00650038
00660038
00670038
00680038
00690038
00700038
00710038
00720038
00730038
00740038
00750038
00760038
00770038
00780038
00790038
00800038
00810038
00210039
00220039
00230039
00240039
00250039
00260039
00270039
00280039
00290039
00300039
00310039
00320039
00330039
00340039
00350039
00360039
00370039
00380039
00390039
00400039
00410039
00420039
00430039
00440039
00450039
00460039
00470039
00480039
00490039
00500039
00510039
00520039
00530039
00540039
00550039
00560039
00570039
00580039
00590039
00600039
00610039
00620039
00630039
00640039
00650039
00660039
00670039
00680039
00690039
00700039
00710039
00720039
00730039
00740039
00750039
00760039
00770039
00780039
00790039
00800039
00810039
00210040
00220040
00230040
00240040
00250040
00260040
00270040
00280040
00290040
00300040
00310040
00320040
00330040
00340040
00350040
00360040
00370040
00380040
00390040
00400040
00410040
00420040
00430040
00440040
00450040
00460040
00470040
00480040
00490040
00500040
00510040
00520040
00530040
00540040
00550040
00560040
00570040
00580040
00590040
00600040
00610040
00620040
00630040
00640040
00650040
00660040
00670040
00680040
00690040
00700040
00710040
00720040
00730040
00740040
00750040
00760040
00770040
00780040
00790040
00800040
00810040
00820040
00210041
00220041
00230041
00240041
00250041
00260041
00270041
00280041
00290041
00300041
00310041
00320041
00330041
00340041
00350041
00360041
00370041
00380041
00390041
00400041
00410041
00420041
00430041
00440041
00450041
00460041
00470041
00480041
00490041
00500041
00510041
00520041
00530041
00540041
00550041
00560041
00570041
00580041
00590041
00600041
00610041
00620041
00630041
00640041
00650041
00660041
00670041
00680041
00690041
00700041
00710041
00720041
00730041
00740041
00750041
00760041
00770041
00780041
00790041
00800041
00810041
00820041
00830041
00220042
00230042
00240042
00250042
00260042
00270042
00280042
00290042
00300042
00310042
00320042
00330042
00340042
00350042
00360042
00370042
00380042
00390042
00400042
00410042
00420042
00430042
00440042
00450042
00460042
00470042
00480042
00490042
00500042
00510042
00520042
00530042
00540042
00550042
00560042
00570042
00580042
00590042
00600042
00610042
00620042
00630042
00640042
00650042
00660042
00670042
00680042
00730042
00740042
00750042
00760042
00770042
00780042
00790042
00800042
00810042
00820042
00830042
00220043
00230043
00240043
00250043
00260043
00270043
00280043
00290043
00300043
00310043
00320043
00330043
00340043
00350043
00360043
00370043
00380043
00390043
00400043
00410043
00420043
00430043
00440043
00450043
00460043
00470043
00480043
00490043
00500043
00510043
00520043
00530043
00540043
00550043
00560043
00570043
00580043
00590043
00600043
00610043
00620043
00630043
00640043
00650043
00660043
00670043
00760043
00770043
00780043
00790043
00800043
00810043
00820043
00830043
00220044
00230044
00240044
00250044
00260044
00270044
00280044
00290044
00300044
00310044
00320044
00330044
00340044
00350044
00360044
00370044
00380044
00390044
00400044
00410044
00420044
00430044
00440044
00450044
00460044
00470044
00480044
00490044
00500044
00510044
00520044
00530044
00540044
00550044
00560044
00570044
00580044
00590044
00600044
00610044
00620044
00630044
00640044
00650044
00770044
00780044
00790044
00800044
00810044
00820044
00220045
00230045
00240045
00250045
00260045
00270045
00280045
00290045
00300045
00310045
00320045
00330045
00340045
00350045
00360045
00370045
00380045
00390045
00400045
00410045
00420045
00430045
00440045
00450045
00460045
00470045
00480045
00490045
00500045
00510045
00520045
00530045
00540045
00550045
00560045
00570045
00580045
00590045
00600045
00610045
00620045
00630045
00640045
00770045
00780045
00790045
00800045
00810045
00820045
00220046
00230046
00240046
00250046
00260046
00270046
00280046
00290046
00300046
00310046
00320046
00330046
00340046
00350046
00360046
00370046
00380046
00390046
00400046
00410046
00420046
00430046
00440046
00450046
00460046
00470046
00480046
00490046
00500046
00510046
00520046
00530046
00540046
00550046
00560046
00580046
00590046
00600046
00610046
00620046
00630046
00780046
00790046
00800046
00810046
00220047
00230047
00240047
00250047
00260047
00270047
00280047
00290047
00300047
00310047
00320047
00330047
00340047
00350047
00360047
00370047
00380047
00390047
00400047
00410047
00420047
00430047
00440047
00450047
00460047
00470047
00480047
00490047
00500047
00510047
00520047
00530047
00540047
00550047
00590047
00600047
00790047
00800047
00220048
00230048
00240048
00250048
00260048
00270048
00280048
00290048
00300048
00310048
00320048
00330048
00340048
00350048
00360048
00530048
00540048
00230049
00240049
00250049
00260049
00270049
00280049
00290049
00300049
99999999
99999999
