00390066
00390067
00390068
00390069
00390070
00390071
00390072
00390073
00400063
00400064
00400065
00400066
00400067
00400068
00400069
00400070
00400071
00400072
00400073
00400074
00400075
00400076
00400077
00400078
00400079
00400080
00410060
00410061
00410062
00410063
00410064
00410065
00410066
00410067
00410068
00410069
00410070
00410071
00410072
00410073
00410074
00410075
00410076
00410077
00410078
00410079
00410080
00410081
00420057
00420058
00420059
00420060
00420061
00420062
00420063
00420064
00420065
00420066
00420067
00420068
00420069
00420070
00420071
00420072
00420073
00420074
00420075
00420076
00420077
00420078
00420079
00420080
00420081
00420082
00420083
00420084
00420085
00430055
00430056
00430057
00430058
00430059
00430060
00430061
00430062
00430063
00430064
00430065
00430066
00430067
00430068
00430069
00430070
00430071
00430072
00430073
00430074
00430075
00430076
00430077
00430078
00430079
00430080
00430081
00430082
00430083
00430084
00430085
00430086
00430087
00430088
00430089
00430090
00430091
00430092
00430093
00430094
00430095
00440051
00440052
00440053
00440054
00440055
00440056
00440057
00440058
00440059
00440060
00440061
00440062
00440063
00440064
00440065
00440066
00440067
00440068
00440069
00440070
00440071
00440072
00440073
00440074
00440075
00440076
00440077
00440078
00440079
00440080
00440081
00440082
00440083
00440084
00440085
00440086
00440087
00440088
00440089
00440090
00440091
00440092
00440093
00440094
00440095
00440096
00450049
00450050
00450051
00450052
00450053
00450054
00450055
00450056
00450057
00450058
00450059
00450060
00450061
00450062
00450063
00450064
00450065
00450066
00450067
00450068
00450069
00450070
00450071
00450072
00450073
00450074
00450075
00450076
00450077
00450078
00450079
00450080
00450081
00450082
00450083
00450084
00450085
00450086
00450087
00450088
00450089
00450090
00450091
00450092
00450093
00450094
00450095
00450096
00450097
00460048
00460049
00460050
00460051
00460052
00460053
00460054
00460055
00460056
00460057
00460058
00460059
00460060
00460061
00460062
00460063
00460064
00460065
00460066
00460067
00460068
00460069
00460070
00460071
00460072
00460073
00460074
00460075
00460076
00460077
00460078
00460079
00460080
00460081
00460082
00460083
00460084
00460085
00460086
00460087
00460088
00460089
00460090
00460091
00460092
00460093
00460094
00460095
00460096
00460097
00470048
00470049
00470050
00470051
00470052
00470053
00470054
00470055
00470056
00470057
00470058
00470059
00470060
00470061
00470062
00470063
00470064
00470065
00470066
00470067
00470068
00470069
00470070
00470071
00470072
00470073
00470074
00470075
00470076
00470077
00470078
00470079
00470080
00470081
00470082
00470083
00470084
00470085
00470086
00470087
00470088
00470089
00470090
00470091
00470092
00470093
00470094
00470095
00470096
00470097
00480046
00480047
00480048
00480049
00480050
00480051
00480052
00480053
00480054
00480055
00480056
00480057
00480058
00480059
00480060
00480061
00480062
00480063
00480064
00480065
00480066
00480067
00480068
00480069
00480070
00480071
00480072
00480073
00480074
00480075
00480076
00480077
00480078
00480079
00480080
00480081
00480082
00480083
00480084
00480085
00480086
00480087
00480088
00480089
00480090
00480091
00480092
00480093
00480094
00480095
00480096
00480097
00490045
00490046
00490047
00490048
00490049
00490050
00490051
00490052
00490053
00490054
00490055
00490056
00490057
00490058
00490059
00490060
00490061
00490062
00490063
00490064
00490065
00490066
00490067
00490068
00490069
00490070
00490071
00490072
00490073
00490074
00490075
00490076
00490077
00490078
00490079
00490080
00490081
00490082
00490083
00490084
00490085
00490086
00490087
00490088
00490089
00490090
00490091
00490092
00490093
00490094
00490095
00490096
00490097
00490098
00500045
00500046
00500047
00500048
00500049
00500050
00500051
00500052
00500053
00500054
00500055
00500056
00500057
00500058
00500059
00500060
00500061
00500062
00500063
00500064
00500065
00500066
00500067
00500068
00500069
00500070
00500071
00500072
00500073
00500074
00500075
00500076
00500077
00500078
00500079
00500080
00500081
00500082
00500083
00500084
00500085
00500086
00500087
00500088
00500089
00500090
00500091
00500092
00500093
00500094
00500095
00500096
00500097
00500098
00510044
00510045
00510046
00510047
00510048
00510049
00510050
00510051
00510052
00510053
00510054
00510055
00510056
00510057
00510058
00510059
00510060
00510061
00510062
00510063
00510064
00510065
00510066
00510067
00510068
00510069
00510070
00510071
00510072
00510073
00510074
00510075
00510076
00510077
00510078
00510079
00510080
00510081
00510082
00510083
00510084
00510085
00510086
00510087
00510088
00510089
00510090
00510091
00510092
00510093
00510094
00510095
00510096
00510097
00510098
00520044
00520045
00520046
00520047
00520048
00520049
00520050
00520051
00520052
00520053
00520054
00520055
00520056
00520057
00520058
00520059
00520060
00520061
00520062
00520063
00520064
00520065
00520066
00520067
00520068
00520069
00520070
00520071
00520072
00520073
00520074
00520075
00520076
00520077
00520078
00520079
00520080
00520081
00520082
00520083
00520084
00520085
00520086
00520087
00520088
00520089
00520090
00520091
00520092
00520093
00520094
00520095
00520096
00520097
00520098
00530043
00530044
00530045
00530046
00530047
00530048
00530049
00530050
00530051
00530052
00530053
00530054
00530055
00530056
00530057
00530058
00530059
00530060
00530061
00530062
00530063
00530064
00530065
00530066
00530067
00530068
00530069
00530070
00530071
00530072
00530073
00530074
00530075
00530076
00530077
00530078
00530079
00530080
00530081
00530082
00530083
00530084
00530085
00530086
00530087
00530088
00530089
00530090
00530091
00530092
00530093
00530094
00530095
00530096
00530097
00530098
00540043
00540044
00540045
00540046
00540047
00540048
00540049
00540050
00540051
00540052
00540053
00540054
00540055
00540056
00540057
00540058
00540059
00540060
00540061
00540062
00540063
00540064
00540065
00540066
00540067
00540068
00540069
00540070
00540071
00540072
00540073
00540074
00540075
00540076
00540077
00540078
00540079
00540080
00540081
00540082
00540083
00540084
00540085
00540086
00540087
00540088
00540089
00540090
00540091
00540092
00540093
00540094
00540095
00540096
00540097
00550043
00550044
00550045
00550046
00550047
00550048
00550049
00550050
00550051
00550052
00550053
00550054
00550055
00550056
00550057
00550058
00550059
00550060
00550061
00550062
00550063
00550064
00550065
00550066
00550067
00550068
00550069
00550070
00550071
00550072
00550073
00550074
00550075
00550076
00550077
00550078
00550079
00550080
00550081
00550082
00550083
00550084
00550085
00550086
00550087
00550088
00550089
00550090
00550091
00550092
00550093
00550094
00550095
00550096
00550097
00560043
00560044
00560045
00560046
00560047
00560048
00560049
00560050
00560051
00560052
00560053
00560054
00560055
00560056
00560057
00560058
00560059
00560060
00560061
00560062
00560063
00560064
00560065
00560066
00560067
00560068
00560069
00560070
00560071
00560072
00560073
00560074
00560075
00560076
00560077
00560078
00560079
00560080
00560081
00560082
00560083
00560084
00560085
00560086
00560087
00560088
00560089
00560090
00560091
00560092
00560093
00560094
00560095
00560096
00560097
00570043
00570044
00570045
00570046
00570047
00570048
00570049
00570050
00570051
00570052
00570053
00570054
00570055
00570056
00570057
00570058
00570059
00570060
00570061
00570062
00570063
00570064
00570065
00570066
00570067
00570068
00570069
00570070
00570071
00570072
00570073
00570074
00570075
00570076
00570077
00570078
00570079
00570080
00570081
00570082
00570083
00570084
00570085
00570086
00570087
00570088
00570089
00570090
00570091
00570092
00570093
00570094
00570095
00570096
00570097
00580042
00580043
00580044
00580045
00580046
00580047
00580048
00580049
00580050
00580051
00580052
00580053
00580054
00580055
00580056
00580057
00580058
00580059
00580060
00580061
00580062
00580063
00580064
00580065
00580066
00580067
00580068
00580069
00580070
00580071
00580072
00580073
00580074
00580075
00580076
00580077
00580078
00580079
00580080
00580081
00580082
00580083
00580084
00580085
00580086
00580087
00580088
00580089
00580090
00580091
00580092
00580093
00580094
00580095
00580096
00580097
00590042
00590043
00590044
00590045
00590046
00590047
00590048
00590049
00590050
00590051
00590052
00590053
00590054
00590055
00590056
00590057
00590058
00590059
00590060
00590061
00590062
00590063
00590064
00590065
00590066
00590067
00590068
00590069
00590070
00590071
00590072
00590073
00590074
00590075
00590076
00590077
00590078
00590079
00590080
00590081
00590082
00590083
00590084
00590085
00590086
00590087
00590088
00590089
00590090
00590091
00590092
00590093
00590094
00590095
00590096
00590097
00600041
00600042
00600043
00600044
00600045
00600046
00600047
00600048
00600049
00600050
00600051
00600052
00600053
00600054
00600055
00600056
00600057
00600058
00600059
00600060
00600061
00600062
00600063
00600064
00600065
00600066
00600067
00600068
00600069
00600070
00600071
00600072
00600073
00600074
00600075
00600076
00600077
00600078
00600079
00600080
00600081
00600082
00600083
00600084
00600085
00600086
00600087
00600088
00600089
00600090
00600091
00600092
00600093
00600094
00600095
00600096
00610041
00610042
00610043
00610044
00610045
00610046
00610047
00610048
00610049
00610050
00610051
00610052
00610053
00610054
00610055
00610056
00610057
00610058
00610059
00610060
00610061
00610062
00610063
00610064
00610065
00610066
00610067
00610068
00610069
00610070
00610071
00610072
00610073
00610074
00610075
00610076
00610077
00610078
00610079
00610080
00610081
00610082
00610083
00610084
00610085
00610086
00610087
00610088
00610089
00610090
00610091
00610092
00610093
00610094
00610095
00610096
00620040
00620041
00620042
00620043
00620044
00620045
00620046
00620047
00620048
00620049
00620050
00620051
00620052
00620053
00620054
00620055
00620056
00620057
00620058
00620059
00620060
00620061
00620062
00620063
00620064
00620065
00620066
00620067
00620068
00620069
00620070
00620071
00620072
00620073
00620074
00620075
00620076
00620077
00620078
00620079
00620080
00620081
00620082
00620083
00620084
00620085
00620086
00620087
00620088
00620089
00620090
00620091
00620092
00620093
00620094
00620095
00620096
00630040
00630041
00630042
00630043
00630044
00630045
00630046
00630047
00630048
00630049
00630050
00630051
00630052
00630053
00630054
00630055
00630056
00630057
00630058
00630059
00630060
00630061
00630062
00630063
00630064
00630065
00630066
00630067
00630068
00630069
00630070
00630071
00630072
00630073
00630074
00630075
00630076
00630077
00630078
00630079
00630080
00630081
00630082
00630083
00630084
00630085
00630086
00630087
00630088
00630089
00630090
00630091
00630092
00630093
00630094
00630095
00630096
00640039
00640040
00640041
00640042
00640043
00640044
00640045
00640046
00640047
00640048
00640049
00640050
00640051
00640052
00640053
00640054
00640055
00640056
00640057
00640058
00640059
00640060
00640061
00640062
00640063
00640064
00640065
00640066
00640067
00640068
00640069
00640070
00640071
00640072
00640073
00640074
00640075
00640076
00640077
00640078
00640079
00640080
00640081
00640082
00640083
00640084
00640085
00640086
00640087
00640088
00640089
00640090
00640091
00640092
00640093
00640094
00640095
00640096
00650039
00650040
00650041
00650042
00650043
00650044
00650045
00650046
00650047
00650048
00650049
00650050
00650051
00650052
00650053
00650054
00650055
00650056
00650057
00650058
00650059
00650060
00650061
00650062
00650063
00650064
00650065
00650066
00650067
00650068
00650069
00650070
00650071
00650072
00650073
00650074
00650075
00650076
00650077
00650078
00650079
00650080
00650081
00650082
00650083
00650084
00650085
00650086
00650087
00650088
00650089
00650090
00650091
00650092
00650093
00650094
00650095
00650096
00660038
00660039
00660040
00660041
00660042
00660043
00660044
00660045
00660046
00660047
00660048
00660049
00660050
00660051
00660052
00660053
00660054
00660055
00660056
00660057
00660058
00660059
00660060
00660061
00660062
00660063
00660064
00660065
00660066
00660067
00660068
00660069
00660070
00660071
00660072
00660073
00660074
00660075
00660076
00660077
00660078
00660079
00660080
00660081
00660082
00660083
00660084
00660085
00660086
00660087
00660088
00660089
00660090
00660091
00660092
00660093
00660094
00660095
00670038
00670039
00670040
00670041
00670042
00670043
00670044
00670045
00670046
00670047
00670048
00670049
00670050
00670051
00670052
00670053
00670054
00670055
00670056
00670057
00670058
00670059
00670060
00670061
00670062
00670063
00670064
00670065
00670066
00670067
00670068
00670069
00670070
00670071
00670072
00670073
00670074
00670075
00670076
00670077
00670078
00670079
00670080
00670081
00670082
00670083
00670084
00670085
00670086
00670087
00670088
00670089
00670090
00670091
00670092
00670093
00670094
00670095
00680038
00680039
00680040
00680041
00680042
00680043
00680044
00680045
00680046
00680047
00680048
00680049
00680050
00680051
00680052
00680053
00680054
00680055
00680056
00680057
00680058
00680059
00680060
00680061
00680062
00680063
00680064
00680065
00680066
00680067
00680068
00680069
00680070
00680071
00680072
00680073
00680074
00680075
00680076
00680077
00680078
00680079
00680080
00680081
00680082
00680083
00680084
00680085
00680086
00680087
00680088
00680089
00680090
00680091
00680092
00680093
00680094
00680095
00690038
00690039
00690040
00690041
00690042
00690043
00690044
00690045
00690046
00690047
00690048
00690049
00690050
00690051
00690052
00690053
00690054
00690055
00690056
00690057
00690058
00690059
00690060
00690061
00690062
00690063
00690064
00690065
00690066
00690067
00690068
00690069
00690070
00690071
00690072
00690073
00690074
00690075
00690076
00690077
00690078
00690079
00690080
00690081
00690082
00690083
00690084
00690085
00690086
00690087
00690088
00690089
00690090
00690091
00690092
00690093
00690094
00690095
00700038
00700039
00700040
00700041
00700042
00700043
00700044
00700045
00700046
00700047
00700048
00700049
00700050
00700051
00700052
00700053
00700054
00700055
00700056
00700057
00700058
00700059
00700060
00700061
00700062
00700063
00700064
00700065
00700066
00700067
00700068
00700069
00700070
00700071
00700072
00700073
00700074
00700075
00700076
00700077
00700078
00700079
00700080
00700081
00700082
00700083
00700084
00700085
00700086
00700087
00700088
00700089
00700090
00700091
00700092
00700093
00700094
00700095
00710037
00710038
00710039
00710040
00710041
00710042
00710043
00710044
00710045
00710046
00710047
00710048
00710049
00710050
00710051
00710052
00710053
00710054
00710055
00710056
00710057
00710058
00710059
00710060
00710061
00710062
00710063
00710064
00710065
00710066
00710067
00710068
00710069
00710070
00710071
00710072
00710073
00710074
00710075
00710076
00710077
00710078
00710079
00710080
00710081
00710082
00710083
00710084
00710085
00710086
00710087
00710088
00710089
00710090
00710091
00710092
00710093
00710094
00710095
00720037
00720038
00720039
00720040
00720041
00720042
00720043
00720044
00720045
00720046
00720047
00720048
00720049
00720050
00720051
00720052
00720053
00720054
00720055
00720056
00720057
00720058
00720059
00720060
00720061
00720062
00720063
00720064
00720065
00720066
00720067
00720068
00720069
00720070
00720071
00720072
00720073
00720074
00720075
00720076
00720077
00720078
00720079
00720080
00720081
00720082
00720083
00720084
00720085
00720086
00720087
00720088
00720089
00720090
00720091
00720092
00720093
00720094
00720095
00730037
00730038
00730039
00730040
00730041
00730042
00730043
00730044
00730045
00730046
00730047
00730048
00730049
00730050
00730051
00730052
00730053
00730054
00730055
00730056
00730057
00730058
00730059
00730060
00730061
00730062
00730063
00730064
00730065
00730066
00730067
00730068
00730069
00730070
00730071
00730072
00730073
00730074
00730075
00730076
00730077
00730078
00730079
00730080
00730081
00730082
00730083
00730084
00730085
00730086
00730087
00730088
00730089
00730090
00730091
00730092
00730093
00730094
00740037
00740038
00740039
00740040
00740041
00740042
00740043
00740044
00740045
00740046
00740047
00740048
00740049
00740050
00740051
00740052
00740053
00740054
00740055
00740056
00740057
00740058
00740059
00740060
00740061
00740062
00740063
00740064
00740065
00740066
00740067
00740068
00740069
00740070
00740071
00740072
00740073
00740074
00740075
00740076
00740077
00740078
00740079
00740080
00740081
00740082
00740083
00740084
00740085
00740086
00740087
00740088
00740089
00740090
00740091
00740092
00740093
00740094
00750037
00750038
00750039
00750040
00750041
00750042
00750043
00750044
00750045
00750046
00750047
00750048
00750049
00750050
00750051
00750052
00750053
00750054
00750055
00750056
00750057
00750058
00750059
00750060
00750061
00750062
00750063
00750064
00750065
00750066
00750067
00750068
00750069
00750070
00750071
00750072
00750073
00750074
00750075
00750076
00750077
00750078
00750079
00750080
00750081
00750082
00750083
00750084
00750085
00750086
00750087
00750088
00750089
00750090
00750091
00750092
00750093
00750094
00760038
00760039
00760040
00760041
00760042
00760043
00760044
00760045
00760046
00760047
00760048
00760049
00760050
00760051
00760052
00760053
00760054
00760055
00760056
00760057
00760058
00760059
00760060
00760061
00760062
00760063
00760064
00760065
00760066
00760067
00760068
00760069
00760070
00760071
00760072
00760073
00760074
00760075
00760076
00760077
00760078
00760079
00760080
00760081
00760082
00760083
00760084
00760085
00760086
00760087
00760088
00760089
00760090
00760091
00760092
00760093
00760094
00770037
00770038
00770039
00770040
00770041
00770042
00770043
00770044
00770045
00770046
00770047
00770048
00770049
00770050
00770051
00770052
00770053
00770054
00770055
00770056
00770057
00770058
00770059
00770060
00770061
00770062
00770063
00770064
00770065
00770066
00770067
00770068
00770069
00770070
00770071
00770072
00770073
00770074
00770075
00770076
00770077
00770078
00770079
00770080
00770081
00770082
00770083
00770084
00770085
00770086
00770087
00770088
00770089
00770090
00770091
00770092
00770093
00770094
00780036
00780037
00780038
00780039
00780040
00780041
00780042
00780043
00780044
00780045
00780046
00780047
00780048
00780049
00780050
00780051
00780052
00780053
00780054
00780055
00780056
00780057
00780058
00780059
00780060
00780061
00780062
00780063
00780064
00780065
00780066
00780067
00780068
00780069
00780070
00780071
00780072
00780073
00780074
00780075
00780076
00780077
00780078
00780079
00780080
00780081
00780082
00780083
00780084
00780085
00780086
00780087
00780088
00780089
00780090
00780091
00780092
00780093
00780094
00790034
00790035
00790036
00790037
00790038
00790039
00790040
00790041
00790042
00790043
00790044
00790045
00790046
00790047
00790048
00790049
00790050
00790051
00790052
00790053
00790054
00790055
00790056
00790057
00790058
00790059
00790060
00790061
00790062
00790063
00790064
00790065
00790066
00790067
00790068
00790069
00790070
00790071
00790072
00790073
00790074
00790075
00790076
00790077
00790078
00790079
00790080
00790081
00790082
00790083
00790084
00790085
00790086
00790087
00790088
00790089
00790090
00790091
00790092
00790093
00790094
00800033
00800034
00800035
00800036
00800037
00800038
00800039
00800040
00800041
00800042
00800043
00800044
00800045
00800046
00800047
00800048
00800049
00800050
00800051
00800052
00800053
00800054
00800055
00800056
00800057
00800058
00800059
00800060
00800061
00800062
00800063
00800064
00800065
00800066
00800067
00800068
00800069
00800070
00800071
00800072
00800073
00800074
00800075
00800076
00800077
00800078
00800079
00800080
00800081
00800082
00800083
00800084
00800085
00800086
00800087
00800088
00800089
00800090
00800091
00800092
00800093
00800094
00810032
00810033
00810034
00810035
00810036
00810037
00810038
00810039
00810040
00810041
00810042
00810043
00810044
00810045
00810046
00810047
00810048
00810049
00810050
00810051
00810052
00810053
00810054
00810055
00810056
00810057
00810058
00810059
00810060
00810061
00810062
00810063
00810064
00810065
00810066
00810067
00810068
00810069
00810070
00810071
00810072
00810073
00810074
00810075
00810076
00810077
00810078
00810079
00810080
00810081
00810082
00810083
00810084
00810085
00810086
00810087
00810088
00810089
00810090
00810091
00810092
00810093
00810094
00820031
00820032
00820033
00820034
00820035
00820036
00820037
00820038
00820039
00820040
00820041
00820042
00820043
00820044
00820045
00820046
00820047
00820048
00820049
00820050
00820051
00820052
00820053
00820054
00820055
00820056
00820057
00820058
00820059
00820060
00820061
00820062
00820063
00820064
00820065
00820066
00820067
00820068
00820069
00820070
00820071
00820072
00820073
00820074
00820075
00820076
00820077
00820078
00820079
00820080
00820081
00820082
00820083
00820084
00820085
00820086
00820087
00820088
00820089
00820090
00820091
00820092
00820093
00830030
00830031
00830032
00830033
00830034
00830035
00830036
00830037
00830038
00830039
00830040
00830041
00830042
00830043
00830044
00830045
00830046
00830047
00830048
00830049
00830050
00830051
00830052
00830053
00830054
00830055
00830056
00830057
00830058
00830059
00830060
00830061
00830062
00830063
00830064
00830065
00830066
00830067
00830068
00830069
00830070
00830071
00830072
00830073
00830074
00830075
00830076
00830077
00830078
00830079
00830080
00830081
00830082
00830083
00830084
00830085
00830086
00830087
00830088
00830089
00830090
00830091
00830092
00830093
00840030
00840031
00840032
00840033
00840034
00840035
00840036
00840037
00840038
00840039
00840040
00840041
00840042
00840043
00840044
00840045
00840046
00840047
00840048
00840049
00840050
00840051
00840052
00840053
00840054
00840055
00840056
00840057
00840058
00840059
00840060
00840061
00840062
00840063
00840064
00840065
00840066
00840067
00840068
00840069
00840070
00840071
00840072
00840073
00840074
00840075
00840076
00840077
00840078
00840079
00840080
00840081
00840082
00840083
00840084
00840085
00840086
00840087
00840088
00840089
00840090
00840091
00840092
00840093
00850030
00850031
00850032
00850033
00850034
00850035
00850036
00850037
00850038
00850039
00850040
00850041
00850042
00850043
00850044
00850045
00850046
00850047
00850048
00850049
00850050
00850051
00850052
00850053
00850054
00850055
00850056
00850057
00850058
00850059
00850060
00850061
00850062
00850063
00850064
00850065
00850066
00850067
00850068
00850069
00850070
00850071
00850072
00850073
00850074
00850075
00850076
00850077
00850078
00850079
00850080
00850081
00850082
00850083
00850084
00850085
00850086
00850087
00850088
00850089
00850090
00850091
00850092
00850093
00860030
00860031
00860032
00860033
00860034
00860035
00860036
00860037
00860038
00860039
00860040
00860041
00860042
00860043
00860044
00860045
00860046
00860047
00860048
00860049
00860050
00860051
00860052
00860053
00860054
00860055
00860056
00860057
00860058
00860059
00860060
00860061
00860062
00860063
00860064
00860065
00860066
00860067
00860068
00860069
00860070
00860071
00860072
00860073
00860074
00860075
00860076
00860077
00860078
00860079
00860080
00860081
00860082
00860083
00860084
00860085
00860086
00860087
00860088
00860089
00860090
00860091
00860092
00860093
00870030
00870031
00870032
00870033
00870034
00870035
00870036
00870037
00870038
00870039
00870040
00870041
00870042
00870043
00870044
00870045
00870046
00870047
00870048
00870049
00870050
00870051
00870052
00870053
00870054
00870055
00870056
00870057
00870058
00870059
00870060
00870061
00870062
00870063
00870064
00870065
00870066
00870067
00870068
00870069
00870070
00870071
00870072
00870073
00870074
00870075
00870076
00870077
00870078
00870079
00870080
00870081
00870082
00870083
00870084
00870085
00870086
00870087
00870088
00870089
00870090
00870091
00870092
00870093
00880031
00880032
00880033
00880034
00880035
00880036
00880037
00880038
00880039
00880040
00880041
00880042
00880043
00880044
00880045
00880046
00880047
00880048
00880049
00880050
00880051
00880052
00880053
00880054
00880055
00880056
00880057
00880058
00880059
00880060
00880061
00880062
00880063
00880064
00880065
00880066
00880067
00880068
00880069
00880070
00880071
00880072
00880073
00880074
00880075
00880076
00880077
00880078
00880079
00880080
00880081
00880082
00880083
00880084
00880085
00880086
00880087
00880088
00880089
00880090
00880091
00880092
00880093
00890029
00890030
00890031
00890032
00890033
00890034
00890035
00890036
00890037
00890038
00890039
00890040
00890041
00890042
00890043
00890044
00890045
00890046
00890047
00890048
00890049
00890050
00890051
00890052
00890053
00890054
00890055
00890056
00890057
00890058
00890059
00890060
00890061
00890062
00890063
00890064
00890065
00890066
00890067
00890068
00890069
00890070
00890071
00890072
00890073
00890074
00890075
00890076
00890077
00890078
00890079
00890080
00890081
00890082
00890083
00890084
00890085
00890086
00890087
00890088
00890089
00890090
00890091
00890092
00890093
00900028
00900029
00900030
00900031
00900032
00900033
00900034
00900035
00900036
00900037
00900038
00900039
00900040
00900041
00900042
00900043
00900044
00900045
00900046
00900047
00900048
00900049
00900050
00900051
00900052
00900053
00900054
00900055
00900056
00900057
00900058
00900059
00900060
00900061
00900062
00900063
00900064
00900065
00900066
00900067
00900068
00900069
00900070
00900071
00900072
00900073
00900074
00900075
00900076
00900077
00900078
00900079
00900080
00900081
00900082
00900083
00900084
00900085
00900086
00900087
00900088
00900089
00900090
00900091
00900092
00900093
00910026
00910027
00910028
00910029
00910030
00910031
00910032
00910033
00910034
00910035
00910036
00910037
00910038
00910039
00910040
00910041
00910042
00910043
00910044
00910045
00910046
00910047
00910048
00910049
00910050
00910051
00910052
00910053
00910054
00910055
00910056
00910057
00910058
00910059
00910060
00910061
00910062
00910063
00910064
00910065
00910066
00910067
00910068
00910069
00910070
00910071
00910072
00910073
00910074
00910075
00910076
00910077
00910078
00910079
00910080
00910081
00910082
00910083
00910084
00910085
00910086
00910087
00910088
00910089
00910090
00910091
00910092
00910093
00920024
00920025
00920026
00920027
00920028
00920029
00920030
00920031
00920032
00920033
00920034
00920035
00920036
00920037
00920038
00920039
00920040
00920041
00920042
00920043
00920044
00920045
00920046
00920047
00920048
00920049
00920050
00920051
00920052
00920053
00920054
00920055
00920056
00920057
00920058
00920059
00920060
00920061
00920062
00920063
00920064
00920065
00920066
00920067
00920068
00920069
00920070
00920071
00920072
00920073
00920074
00920075
00920076
00920077
00920078
00920079
00920080
00920081
00920082
00920083
00920084
00920085
00920086
00920087
00920088
00920089
00920090
00920091
00920092
00920093
00930023
00930024
00930025
00930026
00930027
00930028
00930029
00930030
00930031
00930032
00930033
00930034
00930035
00930036
00930037
00930038
00930039
00930040
00930041
00930042
00930043
00930044
00930045
00930046
00930047
00930048
00930049
00930050
00930051
00930052
00930053
00930054
00930055
00930056
00930057
00930058
00930059
00930060
00930061
00930062
00930063
00930064
00930065
00930066
00930067
00930068
00930069
00930070
00930071
00930072
00930073
00930074
00930075
00930076
00930077
00930078
00930079
00930080
00930081
00930082
00930083
00930084
00930085
00930086
00930087
00930088
00930089
00930090
00930091
00930092
00930093
00940022
00940023
00940024
00940025
00940026
00940027
00940028
00940029
00940030
00940031
00940032
00940033
00940034
00940035
00940036
00940037
00940038
00940039
00940040
00940041
00940042
00940043
00940044
00940045
00940046
00940047
00940048
00940049
00940050
00940051
00940052
00940053
00940054
00940055
00940056
00940057
00940058
00940059
00940060
00940061
00940062
00940063
00940064
00940065
00940066
00940067
00940068
00940069
00940070
00940071
00940072
00940073
00940074
00940075
00940076
00940077
00940078
00940079
00940080
00940081
00940082
00940083
00940084
00940085
00940086
00940087
00940088
00940089
00940090
00940091
00940092
00940093
00950022
00950023
00950024
00950025
00950026
00950027
00950028
00950029
00950030
00950031
00950032
00950033
00950034
00950035
00950036
00950037
00950038
00950039
00950040
00950041
00950042
00950043
00950044
00950045
00950046
00950047
00950048
00950049
00950050
00950051
00950052
00950053
00950054
00950055
00950056
00950057
00950058
00950059
00950060
00950061
00950062
00950063
00950064
00950065
00950066
00950067
00950068
00950069
00950070
00950071
00950072
00950073
00950074
00950075
00950076
00950077
00950078
00950079
00950080
00950081
00950082
00950083
00950084
00950085
00950086
00950087
00950088
00950089
00950090
00950091
00950092
00950093
00960021
00960022
00960023
00960024
00960025
00960026
00960027
00960028
00960029
00960030
00960031
00960032
00960033
00960034
00960035
00960036
00960037
00960038
00960039
00960040
00960041
00960042
00960043
00960044
00960045
00960046
00960047
00960048
00960049
00960050
00960051
00960052
00960053
00960054
00960055
00960056
00960057
00960058
00960059
00960060
00960061
00960062
00960063
00960064
00960065
00960066
00960067
00960068
00960069
00960070
00960071
00960072
00960073
00960074
00960075
00960076
00960077
00960078
00960079
00960080
00960081
00960082
00960083
00960084
00960085
00960086
00960087
00960088
00960089
00960090
00960091
00960092
00960093
00970021
00970022
00970023
00970024
00970025
00970026
00970027
00970028
00970029
00970030
00970031
00970032
00970033
00970034
00970035
00970036
00970037
00970038
00970039
00970040
00970041
00970042
00970043
00970044
00970045
00970046
00970047
00970048
00970049
00970050
00970051
00970052
00970053
00970054
00970055
00970056
00970057
00970058
00970059
00970060
00970061
00970062
00970063
00970064
00970065
00970066
00970067
00970068
00970069
00970070
00970071
00970072
00970073
00970074
00970075
00970076
00970077
00970078
00970079
00970080
00970081
00970082
00970083
00970084
00970085
00970086
00970087
00970088
00970089
00970090
00970091
00970092
00970093
00980021
00980022
00980023
00980024
00980025
00980026
00980027
00980028
00980029
00980030
00980031
00980032
00980033
00980034
00980035
00980036
00980037
00980038
00980039
00980040
00980041
00980042
00980043
00980044
00980045
00980046
00980047
00980048
00980049
00980050
00980051
00980052
00980053
00980054
00980055
00980056
00980057
00980058
00980059
00980060
00980061
00980062
00980063
00980064
00980065
00980066
00980067
00980068
00980069
00980070
00980071
00980072
00980073
00980074
00980075
00980076
00980077
00980078
00980079
00980080
00980081
00980082
00980083
00980084
00980085
00980086
00980087
00980088
00980089
00980090
00980091
00980092
00980093
00990021
00990022
00990023
00990024
00990025
00990026
00990027
00990028
00990029
00990030
00990031
00990032
00990033
00990034
00990035
00990036
00990037
00990038
00990039
00990040
00990041
00990042
00990043
00990044
00990045
00990046
00990047
00990048
00990049
00990050
00990051
00990052
00990053
00990054
00990055
00990056
00990057
00990058
00990059
00990060
00990061
00990062
00990063
00990064
00990065
00990066
00990067
00990068
00990069
00990070
00990071
00990072
00990073
00990074
00990075
00990076
00990077
00990078
00990079
00990080
00990081
00990082
00990083
00990084
00990085
00990086
00990087
00990088
00990089
00990090
00990091
00990092
00990093
01000021
01000022
01000023
01000024
01000025
01000026
01000027
01000028
01000029
01000030
01000031
01000032
01000033
01000034
01000035
01000036
01000037
01000038
01000039
01000040
01000041
01000042
01000043
01000044
01000045
01000046
01000047
01000048
01000049
01000050
01000051
01000052
01000053
01000054
01000055
01000056
01000057
01000058
01000059
01000060
01000061
01000062
01000063
01000064
01000065
01000066
01000067
01000068
01000069
01000070
01000071
01000072
01000073
01000074
01000075
01000076
01000077
01000078
01000079
01000080
01000081
01000082
01000083
01000084
01000085
01000086
01000087
01000088
01000089
01000090
01000091
01000092
01000093
01010021
01010022
01010023
01010024
01010025
01010026
01010027
01010028
01010029
01010030
01010031
01010032
01010033
01010034
01010035
01010036
01010037
01010038
01010039
01010040
01010041
01010042
01010043
01010044
01010045
01010046
01010047
01010048
01010049
01010050
01010051
01010052
01010053
01010054
01010055
01010056
01010057
01010058
01010059
01010060
01010061
01010062
01010063
01010064
01010065
01010066
01010067
01010068
01010069
01010070
01010071
01010072
01010073
01010074
01010075
01010076
01010077
01010078
01010079
01010080
01010081
01010082
01010083
01010084
01010085
01010086
01010087
01010088
01010089
01010090
01010091
01010092
01010093
01020022
01020023
01020024
01020025
01020026
01020027
01020028
01020029
01020030
01020031
01020032
01020033
01020034
01020035
01020036
01020037
01020038
01020039
01020040
01020041
01020042
01020043
01020044
01020045
01020046
01020047
01020048
01020049
01020050
01020051
01020052
01020053
01020054
01020055
01020056
01020057
01020058
01020059
01020060
01020061
01020062
01020063
01020064
01020065
01020066
01020067
01020068
01020069
01020070
01020071
01020072
01020073
01020074
01020075
01020076
01020077
01020078
01020079
01020080
01020081
01020082
01020083
01020084
01020085
01020086
01020087
01020088
01020089
01020090
01020091
01020092
01020093
01030023
01030024
01030025
01030026
01030028
01030029
01030030
01030031
01030032
01030033
01030034
01030035
01030036
01030037
01030038
01030039
01030040
01030041
01030042
01030043
01030044
01030045
01030046
01030047
01030048
01030049
01030050
01030051
01030052
01030053
01030054
01030055
01030056
01030057
01030058
01030059
01030060
01030061
01030062
01030063
01030064
01030065
01030066
01030067
01030068
01030069
01030070
01030071
01030072
01030073
01030074
01030075
01030076
01030077
01030078
01030079
01030080
01030081
01030082
01030083
01030084
01030085
01030086
01030087
01030088
01030089
01030090
01030091
01030092
01030093
01030094
01040028
01040029
01040030
01040031
01040032
01040033
01040034
01040035
01040036
01040037
01040038
01040039
01040040
01040041
01040042
01040043
01040044
01040045
01040046
01040047
01040048
01040049
01040050
01040051
01040052
01040053
01040054
01040055
01040056
01040057
01040058
01040059
01040060
01040061
01040062
01040063
01040064
01040065
01040066
01040067
01040068
01040069
01040070
01040071
01040072
01040073
01040074
01040075
01040076
01040077
01040078
01040079
01040080
01040081
01040082
01040083
01040084
01040085
01040086
01040087
01040088
01040089
01040090
01040091
01040092
01040093
01040094
01040095
01050029
01050030
01050031
01050032
01050033
01050034
01050035
01050036
01050037
01050038
01050039
01050040
01050041
01050042
01050043
01050044
01050045
01050046
01050047
01050048
01050049
01050050
01050051
01050052
01050053
01050054
01050055
01050056
01050057
01050058
01050059
01050060
01050061
01050062
01050063
01050064
01050065
01050066
01050067
01050068
01050069
01050070
01050071
01050072
01050073
01050074
01050075
01050076
01050077
01050078
01050079
01050080
01050081
01050082
01050083
01050084
01050085
01050086
01050087
01050088
01050089
01050090
01050091
01050092
01050093
01050094
01050095
01060029
01060030
01060031
01060032
01060033
01060034
01060035
01060036
01060037
01060038
01060039
01060040
01060041
01060042
01060043
01060044
01060045
01060046
01060047
01060048
01060049
01060050
01060051
01060052
01060053
01060054
01060055
01060056
01060057
01060058
01060059
01060060
01060061
01060062
01060063
01060064
01060065
01060066
01060067
01060068
01060069
01060070
01060071
01060072
01060073
01060074
01060075
01060076
01060077
01060078
01060079
01060080
01060081
01060082
01060083
01060084
01060085
01060086
01060087
01060088
01060089
01060090
01060091
01060092
01060093
01060094
01060095
01060096
01070030
01070031
01070032
01070033
01070034
01070035
01070036
01070037
01070038
01070039
01070040
01070041
01070042
01070043
01070044
01070045
01070046
01070047
01070048
01070049
01070050
01070051
01070052
01070053
01070054
01070055
01070056
01070057
01070058
01070059
01070060
01070061
01070062
01070063
01070064
01070065
01070066
01070067
01070068
01070069
01070070
01070071
01070072
01070073
01070074
01070075
01070076
01070077
01070078
01070079
01070080
01070081
01070082
01070083
01070084
01070085
01070086
01070087
01070088
01070089
01070090
01070091
01070092
01070093
01070094
01070095
01080031
01080032
01080033
01080034
01080035
01080036
01080037
01080038
01080039
01080040
01080041
01080042
01080043
01080044
01080045
01080046
01080047
01080048
01080049
01080050
01080051
01080052
01080053
01080054
01080055
01080056
01080057
01080058
01080059
01080060
01080061
01080062
01080063
01080064
01080065
01080066
01080067
01080068
01080069
01080070
01080071
01080072
01080073
01080074
01080075
01080076
01080077
01080078
01080079
01080080
01080081
01080082
01080083
01080084
01080085
01080086
01080087
01080088
01080089
01080090
01080091
01080092
01080093
01080094
01080095
01090031
01090032
01090033
01090034
01090035
01090036
01090037
01090038
01090039
01090040
01090041
01090042
01090043
01090044
01090045
01090046
01090047
01090048
01090049
01090050
01090051
01090052
01090053
01090054
01090055
01090056
01090057
01090058
01090059
01090060
01090061
01090062
01090063
01090064
01090065
01090066
01090067
01090068
01090069
01090070
01090071
01090072
01090073
01090074
01090075
01090076
01090077
01090078
01090079
01090080
01090081
01090082
01090083
01090084
01090085
01090086
01090087
01090088
01090089
01090090
01090091
01090092
01090093
01090094
01100031
01100032
01100033
01100034
01100035
01100036
01100037
01100038
01100039
01100040
01100041
01100042
01100043
01100044
01100045
01100046
01100047
01100048
01100049
01100050
01100051
01100052
01100053
01100054
01100055
01100056
01100057
01100058
01100059
01100060
01100061
01100062
01100063
01100064
01100065
01100066
01100067
01100068
01100069
01100070
01100071
01100072
01100073
01100074
01100075
01100076
01100077
01100078
01100079
01100080
01100081
01100082
01100083
01100084
01100085
01100086
01100087
01100088
01100089
01100090
01100091
01100092
01110031
01110032
01110033
01110034
01110035
01110036
01110037
01110038
01110039
01110040
01110041
01110042
01110043
01110044
01110045
01110046
01110047
01110048
01110049
01110050
01110051
01110052
01110053
01110054
01110055
01110056
01110057
01110058
01110059
01110060
01110061
01110062
01110063
01110064
01110065
01110066
01110067
01110068
01110069
01110070
01110071
01110072
01110073
01110074
01110075
01110076
01110077
01110078
01110079
01110080
01110081
01110082
01110083
01110084
01110085
01110086
01110087
01110088
01110089
01110090
01110091
01120031
01120032
01120033
01120034
01120035
01120036
01120037
01120038
01120039
01120040
01120041
01120042
01120043
01120044
01120045
01120046
01120047
01120048
01120049
01120050
01120051
01120052
01120053
01120054
01120055
01120056
01120057
01120058
01120059
01120060
01120061
01120062
01120063
01120064
01120065
01120066
01120067
01120068
01120069
01120070
01120071
01120072
01120073
01120074
01120075
01120076
01120077
01120078
01120079
01120080
01120081
01120082
01120083
01120084
01120085
01120086
01120087
01120088
01120089
01120090
01130030
01130031
01130032
01130033
01130034
01130035
01130036
01130037
01130038
01130039
01130040
01130041
01130042
01130043
01130044
01130045
01130046
01130047
01130048
01130049
01130050
01130051
01130052
01130053
01130054
01130055
01130056
01130057
01130058
01130059
01130060
01130061
01130062
01130063
01130064
01130065
01130066
01130067
01130068
01130069
01130070
01130071
01130072
01130073
01130074
01130075
01130076
01130077
01130078
01130079
01130080
01130081
01130082
01130083
01130084
01130085
01130086
01130087
01130088
01130089
01130090
01140030
01140031
01140032
01140033
01140034
01140035
01140036
01140037
01140038
01140039
01140040
01140041
01140042
01140043
01140044
01140045
01140046
01140047
01140048
01140049
01140050
01140051
01140052
01140053
01140054
01140055
01140056
01140057
01140058
01140059
01140060
01140061
01140062
01140063
01140064
01140065
01140066
01140067
01140068
01140069
01140070
01140071
01140072
01140073
01140074
01140075
01140076
01140077
01140078
01140079
01140080
01140081
01140082
01140083
01140084
01140085
01140086
01140087
01140088
01140089
01140090
01150030
01150031
01150032
01150033
01150034
01150035
01150036
01150037
01150038
01150039
01150040
01150041
01150042
01150043
01150044
01150045
01150046
01150047
01150048
01150049
01150050
01150051
01150052
01150053
01150054
01150055
01150056
01150057
01150058
01150059
01150060
01150061
01150062
01150063
01150064
01150065
01150066
01150067
01150068
01150069
01150070
01150071
01150072
01150073
01150074
01150075
01150076
01150077
01150078
01150079
01150080
01150081
01150082
01150083
01150084
01150085
01150086
01150087
01150088
01150089
01150090
01150091
01160030
01160031
01160032
01160033
01160034
01160035
01160036
01160037
01160038
01160039
01160040
01160041
01160042
01160043
01160044
01160045
01160046
01160047
01160048
01160049
01160050
01160051
01160052
01160053
01160054
01160055
01160056
01160057
01160058
01160059
01160060
01160061
01160062
01160063
01160064
01160065
01160066
01160067
01160068
01160069
01160070
01160071
01160072
01160073
01160074
01160075
01160076
01160077
01160078
01160079
01160080
01160081
01160082
01160083
01160084
01160085
01160086
01160087
01160088
01160089
01160090
01160091
01160092
01170030
01170031
01170032
01170033
01170034
01170035
01170036
01170037
01170038
01170039
01170040
01170041
01170042
01170043
01170044
01170045
01170046
01170047
01170048
01170049
01170050
01170051
01170052
01170053
01170054
01170055
01170056
01170057
01170058
01170059
01170060
01170061
01170062
01170063
01170064
01170065
01170066
01170067
01170068
01170069
01170070
01170071
01170072
01170073
01170074
01170075
01170076
01170077
01170078
01170079
01170080
01170081
01170082
01170083
01170084
01170085
01170086
01170087
01170088
01170089
01170090
01170091
01170092
01170093
01180029
01180030
01180031
01180032
01180033
01180034
01180035
01180036
01180037
01180038
01180039
01180040
01180041
01180042
01180043
01180044
01180045
01180046
01180047
01180048
01180049
01180050
01180051
01180052
01180053
01180054
01180055
01180056
01180057
01180058
01180059
01180060
01180061
01180062
01180063
01180064
01180065
01180066
01180067
01180068
01180069
01180070
01180071
01180072
01180073
01180074
01180075
01180076
01180077
01180078
01180079
01180080
01180081
01180082
01180083
01180084
01180085
01180086
01180087
01180088
01180089
01180090
01180091
01180092
01180093
01190029
01190030
01190031
01190032
01190033
01190034
01190035
01190036
01190037
01190038
01190039
01190040
01190041
01190042
01190043
01190044
01190045
01190046
01190047
01190048
01190049
01190050
01190051
01190052
01190053
01190054
01190055
01190056
01190057
01190058
01190059
01190060
01190061
01190062
01190063
01190064
01190065
01190066
01190067
01190068
01190069
01190070
01190071
01190072
01190073
01190074
01190075
01190076
01190077
01190078
01190079
01190080
01190081
01190082
01190083
01190084
01190085
01190086
01190087
01190088
01190089
01190090
01190091
01190092
01190093
01200030
01200031
01200032
01200033
01200034
01200035
01200036
01200037
01200038
01200039
01200040
01200041
01200042
01200043
01200044
01200045
01200046
01200047
01200048
01200049
01200050
01200051
01200052
01200053
01200054
01200055
01200056
01200057
01200058
01200059
01200060
01200061
01200062
01200063
01200064
01200065
01200066
01200067
01200068
01200069
01200070
01200071
01200072
01200073
01200074
01200075
01200076
01200077
01200078
01200079
01200080
01200081
01200082
01200083
01200084
01200085
01200086
01200087
01200088
01200089
01200090
01200091
01200092
01200093
01210030
01210031
01210032
01210033
01210034
01210035
01210036
01210037
01210038
01210039
01210040
01210041
01210042
01210043
01210044
01210045
01210046
01210047
01210048
01210049
01210050
01210051
01210052
01210053
01210054
01210055
01210056
01210057
01210058
01210059
01210060
01210061
01210062
01210063
01210064
01210065
01210066
01210067
01210068
01210069
01210070
01210071
01210072
01210073
01210074
01210075
01210076
01210077
01210078
01210079
01210080
01210081
01210082
01210083
01210084
01210085
01210086
01210087
01210088
01210089
01210090
01210091
01210092
01220031
01220032
01220033
01220034
01220035
01220036
01220037
01220038
01220039
01220040
01220041
01220042
01220043
01220044
01220045
01220046
01220047
01220048
01220049
01220050
01220051
01220052
01220053
01220054
01220055
01220056
01220057
01220058
01220059
01220060
01220061
01220062
01220063
01220064
01220065
01220066
01220067
01220068
01220069
01220070
01220071
01220072
01220073
01220074
01220075
01220076
01220077
01220078
01220079
01220080
01220081
01220082
01220083
01220084
01220085
01220086
01220087
01220088
01220089
01220090
01220091
01220092
01230033
01230034
01230035
01230036
01230037
01230038
01230039
01230040
01230041
01230042
01230043
01230044
01230045
01230046
01230047
01230048
01230049
01230050
01230051
01230052
01230053
01230054
01230055
01230056
01230057
01230058
01230059
01230060
01230061
01230062
01230063
01230064
01230065
01230066
01230067
01230068
01230069
01230070
01230071
01230072
01230073
01230074
01230075
01230076
01230077
01230078
01230079
01230080
01230081
01230082
01230083
01230084
01230085
01230086
01230087
01230088
01230089
01230090
01230091
01230092
01240033
01240034
01240035
01240036
01240037
01240038
01240039
01240040
01240041
01240042
01240043
01240044
01240045
01240046
01240047
01240048
01240049
01240050
01240051
01240052
01240053
01240054
01240055
01240056
01240057
01240058
01240059
01240060
01240061
01240062
01240063
01240064
01240065
01240066
01240067
01240068
01240069
01240070
01240071
01240072
01240073
01240074
01240075
01240076
01240077
01240078
01240079
01240080
01240081
01240082
01240083
01240084
01240085
01240086
01240087
01240088
01240089
01240090
01240091
01250033
01250034
01250035
01250036
01250037
01250038
01250039
01250040
01250041
01250042
01250043
01250044
01250045
01250046
01250047
01250048
01250049
01250050
01250051
01250052
01250053
01250054
01250055
01250056
01250057
01250058
01250059
01250060
01250061
01250062
01250063
01250064
01250065
01250066
01250067
01250068
01250069
01250070
01250071
01250072
01250073
01250074
01250075
01250076
01250077
01250078
01250079
01250080
01250081
01250082
01250083
01250084
01250085
01250086
01250087
01250088
01250089
01250090
01250091
01260033
01260034
01260035
01260036
01260037
01260038
01260039
01260040
01260041
01260042
01260043
01260044
01260045
01260046
01260047
01260048
01260049
01260050
01260051
01260052
01260053
01260054
01260055
01260056
01260057
01260058
01260059
01260060
01260061
01260062
01260063
01260064
01260065
01260066
01260067
01260068
01260069
01260070
01260071
01260072
01260073
01260074
01260075
01260076
01260077
01260078
01260079
01260080
01260081
01260082
01260083
01260084
01260085
01260086
01260087
01260088
01260089
01260090
01270032
01270033
01270034
01270035
01270036
01270037
01270038
01270039
01270040
01270041
01270042
01270043
01270044
01270045
01270046
01270047
01270048
01270049
01270050
01270051
01270052
01270053
01270054
01270055
01270056
01270057
01270058
01270059
01270060
01270061
01270062
01270063
01270064
01270065
01270066
01270067
01270068
01270069
01270070
01270071
01270072
01270073
01270074
01270075
01270076
01270077
01270078
01270079
01270080
01270081
01270082
01270083
01270084
01270085
01270086
01270087
01270088
01270089
01270090
01280032
01280033
01280034
01280035
01280036
01280037
01280038
01280039
01280040
01280041
01280042
01280043
01280044
01280045
01280046
01280047
01280048
01280049
01280050
01280051
01280052
01280053
01280054
01280055
01280056
01280057
01280058
01280059
01280060
01280061
01280062
01280063
01280064
01280065
01280066
01280067
01280068
01280069
01280070
01280071
01280072
01280073
01280074
01280075
01280076
01280077
01280078
01280079
01280080
01280081
01280082
01280083
01280084
01280085
01280086
01280087
01280088
01280089
01290032
01290033
01290034
01290035
01290036
01290037
01290038
01290039
01290040
01290041
01290042
01290043
01290044
01290045
01290046
01290047
01290048
01290049
01290050
01290051
01290052
01290053
01290054
01290055
01290056
01290057
01290058
01290059
01290060
01290061
01290062
01290063
01290064
01290065
01290066
01290067
01290068
01290069
01290070
01290071
01290072
01290073
01290074
01290075
01290076
01290077
01290078
01290079
01290080
01290081
01290082
01290083
01290084
01290085
01290086
01290087
01300032
01300033
01300034
01300035
01300036
01300037
01300038
01300039
01300040
01300041
01300042
01300043
01300044
01300045
01300046
01300047
01300048
01300049
01300050
01300051
01300052
01300053
01300054
01300055
01300056
01300057
01300058
01300059
01300060
01300061
01300062
01300063
01300064
01300065
01300066
01300067
01300068
01300069
01300070
01300071
01300072
01300073
01300074
01300075
01300076
01300077
01300078
01300079
01300080
01300081
01300082
01300083
01300084
01300085
01310030
01310031
01310032
01310033
01310034
01310035
01310036
01310037
01310038
01310039
01310040
01310041
01310042
01310043
01310044
01310045
01310046
01310047
01310048
01310049
01310050
01310051
01310052
01310053
01310054
01310055
01310056
01310057
01310058
01310059
01310060
01310061
01310062
01310063
01310064
01310065
01310066
01310067
01310068
01310069
01310070
01310071
01310072
01310073
01310074
01310075
01310076
01310077
01310078
01310079
01310080
01310081
01310082
01310083
01310084
01310085
01320028
01320029
01320030
01320031
01320032
01320033
01320034
01320035
01320036
01320037
01320038
01320039
01320040
01320041
01320042
01320043
01320044
01320045
01320046
01320047
01320048
01320049
01320050
01320051
01320052
01320053
01320054
01320055
01320056
01320057
01320058
01320059
01320060
01320061
01320062
01320063
01320064
01320065
01320066
01320067
01320068
01320069
01320070
01320071
01320072
01320073
01320074
01320075
01320076
01320077
01320078
01320079
01320080
01320081
01320082
01320083
01320084
01320085
01330026
01330027
01330028
01330029
01330030
01330031
01330032
01330033
01330034
01330035
01330036
01330037
01330038
01330039
01330040
01330041
01330042
01330043
01330044
01330045
01330046
01330047
01330048
01330049
01330050
01330051
01330052
01330053
01330054
01330055
01330056
01330057
01330058
01330059
01330060
01330061
01330062
01330063
01330064
01330065
01330066
01330067
01330068
01330069
01330070
01330071
01330072
01330073
01330074
01330075
01330076
01330077
01330078
01330079
01330080
01330081
01330082
01330083
01330084
01330085
01340025
01340026
01340027
01340028
01340029
01340030
01340031
01340032
01340033
01340034
01340035
01340036
01340037
01340038
01340039
01340040
01340041
01340042
01340043
01340044
01340045
01340046
01340047
01340048
01340049
01340050
01340051
01340052
01340053
01340054
01340055
01340056
01340057
01340058
01340059
01340060
01340061
01340062
01340063
01340064
01340065
01340066
01340067
01340068
01340069
01340070
01340071
01340072
01340073
01340074
01340075
01340076
01340077
01340078
01340079
01340080
01340081
01340082
01340083
01340084
01340085
01350024
01350025
01350026
01350027
01350028
01350029
01350030
01350031
01350032
01350033
01350034
01350035
01350036
01350037
01350038
01350039
01350040
01350041
01350042
01350043
01350044
01350045
01350046
01350047
01350048
01350049
01350050
01350051
01350052
01350053
01350054
01350055
01350056
01350057
01350058
01350059
01350060
01350061
01350062
01350063
01350064
01350065
01350066
01350067
01350068
01350069
01350070
01350071
01350072
01350073
01350074
01350075
01350076
01350077
01350078
01350079
01350080
01350081
01350082
01350083
01350084
01360022
01360023
01360024
01360025
01360026
01360027
01360028
01360029
01360030
01360031
01360032
01360033
01360034
01360035
01360036
01360037
01360038
01360039
01360040
01360041
01360042
01360043
01360044
01360045
01360046
01360047
01360048
01360049
01360050
01360051
01360052
01360053
01360054
01360055
01360056
01360057
01360058
01360059
01360060
01360061
01360062
01360063
01360064
01360065
01360066
01360067
01360068
01360069
01360070
01360071
01360072
01360073
01360074
01360075
01360076
01360077
01360078
01360079
01360080
01360081
01360082
01360083
01370021
01370022
01370023
01370024
01370025
01370026
01370027
01370028
01370029
01370030
01370031
01370032
01370033
01370034
01370035
01370036
01370037
01370038
01370039
01370040
01370041
01370042
01370043
01370044
01370045
01370046
01370047
01370048
01370049
01370050
01370051
01370052
01370053
01370054
01370055
01370056
01370057
01370058
01370059
01370060
01370061
01370062
01370063
01370064
01370065
01370066
01370067
01370068
01370069
01370070
01370071
01370072
01370073
01370074
01370075
01370076
01370077
01370078
01370079
01370080
01370081
01380019
01380020
01380021
01380022
01380023
01380024
01380025
01380026
01380027
01380028
01380029
01380030
01380031
01380032
01380033
01380034
01380035
01380036
01380037
01380038
01380039
01380040
01380041
01380042
01380043
01380044
01380045
01380046
01380047
01380048
01380049
01380050
01380051
01380052
01380053
01380054
01380055
01380056
01380057
01380058
01380059
01380060
01380061
01380062
01380063
01380064
01380065
01380066
01380067
01380068
01380069
01380070
01380071
01380072
01380073
01380074
01380075
01380076
01380077
01380078
01380079
01380080
01380081
01390019
01390020
01390021
01390022
01390023
01390024
01390025
01390026
01390027
01390028
01390029
01390030
01390031
01390032
01390033
01390034
01390035
01390036
01390037
01390038
01390039
01390040
01390041
01390042
01390043
01390044
01390045
01390046
01390047
01390048
01390049
01390050
01390051
01390052
01390053
01390054
01390055
01390056
01390057
01390058
01390059
01390060
01390061
01390062
01390063
01390064
01390065
01390066
01390067
01390068
01390069
01390070
01390071
01390072
01390073
01390074
01390075
01390076
01390077
01390078
01390079
01390080
01390081
01400020
01400021
01400022
01400023
01400024
01400025
01400026
01400027
01400028
01400029
01400030
01400031
01400032
01400033
01400034
01400035
01400036
01400037
01400038
01400039
01400040
01400041
01400042
01400043
01400044
01400045
01400046
01400047
01400048
01400049
01400050
01400051
01400052
01400053
01400054
01400055
01400056
01400057
01400058
01400059
01400060
01400061
01400062
01400063
01400064
01400065
01400066
01400067
01400068
01400069
01400070
01400071
01400072
01400073
01400074
01400075
01400076
01400077
01400078
01400079
01400080
01410020
01410021
01410022
01410023
01410024
01410025
01410026
01410027
01410028
01410029
01410030
01410031
01410032
01410033
01410034
01410035
01410036
01410037
01410041
01410042
01410043
01410044
01410045
01410046
01410047
01410048
01410049
01410050
01410051
01410052
01410053
01410054
01410055
01410056
01410057
01410058
01410059
01410060
01410061
01410062
01410063
01410064
01410065
01410066
01410067
01410068
01410069
01410070
01410071
01410072
01410073
01410074
01410075
01410076
01410077
01410078
01410079
01410080
01410081
01420020
01420021
01420022
01420023
01420024
01420025
01420026
01420027
01420028
01420029
01420030
01420031
01420032
01420033
01420034
01420035
01420036
01420042
01420043
01420044
01420045
01420046
01420047
01420048
01420049
01420050
01420051
01420052
01420053
01420054
01420055
01420056
01420057
01420058
01420059
01420060
01420061
01420062
01420063
01420064
01420065
01420066
01420067
01420068
01420069
01420070
01420071
01420072
01420073
01420074
01420075
01420076
01420077
01420078
01420079
01420080
01420081
01430021
01430022
01430023
01430024
01430025
01430026
01430027
01430028
01430029
01430030
01430031
01430032
01430033
01430034
01430043
01430044
01430045
01430046
01430047
01430048
01430049
01430050
01430051
01430052
01430053
01430054
01430055
01430056
01430057
01430058
01430059
01430060
01430061
01430062
01430063
01430064
01430065
01430066
01430067
01430068
01430069
01430070
01430071
01430072
01430073
01430074
01430075
01430076
01430077
01430078
01430079
01430080
01430081
01430082
01440022
01440023
01440024
01440025
01440026
01440027
01440028
01440029
01440030
01440031
01440044
01440045
01440046
01440047
01440048
01440049
01440050
01440051
01440052
01440053
01440054
01440055
01440056
01440057
01440058
01440059
01440060
01440061
01440062
01440063
01440064
01440065
01440066
01440067
01440068
01440069
01440070
01440071
01440072
01440073
01440074
01440075
01440076
01440077
01440078
01440079
01440080
01440081
01440082
01440083
01450024
01450025
01450026
01450027
01450028
01450029
01450045
01450046
01450047
01450048
01450049
01450050
01450051
01450052
01450053
01450054
01450055
01450056
01450057
01450058
01450059
01450060
01450061
01450062
01450063
01450064
01450065
01450066
01450067
01450068
01450069
01450070
01450071
01450072
01450073
01450074
01450075
01450076
01450077
01450078
01450079
01450080
01450081
01450082
01450083
01460046
01460047
01460048
01460049
01460050
01460051
01460052
01460053
01460054
01460055
01460056
01460057
01460058
01460059
01460060
01460061
01460062
01460063
01460064
01460065
01460066
01460067
01460068
01460069
01460070
01460071
01460072
01460073
01460074
01460075
01460076
01460077
01460078
01460079
01460080
01460081
01460082
01460083
01460084
01470047
01470048
01470049
01470050
01470051
01470052
01470053
01470054
01470055
01470056
01470057
01470058
01470059
01470060
01470061
01470062
01470063
01470064
01470065
01470066
01470067
01470068
01470069
01470070
01470071
01470072
01470073
01470074
01470075
01470076
01470077
01470078
01470079
01470080
01470081
01470082
01470083
01470084
01480048
01480049
01480050
01480051
01480052
01480053
01480054
01480055
01480056
01480057
01480058
01480059
01480060
01480061
01480062
01480063
01480064
01480065
01480066
01480067
01480068
01480069
01480070
01480071
01480072
01480073
01480074
01480075
01480076
01480077
01480078
01480079
01480080
01480081
01480082
01480083
01480084
01490048
01490049
01490050
01490051
01490052
01490053
01490054
01490055
01490056
01490057
01490058
01490059
01490060
01490061
01490062
01490063
01490064
01490065
01490066
01490067
01490068
01490069
01490070
01490071
01490072
01490073
01490074
01490075
01490076
01490077
01490078
01490079
01490080
01490081
01490082
01490083
01490084
01500049
01500050
01500051
01500052
01500053
01500054
01500055
01500056
01500057
01500058
01500059
01500060
01500061
01500062
01500063
01500064
01500065
01500066
01500067
01500068
01500069
01500070
01500071
01500072
01500073
01500074
01500075
01500076
01500077
01500078
01500079
01500080
01500081
01500082
01500083
01500084
01510050
01510051
01510052
01510053
01510054
01510055
01510056
01510057
01510058
01510059
01510060
01510061
01510062
01510063
01510064
01510065
01510066
01510067
01510068
01510069
01510070
01510071
01510072
01510073
01510074
01510075
01510076
01510077
01510078
01510079
01510080
01510081
01510082
01510083
01510084
01510085
01520051
01520052
01520053
01520054
01520055
01520056
01520060
01520061
01520062
01520063
01520064
01520065
01520066
01520067
01520068
01520069
01520070
01520071
01520072
01520073
01520074
01520075
01520076
01520077
01520078
01520079
01520080
01520081
01520082
01520083
01520084
01520085
01520086
01520087
01520088
01530063
01530064
01530065
01530066
01530067
01530068
01530069
01530070
01530071
01530072
01530073
01530074
01530075
01530076
01530077
01530078
01530079
01530080
01530081
01530082
01530083
01530084
01530085
01530086
01530087
01530088
01530089
01530090
01540066
01540067
01540068
01540069
01540070
01540071
01540072
01540073
01540074
01540075
01540076
01540077
01540078
01540079
01540080
01540081
01540082
01540083
01540084
01540085
01540086
01540087
01540088
01540089
01540090
01540091
01540092
01550067
01550068
01550069
01550070
01550071
01550072
01550073
01550074
01550075
01550076
01550077
01550078
01550079
01550080
01550081
01550082
01550083
01550084
01550085
01550086
01550087
01550088
01550089
01550090
01550091
01550092
01560067
01560068
01560069
01560070
01560071
01560072
01560073
01560074
01560075
01560076
01560077
01560078
01560079
01560080
01560081
01560082
01560083
01560084
01560085
01560086
01560087
01560088
01560089
01560090
01560091
01560092
01560093
01570068
01570069
01570070
01570071
01570072
01570073
01570074
01570075
01570076
01570077
01570078
01570079
01570080
01570081
01570082
01570083
01570084
01570085
01570086
01570087
01570088
01570089
01570090
01570091
01570092
01570093
01580068
01580069
01580070
01580071
01580072
01580073
01580074
01580075
01580076
01580077
01580078
01580079
01580080
01580081
01580082
01580083
01580084
01580085
01580086
01580087
01580088
01580089
01580090
01580091
01580092
01580093
01590068
01590069
01590070
01590071
01590072
01590073
01590074
01590075
01590076
01590077
01590078
01590079
01590080
01590081
01590082
01590083
01590084
01590085
01590086
01590087
01590088
01590089
01590090
01590091
01590092
01590093
01600069
01600070
01600071
01600072
01600073
01600074
01600075
01600076
01600077
01600078
01600079
01600080
01600081
01600082
01600083
01600084
01600085
01600086
01600087
01600088
01600089
01600090
01600091
01600092
01600093
01610069
01610070
01610071
01610072
01610073
01610074
01610075
01610077
01610078
01610079
01610080
01610081
01610082
01610083
01610084
01610085
01610086
01610087
01610088
01610089
01610090
01610091
01610092
01620071
01620072
01620078
01620079
01620080
01620081
01620082
01620083
01620084
01620085
01620086
01620087
01620088
01620089
01620090
01620091
01630079
01630080
01630081
01630082
01630083
01630084
01630085
01630086
01630087
01630088
01630089
01630090
01640080
01640081
01640082
01640083
01640084
01640085
01640086
01640087
01650080
01650081
01650082
01650083
01650084
01650085
01660082
01660083
01660084
99999999
99999999
